{"/vercel/sandbox/primary/src/App.tsx": {"path":"/vercel/sandbox/primary/src/App.tsx","statementMap":{"0":{"start":{"line":1,"column":0},"end":{"line":1,"column":67}},"1":{"start":{"line":2,"column":0},"end":{"line":2,"column":87}},"2":{"start":{"line":3,"column":0},"end":{"line":3,"column":54}},"3":{"start":{"line":4,"column":0},"end":{"line":4,"column":57}},"4":{"start":{"line":5,"column":0},"end":{"line":5,"column":68}},"5":{"start":{"line":6,"column":0},"end":{"line":6,"column":70}},"6":{"start":{"line":7,"column":0},"end":{"line":7,"column":54}},"7":{"start":{"line":8,"column":0},"end":{"line":8,"column":41}},"8":{"start":{"line":10,"column":0},"end":{"line":10,"column":55}},"9":{"start":{"line":11,"column":0},"end":{"line":11,"column":47}},"10":{"start":{"line":15,"column":18},"end":{"line":15,"column":59}},"11":{"start":{"line":15,"column":28},"end":{"line":15,"column":58}},"12":{"start":{"line":16,"column":14},"end":{"line":16,"column":51}},"13":{"start":{"line":16,"column":24},"end":{"line":16,"column":50}},"14":{"start":{"line":17,"column":18},"end":{"line":17,"column":70}},"15":{"start":{"line":17,"column":28},"end":{"line":17,"column":69}},"16":{"start":{"line":18,"column":15},"end":{"line":18,"column":60}},"17":{"start":{"line":18,"column":25},"end":{"line":18,"column":59}},"18":{"start":{"line":19,"column":13},"end":{"line":19,"column":49}},"19":{"start":{"line":19,"column":23},"end":{"line":19,"column":48}},"20":{"start":{"line":20,"column":13},"end":{"line":20,"column":54}},"21":{"start":{"line":20,"column":23},"end":{"line":20,"column":53}},"22":{"start":{"line":21,"column":20},"end":{"line":21,"column":69}},"23":{"start":{"line":21,"column":30},"end":{"line":21,"column":68}},"24":{"start":{"line":22,"column":16},"end":{"line":22,"column":63}},"25":{"start":{"line":22,"column":26},"end":{"line":22,"column":62}},"26":{"start":{"line":24,"column":13},"end":{"line":24,"column":54}},"27":{"start":{"line":24,"column":23},"end":{"line":24,"column":53}},"28":{"start":{"line":25,"column":18},"end":{"line":25,"column":56}},"29":{"start":{"line":25,"column":28},"end":{"line":25,"column":55}},"30":{"start":{"line":26,"column":20},"end":{"line":26,"column":71}},"31":{"start":{"line":26,"column":30},"end":{"line":26,"column":70}},"32":{"start":{"line":29,"column":24},"end":{"line":69,"column":null}},"33":{"start":{"line":30,"column":2},"end":{"line":68,"column":null}},"34":{"start":{"line":72,"column":29},"end":{"line":193,"column":1}},"35":{"start":{"line":73,"column":38},"end":{"line":73,"column":52}},"36":{"start":{"line":74,"column":40},"end":{"line":74,"column":54}},"37":{"start":{"line":75,"column":48},"end":{"line":75,"column":62}},"38":{"start":{"line":76,"column":19},"end":{"line":76,"column":32}},"39":{"start":{"line":79,"column":2},"end":{"line":84,"column":9}},"40":{"start":{"line":80,"column":18},"end":{"line":82,"column":12}},"41":{"start":{"line":81,"column":6},"end":{"line":81,"column":27}},"42":{"start":{"line":83,"column":4},"end":{"line":83,"column":37}},"43":{"start":{"line":83,"column":17},"end":{"line":83,"column":36}},"44":{"start":{"line":87,"column":26},"end":{"line":97,"column":4}},"45":{"start":{"line":99,"column":22},"end":{"line":102,"column":3}},"46":{"start":{"line":100,"column":4},"end":{"line":100,"column":29}},"47":{"start":{"line":101,"column":4},"end":{"line":101,"column":91}},"48":{"start":{"line":104,"column":27},"end":{"line":106,"column":3}},"49":{"start":{"line":105,"column":4},"end":{"line":105,"column":25}},"50":{"start":{"line":108,"column":24},"end":{"line":112,"column":3}},"51":{"start":{"line":109,"column":4},"end":{"line":109,"column":30}},"52":{"start":{"line":110,"column":4},"end":{"line":110,"column":25}},"53":{"start":{"line":111,"column":4},"end":{"line":111,"column":18}},"54":{"start":{"line":115,"column":25},"end":{"line":128,"column":3}},"55":{"start":{"line":116,"column":4},"end":{"line":127,"column":5}},"56":{"start":{"line":117,"column":30},"end":{"line":117,"column":44}},"57":{"start":{"line":117,"column":45},"end":{"line":117,"column":51}},"58":{"start":{"line":118,"column":26},"end":{"line":118,"column":45}},"59":{"start":{"line":118,"column":46},"end":{"line":118,"column":52}},"60":{"start":{"line":119,"column":31},"end":{"line":119,"column":55}},"61":{"start":{"line":119,"column":56},"end":{"line":119,"column":62}},"62":{"start":{"line":120,"column":27},"end":{"line":120,"column":47}},"63":{"start":{"line":120,"column":48},"end":{"line":120,"column":54}},"64":{"start":{"line":121,"column":25},"end":{"line":121,"column":43}},"65":{"start":{"line":121,"column":44},"end":{"line":121,"column":50}},"66":{"start":{"line":122,"column":25},"end":{"line":122,"column":43}},"67":{"start":{"line":122,"column":44},"end":{"line":122,"column":50}},"68":{"start":{"line":123,"column":33},"end":{"line":123,"column":52}},"69":{"start":{"line":123,"column":53},"end":{"line":123,"column":59}},"70":{"start":{"line":124,"column":28},"end":{"line":124,"column":49}},"71":{"start":{"line":124,"column":50},"end":{"line":124,"column":56}},"72":{"start":{"line":125,"column":26},"end":{"line":125,"column":73}},"73":{"start":{"line":125,"column":74},"end":{"line":125,"column":80}},"74":{"start":{"line":126,"column":15},"end":{"line":126,"column":29}},"75":{"start":{"line":130,"column":2},"end":{"line":132,"column":3}},"76":{"start":{"line":131,"column":4},"end":{"line":131,"column":31}},"77":{"start":{"line":134,"column":2},"end":{"line":136,"column":3}},"78":{"start":{"line":135,"column":4},"end":{"line":135,"column":70}},"79":{"start":{"line":135,"column":44},"end":{"line":135,"column":65}},"80":{"start":{"line":138,"column":2},"end":{"line":140,"column":3}},"81":{"start":{"line":139,"column":4},"end":{"line":139,"column":42}},"82":{"start":{"line":142,"column":2},"end":{"line":192,"column":4}},"83":{"start":{"line":199,"column":22},"end":{"line":222,"column":1}},"84":{"start":{"line":200,"column":4},"end":{"line":221,"column":6}},"85":{"start":{"line":224,"column":0},"end":{"line":224,"column":19}}},"fnMap":{"0":{"name":"(anonymous_10)","decl":{"start":{"line":15,"column":23},"end":{"line":15,"column":26}},"loc":{"start":{"line":15,"column":28},"end":{"line":15,"column":58}}},"1":{"name":"(anonymous_11)","decl":{"start":{"line":15,"column":28},"end":{"line":15,"column":36}},"loc":{"start":{"line":15,"column":28},"end":{"line":15,"column":58}}},"2":{"name":"(anonymous_12)","decl":{"start":{"line":16,"column":19},"end":{"line":16,"column":22}},"loc":{"start":{"line":16,"column":24},"end":{"line":16,"column":50}}},"3":{"name":"(anonymous_13)","decl":{"start":{"line":16,"column":24},"end":{"line":16,"column":32}},"loc":{"start":{"line":16,"column":24},"end":{"line":16,"column":50}}},"4":{"name":"(anonymous_14)","decl":{"start":{"line":17,"column":23},"end":{"line":17,"column":26}},"loc":{"start":{"line":17,"column":28},"end":{"line":17,"column":69}}},"5":{"name":"(anonymous_15)","decl":{"start":{"line":17,"column":28},"end":{"line":17,"column":36}},"loc":{"start":{"line":17,"column":28},"end":{"line":17,"column":69}}},"6":{"name":"(anonymous_16)","decl":{"start":{"line":18,"column":20},"end":{"line":18,"column":23}},"loc":{"start":{"line":18,"column":25},"end":{"line":18,"column":59}}},"7":{"name":"(anonymous_17)","decl":{"start":{"line":18,"column":25},"end":{"line":18,"column":33}},"loc":{"start":{"line":18,"column":25},"end":{"line":18,"column":59}}},"8":{"name":"(anonymous_18)","decl":{"start":{"line":19,"column":18},"end":{"line":19,"column":21}},"loc":{"start":{"line":19,"column":23},"end":{"line":19,"column":48}}},"9":{"name":"(anonymous_19)","decl":{"start":{"line":19,"column":23},"end":{"line":19,"column":31}},"loc":{"start":{"line":19,"column":23},"end":{"line":19,"column":48}}},"10":{"name":"(anonymous_20)","decl":{"start":{"line":20,"column":18},"end":{"line":20,"column":21}},"loc":{"start":{"line":20,"column":23},"end":{"line":20,"column":53}}},"11":{"name":"(anonymous_21)","decl":{"start":{"line":20,"column":23},"end":{"line":20,"column":31}},"loc":{"start":{"line":20,"column":23},"end":{"line":20,"column":53}}},"12":{"name":"(anonymous_22)","decl":{"start":{"line":21,"column":25},"end":{"line":21,"column":28}},"loc":{"start":{"line":21,"column":30},"end":{"line":21,"column":68}}},"13":{"name":"(anonymous_23)","decl":{"start":{"line":21,"column":30},"end":{"line":21,"column":38}},"loc":{"start":{"line":21,"column":30},"end":{"line":21,"column":68}}},"14":{"name":"(anonymous_24)","decl":{"start":{"line":22,"column":21},"end":{"line":22,"column":24}},"loc":{"start":{"line":22,"column":26},"end":{"line":22,"column":62}}},"15":{"name":"(anonymous_25)","decl":{"start":{"line":22,"column":26},"end":{"line":22,"column":34}},"loc":{"start":{"line":22,"column":26},"end":{"line":22,"column":62}}},"16":{"name":"(anonymous_26)","decl":{"start":{"line":24,"column":18},"end":{"line":24,"column":21}},"loc":{"start":{"line":24,"column":23},"end":{"line":24,"column":53}}},"17":{"name":"(anonymous_27)","decl":{"start":{"line":24,"column":23},"end":{"line":24,"column":31}},"loc":{"start":{"line":24,"column":23},"end":{"line":24,"column":53}}},"18":{"name":"(anonymous_28)","decl":{"start":{"line":25,"column":23},"end":{"line":25,"column":26}},"loc":{"start":{"line":25,"column":28},"end":{"line":25,"column":55}}},"19":{"name":"(anonymous_29)","decl":{"start":{"line":25,"column":28},"end":{"line":25,"column":36}},"loc":{"start":{"line":25,"column":28},"end":{"line":25,"column":55}}},"20":{"name":"(anonymous_30)","decl":{"start":{"line":26,"column":25},"end":{"line":26,"column":28}},"loc":{"start":{"line":26,"column":30},"end":{"line":26,"column":70}}},"21":{"name":"(anonymous_31)","decl":{"start":{"line":26,"column":30},"end":{"line":26,"column":38}},"loc":{"start":{"line":26,"column":30},"end":{"line":26,"column":70}}},"22":{"name":"(anonymous_32)","decl":{"start":{"line":29,"column":24},"end":{"line":29,"column":27}},"loc":{"start":{"line":30,"column":2},"end":{"line":68,"column":null}}},"23":{"name":"(anonymous_33)","decl":{"start":{"line":72,"column":29},"end":{"line":72,"column":32}},"loc":{"start":{"line":72,"column":34},"end":{"line":193,"column":1}}},"24":{"name":"(anonymous_34)","decl":{"start":{"line":79,"column":12},"end":{"line":79,"column":15}},"loc":{"start":{"line":79,"column":17},"end":{"line":84,"column":3}}},"25":{"name":"(anonymous_35)","decl":{"start":{"line":80,"column":29},"end":{"line":80,"column":32}},"loc":{"start":{"line":80,"column":34},"end":{"line":82,"column":5}}},"26":{"name":"(anonymous_36)","decl":{"start":{"line":83,"column":11},"end":{"line":83,"column":14}},"loc":{"start":{"line":83,"column":17},"end":{"line":83,"column":36}}},"27":{"name":"(anonymous_37)","decl":{"start":{"line":99,"column":22},"end":{"line":99,"column":23}},"loc":{"start":{"line":99,"column":40},"end":{"line":102,"column":3}}},"28":{"name":"(anonymous_38)","decl":{"start":{"line":104,"column":27},"end":{"line":104,"column":28}},"loc":{"start":{"line":104,"column":56},"end":{"line":106,"column":3}}},"29":{"name":"(anonymous_39)","decl":{"start":{"line":108,"column":24},"end":{"line":108,"column":27}},"loc":{"start":{"line":108,"column":29},"end":{"line":112,"column":3}}},"30":{"name":"(anonymous_40)","decl":{"start":{"line":115,"column":25},"end":{"line":115,"column":26}},"loc":{"start":{"line":115,"column":43},"end":{"line":128,"column":3}}},"31":{"name":"(anonymous_41)","decl":{"start":{"line":135,"column":38},"end":{"line":135,"column":41}},"loc":{"start":{"line":135,"column":44},"end":{"line":135,"column":65}}},"32":{"name":"(anonymous_42)","decl":{"start":{"line":199,"column":22},"end":{"line":199,"column":25}},"loc":{"start":{"line":199,"column":27},"end":{"line":222,"column":1}}}},"branchMap":{"0":{"loc":{"start":{"line":101,"column":29},"end":{"line":101,"column":56}},"type":"binary-expr","locations":[{"start":{"line":101,"column":29},"end":{"line":101,"column":46}},{"start":{"line":101,"column":50},"end":{"line":101,"column":56}}]},"1":{"loc":{"start":{"line":101,"column":64},"end":{"line":101,"column":87}},"type":"binary-expr","locations":[{"start":{"line":101,"column":64},"end":{"line":101,"column":77}},{"start":{"line":101,"column":81},"end":{"line":101,"column":87}}]},"2":{"loc":{"start":{"line":116,"column":4},"end":{"line":127,"column":5}},"type":"switch","locations":[{"start":{"line":117,"column":6},"end":{"line":117,"column":51}},{"start":{"line":118,"column":6},"end":{"line":118,"column":52}},{"start":{"line":119,"column":6},"end":{"line":119,"column":62}},{"start":{"line":120,"column":6},"end":{"line":120,"column":54}},{"start":{"line":121,"column":6},"end":{"line":121,"column":50}},{"start":{"line":122,"column":6},"end":{"line":122,"column":50}},{"start":{"line":123,"column":6},"end":{"line":123,"column":59}},{"start":{"line":124,"column":6},"end":{"line":124,"column":56}},{"start":{"line":125,"column":6},"end":{"line":125,"column":80}},{"start":{"line":126,"column":6},"end":{"line":126,"column":29}}]},"3":{"loc":{"start":{"line":130,"column":2},"end":{"line":132,"column":3}},"type":"if","locations":[{"start":{"line":130,"column":2},"end":{"line":132,"column":3}}]},"4":{"loc":{"start":{"line":134,"column":2},"end":{"line":136,"column":3}},"type":"if","locations":[{"start":{"line":134,"column":2},"end":{"line":136,"column":3}}]},"5":{"loc":{"start":{"line":138,"column":2},"end":{"line":140,"column":3}},"type":"if","locations":[{"start":{"line":138,"column":2},"end":{"line":140,"column":3}}]}},"s":{"0":0,"1":0,"2":0,"3":0,"4":0,"5":0,"6":0,"7":0,"8":0,"9":0,"10":0,"11":0,"12":0,"13":0,"14":0,"15":0,"16":0,"17":0,"18":0,"19":0,"20":0,"21":0,"22":0,"23":0,"24":0,"25":0,"26":0,"27":0,"28":0,"29":0,"30":0,"31":0,"32":0,"33":0,"34":0,"35":0,"36":0,"37":0,"38":0,"39":0,"40":0,"41":0,"42":0,"43":0,"44":0,"45":0,"46":0,"47":0,"48":0,"49":0,"50":0,"51":0,"52":0,"53":0,"54":0,"55":0,"56":0,"57":0,"58":0,"59":0,"60":0,"61":0,"62":0,"63":0,"64":0,"65":0,"66":0,"67":0,"68":0,"69":0,"70":0,"71":0,"72":0,"73":0,"74":0,"75":0,"76":0,"77":0,"78":0,"79":0,"80":0,"81":0,"82":0,"83":0,"84":0,"85":0},"f":{"0":0,"1":0,"2":0,"3":0,"4":0,"5":0,"6":0,"7":0,"8":0,"9":0,"10":0,"11":0,"12":0,"13":0,"14":0,"15":0,"16":0,"17":0,"18":0,"19":0,"20":0,"21":0,"22":0,"23":0,"24":0,"25":0,"26":0,"27":0,"28":0,"29":0,"30":0,"31":0,"32":0},"b":{"0":[0,0],"1":[0,0],"2":[0,0,0,0,0,0,0,0,0,0],"3":[0],"4":[0],"5":[0]}}
,"/vercel/sandbox/primary/src/constants.ts": {"path":"/vercel/sandbox/primary/src/constants.ts","statementMap":{"0":{"start":{"line":4,"column":13},"end":{"line":4,"column":43}},"1":{"start":{"line":5,"column":13},"end":{"line":5,"column":60}},"2":{"start":{"line":7,"column":13},"end":{"line":52,"column":2}},"3":{"start":{"line":54,"column":13},"end":{"line":54,"column":160}},"4":{"start":{"line":57,"column":13},"end":{"line":67,"column":2}},"5":{"start":{"line":69,"column":13},"end":{"line":73,"column":2}}},"fnMap":{},"branchMap":{},"s":{"0":0,"1":0,"2":0,"3":0,"4":0,"5":0},"f":{},"b":{}}
,"/vercel/sandbox/primary/src/types.ts": {"path":"/vercel/sandbox/primary/src/types.ts","statementMap":{"0":{"start":{"line":2,"column":0},"end":{"line":2,"column":null}},"1":{"start":{"line":3,"column":2},"end":{"line":3,"column":null}},"2":{"start":{"line":4,"column":2},"end":{"line":4,"column":null}},"3":{"start":{"line":5,"column":2},"end":{"line":5,"column":null}},"4":{"start":{"line":6,"column":2},"end":{"line":6,"column":null}},"5":{"start":{"line":7,"column":2},"end":{"line":7,"column":null}},"6":{"start":{"line":8,"column":2},"end":{"line":8,"column":null}},"7":{"start":{"line":9,"column":2},"end":{"line":9,"column":null}},"8":{"start":{"line":10,"column":2},"end":{"line":10,"column":null}},"9":{"start":{"line":11,"column":2},"end":{"line":11,"column":null}}},"fnMap":{"0":{"name":"(anonymous_0)","decl":{"start":{"line":2,"column":0},"end":{"line":2,"column":12}},"loc":{"start":{"line":2,"column":19},"end":{"line":12,"column":1}}}},"branchMap":{"0":{"loc":{"start":{"line":2,"column":12},"end":{"line":2,"column":null}},"type":"binary-expr","locations":[{"start":{"line":2,"column":12},"end":{"line":2,"column":19}},{"start":{"line":2,"column":19},"end":{"line":2,"column":null}}]}},"s":{"0":0,"1":0,"2":0,"3":0,"4":0,"5":0,"6":0,"7":0,"8":0,"9":0},"f":{"0":0},"b":{"0":[0,0]}}
,"/vercel/sandbox/primary/src/components/AnimatedLogo.tsx": {"path":"/vercel/sandbox/primary/src/components/AnimatedLogo.tsx","statementMap":{"0":{"start":{"line":1,"column":0},"end":{"line":1,"column":26}},"1":{"start":{"line":2,"column":0},"end":{"line":2,"column":39}},"2":{"start":{"line":9,"column":50},"end":{"line":54,"column":1}},"3":{"start":{"line":11,"column":18},"end":{"line":16,"column":6}},"4":{"start":{"line":18,"column":4},"end":{"line":53,"column":6}},"5":{"start":{"line":27,"column":24},"end":{"line":28,"column":null}},"6":{"start":{"line":56,"column":0},"end":{"line":56,"column":28}}},"fnMap":{"0":{"name":"(anonymous_1)","decl":{"start":{"line":9,"column":50},"end":{"line":9,"column":51}},"loc":{"start":{"line":9,"column":101},"end":{"line":54,"column":1}}},"1":{"name":"(anonymous_2)","decl":{"start":{"line":26,"column":31},"end":{"line":26,"column":32}},"loc":{"start":{"line":27,"column":24},"end":{"line":28,"column":null}}}},"branchMap":{"0":{"loc":{"start":{"line":9,"column":53},"end":{"line":9,"column":76}},"type":"default-arg","locations":[{"start":{"line":9,"column":65},"end":{"line":9,"column":76}}]},"1":{"loc":{"start":{"line":9,"column":78},"end":{"line":9,"column":95}},"type":"default-arg","locations":[{"start":{"line":9,"column":86},"end":{"line":9,"column":95}}]}},"s":{"0":0,"1":0,"2":0,"3":0,"4":0,"5":0,"6":0},"f":{"0":0,"1":0},"b":{"0":[0],"1":[0]}}
,"/vercel/sandbox/primary/src/components/ErrorBoundary.tsx": {"path":"/vercel/sandbox/primary/src/components/ErrorBoundary.tsx","statementMap":{"0":{"start":{"line":1,"column":0},"end":{"line":1,"column":63}},"1":{"start":{"line":2,"column":0},"end":{"line":2,"column":40}},"2":{"start":{"line":18,"column":4},"end":{"line":18,"column":17}},"3":{"start":{"line":19,"column":4},"end":{"line":23,"column":6}},"4":{"start":{"line":27,"column":4},"end":{"line":31,"column":6}},"5":{"start":{"line":35,"column":4},"end":{"line":35,"column":69}},"6":{"start":{"line":38,"column":4},"end":{"line":42,"column":7}},"7":{"start":{"line":45,"column":4},"end":{"line":45,"column":43}},"8":{"start":{"line":47,"column":4},"end":{"line":50,"column":7}},"9":{"start":{"line":54,"column":16},"end":{"line":60,"column":3}},"10":{"start":{"line":55,"column":4},"end":{"line":59,"column":7}},"11":{"start":{"line":63,"column":4},"end":{"line":119,"column":5}},"12":{"start":{"line":64,"column":6},"end":{"line":66,"column":7}},"13":{"start":{"line":65,"column":8},"end":{"line":65,"column":35}},"14":{"start":{"line":68,"column":6},"end":{"line":118,"column":8}},"15":{"start":{"line":110,"column":31},"end":{"line":110,"column":55}},"16":{"start":{"line":121,"column":4},"end":{"line":121,"column":31}},"17":{"start":{"line":125,"column":0},"end":{"line":125,"column":29}}},"fnMap":{"0":{"name":"(anonymous_9)","decl":{"start":{"line":17,"column":2},"end":{"line":17,"column":14}},"loc":{"start":{"line":17,"column":26},"end":{"line":24,"column":3}}},"1":{"name":"(anonymous_10)","decl":{"start":{"line":26,"column":2},"end":{"line":26,"column":8}},"loc":{"start":{"line":26,"column":46},"end":{"line":32,"column":3}}},"2":{"name":"(anonymous_11)","decl":{"start":{"line":34,"column":2},"end":{"line":34,"column":19}},"loc":{"start":{"line":34,"column":54},"end":{"line":51,"column":3}}},"3":{"name":"(anonymous_12)","decl":{"start":{"line":54,"column":16},"end":{"line":54,"column":19}},"loc":{"start":{"line":54,"column":21},"end":{"line":60,"column":3}}},"4":{"name":"(anonymous_13)","decl":{"start":{"line":62,"column":2},"end":{"line":62,"column":8}},"loc":{"start":{"line":62,"column":8},"end":{"line":122,"column":3}}},"5":{"name":"(anonymous_14)","decl":{"start":{"line":110,"column":25},"end":{"line":110,"column":28}},"loc":{"start":{"line":110,"column":31},"end":{"line":110,"column":55}}}},"branchMap":{"0":{"loc":{"start":{"line":63,"column":4},"end":{"line":119,"column":5}},"type":"if","locations":[{"start":{"line":63,"column":4},"end":{"line":119,"column":5}}]},"1":{"loc":{"start":{"line":64,"column":6},"end":{"line":66,"column":7}},"type":"if","locations":[{"start":{"line":64,"column":6},"end":{"line":66,"column":7}}]},"2":{"loc":{"start":{"line":83,"column":13},"end":{"line":98,"column":null}},"type":"binary-expr","locations":[{"start":{"line":83,"column":13},"end":{"line":83,"column":51}},{"start":{"line":83,"column":55},"end":{"line":83,"column":71}},{"start":{"line":84,"column":14},"end":{"line":97,"column":null}}]},"3":{"loc":{"start":{"line":92,"column":19},"end":{"line":95,"column":null}},"type":"binary-expr","locations":[{"start":{"line":92,"column":19},"end":{"line":92,"column":41}},{"start":{"line":93,"column":20},"end":{"line":94,"column":null}}]}},"s":{"0":0,"1":0,"2":0,"3":0,"4":0,"5":0,"6":0,"7":0,"8":0,"9":0,"10":0,"11":0,"12":0,"13":0,"14":0,"15":0,"16":0,"17":0},"f":{"0":0,"1":0,"2":0,"3":0,"4":0,"5":0},"b":{"0":[0],"1":[0],"2":[0,0,0],"3":[0,0]}}
,"/vercel/sandbox/primary/src/components/Icons.tsx": {"path":"/vercel/sandbox/primary/src/components/Icons.tsx","statementMap":{"0":{"start":{"line":1,"column":0},"end":{"line":1,"column":26}},"1":{"start":{"line":5,"column":24},"end":{"line":8,"column":null}},"2":{"start":{"line":6,"column":2},"end":{"line":7,"column":null}},"3":{"start":{"line":5,"column":13},"end":{"line":5,"column":24}},"4":{"start":{"line":11,"column":28},"end":{"line":15,"column":null}},"5":{"start":{"line":12,"column":2},"end":{"line":14,"column":null}},"6":{"start":{"line":11,"column":13},"end":{"line":11,"column":28}},"7":{"start":{"line":18,"column":25},"end":{"line":23,"column":null}},"8":{"start":{"line":19,"column":2},"end":{"line":22,"column":null}},"9":{"start":{"line":18,"column":13},"end":{"line":18,"column":25}},"10":{"start":{"line":26,"column":24},"end":{"line":29,"column":null}},"11":{"start":{"line":27,"column":2},"end":{"line":28,"column":null}},"12":{"start":{"line":26,"column":13},"end":{"line":26,"column":24}},"13":{"start":{"line":32,"column":25},"end":{"line":36,"column":null}},"14":{"start":{"line":33,"column":2},"end":{"line":35,"column":null}},"15":{"start":{"line":32,"column":13},"end":{"line":32,"column":25}},"16":{"start":{"line":39,"column":24},"end":{"line":42,"column":null}},"17":{"start":{"line":40,"column":2},"end":{"line":41,"column":null}},"18":{"start":{"line":39,"column":13},"end":{"line":39,"column":24}},"19":{"start":{"line":45,"column":24},"end":{"line":49,"column":null}},"20":{"start":{"line":46,"column":2},"end":{"line":48,"column":null}},"21":{"start":{"line":45,"column":13},"end":{"line":45,"column":24}},"22":{"start":{"line":52,"column":28},"end":{"line":56,"column":null}},"23":{"start":{"line":53,"column":2},"end":{"line":55,"column":null}},"24":{"start":{"line":52,"column":13},"end":{"line":52,"column":28}},"25":{"start":{"line":59,"column":25},"end":{"line":64,"column":null}},"26":{"start":{"line":60,"column":2},"end":{"line":63,"column":null}},"27":{"start":{"line":59,"column":13},"end":{"line":59,"column":25}},"28":{"start":{"line":67,"column":23},"end":{"line":71,"column":null}},"29":{"start":{"line":68,"column":2},"end":{"line":70,"column":null}},"30":{"start":{"line":67,"column":13},"end":{"line":67,"column":23}},"31":{"start":{"line":74,"column":26},"end":{"line":78,"column":null}},"32":{"start":{"line":75,"column":2},"end":{"line":77,"column":null}},"33":{"start":{"line":74,"column":13},"end":{"line":74,"column":26}},"34":{"start":{"line":81,"column":24},"end":{"line":86,"column":null}},"35":{"start":{"line":82,"column":2},"end":{"line":85,"column":null}},"36":{"start":{"line":81,"column":13},"end":{"line":81,"column":24}},"37":{"start":{"line":89,"column":25},"end":{"line":93,"column":null}},"38":{"start":{"line":90,"column":2},"end":{"line":92,"column":null}},"39":{"start":{"line":89,"column":13},"end":{"line":89,"column":25}},"40":{"start":{"line":96,"column":25},"end":{"line":99,"column":null}},"41":{"start":{"line":97,"column":2},"end":{"line":98,"column":null}},"42":{"start":{"line":96,"column":13},"end":{"line":96,"column":25}},"43":{"start":{"line":102,"column":27},"end":{"line":106,"column":null}},"44":{"start":{"line":103,"column":2},"end":{"line":105,"column":null}},"45":{"start":{"line":102,"column":13},"end":{"line":102,"column":27}},"46":{"start":{"line":109,"column":24},"end":{"line":113,"column":null}},"47":{"start":{"line":110,"column":2},"end":{"line":112,"column":null}},"48":{"start":{"line":109,"column":13},"end":{"line":109,"column":24}},"49":{"start":{"line":116,"column":25},"end":{"line":123,"column":null}},"50":{"start":{"line":117,"column":2},"end":{"line":122,"column":null}},"51":{"start":{"line":116,"column":13},"end":{"line":116,"column":25}},"52":{"start":{"line":126,"column":26},"end":{"line":133,"column":null}},"53":{"start":{"line":127,"column":2},"end":{"line":132,"column":null}},"54":{"start":{"line":126,"column":13},"end":{"line":126,"column":26}},"55":{"start":{"line":136,"column":24},"end":{"line":140,"column":null}},"56":{"start":{"line":137,"column":2},"end":{"line":139,"column":null}},"57":{"start":{"line":136,"column":13},"end":{"line":136,"column":24}},"58":{"start":{"line":143,"column":32},"end":{"line":146,"column":null}},"59":{"start":{"line":144,"column":2},"end":{"line":145,"column":null}},"60":{"start":{"line":143,"column":13},"end":{"line":143,"column":32}},"61":{"start":{"line":149,"column":0},"end":{"line":170,"column":2}}},"fnMap":{"0":{"name":"(anonymous_1)","decl":{"start":{"line":5,"column":24},"end":{"line":5,"column":25}},"loc":{"start":{"line":6,"column":2},"end":{"line":7,"column":null}}},"1":{"name":"(anonymous_2)","decl":{"start":{"line":11,"column":28},"end":{"line":11,"column":29}},"loc":{"start":{"line":12,"column":2},"end":{"line":14,"column":null}}},"2":{"name":"(anonymous_3)","decl":{"start":{"line":18,"column":25},"end":{"line":18,"column":26}},"loc":{"start":{"line":19,"column":2},"end":{"line":22,"column":null}}},"3":{"name":"(anonymous_4)","decl":{"start":{"line":26,"column":24},"end":{"line":26,"column":25}},"loc":{"start":{"line":27,"column":2},"end":{"line":28,"column":null}}},"4":{"name":"(anonymous_5)","decl":{"start":{"line":32,"column":25},"end":{"line":32,"column":26}},"loc":{"start":{"line":33,"column":2},"end":{"line":35,"column":null}}},"5":{"name":"(anonymous_6)","decl":{"start":{"line":39,"column":24},"end":{"line":39,"column":25}},"loc":{"start":{"line":40,"column":2},"end":{"line":41,"column":null}}},"6":{"name":"(anonymous_7)","decl":{"start":{"line":45,"column":24},"end":{"line":45,"column":25}},"loc":{"start":{"line":46,"column":2},"end":{"line":48,"column":null}}},"7":{"name":"(anonymous_8)","decl":{"start":{"line":52,"column":28},"end":{"line":52,"column":29}},"loc":{"start":{"line":53,"column":2},"end":{"line":55,"column":null}}},"8":{"name":"(anonymous_9)","decl":{"start":{"line":59,"column":25},"end":{"line":59,"column":26}},"loc":{"start":{"line":60,"column":2},"end":{"line":63,"column":null}}},"9":{"name":"(anonymous_10)","decl":{"start":{"line":67,"column":23},"end":{"line":67,"column":24}},"loc":{"start":{"line":68,"column":2},"end":{"line":70,"column":null}}},"10":{"name":"(anonymous_11)","decl":{"start":{"line":74,"column":26},"end":{"line":74,"column":27}},"loc":{"start":{"line":75,"column":2},"end":{"line":77,"column":null}}},"11":{"name":"(anonymous_12)","decl":{"start":{"line":81,"column":24},"end":{"line":81,"column":25}},"loc":{"start":{"line":82,"column":2},"end":{"line":85,"column":null}}},"12":{"name":"(anonymous_13)","decl":{"start":{"line":89,"column":25},"end":{"line":89,"column":26}},"loc":{"start":{"line":90,"column":2},"end":{"line":92,"column":null}}},"13":{"name":"(anonymous_14)","decl":{"start":{"line":96,"column":25},"end":{"line":96,"column":26}},"loc":{"start":{"line":97,"column":2},"end":{"line":98,"column":null}}},"14":{"name":"(anonymous_15)","decl":{"start":{"line":102,"column":27},"end":{"line":102,"column":28}},"loc":{"start":{"line":103,"column":2},"end":{"line":105,"column":null}}},"15":{"name":"(anonymous_16)","decl":{"start":{"line":109,"column":24},"end":{"line":109,"column":25}},"loc":{"start":{"line":110,"column":2},"end":{"line":112,"column":null}}},"16":{"name":"(anonymous_17)","decl":{"start":{"line":116,"column":25},"end":{"line":116,"column":26}},"loc":{"start":{"line":117,"column":2},"end":{"line":122,"column":null}}},"17":{"name":"(anonymous_18)","decl":{"start":{"line":126,"column":26},"end":{"line":126,"column":27}},"loc":{"start":{"line":127,"column":2},"end":{"line":132,"column":null}}},"18":{"name":"(anonymous_19)","decl":{"start":{"line":136,"column":24},"end":{"line":136,"column":25}},"loc":{"start":{"line":137,"column":2},"end":{"line":139,"column":null}}},"19":{"name":"(anonymous_20)","decl":{"start":{"line":143,"column":32},"end":{"line":143,"column":33}},"loc":{"start":{"line":144,"column":2},"end":{"line":145,"column":null}}}},"branchMap":{"0":{"loc":{"start":{"line":5,"column":27},"end":{"line":5,"column":41}},"type":"default-arg","locations":[{"start":{"line":5,"column":39},"end":{"line":5,"column":41}}]},"1":{"loc":{"start":{"line":11,"column":31},"end":{"line":11,"column":45}},"type":"default-arg","locations":[{"start":{"line":11,"column":43},"end":{"line":11,"column":45}}]},"2":{"loc":{"start":{"line":18,"column":28},"end":{"line":18,"column":42}},"type":"default-arg","locations":[{"start":{"line":18,"column":40},"end":{"line":18,"column":42}}]},"3":{"loc":{"start":{"line":26,"column":27},"end":{"line":26,"column":41}},"type":"default-arg","locations":[{"start":{"line":26,"column":39},"end":{"line":26,"column":41}}]},"4":{"loc":{"start":{"line":32,"column":28},"end":{"line":32,"column":42}},"type":"default-arg","locations":[{"start":{"line":32,"column":40},"end":{"line":32,"column":42}}]},"5":{"loc":{"start":{"line":39,"column":27},"end":{"line":39,"column":41}},"type":"default-arg","locations":[{"start":{"line":39,"column":39},"end":{"line":39,"column":41}}]},"6":{"loc":{"start":{"line":45,"column":27},"end":{"line":45,"column":41}},"type":"default-arg","locations":[{"start":{"line":45,"column":39},"end":{"line":45,"column":41}}]},"7":{"loc":{"start":{"line":52,"column":31},"end":{"line":52,"column":45}},"type":"default-arg","locations":[{"start":{"line":52,"column":43},"end":{"line":52,"column":45}}]},"8":{"loc":{"start":{"line":59,"column":28},"end":{"line":59,"column":42}},"type":"default-arg","locations":[{"start":{"line":59,"column":40},"end":{"line":59,"column":42}}]},"9":{"loc":{"start":{"line":67,"column":26},"end":{"line":67,"column":40}},"type":"default-arg","locations":[{"start":{"line":67,"column":38},"end":{"line":67,"column":40}}]},"10":{"loc":{"start":{"line":74,"column":29},"end":{"line":74,"column":43}},"type":"default-arg","locations":[{"start":{"line":74,"column":41},"end":{"line":74,"column":43}}]},"11":{"loc":{"start":{"line":81,"column":27},"end":{"line":81,"column":41}},"type":"default-arg","locations":[{"start":{"line":81,"column":39},"end":{"line":81,"column":41}}]},"12":{"loc":{"start":{"line":89,"column":28},"end":{"line":89,"column":42}},"type":"default-arg","locations":[{"start":{"line":89,"column":40},"end":{"line":89,"column":42}}]},"13":{"loc":{"start":{"line":96,"column":28},"end":{"line":96,"column":42}},"type":"default-arg","locations":[{"start":{"line":96,"column":40},"end":{"line":96,"column":42}}]},"14":{"loc":{"start":{"line":102,"column":30},"end":{"line":102,"column":44}},"type":"default-arg","locations":[{"start":{"line":102,"column":42},"end":{"line":102,"column":44}}]},"15":{"loc":{"start":{"line":109,"column":27},"end":{"line":109,"column":41}},"type":"default-arg","locations":[{"start":{"line":109,"column":39},"end":{"line":109,"column":41}}]},"16":{"loc":{"start":{"line":116,"column":28},"end":{"line":116,"column":42}},"type":"default-arg","locations":[{"start":{"line":116,"column":40},"end":{"line":116,"column":42}}]},"17":{"loc":{"start":{"line":126,"column":29},"end":{"line":126,"column":43}},"type":"default-arg","locations":[{"start":{"line":126,"column":41},"end":{"line":126,"column":43}}]},"18":{"loc":{"start":{"line":136,"column":27},"end":{"line":136,"column":41}},"type":"default-arg","locations":[{"start":{"line":136,"column":39},"end":{"line":136,"column":41}}]},"19":{"loc":{"start":{"line":143,"column":35},"end":{"line":143,"column":49}},"type":"default-arg","locations":[{"start":{"line":143,"column":47},"end":{"line":143,"column":49}}]}},"s":{"0":0,"1":0,"2":0,"3":0,"4":0,"5":0,"6":0,"7":0,"8":0,"9":0,"10":0,"11":0,"12":0,"13":0,"14":0,"15":0,"16":0,"17":0,"18":0,"19":0,"20":0,"21":0,"22":0,"23":0,"24":0,"25":0,"26":0,"27":0,"28":0,"29":0,"30":0,"31":0,"32":0,"33":0,"34":0,"35":0,"36":0,"37":0,"38":0,"39":0,"40":0,"41":0,"42":0,"43":0,"44":0,"45":0,"46":0,"47":0,"48":0,"49":0,"50":0,"51":0,"52":0,"53":0,"54":0,"55":0,"56":0,"57":0,"58":0,"59":0,"60":0,"61":0},"f":{"0":0,"1":0,"2":0,"3":0,"4":0,"5":0,"6":0,"7":0,"8":0,"9":0,"10":0,"11":0,"12":0,"13":0,"14":0,"15":0,"16":0,"17":0,"18":0,"19":0},"b":{"0":[0],"1":[0],"2":[0],"3":[0],"4":[0],"5":[0],"6":[0],"7":[0],"8":[0],"9":[0],"10":[0],"11":[0],"12":[0],"13":[0],"14":[0],"15":[0],"16":[0],"17":[0],"18":[0],"19":[0]}}
,"/vercel/sandbox/primary/src/components/Layout.tsx": {"path":"/vercel/sandbox/primary/src/components/Layout.tsx","statementMap":{"0":{"start":{"line":1,"column":0},"end":{"line":1,"column":26}},"1":{"start":{"line":2,"column":0},"end":{"line":2,"column":61}},"2":{"start":{"line":3,"column":0},"end":{"line":3,"column":35}},"3":{"start":{"line":4,"column":0},"end":{"line":4,"column":53}},"4":{"start":{"line":5,"column":0},"end":{"line":5,"column":53}},"5":{"start":{"line":6,"column":0},"end":{"line":6,"column":53}},"6":{"start":{"line":7,"column":0},"end":{"line":7,"column":59}},"7":{"start":{"line":8,"column":0},"end":{"line":8,"column":61}},"8":{"start":{"line":9,"column":0},"end":{"line":9,"column":61}},"9":{"start":{"line":10,"column":0},"end":{"line":10,"column":63}},"10":{"start":{"line":11,"column":0},"end":{"line":11,"column":59}},"11":{"start":{"line":13,"column":25},"end":{"line":256,"column":1}},"12":{"start":{"line":14,"column":19},"end":{"line":14,"column":32}},"13":{"start":{"line":15,"column":34},"end":{"line":15,"column":55}},"14":{"start":{"line":18,"column":24},"end":{"line":29,"column":3}},"15":{"start":{"line":19,"column":4},"end":{"line":19,"column":51}},"16":{"start":{"line":19,"column":26},"end":{"line":19,"column":51}},"17":{"start":{"line":20,"column":4},"end":{"line":20,"column":60}},"18":{"start":{"line":20,"column":39},"end":{"line":20,"column":60}},"19":{"start":{"line":21,"column":4},"end":{"line":21,"column":70}},"20":{"start":{"line":21,"column":44},"end":{"line":21,"column":70}},"21":{"start":{"line":22,"column":4},"end":{"line":22,"column":62}},"22":{"start":{"line":22,"column":40},"end":{"line":22,"column":62}},"23":{"start":{"line":23,"column":4},"end":{"line":23,"column":58}},"24":{"start":{"line":23,"column":38},"end":{"line":23,"column":58}},"25":{"start":{"line":24,"column":4},"end":{"line":24,"column":58}},"26":{"start":{"line":24,"column":38},"end":{"line":24,"column":58}},"27":{"start":{"line":25,"column":4},"end":{"line":25,"column":67}},"28":{"start":{"line":25,"column":39},"end":{"line":25,"column":67}},"29":{"start":{"line":26,"column":4},"end":{"line":26,"column":64}},"30":{"start":{"line":26,"column":41},"end":{"line":26,"column":64}},"31":{"start":{"line":27,"column":4},"end":{"line":27,"column":60}},"32":{"start":{"line":27,"column":39},"end":{"line":27,"column":60}},"33":{"start":{"line":28,"column":4},"end":{"line":28,"column":29}},"34":{"start":{"line":31,"column":22},"end":{"line":31,"column":54}},"35":{"start":{"line":34,"column":19},"end":{"line":72,"column":4}},"36":{"start":{"line":74,"column":2},"end":{"line":255,"column":4}},"37":{"start":{"line":120,"column":35},"end":{"line":120,"column":52}},"38":{"start":{"line":157,"column":37},"end":{"line":157,"column":60}},"39":{"start":{"line":158,"column":37},"end":{"line":158,"column":67}},"40":{"start":{"line":160,"column":20},"end":{"line":249,"column":22}},"41":{"start":{"line":258,"column":0},"end":{"line":258,"column":22}}},"fnMap":{"0":{"name":"(anonymous_1)","decl":{"start":{"line":13,"column":25},"end":{"line":13,"column":28}},"loc":{"start":{"line":13,"column":30},"end":{"line":256,"column":1}}},"1":{"name":"(anonymous_2)","decl":{"start":{"line":18,"column":24},"end":{"line":18,"column":25}},"loc":{"start":{"line":18,"column":54},"end":{"line":29,"column":3}}},"2":{"name":"(anonymous_3)","decl":{"start":{"line":120,"column":29},"end":{"line":120,"column":32}},"loc":{"start":{"line":120,"column":35},"end":{"line":120,"column":52}}},"3":{"name":"(anonymous_4)","decl":{"start":{"line":156,"column":30},"end":{"line":156,"column":31}},"loc":{"start":{"line":156,"column":39},"end":{"line":250,"column":17}}}},"branchMap":{"0":{"loc":{"start":{"line":19,"column":4},"end":{"line":19,"column":51}},"type":"if","locations":[{"start":{"line":19,"column":4},"end":{"line":19,"column":51}}]},"1":{"loc":{"start":{"line":20,"column":4},"end":{"line":20,"column":60}},"type":"if","locations":[{"start":{"line":20,"column":4},"end":{"line":20,"column":60}}]},"2":{"loc":{"start":{"line":21,"column":4},"end":{"line":21,"column":70}},"type":"if","locations":[{"start":{"line":21,"column":4},"end":{"line":21,"column":70}}]},"3":{"loc":{"start":{"line":22,"column":4},"end":{"line":22,"column":62}},"type":"if","locations":[{"start":{"line":22,"column":4},"end":{"line":22,"column":62}}]},"4":{"loc":{"start":{"line":23,"column":4},"end":{"line":23,"column":58}},"type":"if","locations":[{"start":{"line":23,"column":4},"end":{"line":23,"column":58}}]},"5":{"loc":{"start":{"line":24,"column":4},"end":{"line":24,"column":58}},"type":"if","locations":[{"start":{"line":24,"column":4},"end":{"line":24,"column":58}}]},"6":{"loc":{"start":{"line":25,"column":4},"end":{"line":25,"column":67}},"type":"if","locations":[{"start":{"line":25,"column":4},"end":{"line":25,"column":67}}]},"7":{"loc":{"start":{"line":26,"column":4},"end":{"line":26,"column":64}},"type":"if","locations":[{"start":{"line":26,"column":4},"end":{"line":26,"column":64}}]},"8":{"loc":{"start":{"line":27,"column":4},"end":{"line":27,"column":60}},"type":"if","locations":[{"start":{"line":27,"column":4},"end":{"line":27,"column":60}}]},"9":{"loc":{"start":{"line":115,"column":17},"end":{"line":128,"column":null}},"type":"cond-expr","locations":[{"start":{"line":116,"column":18},"end":{"line":120,"column":null}},{"start":{"line":123,"column":18},"end":{"line":125,"column":null}}]},"10":{"loc":{"start":{"line":169,"column":38},"end":{"line":169,"column":80}},"type":"cond-expr","locations":[{"start":{"line":169,"column":49},"end":{"line":169,"column":66}},{"start":{"line":169,"column":69},"end":{"line":169,"column":80}}]},"11":{"loc":{"start":{"line":171,"column":38},"end":{"line":175,"column":null}},"type":"cond-expr","locations":[{"start":{"line":172,"column":42},"end":{"line":172,"column":130}},{"start":{"line":173,"column":42},"end":{"line":175,"column":null}}]},"12":{"loc":{"start":{"line":171,"column":38},"end":{"line":171,"column":59}},"type":"binary-expr","locations":[{"start":{"line":171,"column":38},"end":{"line":171,"column":46}},{"start":{"line":171,"column":50},"end":{"line":171,"column":59}}]},"13":{"loc":{"start":{"line":173,"column":42},"end":{"line":175,"column":null}},"type":"cond-expr","locations":[{"start":{"line":174,"column":42},"end":{"line":174,"column":87}},{"start":{"line":175,"column":42},"end":{"line":175,"column":null}}]},"14":{"loc":{"start":{"line":173,"column":42},"end":{"line":173,"column":62}},"type":"binary-expr","locations":[{"start":{"line":173,"column":42},"end":{"line":173,"column":50}},{"start":{"line":173,"column":54},"end":{"line":173,"column":62}}]},"15":{"loc":{"start":{"line":180,"column":33},"end":{"line":181,"column":null}},"type":"binary-expr","locations":[{"start":{"line":180,"column":33},"end":{"line":180,"column":41}},{"start":{"line":180,"column":45},"end":{"line":180,"column":54}},{"start":{"line":181,"column":36},"end":{"line":181,"column":155}}]},"16":{"loc":{"start":{"line":185,"column":33},"end":{"line":192,"column":null}},"type":"binary-expr","locations":[{"start":{"line":185,"column":33},"end":{"line":185,"column":62}},{"start":{"line":186,"column":36},"end":{"line":191,"column":null}}]},"17":{"loc":{"start":{"line":190,"column":87},"end":{"line":190,"column":168}},"type":"cond-expr","locations":[{"start":{"line":190,"column":98},"end":{"line":190,"column":143}},{"start":{"line":190,"column":146},"end":{"line":190,"column":168}}]},"18":{"loc":{"start":{"line":196,"column":33},"end":{"line":203,"column":null}},"type":"binary-expr","locations":[{"start":{"line":196,"column":33},"end":{"line":196,"column":58}},{"start":{"line":197,"column":36},"end":{"line":202,"column":null}}]},"19":{"loc":{"start":{"line":201,"column":87},"end":{"line":201,"column":168}},"type":"cond-expr","locations":[{"start":{"line":201,"column":98},"end":{"line":201,"column":143}},{"start":{"line":201,"column":146},"end":{"line":201,"column":168}}]},"20":{"loc":{"start":{"line":207,"column":33},"end":{"line":216,"column":null}},"type":"binary-expr","locations":[{"start":{"line":207,"column":33},"end":{"line":207,"column":63}},{"start":{"line":208,"column":36},"end":{"line":215,"column":null}}]},"21":{"loc":{"start":{"line":220,"column":33},"end":{"line":227,"column":null}},"type":"binary-expr","locations":[{"start":{"line":220,"column":33},"end":{"line":220,"column":59}},{"start":{"line":221,"column":36},"end":{"line":226,"column":null}}]},"22":{"loc":{"start":{"line":225,"column":87},"end":{"line":225,"column":168}},"type":"cond-expr","locations":[{"start":{"line":225,"column":98},"end":{"line":225,"column":143}},{"start":{"line":225,"column":146},"end":{"line":225,"column":168}}]},"23":{"loc":{"start":{"line":231,"column":33},"end":{"line":238,"column":null}},"type":"binary-expr","locations":[{"start":{"line":231,"column":33},"end":{"line":231,"column":57}},{"start":{"line":232,"column":36},"end":{"line":237,"column":null}}]},"24":{"loc":{"start":{"line":236,"column":87},"end":{"line":236,"column":168}},"type":"cond-expr","locations":[{"start":{"line":236,"column":98},"end":{"line":236,"column":143}},{"start":{"line":236,"column":146},"end":{"line":236,"column":168}}]},"25":{"loc":{"start":{"line":243,"column":29},"end":{"line":246,"column":null}},"type":"binary-expr","locations":[{"start":{"line":243,"column":29},"end":{"line":243,"column":59}},{"start":{"line":244,"column":32},"end":{"line":245,"column":null}}]},"26":{"loc":{"start":{"line":244,"column":110},"end":{"line":244,"column":179}},"type":"cond-expr","locations":[{"start":{"line":244,"column":121},"end":{"line":244,"column":133}},{"start":{"line":244,"column":136},"end":{"line":244,"column":179}}]}},"s":{"0":0,"1":0,"2":0,"3":0,"4":0,"5":0,"6":0,"7":0,"8":0,"9":0,"10":0,"11":0,"12":0,"13":0,"14":0,"15":0,"16":0,"17":0,"18":0,"19":0,"20":0,"21":0,"22":0,"23":0,"24":0,"25":0,"26":0,"27":0,"28":0,"29":0,"30":0,"31":0,"32":0,"33":0,"34":0,"35":0,"36":0,"37":0,"38":0,"39":0,"40":0,"41":0},"f":{"0":0,"1":0,"2":0,"3":0},"b":{"0":[0],"1":[0],"2":[0],"3":[0],"4":[0],"5":[0],"6":[0],"7":[0],"8":[0],"9":[0,0],"10":[0,0],"11":[0,0],"12":[0,0],"13":[0,0],"14":[0,0],"15":[0,0,0],"16":[0,0],"17":[0,0],"18":[0,0],"19":[0,0],"20":[0,0],"21":[0,0],"22":[0,0],"23":[0,0],"24":[0,0],"25":[0,0],"26":[0,0]}}
,"/vercel/sandbox/primary/src/components/MiniPlayer.tsx": {"path":"/vercel/sandbox/primary/src/components/MiniPlayer.tsx","statementMap":{"0":{"start":{"line":1,"column":0},"end":{"line":1,"column":49}},"1":{"start":{"line":2,"column":0},"end":{"line":2,"column":64}},"2":{"start":{"line":3,"column":0},"end":{"line":3,"column":56}},"3":{"start":{"line":5,"column":29},"end":{"line":89,"column":1}},"4":{"start":{"line":16,"column":6},"end":{"line":16,"column":22}},"5":{"start":{"line":18,"column":22},"end":{"line":18,"column":50}},"6":{"start":{"line":20,"column":2},"end":{"line":24,"column":17}},"7":{"start":{"line":21,"column":4},"end":{"line":23,"column":5}},"8":{"start":{"line":22,"column":6},"end":{"line":22,"column":55}},"9":{"start":{"line":26,"column":2},"end":{"line":26,"column":33}},"10":{"start":{"line":26,"column":21},"end":{"line":26,"column":33}},"11":{"start":{"line":28,"column":21},"end":{"line":35,"column":3}},"12":{"start":{"line":29,"column":4},"end":{"line":29,"column":24}},"13":{"start":{"line":30,"column":4},"end":{"line":34,"column":5}},"14":{"start":{"line":31,"column":6},"end":{"line":31,"column":19}},"15":{"start":{"line":33,"column":6},"end":{"line":33,"column":20}},"16":{"start":{"line":37,"column":2},"end":{"line":88,"column":4}},"17":{"start":{"line":56,"column":30},"end":{"line":56,"column":60}},"18":{"start":{"line":91,"column":0},"end":{"line":91,"column":26}}},"fnMap":{"0":{"name":"(anonymous_9)","decl":{"start":{"line":5,"column":29},"end":{"line":5,"column":32}},"loc":{"start":{"line":5,"column":34},"end":{"line":89,"column":1}}},"1":{"name":"(anonymous_10)","decl":{"start":{"line":20,"column":12},"end":{"line":20,"column":15}},"loc":{"start":{"line":20,"column":17},"end":{"line":24,"column":3}}},"2":{"name":"(anonymous_11)","decl":{"start":{"line":28,"column":21},"end":{"line":28,"column":22}},"loc":{"start":{"line":28,"column":45},"end":{"line":35,"column":3}}},"3":{"name":"(anonymous_12)","decl":{"start":{"line":56,"column":23},"end":{"line":56,"column":24}},"loc":{"start":{"line":56,"column":30},"end":{"line":56,"column":60}}}},"branchMap":{"0":{"loc":{"start":{"line":21,"column":4},"end":{"line":23,"column":5}},"type":"if","locations":[{"start":{"line":21,"column":4},"end":{"line":23,"column":5}}]},"1":{"loc":{"start":{"line":26,"column":2},"end":{"line":26,"column":33}},"type":"if","locations":[{"start":{"line":26,"column":2},"end":{"line":26,"column":33}}]},"2":{"loc":{"start":{"line":30,"column":4},"end":{"line":34,"column":5}},"type":"if","locations":[{"start":{"line":30,"column":4},"end":{"line":34,"column":5}},{"start":{"line":32,"column":11},"end":{"line":34,"column":5}}]},"3":{"loc":{"start":{"line":54,"column":18},"end":{"line":54,"column":33}},"type":"binary-expr","locations":[{"start":{"line":54,"column":18},"end":{"line":54,"column":26}},{"start":{"line":54,"column":30},"end":{"line":54,"column":33}}]},"4":{"loc":{"start":{"line":67,"column":24},"end":{"line":67,"column":52}},"type":"cond-expr","locations":[{"start":{"line":67,"column":36},"end":{"line":67,"column":43}},{"start":{"line":67,"column":46},"end":{"line":67,"column":52}}]},"5":{"loc":{"start":{"line":69,"column":38},"end":{"line":69,"column":72}},"type":"cond-expr","locations":[{"start":{"line":69,"column":50},"end":{"line":69,"column":60}},{"start":{"line":69,"column":63},"end":{"line":69,"column":72}}]},"6":{"loc":{"start":{"line":75,"column":60},"end":{"line":75,"column":103}},"type":"binary-expr","locations":[{"start":{"line":75,"column":60},"end":{"line":75,"column":81}},{"start":{"line":75,"column":85},"end":{"line":75,"column":103}}]},"7":{"loc":{"start":{"line":79,"column":11},"end":{"line":83,"column":null}},"type":"binary-expr","locations":[{"start":{"line":79,"column":11},"end":{"line":79,"column":21}},{"start":{"line":80,"column":12},"end":{"line":82,"column":null}}]}},"s":{"0":0,"1":0,"2":0,"3":0,"4":0,"5":0,"6":0,"7":0,"8":0,"9":0,"10":0,"11":0,"12":0,"13":0,"14":0,"15":0,"16":0,"17":0,"18":0},"f":{"0":0,"1":0,"2":0,"3":0},"b":{"0":[0],"1":[0],"2":[0,0],"3":[0,0],"4":[0,0],"5":[0,0],"6":[0,0],"7":[0,0]}}
,"/vercel/sandbox/primary/src/components/NavLottieIcon.tsx": {"path":"/vercel/sandbox/primary/src/components/NavLottieIcon.tsx","statementMap":{"0":{"start":{"line":1,"column":0},"end":{"line":1,"column":49}},"1":{"start":{"line":2,"column":0},"end":{"line":2,"column":61}},"2":{"start":{"line":21,"column":52},"end":{"line":87,"column":1}},"3":{"start":{"line":28,"column":20},"end":{"line":28,"column":55}},"4":{"start":{"line":29,"column":34},"end":{"line":29,"column":55}},"5":{"start":{"line":31,"column":2},"end":{"line":39,"column":17}},"6":{"start":{"line":32,"column":4},"end":{"line":38,"column":5}},"7":{"start":{"line":33,"column":6},"end":{"line":37,"column":7}},"8":{"start":{"line":34,"column":8},"end":{"line":34,"column":33}},"9":{"start":{"line":36,"column":8},"end":{"line":36,"column":34}},"10":{"start":{"line":41,"column":2},"end":{"line":52,"column":3}},"11":{"start":{"line":42,"column":4},"end":{"line":51,"column":6}},"12":{"start":{"line":54,"column":2},"end":{"line":86,"column":4}},"13":{"start":{"line":83,"column":23},"end":{"line":83,"column":40}},"14":{"start":{"line":89,"column":0},"end":{"line":89,"column":29}}},"fnMap":{"0":{"name":"(anonymous_10)","decl":{"start":{"line":21,"column":52},"end":{"line":21,"column":53}},"loc":{"start":{"line":27,"column":5},"end":{"line":87,"column":1}}},"1":{"name":"(anonymous_11)","decl":{"start":{"line":31,"column":12},"end":{"line":31,"column":15}},"loc":{"start":{"line":31,"column":17},"end":{"line":39,"column":3}}},"2":{"name":"(anonymous_12)","decl":{"start":{"line":83,"column":17},"end":{"line":83,"column":20}},"loc":{"start":{"line":83,"column":23},"end":{"line":83,"column":40}}}},"branchMap":{"0":{"loc":{"start":{"line":24,"column":2},"end":{"line":24,"column":11}},"type":"default-arg","locations":[{"start":{"line":24,"column":9},"end":{"line":24,"column":11}}]},"1":{"loc":{"start":{"line":25,"column":2},"end":{"line":25,"column":28}},"type":"default-arg","locations":[{"start":{"line":25,"column":17},"end":{"line":25,"column":28}}]},"2":{"loc":{"start":{"line":26,"column":2},"end":{"line":26,"column":18}},"type":"default-arg","locations":[{"start":{"line":26,"column":13},"end":{"line":26,"column":18}}]},"3":{"loc":{"start":{"line":32,"column":4},"end":{"line":38,"column":5}},"type":"if","locations":[{"start":{"line":32,"column":4},"end":{"line":38,"column":5}}]},"4":{"loc":{"start":{"line":33,"column":6},"end":{"line":37,"column":7}},"type":"if","locations":[{"start":{"line":33,"column":6},"end":{"line":37,"column":7}},{"start":{"line":35,"column":13},"end":{"line":37,"column":7}}]},"5":{"loc":{"start":{"line":41,"column":2},"end":{"line":52,"column":3}},"type":"if","locations":[{"start":{"line":41,"column":2},"end":{"line":52,"column":3}}]},"6":{"loc":{"start":{"line":45,"column":10},"end":{"line":45,"column":null}},"type":"cond-expr","locations":[{"start":{"line":45,"column":21},"end":{"line":45,"column":36}},{"start":{"line":45,"column":39},"end":{"line":45,"column":null}}]},"7":{"loc":{"start":{"line":57,"column":8},"end":{"line":57,"column":null}},"type":"cond-expr","locations":[{"start":{"line":57,"column":19},"end":{"line":57,"column":21}},{"start":{"line":57,"column":24},"end":{"line":57,"column":null}}]},"8":{"loc":{"start":{"line":62,"column":7},"end":{"line":66,"column":null}},"type":"binary-expr","locations":[{"start":{"line":62,"column":7},"end":{"line":62,"column":15}},{"start":{"line":63,"column":8},"end":{"line":65,"column":null}}]},"9":{"loc":{"start":{"line":78,"column":18},"end":{"line":80,"column":43}},"type":"cond-expr","locations":[{"start":{"line":79,"column":14},"end":{"line":79,"column":57}},{"start":{"line":80,"column":14},"end":{"line":80,"column":43}}]}},"s":{"0":0,"1":0,"2":0,"3":0,"4":0,"5":0,"6":0,"7":0,"8":0,"9":0,"10":0,"11":0,"12":0,"13":0,"14":0},"f":{"0":0,"1":0,"2":0},"b":{"0":[0],"1":[0],"2":[0],"3":[0],"4":[0,0],"5":[0],"6":[0,0],"7":[0,0],"8":[0,0],"9":[0,0]}}
,"/vercel/sandbox/primary/src/components/PulseLoader.tsx": {"path":"/vercel/sandbox/primary/src/components/PulseLoader.tsx","statementMap":{"0":{"start":{"line":2,"column":0},"end":{"line":2,"column":26}},"1":{"start":{"line":3,"column":0},"end":{"line":3,"column":39}},"2":{"start":{"line":11,"column":55},"end":{"line":61,"column":1}},"3":{"start":{"line":12,"column":22},"end":{"line":16,"column":4}},"4":{"start":{"line":18,"column":2},"end":{"line":60,"column":4}},"5":{"start":{"line":22,"column":8},"end":{"line":23,"column":null}},"6":{"start":{"line":11,"column":13},"end":{"line":11,"column":55}}},"fnMap":{"0":{"name":"(anonymous_1)","decl":{"start":{"line":11,"column":55},"end":{"line":11,"column":56}},"loc":{"start":{"line":11,"column":114},"end":{"line":61,"column":1}}},"1":{"name":"(anonymous_2)","decl":{"start":{"line":21,"column":31},"end":{"line":21,"column":32}},"loc":{"start":{"line":22,"column":8},"end":{"line":23,"column":null}}}},"branchMap":{"0":{"loc":{"start":{"line":11,"column":58},"end":{"line":11,"column":80}},"type":"default-arg","locations":[{"start":{"line":11,"column":65},"end":{"line":11,"column":80}}]},"1":{"loc":{"start":{"line":11,"column":82},"end":{"line":11,"column":93}},"type":"default-arg","locations":[{"start":{"line":11,"column":89},"end":{"line":11,"column":93}}]},"2":{"loc":{"start":{"line":11,"column":95},"end":{"line":11,"column":108}},"type":"default-arg","locations":[{"start":{"line":11,"column":104},"end":{"line":11,"column":108}}]},"3":{"loc":{"start":{"line":21,"column":7},"end":{"line":38,"column":8}},"type":"binary-expr","locations":[{"start":{"line":21,"column":7},"end":{"line":21,"column":13}},{"start":{"line":21,"column":17},"end":{"line":38,"column":8}}]},"4":{"loc":{"start":{"line":42,"column":17},"end":{"line":49,"column":24}},"type":"cond-expr","locations":[{"start":{"line":42,"column":26},"end":{"line":49,"column":10}},{"start":{"line":49,"column":12},"end":{"line":49,"column":24}}]},"5":{"loc":{"start":{"line":55,"column":164},"end":{"line":55,"column":217}},"type":"cond-expr","locations":[{"start":{"line":55,"column":173},"end":{"line":55,"column":185}},{"start":{"line":55,"column":188},"end":{"line":55,"column":217}}]}},"s":{"0":0,"1":0,"2":0,"3":0,"4":0,"5":0,"6":0},"f":{"0":0,"1":0},"b":{"0":[0],"1":[0],"2":[0],"3":[0,0],"4":[0,0],"5":[0,0]}}
,"/vercel/sandbox/primary/src/contexts/AudioPlayerContext.tsx": {"path":"/vercel/sandbox/primary/src/contexts/AudioPlayerContext.tsx","statementMap":{"0":{"start":{"line":1,"column":0},"end":{"line":1,"column":97}},"1":{"start":{"line":42,"column":27},"end":{"line":42,"column":87}},"2":{"start":{"line":44,"column":30},"end":{"line":50,"column":1}},"3":{"start":{"line":45,"column":18},"end":{"line":45,"column":48}},"4":{"start":{"line":46,"column":2},"end":{"line":48,"column":3}},"5":{"start":{"line":47,"column":4},"end":{"line":47,"column":81}},"6":{"start":{"line":49,"column":2},"end":{"line":49,"column":17}},"7":{"start":{"line":44,"column":13},"end":{"line":44,"column":30}},"8":{"start":{"line":52,"column":70},"end":{"line":271,"column":1}},"9":{"start":{"line":53,"column":36},"end":{"line":53,"column":51}},"10":{"start":{"line":54,"column":42},"end":{"line":54,"column":75}},"11":{"start":{"line":55,"column":40},"end":{"line":55,"column":51}},"12":{"start":{"line":56,"column":34},"end":{"line":56,"column":45}},"13":{"start":{"line":57,"column":34},"end":{"line":57,"column":45}},"14":{"start":{"line":58,"column":44},"end":{"line":58,"column":55}},"15":{"start":{"line":59,"column":38},"end":{"line":59,"column":67}},"16":{"start":{"line":61,"column":42},"end":{"line":61,"column":69}},"17":{"start":{"line":62,"column":58},"end":{"line":62,"column":87}},"18":{"start":{"line":64,"column":29},"end":{"line":64,"column":72}},"19":{"start":{"line":66,"column":19},"end":{"line":66,"column":56}},"20":{"start":{"line":67,"column":26},"end":{"line":67,"column":61}},"21":{"start":{"line":70,"column":2},"end":{"line":106,"column":9}},"22":{"start":{"line":71,"column":4},"end":{"line":71,"column":35}},"23":{"start":{"line":73,"column":4},"end":{"line":73,"column":47}},"24":{"start":{"line":75,"column":18},"end":{"line":75,"column":34}},"25":{"start":{"line":77,"column":29},"end":{"line":81,"column":5}},"26":{"start":{"line":78,"column":6},"end":{"line":78,"column":40}},"27":{"start":{"line":79,"column":6},"end":{"line":79,"column":39}},"28":{"start":{"line":80,"column":6},"end":{"line":80,"column":69}},"29":{"start":{"line":83,"column":24},"end":{"line":89,"column":5}},"30":{"start":{"line":84,"column":6},"end":{"line":84,"column":33}},"31":{"start":{"line":85,"column":6},"end":{"line":85,"column":26}},"32":{"start":{"line":86,"column":6},"end":{"line":88,"column":7}},"33":{"start":{"line":87,"column":8},"end":{"line":87,"column":37}},"34":{"start":{"line":91,"column":24},"end":{"line":94,"column":5}},"35":{"start":{"line":92,"column":6},"end":{"line":92,"column":55}},"36":{"start":{"line":93,"column":6},"end":{"line":93,"column":26}},"37":{"start":{"line":96,"column":4},"end":{"line":96,"column":59}},"38":{"start":{"line":97,"column":4},"end":{"line":97,"column":49}},"39":{"start":{"line":98,"column":4},"end":{"line":98,"column":49}},"40":{"start":{"line":100,"column":4},"end":{"line":105,"column":6}},"41":{"start":{"line":101,"column":6},"end":{"line":101,"column":64}},"42":{"start":{"line":102,"column":6},"end":{"line":102,"column":54}},"43":{"start":{"line":103,"column":6},"end":{"line":103,"column":54}},"44":{"start":{"line":104,"column":6},"end":{"line":104,"column":20}},"45":{"start":{"line":110,"column":2},"end":{"line":114,"column":22}},"46":{"start":{"line":111,"column":4},"end":{"line":113,"column":5}},"47":{"start":{"line":112,"column":6},"end":{"line":112,"column":52}},"48":{"start":{"line":117,"column":2},"end":{"line":133,"column":30}},"49":{"start":{"line":118,"column":4},"end":{"line":129,"column":5}},"50":{"start":{"line":119,"column":6},"end":{"line":119,"column":73}},"51":{"start":{"line":119,"column":35},"end":{"line":119,"column":73}},"52":{"start":{"line":121,"column":6},"end":{"line":126,"column":33}},"53":{"start":{"line":122,"column":8},"end":{"line":122,"column":20}},"54":{"start":{"line":123,"column":8},"end":{"line":123,"column":28}},"55":{"start":{"line":125,"column":8},"end":{"line":125,"column":50}},"56":{"start":{"line":128,"column":6},"end":{"line":128,"column":73}},"57":{"start":{"line":128,"column":35},"end":{"line":128,"column":73}},"58":{"start":{"line":130,"column":4},"end":{"line":132,"column":6}},"59":{"start":{"line":131,"column":6},"end":{"line":131,"column":73}},"60":{"start":{"line":131,"column":35},"end":{"line":131,"column":73}},"61":{"start":{"line":136,"column":2},"end":{"line":153,"column":45}},"62":{"start":{"line":137,"column":4},"end":{"line":140,"column":5}},"63":{"start":{"line":138,"column":6},"end":{"line":138,"column":36}},"64":{"start":{"line":139,"column":6},"end":{"line":139,"column":13}},"65":{"start":{"line":142,"column":22},"end":{"line":142,"column":40}},"66":{"start":{"line":143,"column":40},"end":{"line":143,"column":44}},"67":{"start":{"line":145,"column":4},"end":{"line":150,"column":5}},"68":{"start":{"line":146,"column":6},"end":{"line":149,"column":7}},"69":{"start":{"line":147,"column":8},"end":{"line":147,"column":43}},"70":{"start":{"line":148,"column":8},"end":{"line":148,"column":14}},"71":{"start":{"line":152,"column":4},"end":{"line":152,"column":44}},"72":{"start":{"line":155,"column":20},"end":{"line":189,"column":3}},"73":{"start":{"line":156,"column":4},"end":{"line":156,"column":34}},"74":{"start":{"line":156,"column":27},"end":{"line":156,"column":34}},"75":{"start":{"line":159,"column":4},"end":{"line":162,"column":5}},"76":{"start":{"line":160,"column":6},"end":{"line":160,"column":20}},"77":{"start":{"line":161,"column":6},"end":{"line":161,"column":13}},"78":{"start":{"line":164,"column":4},"end":{"line":164,"column":56}},"79":{"start":{"line":167,"column":4},"end":{"line":167,"column":29}},"80":{"start":{"line":169,"column":4},"end":{"line":169,"column":27}},"81":{"start":{"line":170,"column":4},"end":{"line":170,"column":37}},"82":{"start":{"line":171,"column":4},"end":{"line":171,"column":28}},"83":{"start":{"line":173,"column":4},"end":{"line":188,"column":5}},"84":{"start":{"line":174,"column":26},"end":{"line":174,"column":49}},"85":{"start":{"line":175,"column":6},"end":{"line":179,"column":7}},"86":{"start":{"line":176,"column":8},"end":{"line":176,"column":26}},"87":{"start":{"line":177,"column":8},"end":{"line":177,"column":27}},"88":{"start":{"line":178,"column":8},"end":{"line":178,"column":56}},"89":{"start":{"line":182,"column":6},"end":{"line":186,"column":7}},"90":{"start":{"line":183,"column":8},"end":{"line":183,"column":56}},"91":{"start":{"line":185,"column":8},"end":{"line":185,"column":74}},"92":{"start":{"line":187,"column":6},"end":{"line":187,"column":26}},"93":{"start":{"line":191,"column":21},"end":{"line":196,"column":3}},"94":{"start":{"line":192,"column":4},"end":{"line":195,"column":5}},"95":{"start":{"line":193,"column":6},"end":{"line":193,"column":31}},"96":{"start":{"line":194,"column":6},"end":{"line":194,"column":26}},"97":{"start":{"line":198,"column":22},"end":{"line":210,"column":3}},"98":{"start":{"line":199,"column":4},"end":{"line":209,"column":5}},"99":{"start":{"line":200,"column":6},"end":{"line":208,"column":7}},"100":{"start":{"line":201,"column":8},"end":{"line":201,"column":38}},"101":{"start":{"line":202,"column":8},"end":{"line":202,"column":27}},"102":{"start":{"line":205,"column":8},"end":{"line":207,"column":9}},"103":{"start":{"line":206,"column":10},"end":{"line":206,"column":49}},"104":{"start":{"line":212,"column":20},"end":{"line":220,"column":3}},"105":{"start":{"line":213,"column":4},"end":{"line":219,"column":5}},"106":{"start":{"line":214,"column":6},"end":{"line":214,"column":31}},"107":{"start":{"line":215,"column":6},"end":{"line":215,"column":39}},"108":{"start":{"line":216,"column":6},"end":{"line":216,"column":26}},"109":{"start":{"line":217,"column":6},"end":{"line":217,"column":24}},"110":{"start":{"line":218,"column":6},"end":{"line":218,"column":21}},"111":{"start":{"line":222,"column":17},"end":{"line":227,"column":3}},"112":{"start":{"line":223,"column":4},"end":{"line":226,"column":5}},"113":{"start":{"line":224,"column":6},"end":{"line":224,"column":42}},"114":{"start":{"line":225,"column":6},"end":{"line":225,"column":27}},"115":{"start":{"line":229,"column":21},"end":{"line":231,"column":8}},"116":{"start":{"line":230,"column":4},"end":{"line":230,"column":42}},"117":{"start":{"line":233,"column":23},"end":{"line":264,"column":4}},"118":{"start":{"line":233,"column":44},"end":{"line":254,"column":4}},"119":{"start":{"line":266,"column":2},"end":{"line":270,"column":4}},"120":{"start":{"line":52,"column":13},"end":{"line":52,"column":70}}},"fnMap":{"0":{"name":"(anonymous_9)","decl":{"start":{"line":44,"column":30},"end":{"line":44,"column":33}},"loc":{"start":{"line":44,"column":35},"end":{"line":50,"column":1}}},"1":{"name":"(anonymous_10)","decl":{"start":{"line":52,"column":70},"end":{"line":52,"column":71}},"loc":{"start":{"line":52,"column":87},"end":{"line":271,"column":1}}},"2":{"name":"(anonymous_11)","decl":{"start":{"line":70,"column":12},"end":{"line":70,"column":15}},"loc":{"start":{"line":70,"column":17},"end":{"line":106,"column":3}}},"3":{"name":"(anonymous_12)","decl":{"start":{"line":77,"column":29},"end":{"line":77,"column":32}},"loc":{"start":{"line":77,"column":34},"end":{"line":81,"column":5}}},"4":{"name":"(anonymous_13)","decl":{"start":{"line":83,"column":24},"end":{"line":83,"column":27}},"loc":{"start":{"line":83,"column":29},"end":{"line":89,"column":5}}},"5":{"name":"(anonymous_14)","decl":{"start":{"line":91,"column":24},"end":{"line":91,"column":25}},"loc":{"start":{"line":91,"column":35},"end":{"line":94,"column":5}}},"6":{"name":"(anonymous_15)","decl":{"start":{"line":100,"column":11},"end":{"line":100,"column":14}},"loc":{"start":{"line":100,"column":16},"end":{"line":105,"column":5}}},"7":{"name":"(anonymous_16)","decl":{"start":{"line":110,"column":12},"end":{"line":110,"column":15}},"loc":{"start":{"line":110,"column":17},"end":{"line":114,"column":3}}},"8":{"name":"(anonymous_17)","decl":{"start":{"line":117,"column":12},"end":{"line":117,"column":15}},"loc":{"start":{"line":117,"column":17},"end":{"line":133,"column":3}}},"9":{"name":"(anonymous_18)","decl":{"start":{"line":121,"column":43},"end":{"line":121,"column":46}},"loc":{"start":{"line":121,"column":48},"end":{"line":126,"column":7}}},"10":{"name":"(anonymous_19)","decl":{"start":{"line":130,"column":11},"end":{"line":130,"column":14}},"loc":{"start":{"line":130,"column":16},"end":{"line":132,"column":5}}},"11":{"name":"(anonymous_20)","decl":{"start":{"line":136,"column":12},"end":{"line":136,"column":15}},"loc":{"start":{"line":136,"column":17},"end":{"line":153,"column":3}}},"12":{"name":"(anonymous_21)","decl":{"start":{"line":155,"column":20},"end":{"line":155,"column":25}},"loc":{"start":{"line":155,"column":48},"end":{"line":189,"column":3}}},"13":{"name":"(anonymous_22)","decl":{"start":{"line":191,"column":21},"end":{"line":191,"column":24}},"loc":{"start":{"line":191,"column":26},"end":{"line":196,"column":3}}},"14":{"name":"(anonymous_23)","decl":{"start":{"line":198,"column":22},"end":{"line":198,"column":27}},"loc":{"start":{"line":198,"column":33},"end":{"line":210,"column":3}}},"15":{"name":"(anonymous_24)","decl":{"start":{"line":212,"column":20},"end":{"line":212,"column":23}},"loc":{"start":{"line":212,"column":25},"end":{"line":220,"column":3}}},"16":{"name":"(anonymous_25)","decl":{"start":{"line":222,"column":17},"end":{"line":222,"column":18}},"loc":{"start":{"line":222,"column":34},"end":{"line":227,"column":3}}},"17":{"name":"(anonymous_26)","decl":{"start":{"line":229,"column":39},"end":{"line":229,"column":40}},"loc":{"start":{"line":229,"column":64},"end":{"line":231,"column":3}}},"18":{"name":"(anonymous_27)","decl":{"start":{"line":233,"column":37},"end":{"line":233,"column":40}},"loc":{"start":{"line":233,"column":44},"end":{"line":254,"column":4}}}},"branchMap":{"0":{"loc":{"start":{"line":46,"column":2},"end":{"line":48,"column":3}},"type":"if","locations":[{"start":{"line":46,"column":2},"end":{"line":48,"column":3}}]},"1":{"loc":{"start":{"line":79,"column":18},"end":{"line":79,"column":37}},"type":"binary-expr","locations":[{"start":{"line":79,"column":18},"end":{"line":79,"column":32}},{"start":{"line":79,"column":36},"end":{"line":79,"column":37}}]},"2":{"loc":{"start":{"line":80,"column":40},"end":{"line":80,"column":59}},"type":"binary-expr","locations":[{"start":{"line":80,"column":40},"end":{"line":80,"column":54}},{"start":{"line":80,"column":58},"end":{"line":80,"column":59}}]},"3":{"loc":{"start":{"line":86,"column":6},"end":{"line":88,"column":7}},"type":"if","locations":[{"start":{"line":86,"column":6},"end":{"line":88,"column":7}}]},"4":{"loc":{"start":{"line":111,"column":4},"end":{"line":113,"column":5}},"type":"if","locations":[{"start":{"line":111,"column":4},"end":{"line":113,"column":5}}]},"5":{"loc":{"start":{"line":118,"column":4},"end":{"line":129,"column":5}},"type":"if","locations":[{"start":{"line":118,"column":4},"end":{"line":129,"column":5}},{"start":{"line":127,"column":11},"end":{"line":129,"column":5}}]},"6":{"loc":{"start":{"line":118,"column":8},"end":{"line":118,"column":31}},"type":"binary-expr","locations":[{"start":{"line":118,"column":8},"end":{"line":118,"column":18}},{"start":{"line":118,"column":22},"end":{"line":118,"column":31}}]},"7":{"loc":{"start":{"line":119,"column":6},"end":{"line":119,"column":73}},"type":"if","locations":[{"start":{"line":119,"column":6},"end":{"line":119,"column":73}}]},"8":{"loc":{"start":{"line":128,"column":6},"end":{"line":128,"column":73}},"type":"if","locations":[{"start":{"line":128,"column":6},"end":{"line":128,"column":73}}]},"9":{"loc":{"start":{"line":131,"column":6},"end":{"line":131,"column":73}},"type":"if","locations":[{"start":{"line":131,"column":6},"end":{"line":131,"column":73}}]},"10":{"loc":{"start":{"line":137,"column":4},"end":{"line":140,"column":5}},"type":"if","locations":[{"start":{"line":137,"column":4},"end":{"line":140,"column":5}}]},"11":{"loc":{"start":{"line":137,"column":8},"end":{"line":137,"column":47}},"type":"binary-expr","locations":[{"start":{"line":137,"column":8},"end":{"line":137,"column":18}},{"start":{"line":137,"column":22},"end":{"line":137,"column":47}}]},"12":{"loc":{"start":{"line":146,"column":6},"end":{"line":149,"column":7}},"type":"if","locations":[{"start":{"line":146,"column":6},"end":{"line":149,"column":7}}]},"13":{"loc":{"start":{"line":146,"column":10},"end":{"line":146,"column":67}},"type":"binary-expr","locations":[{"start":{"line":146,"column":10},"end":{"line":146,"column":38}},{"start":{"line":146,"column":42},"end":{"line":146,"column":67}}]},"14":{"loc":{"start":{"line":156,"column":4},"end":{"line":156,"column":34}},"type":"if","locations":[{"start":{"line":156,"column":4},"end":{"line":156,"column":34}}]},"15":{"loc":{"start":{"line":159,"column":4},"end":{"line":162,"column":5}},"type":"if","locations":[{"start":{"line":159,"column":4},"end":{"line":162,"column":5}}]},"16":{"loc":{"start":{"line":175,"column":6},"end":{"line":179,"column":7}},"type":"if","locations":[{"start":{"line":175,"column":6},"end":{"line":179,"column":7}}]},"17":{"loc":{"start":{"line":182,"column":6},"end":{"line":186,"column":7}},"type":"if","locations":[{"start":{"line":182,"column":6},"end":{"line":186,"column":7}},{"start":{"line":184,"column":13},"end":{"line":186,"column":7}}]},"18":{"loc":{"start":{"line":192,"column":4},"end":{"line":195,"column":5}},"type":"if","locations":[{"start":{"line":192,"column":4},"end":{"line":195,"column":5}}]},"19":{"loc":{"start":{"line":199,"column":4},"end":{"line":209,"column":5}},"type":"if","locations":[{"start":{"line":199,"column":4},"end":{"line":209,"column":5}}]},"20":{"loc":{"start":{"line":199,"column":8},"end":{"line":199,"column":40}},"type":"binary-expr","locations":[{"start":{"line":199,"column":8},"end":{"line":199,"column":24}},{"start":{"line":199,"column":28},"end":{"line":199,"column":40}}]},"21":{"loc":{"start":{"line":205,"column":8},"end":{"line":207,"column":9}},"type":"if","locations":[{"start":{"line":205,"column":8},"end":{"line":207,"column":9}}]},"22":{"loc":{"start":{"line":213,"column":4},"end":{"line":219,"column":5}},"type":"if","locations":[{"start":{"line":213,"column":4},"end":{"line":219,"column":5}}]},"23":{"loc":{"start":{"line":223,"column":4},"end":{"line":226,"column":5}},"type":"if","locations":[{"start":{"line":223,"column":4},"end":{"line":226,"column":5}}]}},"s":{"0":0,"1":0,"2":0,"3":0,"4":0,"5":0,"6":0,"7":0,"8":0,"9":0,"10":0,"11":0,"12":0,"13":0,"14":0,"15":0,"16":0,"17":0,"18":0,"19":0,"20":0,"21":0,"22":0,"23":0,"24":0,"25":0,"26":0,"27":0,"28":0,"29":0,"30":0,"31":0,"32":0,"33":0,"34":0,"35":0,"36":0,"37":0,"38":0,"39":0,"40":0,"41":0,"42":0,"43":0,"44":0,"45":0,"46":0,"47":0,"48":0,"49":0,"50":0,"51":0,"52":0,"53":0,"54":0,"55":0,"56":0,"57":0,"58":0,"59":0,"60":0,"61":0,"62":0,"63":0,"64":0,"65":0,"66":0,"67":0,"68":0,"69":0,"70":0,"71":0,"72":0,"73":0,"74":0,"75":0,"76":0,"77":0,"78":0,"79":0,"80":0,"81":0,"82":0,"83":0,"84":0,"85":0,"86":0,"87":0,"88":0,"89":0,"90":0,"91":0,"92":0,"93":0,"94":0,"95":0,"96":0,"97":0,"98":0,"99":0,"100":0,"101":0,"102":0,"103":0,"104":0,"105":0,"106":0,"107":0,"108":0,"109":0,"110":0,"111":0,"112":0,"113":0,"114":0,"115":0,"116":0,"117":0,"118":0,"119":0,"120":0},"f":{"0":0,"1":0,"2":0,"3":0,"4":0,"5":0,"6":0,"7":0,"8":0,"9":0,"10":0,"11":0,"12":0,"13":0,"14":0,"15":0,"16":0,"17":0,"18":0},"b":{"0":[0],"1":[0,0],"2":[0,0],"3":[0],"4":[0],"5":[0,0],"6":[0,0],"7":[0],"8":[0],"9":[0],"10":[0],"11":[0,0],"12":[0],"13":[0,0],"14":[0],"15":[0],"16":[0],"17":[0,0],"18":[0],"19":[0],"20":[0,0],"21":[0],"22":[0],"23":[0]}}
,"/vercel/sandbox/primary/src/contexts/AuthContext.tsx": {"path":"/vercel/sandbox/primary/src/contexts/AuthContext.tsx","statementMap":{"0":{"start":{"line":1,"column":0},"end":{"line":1,"column":89}},"1":{"start":{"line":18,"column":20},"end":{"line":18,"column":73}},"2":{"start":{"line":20,"column":63},"end":{"line":102,"column":1}},"3":{"start":{"line":21,"column":26},"end":{"line":21,"column":60}},"4":{"start":{"line":22,"column":28},"end":{"line":22,"column":57}},"5":{"start":{"line":23,"column":36},"end":{"line":23,"column":51}},"6":{"start":{"line":26,"column":2},"end":{"line":34,"column":9}},"7":{"start":{"line":27,"column":23},"end":{"line":27,"column":57}},"8":{"start":{"line":28,"column":22},"end":{"line":28,"column":55}},"9":{"start":{"line":30,"column":4},"end":{"line":33,"column":5}},"10":{"start":{"line":31,"column":6},"end":{"line":31,"column":27}},"11":{"start":{"line":32,"column":6},"end":{"line":32,"column":37}},"12":{"start":{"line":36,"column":16},"end":{"line":61,"column":3}},"13":{"start":{"line":37,"column":4},"end":{"line":37,"column":23}},"14":{"start":{"line":38,"column":4},"end":{"line":60,"column":5}},"15":{"start":{"line":39,"column":23},"end":{"line":43,"column":8}},"16":{"start":{"line":45,"column":6},"end":{"line":47,"column":7}},"17":{"start":{"line":46,"column":8},"end":{"line":46,"column":40}},"18":{"start":{"line":49,"column":51},"end":{"line":49,"column":72}},"19":{"start":{"line":51,"column":6},"end":{"line":51,"column":24}},"20":{"start":{"line":52,"column":6},"end":{"line":52,"column":26}},"21":{"start":{"line":53,"column":6},"end":{"line":53,"column":52}},"22":{"start":{"line":54,"column":6},"end":{"line":54,"column":66}},"23":{"start":{"line":56,"column":6},"end":{"line":56,"column":43}},"24":{"start":{"line":57,"column":6},"end":{"line":57,"column":18}},"25":{"start":{"line":59,"column":6},"end":{"line":59,"column":26}},"26":{"start":{"line":63,"column":19},"end":{"line":88,"column":3}},"27":{"start":{"line":64,"column":4},"end":{"line":64,"column":23}},"28":{"start":{"line":65,"column":4},"end":{"line":87,"column":5}},"29":{"start":{"line":66,"column":23},"end":{"line":70,"column":8}},"30":{"start":{"line":72,"column":6},"end":{"line":74,"column":7}},"31":{"start":{"line":73,"column":8},"end":{"line":73,"column":47}},"32":{"start":{"line":76,"column":50},"end":{"line":76,"column":71}},"33":{"start":{"line":78,"column":6},"end":{"line":78,"column":23}},"34":{"start":{"line":79,"column":6},"end":{"line":79,"column":26}},"35":{"start":{"line":80,"column":6},"end":{"line":80,"column":52}},"36":{"start":{"line":81,"column":6},"end":{"line":81,"column":65}},"37":{"start":{"line":83,"column":6},"end":{"line":83,"column":50}},"38":{"start":{"line":84,"column":6},"end":{"line":84,"column":18}},"39":{"start":{"line":86,"column":6},"end":{"line":86,"column":26}},"40":{"start":{"line":90,"column":17},"end":{"line":95,"column":3}},"41":{"start":{"line":91,"column":4},"end":{"line":91,"column":18}},"42":{"start":{"line":92,"column":4},"end":{"line":92,"column":19}},"43":{"start":{"line":93,"column":4},"end":{"line":93,"column":42}},"44":{"start":{"line":94,"column":4},"end":{"line":94,"column":41}},"45":{"start":{"line":97,"column":2},"end":{"line":101,"column":4}},"46":{"start":{"line":20,"column":13},"end":{"line":20,"column":63}},"47":{"start":{"line":104,"column":23},"end":{"line":110,"column":1}},"48":{"start":{"line":105,"column":18},"end":{"line":105,"column":41}},"49":{"start":{"line":106,"column":2},"end":{"line":108,"column":3}},"50":{"start":{"line":107,"column":4},"end":{"line":107,"column":67}},"51":{"start":{"line":109,"column":2},"end":{"line":109,"column":17}},"52":{"start":{"line":104,"column":13},"end":{"line":104,"column":23}}},"fnMap":{"0":{"name":"(anonymous_9)","decl":{"start":{"line":20,"column":63},"end":{"line":20,"column":64}},"loc":{"start":{"line":20,"column":80},"end":{"line":102,"column":1}}},"1":{"name":"(anonymous_10)","decl":{"start":{"line":26,"column":12},"end":{"line":26,"column":15}},"loc":{"start":{"line":26,"column":17},"end":{"line":34,"column":3}}},"2":{"name":"(anonymous_11)","decl":{"start":{"line":36,"column":16},"end":{"line":36,"column":21}},"loc":{"start":{"line":36,"column":56},"end":{"line":61,"column":3}}},"3":{"name":"(anonymous_12)","decl":{"start":{"line":63,"column":19},"end":{"line":63,"column":24}},"loc":{"start":{"line":63,"column":83},"end":{"line":88,"column":3}}},"4":{"name":"(anonymous_13)","decl":{"start":{"line":90,"column":17},"end":{"line":90,"column":20}},"loc":{"start":{"line":90,"column":22},"end":{"line":95,"column":3}}},"5":{"name":"(anonymous_14)","decl":{"start":{"line":104,"column":23},"end":{"line":104,"column":26}},"loc":{"start":{"line":104,"column":28},"end":{"line":110,"column":1}}}},"branchMap":{"0":{"loc":{"start":{"line":30,"column":4},"end":{"line":33,"column":5}},"type":"if","locations":[{"start":{"line":30,"column":4},"end":{"line":33,"column":5}}]},"1":{"loc":{"start":{"line":30,"column":8},"end":{"line":30,"column":31}},"type":"binary-expr","locations":[{"start":{"line":30,"column":8},"end":{"line":30,"column":18}},{"start":{"line":30,"column":22},"end":{"line":30,"column":31}}]},"2":{"loc":{"start":{"line":45,"column":6},"end":{"line":47,"column":7}},"type":"if","locations":[{"start":{"line":45,"column":6},"end":{"line":47,"column":7}}]},"3":{"loc":{"start":{"line":72,"column":6},"end":{"line":74,"column":7}},"type":"if","locations":[{"start":{"line":72,"column":6},"end":{"line":74,"column":7}}]},"4":{"loc":{"start":{"line":106,"column":2},"end":{"line":108,"column":3}},"type":"if","locations":[{"start":{"line":106,"column":2},"end":{"line":108,"column":3}}]}},"s":{"0":0,"1":0,"2":0,"3":0,"4":0,"5":0,"6":0,"7":0,"8":0,"9":0,"10":0,"11":0,"12":0,"13":0,"14":0,"15":0,"16":0,"17":0,"18":0,"19":0,"20":0,"21":0,"22":0,"23":0,"24":0,"25":0,"26":0,"27":0,"28":0,"29":0,"30":0,"31":0,"32":0,"33":0,"34":0,"35":0,"36":0,"37":0,"38":0,"39":0,"40":0,"41":0,"42":0,"43":0,"44":0,"45":0,"46":0,"47":0,"48":0,"49":0,"50":0,"51":0,"52":0},"f":{"0":0,"1":0,"2":0,"3":0,"4":0,"5":0},"b":{"0":[0],"1":[0,0],"2":[0],"3":[0],"4":[0]}}
,"/vercel/sandbox/primary/src/contexts/GamificationContext.tsx": {"path":"/vercel/sandbox/primary/src/contexts/GamificationContext.tsx","statementMap":{"0":{"start":{"line":1,"column":0},"end":{"line":1,"column":89}},"1":{"start":{"line":30,"column":22},"end":{"line":30,"column":25}},"2":{"start":{"line":31,"column":25},"end":{"line":31,"column":28}},"3":{"start":{"line":33,"column":45},"end":{"line":39,"column":2}},"4":{"start":{"line":42,"column":28},"end":{"line":42,"column":89}},"5":{"start":{"line":44,"column":31},"end":{"line":50,"column":1}},"6":{"start":{"line":45,"column":18},"end":{"line":45,"column":49}},"7":{"start":{"line":46,"column":2},"end":{"line":48,"column":3}},"8":{"start":{"line":47,"column":4},"end":{"line":47,"column":82}},"9":{"start":{"line":49,"column":2},"end":{"line":49,"column":17}},"10":{"start":{"line":44,"column":13},"end":{"line":44,"column":31}},"11":{"start":{"line":53,"column":71},"end":{"line":168,"column":1}},"12":{"start":{"line":55,"column":28},"end":{"line":58,"column":4}},"13":{"start":{"line":56,"column":18},"end":{"line":56,"column":65}},"14":{"start":{"line":57,"column":4},"end":{"line":57,"column":53}},"15":{"start":{"line":61,"column":2},"end":{"line":63,"column":14}},"16":{"start":{"line":62,"column":4},"end":{"line":62,"column":75}},"17":{"start":{"line":66,"column":25},"end":{"line":77,"column":3}},"18":{"start":{"line":69,"column":16},"end":{"line":69,"column":17}},"19":{"start":{"line":70,"column":19},"end":{"line":70,"column":32}},"20":{"start":{"line":71,"column":4},"end":{"line":75,"column":5}},"21":{"start":{"line":72,"column":6},"end":{"line":72,"column":21}},"22":{"start":{"line":73,"column":6},"end":{"line":73,"column":14}},"23":{"start":{"line":74,"column":6},"end":{"line":74,"column":57}},"24":{"start":{"line":76,"column":4},"end":{"line":76,"column":17}},"25":{"start":{"line":79,"column":16},"end":{"line":96,"column":3}},"26":{"start":{"line":80,"column":4},"end":{"line":95,"column":7}},"27":{"start":{"line":81,"column":20},"end":{"line":81,"column":36}},"28":{"start
[...]
d":{"line":66,"column":3}},"29":{"start":{"line":65,"column":4},"end":{"line":65,"column":88}},"30":{"start":{"line":68,"column":2},"end":{"line":70,"column":3}},"31":{"start":{"line":69,"column":4},"end":{"line":69,"column":85}},"32":{"start":{"line":73,"column":20},"end":{"line":73,"column":37}},"33":{"start":{"line":74,"column":2},"end":{"line":76,"column":3}},"34":{"start":{"line":75,"column":4},"end":{"line":75,"column":112}},"35":{"start":{"line":78,"column":2},"end":{"line":78,"column":27}},"36":{"start":{"line":59,"column":13},"end":{"line":59,"column":28}},"37":{"start":{"line":82,"column":33},"end":{"line":102,"column":1}},"38":{"start":{"line":89,"column":2},"end":{"line":91,"column":3}},"39":{"start":{"line":90,"column":4},"end":{"line":90,"column":69}},"40":{"start":{"line":93,"column":2},"end":{"line":95,"column":3}},"41":{"start":{"line":94,"column":4},"end":{"line":94,"column":99}},"42":{"start":{"line":97,"column":2},"end":{"line":99,"column":3}},"43":{"start":{"line":98,"column":4},"end":{"line":98,"column":95}},"44":{"start":{"line":101,"column":2},"end":{"line":101,"column":27}},"45":{"start":{"line":82,"column":13},"end":{"line":82,"column":33}},"46":{"start":{"line":105,"column":29},"end":{"line":113,"column":1}},"47":{"start":{"line":106,"column":2},"end":{"line":106,"column":24}},"48":{"start":{"line":106,"column":14},"end":{"line":106,"column":24}},"49":{"start":{"line":108,"column":2},"end":{"line":112,"column":12}},"50":{"start":{"line":105,"column":13},"end":{"line":105,"column":29}},"51":{"start":{"line":116,"column":34},"end":{"line":132,"column":1}},"52":{"start":{"line":117,"column":2},"end":{"line":119,"column":3}},"53":{"start":{"line":118,"column":4},"end":{"line":118,"column":69}},"54":{"start":{"line":122,"column":22},"end":{"line":122,"column":39}},"55":{"start":{"line":123,"column":2},"end":{"line":125,"column":3}},"56":{"start":{"line":124,"column":4},"end":{"line":124,"column":84}},"57":{"start":{"line":127,"column":2},"end":{"line":129,"column":3}},"58":{"start":{"line":128,"column":4},"end":{"line":128,"column":87}},"59":{"start":{"line":131,"column":2},"end":{"line":131,"column":27}},"60":{"start":{"line":116,"column":13},"end":{"line":116,"column":34}},"61":{"start":{"line":135,"column":35},"end":{"line":150,"column":1}},"62":{"start":{"line":136,"column":2},"end":{"line":138,"column":3}},"63":{"start":{"line":137,"column":4},"end":{"line":137,"column":69}},"64":{"start":{"line":141,"column":21},"end":{"line":141,"column":53}},"65":{"start":{"line":144,"column":21},"end":{"line":144,"column":38}},"66":{"start":{"line":145,"column":2},"end":{"line":147,"column":3}},"67":{"start":{"line":146,"column":4},"end":{"line":146,"column":97}},"68":{"start":{"line":149,"column":2},"end":{"line":149,"column":27}},"69":{"start":{"line":135,"column":13},"end":{"line":135,"column":35}},"70":{"start":{"line":153,"column":31},"end":{"line":179,"column":1}},"71":{"start":{"line":154,"column":2},"end":{"line":156,"column":3}},"72":{"start":{"line":155,"column":4},"end":{"line":155,"column":66}},"73":{"start":{"line":158,"column":2},"end":{"line":160,"column":3}},"74":{"start":{"line":159,"column":4},"end":{"line":159,"column":87}},"75":{"start":{"line":162,"column":2},"end":{"line":164,"column":3}},"76":{"start":{"line":163,"column":4},"end":{"line":163,"column":80}},"77":{"start":{"line":166,"column":2},"end":{"line":168,"column":3}},"78":{"start":{"line":167,"column":4},"end":{"line":167,"column":66}},"79":{"start":{"line":170,"column":2},"end":{"line":172,"column":3}},"80":{"start":{"line":171,"column":4},"end":{"line":171,"column":79}},"81":{"start":{"line":174,"column":2},"end":{"line":176,"column":3}},"82":{"start":{"line":175,"column":4},"end":{"line":175,"column":65}},"83":{"start":{"line":178,"column":2},"end":{"line":178,"column":27}},"84":{"start":{"line":153,"column":13},"end":{"line":153,"column":31}},"85":{"start":{"line":182,"column":38},"end":{"line":206,"column":1}},"86":{"start":{"line":183,"column":28},"end":{"line":194,"column":4}},"87":{"start":{"line":196,"column":2},"end":{"line":203,"column":3}},"88":{"start":{"line":197,"column":4},"end":{"line":202,"column":5}},"89":{"start":{"line":198,"column":6},"end":{"line":201,"column":8}},"90":{"start":{"line":205,"column":2},"end":{"line":205,"column":27}},"91":{"start":{"line":182,"column":13},"end":{"line":182,"column":38}},"92":{"start":{"line":209,"column":33},"end":{"line":253,"column":1}},"93":{"start":{"line":223,"column":25},"end":{"line":223,"column":54}},"94":{"start":{"line":224,"column":2},"end":{"line":226,"column":3}},"95":{"start":{"line":225,"column":4},"end":{"line":225,"column":26}},"96":{"start":{"line":229,"column":2},"end":{"line":231,"column":3}},"97":{"start":{"line":230,"column":4},"end":{"line":230,"column":32}},"98":{"start":{"line":233,"column":2},"end":{"line":235,"column":3}},"99":{"start":{"line":234,"column":4},"end":{"line":234,"column":35}},"100":{"start":{"line":237,"column":2},"end":{"line":239,"column":3}},"101":{"start":{"line":238,"column":4},"end":{"line":238,"column":48}},"102":{"start":{"line":241,"column":2},"end":{"line":243,"column":3}},"103":{"start":{"line":242,"column":4},"end":{"line":242,"column":38}},"104":{"start":{"line":246,"column":2},"end":{"line":252,"column":4}},"105":{"start":{"line":209,"column":13},"end":{"line":209,"column":33}},"106":{"start":{"line":256,"column":27},"end":{"line":271,"column":1}},"107":{"start":{"line":257,"column":2},"end":{"line":259,"column":3}},"108":{"start":{"line":258,"column":4},"end":{"line":258,"column":60}},"109":{"start":{"line":261,"column":2},"end":{"line":270,"column":3}},"110":{"start":{"line":262,"column":19},"end":{"line":262,"column":31}},"111":{"start":{"line":264,"column":4},"end":{"line":266,"column":5}},"112":{"start":{"line":265,"column":6},"end":{"line":265,"column":79}},"113":{"start":{"line":267,"column":4},"end":{"line":267,"column":29}},"114":{"start":{"line":269,"column":4},"end":{"line":269,"column":59}},"115":{"start":{"line":256,"column":13},"end":{"line":256,"column":27}},"116":{"start":{"line":274,"column":30},"end":{"line":277,"column":1}},"117":{"start":{"line":275,"column":2},"end":{"line":275,"column":24}},"118":{"start":{"line":275,"column":14},"end":{"line":275,"column":24}},"119":{"start":{"line":276,"column":2},"end":{"line":276,"column":30}},"120":{"start":{"line":274,"column":13},"end":{"line":274,"column":30}}},"fnMap":{"0":{"name":"(anonymous_0)","decl":{"start":{"line":9,"column":29},"end":{"line":9,"column":30}},"loc":{"start":{"line":9,"column":65},"end":{"line":24,"column":1}}},"1":{"name":"(anonymous_1)","decl":{"start":{"line":27,"column":32},"end":{"line":27,"column":33}},"loc":{"start":{"line":27,"column":71},"end":{"line":56,"column":1}}},"2":{"name":"(anonymous_2)","decl":{"start":{"line":59,"column":28},"end":{"line":59,"column":29}},"loc":{"start":{"line":59,"column":91},"end":{"line":79,"column":1}}},"3":{"name":"(anonymous_3)","decl":{"start":{"line":82,"column":33},"end":{"line":82,"column":null}},"loc":{"start":{"line":88,"column":22},"end":{"line":102,"column":1}}},"4":{"name":"(anonymous_4)","decl":{"start":{"line":105,"column":29},"end":{"line":105,"column":30}},"loc":{"start":{"line":105,"column":55},"end":{"line":113,"column":1}}},"5":{"name":"(anonymous_5)","decl":{"start":{"line":116,"column":34},"end":{"line":116,"column":35}},"loc":{"start":{"line":116,"column":104},"end":{"line":132,"column":1}}},"6":{"name":"(anonymous_6)","decl":{"start":{"line":135,"column":35},"end":{"line":135,"column":36}},"loc":{"start":{"line":135,"column":71},"end":{"line":150,"column":1}}},"7":{"name":"(anonymous_7)","decl":{"start":{"line":153,"column":31},"end":{"line":153,"column":32}},"loc":{"start":{"line":153,"column":66},"end":{"line":179,"column":1}}},"8":{"name":"(anonymous_8)","decl":{"start":{"line":182,"column":38},"end":{"line":182,"column":39}},"loc":{"start":{"line":182,"column":74},"end":{"line":206,"column":1}}},"9":{"name":"(anonymous_9)","decl":{"start":{"line":209,"column":33},"end":{"line":209,"column":null}},"loc":{"start":{"line":221,"column":22},"end":{"line":253,"column":1}}},"10":{"name":"(anonymous_10)","decl":{"start":{"line":256,"column":27},"end":{"line":256,"column":28}},"loc":{"start":{"line":256,"column":61},"end":{"line":271,"column":1}}},"11":{"name":"(anonymous_11)","decl":{"start":{"line":274,"column":30},"end":{"line":274,"column":31}},"loc":{"start":{"line":274,"column":56},"end":{"line":277,"column":1}}}},"branchMap":{"0":{"loc":{"start":{"line":10,"column":2},"end":{"line":12,"column":3}},"type":"if","locations":[{"start":{"line":10,"column":2},"end":{"line":12,"column":3}}]},"1":{"loc":{"start":{"line":10,"column":6},"end":{"line":10,"column":41}},"type":"binary-expr","locations":[{"start":{"line":10,"column":6},"end":{"line":10,"column":12}},{"start":{"line":10,"column":16},"end":{"line":10,"column":41}}]},"2":{"loc":{"start":{"line":15,"column":2},"end":{"line":17,"column":3}},"type":"if","locations":[{"start":{"line":15,"column":2},"end":{"line":17,"column":3}}]},"3":{"loc":{"start":{"line":19,"column":2},"end":{"line":21,"column":3}},"type":"if","locations":[{"start":{"line":19,"column":2},"end":{"line":21,"column":3}}]},"4":{"loc":{"start":{"line":28,"column":2},"end":{"line":30,"column":3}},"type":"if","locations":[{"start":{"line":28,"column":2},"end":{"line":30,"column":3}}]},"5":{"loc":{"start":{"line":28,"column":6},"end":{"line":28,"column":40}},"type":"binary-expr","locations":[{"start":{"line":28,"column":6},"end":{"line":28,"column":15}},{"start":{"line":28,"column":19},"end":{"line":28,"column":40}}]},"6":{"loc":{"start":{"line":32,"column":2},"end":{"line":34,"column":3}},"type":"if","locations":[{"start":{"line":32,"column":2},"end":{"line":34,"column":3}}]},"7":{"loc":{"start":{"line":36,"column":2},"end":{"line":38,"column":3}},"type":"if","locations":[{"start":{"line":36,"column":2},"end":{"line":38,"column":3}}]},"8":{"loc":{"start":{"line":41,"column":2},"end":{"line":43,"column":3}},"type":"if","locations":[{"start":{"line":41,"column":2},"end":{"line":43,"column":3}}]},"9":{"loc":{"start":{"line":46,"column":2},"end":{"line":48,"column":3}},"type":"if","locations":[{"start":{"line":46,"column":2},"end":{"line":48,"column":3}}]},"10":{"loc":{"start":{"line":51,"column":2},"end":{"line":53,"column":3}},"type":"if","locations":[{"start":{"line":51,"column":2},"end":{"line":53,"column":3}}]},"11":{"loc":{"start":{"line":59,"column":43},"end":{"line":59,"column":69}},"type":"default-arg","locations":[{"start":{"line":59,"column":63},"end":{"line":59,"column":69}}]},"12":{"loc":{"start":{"line":60,"column":2},"end":{"line":62,"column":3}},"type":"if","locations":[{"start":{"line":60,"column":2},"end":{"line":62,"column":3}}]},"13":{"loc":{"start":{"line":60,"column":6},"end":{"line":60,"column":39}},"type":"binary-expr","locations":[{"start":{"line":60,"column":6},"end":{"line":60,"column":11}},{"start":{"line":60,"column":15},"end":{"line":60,"column":39}}]},"14":{"loc":{"start":{"line":64,"column":2},"end":{"line":66,"column":3}},"type":"if","locations":[{"start":{"line":64,"column":2},"end":{"line":66,"column":3}}]},"15":{"loc":{"start":{"line":68,"column":2},"end":{"line":70,"column":3}},"type":"if","locations":[{"start":{"line":68,"column":2},"end":{"line":70,"column":3}}]},"16":{"loc":{"start":{"line":74,"column":2},"end":{"line":76,"column":3}},"type":"if","locations":[{"start":{"line":74,"column":2},"end":{"line":76,"column":3}}]},"17":{"loc":{"start":{"line":84,"column":2},"end":{"line":84,"column":28}},"type":"default-arg","locations":[{"start":{"line":84,"column":22},"end":{"line":84,"column":28}}]},"18":{"loc":{"start":{"line":85,"column":2},"end":{"line":85,"column":23}},"type":"default-arg","locations":[{"start":{"line":85,"column":22},"end":{"line":85,"column":23}}]},"19":{"loc":{"start":{"line":86,"column":2},"end":{"line":86,"column":26}},"type":"default-arg","locations":[{"start":{"line":86,"column":22},"end":{"line":86,"column":26}}]},"20":{"loc":{"start":{"line":87,"column":2},"end":{"line":87,"column":29}},"type":"default-arg","locations":[{"start":{"line":87,"column":24},"end":{"line":87,"column":29}}]},"21":{"loc":{"start":{"line":89,"column":2},"end":{"line":91,"column":3}},"type":"if","locations":[{"start":{"line":89,"column":2},"end":{"line":91,"column":3}}]},"22":{"loc":{"start":{"line":89,"column":6},"end":{"line":89,"column":56}},"type":"binary-expr","locations":[{"start":{"line":89,"column":6},"end":{"line":89,"column":17}},{"start":{"line":89,"column":22},"end":{"line":89,"column":27}},{"start":{"line":89,"column":31},"end":{"line":89,"column":55}}]},"23":{"loc":{"start":{"line":93,"column":2},"end":{"line":95,"column":3}},"type":"if","locations":[{"start":{"line":93,"column":2},"end":{"line":95,"column":3}}]},"24":{"loc":{"start":{"line":97,"column":2},"end":{"line":99,"column":3}},"type":"if","locations":[{"start":{"line":97,"column":2},"end":{"line":99,"column":3}}]},"25":{"loc":{"start":{"line":106,"column":2},"end":{"line":106,"column":24}},"type":"if","locations":[{"start":{"line":106,"column":2},"end":{"line":106,"column":24}}]},"26":{"loc":{"start":{"line":116,"column":49},"end":{"line":116,"column":82}},"type":"default-arg","locations":[{"start":{"line":116,"column":69},"end":{"line":116,"column":82}}]},"27":{"loc":{"start":{"line":117,"column":2},"end":{"line":119,"column":3}},"type":"if","locations":[{"start":{"line":117,"column":2},"end":{"line":119,"column":3}}]},"28":{"loc":{"start":{"line":117,"column":6},"end":{"line":117,"column":39}},"type":"binary-expr","locations":[{"start":{"line":117,"column":6},"end":{"line":117,"column":11}},{"start":{"line":117,"column":15},"end":{"line":117,"column":39}}]},"29":{"loc":{"start":{"line":123,"column":2},"end":{"line":125,"column":3}},"type":"if","locations":[{"start":{"line":123,"column":2},"end":{"line":125,"column":3}}]},"30":{"loc":{"start":{"line":127,"column":2},"end":{"line":129,"column":3}},"type":"if","locations":[{"start":{"line":127,"column":2},"end":{"line":129,"column":3}}]},"31":{"loc":{"start":{"line":136,"column":2},"end":{"line":138,"column":3}},"type":"if","locations":[{"start":{"line":136,"column":2},"end":{"line":138,"column":3}}]},"32":{"loc":{"start":{"line":136,"column":6},"end":{"line":136,"column":41}},"type":"binary-expr","locations":[{"start":{"line":136,"column":6},"end":{"line":136,"column":12}},{"start":{"line":136,"column":16},"end":{"line":136,"column":41}}]},"33":{"loc":{"start":{"line":145,"column":2},"end":{"line":147,"column":3}},"type":"if","locations":[{"start":{"line":145,"column":2},"end":{"line":147,"column":3}}]},"34":{"loc":{"start":{"line":154,"column":2},"end":{"line":156,"column":3}},"type":"if","locations":[{"start":{"line":154,"column":2},"end":{"line":156,"column":3}}]},"35":{"loc":{"start":{"line":154,"column":6},"end":{"line":154,"column":57}},"type":"binary-expr","locations":[{"start":{"line":154,"column":6},"end":{"line":154,"column":20}},{"start":{"line":154,"column":24},"end":{"line":154,"column":57}}]},"36":{"loc":{"start":{"line":158,"column":2},"end":{"line":160,"column":3}},"type":"if","locations":[{"start":{"line":158,"column":2},"end":{"line":160,"column":3}}]},"37":{"loc":{"start":{"line":162,"column":2},"end":{"line":164,"column":3}},"type":"if","locations":[{"start":{"line":162,"column":2},"end":{"line":164,"column":3}}]},"38":{"loc":{"start":{"line":162,"column":6},"end":{"line":162,"column":41}},"type":"binary-expr","locations":[{"start":{"line":162,"column":6},"end":{"line":162,"column":20}},{"start":{"line":162,"column":24},"end":{"line":162,"column":41}}]},"39":{"loc":{"start":{"line":166,"column":2},"end":{"line":168,"column":3}},"type":"if","locations":[{"start":{"line":166,"column":2},"end":{"line":168,"column":3}}]},"40":{"loc":{"start":{"line":170,"column":2},"end":{"line":172,"column":3}},"type":"if","locations":[{"start":{"line":170,"column":2},"end":{"line":172,"column":3}}]},"41":{"loc":{"start":{"line":170,"column":6},"end":{"line":170,"column":98}},"type":"binary-expr","locations":[{"start":{"line":170,"column":6},"end":{"line":170,"column":23}},{"start":{"line":170,"column":27},"end":{"line":170,"column":98}}]},"42":{"loc":{"start":{"line":174,"column":2},"end":{"line":176,"column":3}},"type":"if","locations":[{"start":{"line":174,"column":2},"end":{"line":176,"column":3}}]},"43":{"loc":{"start":{"line":197,"column":4},"end":{"line":202,"column":5}},"type":"if","locations":[{"start":{"line":197,"column":4},"end":{"line":202,"column":5}}]},"44":{"loc":{"start":{"line":211,"column":2},"end":{"line":211,"column":29}},"type":"default-arg","locations":[{"start":{"line":211,"column":22},"end":{"line":211,"column":29}}]},"45":{"loc":{"start":{"line":212,"column":2},"end":{"line":220,"column":8}},"type":"default-arg","locations":[{"start":{"line":220,"column":6},"end":{"line":220,"column":8}}]},"46":{"loc":{"start":{"line":224,"column":2},"end":{"line":226,"column":3}},"type":"if","locations":[{"start":{"line":224,"column":2},"end":{"line":226,"column":3}}]},"47":{"loc":{"start":{"line":229,"column":2},"end":{"line":231,"column":3}},"type":"if","locations":[{"start":{"line":229,"column":2},"end":{"line":231,"column":3}}]},"48":{"loc":{"start":{"line":233,"column":2},"end":{"line":235,"column":3}},"type":"if","locations":[{"start":{"line":233,"column":2},"end":{"line":235,"column":3}}]},"49":{"loc":{"start":{"line":237,"column":2},"end":{"line":239,"column":3}},"type":"if","locations":[{"start":{"line":237,"column":2},"end":{"line":239,"column":3}}]},"50":{"loc":{"start":{"line":241,"column":2},"end":{"line":243,"column":3}},"type":"if","locations":[{"start":{"line":241,"column":2},"end":{"line":243,"column":3}}]},"51":{"loc":{"start":{"line":257,"column":2},"end":{"line":259,"column":3}},"type":"if","locations":[{"start":{"line":257,"column":2},"end":{"line":259,"column":3}}]},"52":{"loc":{"start":{"line":257,"column":6},"end":{"line":257,"column":37}},"type":"binary-expr","locations":[{"start":{"line":257,"column":6},"end":{"line":257,"column":10}},{"start":{"line":257,"column":14},"end":{"line":257,"column":37}}]},"53":{"loc":{"start":{"line":264,"column":4},"end":{"line":266,"column":5}},"type":"if","locations":[{"start":{"line":264,"column":4},"end":{"line":266,"column":5}}]},"54":{"loc":{"start":{"line":275,"column":2},"end":{"line":275,"column":24}},"type":"if","locations":[{"start":{"line":275,"column":2},"end":{"line":275,"column":24}}]}},"s":{"0":0,"1":0,"2":0,"3":0,"4":0,"5":0,"6":0,"7":0,"8":0,"9":0,"10":0,"11":0,"12":0,"13":0,"14":0,"15":0,"16":0,"17":0,"18":0,"19":0,"20":0,"21":0,"22":0,"23":0,"24":0,"25":0,"26":0,"27":0,"28":0,"29":0,"30":0,"31":0,"32":0,"33":0,"34":0,"35":0,"36":0,"37":0,"38":0,"39":0,"40":0,"41":0,"42":0,"43":0,"44":0,"45":0,"46":0,"47":0,"48":0,"49":0,"50":0,"51":0,"52":0,"53":0,"54":0,"55":0,"56":0,"57":0,"58":0,"59":0,"60":0,"61":0,"62":0,"63":0,"64":0,"65":0,"66":0,"67":0,"68":0,"69":0,"70":0,"71":0,"72":0,"73":0,"74":0,"75":0,"76":0,"77":0,"78":0,"79":0,"80":0,"81":0,"82":0,"83":0,"84":0,"85":0,"86":0,"87":0,"88":0,"89":0,"90":0,"91":0,"92":0,"93":0,"94":0,"95":0,"96":0,"97":0,"98":0,"99":0,"100":0,"101":0,"102":0,"103":0,"104":0,"105":0,"106":0,"107":0,"108":0,"109":0,"110":0,"111":0,"112":0,"113":0,"114":0,"115":0,"116":0,"117":0,"118":0,"119":0,"120":0},"f":{"0":0,"1":0,"2":0,"3":0,"4":0,"5":0,"6":0,"7":0,"8":0,"9":0,"10":0,"11":0},"b":{"0":[0],"1":[0,0],"2":[0],"3":[0],"4":[0],"5":[0,0],"6":[0],"7":[0],"8":[0],"9":[0],"10":[0],"11":[0],"12":[0],"13":[0,0],"14":[0],"15":[0],"16":[0],"17":[0],"18":[0],"19":[0],"20":[0],"21":[0],"22":[0,0,0],"23":[0],"24":[0],"25":[0],"26":[0],"27":[0],"28":[0,0],"29":[0],"30":[0],"31":[0],"32":[0,0],"33":[0],"34":[0],"35":[0,0],"36":[0],"37":[0],"38":[0,0],"39":[0],"40":[0],"41":[0,0],"42":[0],"43":[0],"44":[0],"45":[0],"46":[0],"47":[0],"48":[0],"49":[0],"50":[0],"51":[0],"52":[0,0],"53":[0],"54":[0]}}
}
