TN:
SF:src/App.tsx
FN:15,(anonymous_10)
FN:15,(anonymous_11)
FN:16,(anonymous_12)
FN:16,(anonymous_13)
FN:17,(anonymous_14)
FN:17,(anonymous_15)
FN:18,(anonymous_16)
FN:18,(anonymous_17)
FN:19,(anonymous_18)
FN:19,(anonymous_19)
FN:20,(anonymous_20)
FN:20,(anonymous_21)
FN:21,(anonymous_22)
FN:21,(anonymous_23)
FN:22,(anonymous_24)
FN:22,(anonymous_25)
FN:24,(anonymous_26)
FN:24,(anonymous_27)
FN:25,(anonymous_28)
FN:25,(anonymous_29)
FN:26,(anonymous_30)
FN:26,(anonymous_31)
FN:29,(anonymous_32)
FN:72,(anonymous_33)
FN:79,(anonymous_34)
FN:80,(anonymous_35)
FN:83,(anonymous_36)
FN:99,(anonymous_37)
FN:104,(anonymous_38)
FN:108,(anonymous_39)
FN:115,(anonymous_40)
FN:135,(anonymous_41)
FN:199,(anonymous_42)
FNF:33
FNH:0
FNDA:0,(anonymous_10)
FNDA:0,(anonymous_11)
FNDA:0,(anonymous_12)
FNDA:0,(anonymous_13)
FNDA:0,(anonymous_14)
FNDA:0,(anonymous_15)
FNDA:0,(anonymous_16)
FNDA:0,(anonymous_17)
FNDA:0,(anonymous_18)
FNDA:0,(anonymous_19)
FNDA:0,(anonymous_20)
FNDA:0,(anonymous_21)
FNDA:0,(anonymous_22)
FNDA:0,(anonymous_23)
FNDA:0,(anonymous_24)
FNDA:0,(anonymous_25)
FNDA:0,(anonymous_26)
FNDA:0,(anonymous_27)
FNDA:0,(anonymous_28)
FNDA:0,(anonymous_29)
FNDA:0,(anonymous_30)
FNDA:0,(anonymous_31)
FNDA:0,(anonymous_32)
FNDA:0,(anonymous_33)
FNDA:0,(anonymous_34)
FNDA:0,(anonymous_35)
FNDA:0,(anonymous_36)
FNDA:0,(anonymous_37)
FNDA:0,(anonymous_38)
FNDA:0,(anonymous_39)
FNDA:0,(anonymous_40)
FNDA:0,(anonymous_41)
FNDA:0,(anonymous_42)
DA:1,0
DA:2,0
DA:3,0
DA:4,0
DA:5,0
DA:6,0
DA:7,0
DA:8,0
DA:10,0
DA:11,0
DA:15,0
DA:16,0
DA:17,0
DA:18,0
DA:19,0
DA:20,0
DA:21,0
DA:22,0
DA:24,0
DA:25,0
DA:26,0
DA:29,0
DA:30,0
DA:72,0
DA:73,0
DA:74,0
DA:75,0
DA:76,0
DA:79,0
DA:80,0
DA:81,0
DA:83,0
DA:87,0
DA:99,0
DA:100,0
DA:101,0
DA:104,0
DA:105,0
DA:108,0
DA:109,0
DA:110,0
DA:111,0
DA:115,0
DA:116,0
DA:117,0
DA:118,0
DA:119,0
DA:120,0
DA:121,0
DA:122,0
DA:123,0
DA:124,0
DA:125,0
DA:126,0
DA:130,0
DA:131,0
DA:134,0
DA:135,0
DA:138,0
DA:139,0
DA:142,0
DA:199,0
DA:200,0
DA:224,0
LF:64
LH:0
BRDA:101,0,0,0
BRDA:101,0,1,0
BRDA:101,1,0,0
BRDA:101,1,1,0
BRDA:116,2,0,0
BRDA:116,2,1,0
BRDA:116,2,2,0
BRDA:116,2,3,0
BRDA:116,2,4,0
BRDA:116,2,5,0
BRDA:116,2,6,0
BRDA:116,2,7,0
BRDA:116,2,8,0
BRDA:116,2,9,0
BRDA:130,3,0,0
BRDA:134,4,0,0
BRDA:138,5,0,0
BRF:17
BRH:0
end_of_record
TN:
SF:src/constants.ts
FNF:0
FNH:0
DA:4,0
DA:5,0
DA:7,0
DA:54,0
DA:57,0
DA:69,0
LF:6
LH:0
BRF:0
BRH:0
end_of_record
TN:
SF:src/types.ts
FN:2,(anonymous_0)
FNF:1
FNH:0
FNDA:0,(anonymous_0)
DA:2,0
DA:3,0
DA:4,0
DA:5,0
DA:6,0
DA:7,0
DA:8,0
DA:9,0
DA:10,0
DA:11,0
LF:10
LH:0
BRDA:2,0,0,0
BRDA:2,0,1,0
BRF:2
BRH:0
end_of_record
TN:
SF:src/components/AnimatedLogo.tsx
FN:9,(anonymous_1)
FN:26,(anonymous_2)
FNF:2
FNH:0
FNDA:0,(anonymous_1)
FNDA:0,(anonymous_2)
DA:1,0
DA:2,0
DA:9,0
DA:11,0
DA:18,0
DA:27,0
DA:56,0
LF:7
LH:0
BRDA:9,0,0,0
BRDA:9,1,0,0
BRF:2
BRH:0
end_of_record
TN:
SF:src/components/ErrorBoundary.tsx
FN:17,(anonymous_9)
FN:26,(anonymous_10)
FN:34,(anonymous_11)
FN:54,(anonymous_12)
FN:62,(anonymous_13)
FN:110,(anonymous_14)
FNF:6
FNH:0
FNDA:0,(anonymous_9)
FNDA:0,(anonymous_10)
FNDA:0,(anonymous_11)
FNDA:0,(anonymous_12)
FNDA:0,(anonymous_13)
FNDA:0,(anonymous_14)
DA:1,0
DA:2,0
DA:18,0
DA:19,0
DA:27,0
DA:35,0
DA:38,0
DA:45,0
DA:47,0
DA:54,0
DA:55,0
DA:63,0
DA:64,0
DA:65,0
DA:68,0
DA:110,0
DA:121,0
DA:125,0
LF:18
LH:0
BRDA:63,0,0,0
BRDA:64,1,0,0
BRDA:83,2,0,0
BRDA:83,2,1,0
BRDA:83,2,2,0
BRDA:92,3,0,0
BRDA:92,3,1,0
BRF:7
BRH:0
end_of_record
TN:
SF:src/components/Icons.tsx
FN:5,(anonymous_1)
FN:11,(anonymous_2)
FN:18,(anonymous_3)
FN:26,(anonymous_4)
FN:32,(anonymous_5)
FN:39,(anonymous_6)
FN:45,(anonymous_7)
FN:52,(anonymous_8)
FN:59,(anonymous_9)
FN:67,(anonymous_10)
FN:74,(anonymous_11)
FN:81,(anonymous_12)
FN:89,(anonymous_13)
FN:96,(anonymous_14)
FN:102,(anonymous_15)
FN:109,(anonymous_16)
FN:116,(anonymous_17)
FN:126,(anonymous_18)
FN:136,(anonymous_19)
FN:143,(anonymous_20)
FNF:20
FNH:0
FNDA:0,(anonymous_1)
FNDA:0,(anonymous_2)
FNDA:0,(anonymous_3)
FNDA:0,(anonymous_4)
FNDA:0,(anonymous_5)
FNDA:0,(anonymous_6)
FNDA:0,(anonymous_7)
FNDA:0,(anonymous_8)
FNDA:0,(anonymous_9)
FNDA:0,(anonymous_10)
FNDA:0,(anonymous_11)
FNDA:0,(anonymous_12)
FNDA:0,(anonymous_13)
FNDA:0,(anonymous_14)
FNDA:0,(anonymous_15)
FNDA:0,(anonymous_16)
FNDA:0,(anonymous_17)
FNDA:0,(anonymous_18)
FNDA:0,(anonymous_19)
FNDA:0,(anonymous_20)
DA:1,0
DA:5,0
DA:6,0
DA:11,0
DA:12,0
DA:18,0
DA:19,0
DA:26,0
DA:27,0
DA:32,0
DA:33,0
DA:39,0
DA:40,0
DA:45,0
DA:46,0
DA:52,0
DA:53,0
DA:59,0
DA:60,0
DA:67,0
DA:68,0
DA:74,0
DA:75,0
DA:81,0
DA:82,0
DA:89,0
DA:90,0
DA:96,0
DA:97,0
DA:102,0
DA:103,0
DA:109,0
DA:110,0
DA:116,0
DA:117,0
DA:126,0
DA:127,0
DA:136,0
DA:137,0
DA:143,0
DA:144,0
DA:149,0
LF:42
LH:0
BRDA:5,0,0,0
BRDA:11,1,0,0
BRDA:18,2,0,0
BRDA:26,3,0,0
BRDA:32,4,0,0
BRDA:39,5,0,0
BRDA:45,6,0,0
BRDA:52,7,0,0
BRDA:59,8,0,0
BRDA:67,9,0,0
BRDA:74,10,0,0
BRDA:81,11,0,0
BRDA:89,12,0,0
BRDA:96,13,0,0
BRDA:102,14,0,0
BRDA:109,15,0,0
BRDA:116,16,0,0
BRDA:126,17,0,0
BRDA:136,18,0,0
BRDA:143,19,0,0
BRF:20
BRH:0
end_of_record
TN:
SF:src/components/Layout.tsx
FN:13,(anonymous_1)
FN:18,(anonymous_2)
FN:120,(anonymous_3)
FN:156,(anonymous_4)
FNF:4
FNH:0
FNDA:0,(anonymous_1)
FNDA:0,(anonymous_2)
FNDA:0,(anonymous_3)
FNDA:0,(anonymous_4)
DA:1,0
DA:2,0
DA:3,0
DA:4,0
DA:5,0
DA:6,0
DA:7,0
DA:8,0
DA:9,0
DA:10,0
DA:11,0
DA:13,0
DA:14,0
DA:15,0
DA:18,0
DA:19,0
DA:20,0
DA:21,0
DA:22,0
DA:23,0
DA:24,0
DA:25,0
DA:26,0
DA:27,0
DA:28,0
DA:31,0
DA:34,0
DA:74,0
DA:120,0
DA:157,0
DA:158,0
DA:160,0
DA:258,0
LF:33
LH:0
BRDA:19,0,0,0
BRDA:20,1,0,0
BRDA:21,2,0,0
BRDA:22,3,0,0
BRDA:23,4,0,0
BRDA:24,5,0,0
BRDA:25,6,0,0
BRDA:26,7,0,0
BRDA:27,8,0,0
BRDA:115,9,0,0
BRDA:115,9,1,0
BRDA:169,10,0,0
BRDA:169,10,1,0
BRDA:171,11,0,0
BRDA:171,11,1,0
BRDA:171,12,0,0
BRDA:171,12,1,0
BRDA:173,13,0,0
BRDA:173,13,1,0
BRDA:173,14,0,0
BRDA:173,14,1,0
BRDA:180,15,0,0
BRDA:180,15,1,0
BRDA:180,15,2,0
BRDA:185,16,0,0
BRDA:185,16,1,0
BRDA:190,17,0,0
BRDA:190,17,1,0
BRDA:196,18,0,0
BRDA:196,18,1,0
BRDA:201,19,0,0
BRDA:201,19,1,0
BRDA:207,20,0,0
BRDA:207,20,1,0
BRDA:220,21,0,0
BRDA:220,21,1,0
BRDA:225,22,0,0
BRDA:225,22,1,0
BRDA:231,23,0,0
BRDA:231,23,1,0
BRDA:236,24,0,0
BRDA:236,24,1,0
BRDA:243,25,0,0
BRDA:243,25,1,0
BRDA:244,26,0,0
BRDA:244,26,1,0
BRF:46
BRH:0
end_of_record
TN:
SF:src/components/MiniPlayer.tsx
FN:5,(anonymous_9)
FN:20,(anonymous_10)
FN:28,(anonymous_11)
FN:56,(anonymous_12)
FNF:4
FNH:0
FNDA:0,(anonymous_9)
FNDA:0,(anonymous_10)
FNDA:0,(anonymous_11)
FNDA:0,(anonymous_12)
DA:1,0
DA:2,0
DA:3,0
DA:5,0
DA:16,0
DA:18,0
DA:20,0
DA:21,0
DA:22,0
DA:26,0
DA:28,0
DA:29,0
DA:30,0
DA:31,0
DA:33,0
DA:37,0
DA:56,0
DA:91,0
LF:18
LH:0
BRDA:21,0,0,0
BRDA:26,1,0,0
BRDA:30,2,0,0
BRDA:30,2,1,0
BRDA:54,3,0,0
BRDA:54,3,1,0
BRDA:67,4,0,0
BRDA:67,4,1,0
BRDA:69,5,0,0
BRDA:69,5,1,0
BRDA:75,6,0,0
BRDA:75,6,1,0
BRDA:79,7,0,0
BRDA:79,7,1,0
BRF:14
BRH:0
end_of_record
TN:
SF:src/components/NavLottieIcon.tsx
FN:21,(anonymous_10)
FN:31,(anonymous_11)
FN:83,(anonymous_12)
FNF:3
FNH:0
FNDA:0,(anonymous_10)
FNDA:0,(anonymous_11)
FNDA:0,(anonymous_12)
DA:1,0
DA:2,0
DA:21,0
DA:28,0
DA:29,0
DA:31,0
DA:32,0
DA:33,0
DA:34,0
DA:36,0
DA:41,0
DA:42,0
DA:54,0
DA:83,0
DA:89,0
LF:15
LH:0
BRDA:24,0,0,0
BRDA:25,1,0,0
BRDA:26,2,0,0
BRDA:32,3,0,0
BRDA:33,4,0,0
BRDA:33,4,1,0
BRDA:41,5,0,0
BRDA:45,6,0,0
BRDA:45,6,1,0
BRDA:57,7,0,0
BRDA:57,7,1,0
BRDA:62,8,0,0
BRDA:62,8,1,0
BRDA:78,9,0,0
BRDA:78,9,1,0
BRF:15
BRH:0
end_of_record
TN:
SF:src/components/PulseLoader.tsx
FN:11,(anonymous_1)
FN:21,(anonymous_2)
FNF:2
FNH:0
FNDA:0,(anonymous_1)
FNDA:0,(anonymous_2)
DA:2,0
DA:3,0
DA:11,0
DA:12,0
DA:18,0
DA:22,0
LF:6
LH:0
BRDA:11,0,0,0
BRDA:11,1,0,0
BRDA:11,2,0,0
BRDA:21,3,0,0
BRDA:21,3,1,0
BRDA:42,4,0,0
BRDA:42,4,1,0
BRDA:55,5,0,0
BRDA:55,5,1,0
BRF:9
BRH:0
end_of_record
TN:
SF:src/contexts/AudioPlayerContext.tsx
FN:44,(anonymous_9)
FN:52,(anonymous_10)
FN:70,(anonymous_11)
FN:77,(anonymous_12)
FN:83,(anonymous_13)
FN:91,(anonymous_14)
FN:100,(anonymous_15)
FN:110,(anonymous_16)
FN:117,(anonymous_17)
FN:121,(anonymous_18)
FN:130,(anonymous_19)
FN:136,(anonymous_20)
FN:155,(anonymous_21)
FN:191,(anonymous_22)
FN:198,(anonymous_23)
FN:212,(anonymous_24)
FN:222,(anonymous_25)
FN:229,(anonymous_26)
FN:233,(anonymous_27)
FNF:19
FNH:0
FNDA:0,(anonymous_9)
FNDA:0,(anonymous_10)
FNDA:0,(anonymous_11)
FNDA:0,(anonymous_12)
FNDA:0,(anonymous_13)
FNDA:0,(anonymous_14)
FNDA:0,(anonymous_15)
FNDA:0,(anonymous_16)
FNDA:0,(anonymous_17)
FNDA:0,(anonymous_18)
FNDA:0,(anonymous_19)
FNDA:0,(anonymous_20)
FNDA:0,(anonymous_21)
FNDA:0,(anonymous_22)
FNDA:0,(anonymous_23)
FNDA:0,(anonymous_24)
FNDA:0,(anonymous_25)
FNDA:0,(anonymous_26)
FNDA:0,(anonymous_27)
DA:1,0
DA:42,0
DA:44,0
DA:45,0
DA:46,0
DA:47,0
DA:49,0
DA:52,0
DA:53,0
DA:54,0
DA:55,0
DA:56,0
DA:57,0
DA:58,0
DA:59,0
DA:61,0
DA:62,0
DA:64,0
DA:66,0
DA:67,0
DA:70,0
DA:71,0
DA:73,0
DA:75,0
DA:77,0
DA:78,0
DA:79,0
DA:80,0
DA:83,0
DA:84,0
DA:85,0
DA:86,0
DA:87,0
DA:91,0
DA:92,0
DA:93,0
DA:96,0
DA:97,0
DA:98,0
DA:100,0
DA:101,0
DA:102,0
DA:103,0
DA:104,0
DA:110,0
DA:111,0
DA:112,0
DA:117,0
DA:118,0
DA:119,0
DA:121,0
DA:122,0
DA:123,0
DA:125,0
DA:128,0
DA:130,0
DA:131,0
DA:136,0
DA:137,0
DA:138,0
DA:139,0
DA:142,0
DA:143,0
DA:145,0
DA:146,0
DA:147,0
DA:148,0
DA:152,0
DA:155,0
DA:156,0
DA:159,0
DA:160,0
DA:161,0
DA:164,0
DA:167,0
DA:169,0
DA:170,0
DA:171,0
DA:173,0
DA:174,0
DA:175,0
DA:176,0
DA:177,0
DA:178,0
DA:182,0
DA:183,0
DA:185,0
DA:187,0
DA:191,0
DA:192,0
DA:193,0
DA:194,0
DA:198,0
DA:199,0
DA:200,0
DA:201,0
DA:202,0
DA:205,0
DA:206,0
DA:212,0
DA:213,0
DA:214,0
DA:215,0
DA:216,0
DA:217,0
DA:218,0
DA:222,0
DA:223,0
DA:224,0
DA:225,0
DA:229,0
DA:230,0
DA:233,0
DA:266,0
LF:114
LH:0
BRDA:46,0,0,0
BRDA:79,1,0,0
BRDA:79,1,1,0
BRDA:80,2,0,0
BRDA:80,2,1,0
BRDA:86,3,0,0
BRDA:111,4,0,0
BRDA:118,5,0,0
BRDA:118,5,1,0
BRDA:118,6,0,0
BRDA:118,6,1,0
BRDA:119,7,0,0
BRDA:128,8,0,0
BRDA:131,9,0,0
BRDA:137,10,0,0
BRDA:137,11,0,0
BRDA:137,11,1,0
BRDA:146,12,0,0
BRDA:146,13,0,0
BRDA:146,13,1,0
BRDA:156,14,0,0
BRDA:159,15,0,0
BRDA:175,16,0,0
BRDA:182,17,0,0
BRDA:182,17,1,0
BRDA:192,18,0,0
BRDA:199,19,0,0
BRDA:199,20,0,0
BRDA:199,20,1,0
BRDA:205,21,0,0
BRDA:213,22,0,0
BRDA:223,23,0,0
BRF:32
BRH:0
end_of_record
TN:
SF:src/contexts/AuthContext.tsx
FN:20,(anonymous_9)
FN:26,(anonymous_10)
FN:36,(anonymous_11)
FN:63,(anonymous_12)
FN:90,(anonymous_13)
FN:104,(anonymous_14)
FNF:6
FNH:0
FNDA:0,(anonymous_9)
FNDA:0,(anonymous_10)
FNDA:0,(anonymous_11)
FNDA:0,(anonymous_12)
FNDA:0,(anonymous_13)
FNDA:0,(anonymous_14)
DA:1,0
DA:18,0
DA:20,0
DA:21,0
DA:22,0
DA:23,0
DA:26,0
DA:27,0
DA:28,0
DA:30,0
DA:31,0
DA:32,0
DA:36,0
DA:37,0
DA:38,0
DA:39,0
DA:45,0
DA:46,0
DA:49,0
DA:51,0
DA:52,0
DA:53,0
DA:54,0
DA:56,0
DA:57,0
DA:59,0
DA:63,0
DA:64,0
DA:65,0
DA:66,0
DA:72,0
DA:73,0
DA:76,0
DA:78,0
DA:79,0
DA:80,0
DA:81,0
DA:83,0
DA:84,0
DA:86,0
DA:90,0
DA:91,0
DA:92,0
DA:93,0
DA:94,0
DA:97,0
DA:104,0
DA:105,0
DA:106,0
DA:107,0
DA:109,0
LF:51
LH:0
BRDA:30,0,0,0
BRDA:30,1,0,0
BRDA:30,1,1,0
BRDA:45,2,0,0
BRDA:72,3,0,0
BRDA:106,4,0,0
BRF:6
BRH:0
end_of_record
TN:
SF:src/contexts/GamificationContext.tsx
FN:44,(anonymous_9)
FN:53,(anonymous_10)
FN:55,(anonymous_11)
FN:61,(anonymous_12)
FN:66,(anonymous_13)
FN:79,(anonymous_14)
FN:80,(anonymous_15)
FN:98,(anonymous_16)
FN:99,(anonymous_17)
FN:100,(anonymous_18)
FN:120,(anonymous_19)
FN:123,(anonymous_20)
FN:145,(anonymous_21)
FNF:13
FNH:0
FNDA:0,(anonymous_9)
FNDA:0,(anonymous_10)
FNDA:0,(anonymous_11)
FNDA:0,(anonymous_12)
FNDA:0,(anonymous_13)
FNDA:0,(anonymous_14)
FNDA:0,(anonymous_15)
FNDA:0,(anonymous_16)
FNDA:0,(anonymous_17)
FNDA:0,(anonymous_18)
FNDA:0,(anonymous_19)
FNDA:0,(anonymous_20)
FNDA:0,(anonymous_21)
DA:1,0
DA:30,0
DA:31,0
DA:33,0
DA:42,0
DA:44,0
DA:45,0
DA:46,0
DA:47,0
DA:49,0
DA:53,0
DA:55,0
DA:56,0
DA:57,0
DA:61,0
DA:62,0
DA:66,0
DA:69,0
DA:70,0
DA:71,0
DA:72,0
DA:73,0
DA:74,0
DA:76,0
DA:79,0
DA:80,0
DA:81,0
DA:82,0
DA:84,0
DA:86,0
DA:90,0
DA:98,0
DA:99,0
DA:100,0
DA:103,0
DA:109,0
DA:110,0
DA:112,0
DA:120,0
DA:121,0
DA:123,0
DA:124,0
DA:126,0
DA:127,0
DA:128,0
DA:130,0
DA:131,0
DA:132,0
DA:134,0
DA:137,0
DA:145,0
DA:147,0
DA:148,0
DA:149,0
DA:152,0
DA:153,0
DA:154,0
DA:155,0
DA:160,0
DA:163,0
LF:60
LH:0
BRDA:46,0,0,0
BRDA:57,1,0,0
BRDA:57,1,1,0
BRDA:84,2,0,0
BRDA:100,3,0,0
BRDA:110,4,0,0
BRDA:124,5,0,0
BRDA:131,6,0,0
BRDA:131,6,1,0
BRF:9
BRH:0
end_of_record
TN:
SF:src/data/knowledgeBase.ts
FN:235,(anonymous_0)
FN:236,(anonymous_1)
FN:240,(anonymous_2)
FN:241,(anonymous_3)
FNF:4
FNH:0
FNDA:0,(anonymous_0)
FNDA:0,(anonymous_1)
FNDA:0,(anonymous_2)
FNDA:0,(anonymous_3)
DA:8,0
DA:235,0
DA:236,0
DA:237,0
DA:240,0
DA:241,0
DA:246,0
LF:7
LH:0
BRDA:246,0,0,0
BRDA:246,0,1,0
BRF:2
BRH:0
end_of_record
TN:
SF:src/hooks/useApiWithRetry.ts
FN:11,(anonymous_0)
FN:20,(anonymous_1)
FN:38,(anonymous_2)
FN:49,(anonymous_3)
FN:59,(anonymous_4)
FN:70,(anonymous_5)
FN:104,(anonymous_6)
FN:114,(anonymous_7)
FNF:8
FNH:0
FNDA:0,(anonymous_0)
FNDA:0,(anonymous_1)
FNDA:0,(anonymous_2)
FNDA:0,(anonymous_3)
FNDA:0,(anonymous_4)
FNDA:0,(anonymous_5)
FNDA:0,(anonymous_6)
FNDA:0,(anonymous_7)
DA:1,0
DA:11,0
DA:16,0
DA:17,0
DA:18,0
DA:20,0
DA:21,0
DA:22,0
DA:24,0
DA:26,0
DA:27,0
DA:28,0
DA:29,0
DA:30,0
DA:32,0
DA:33,0
DA:35,0
DA:37,0
DA:38,0
DA:44,0
DA:45,0
DA:46,0
DA:49,0
DA:50,0
DA:51,0
DA:52,0
DA:55,0
DA:59,0
DA:66,0
DA:67,0
DA:68,0
DA:70,0
DA:72,0
DA:73,0
DA:75,0
DA:76,0
DA:77,0
DA:78,0
DA:79,0
DA:83,0
DA:84,0
DA:86,0
DA:88,0
DA:89,0
DA:90,0
DA:91,0
DA:94,0
DA:95,0
DA:97,0
DA:99,0
DA:100,0
DA:102,0
DA:103,0
DA:104,0
DA:109,0
DA:110,0
DA:111,0
DA:114,0
DA:115,0
DA:116,0
DA:117,0
DA:118,0
DA:119,0
DA:122,0
LF:64
LH:0
BRDA:13,0,0,0
BRDA:14,1,0,0
BRDA:35,2,0,0
BRDA:44,3,0,0
BRDA:44,3,1,0
BRDA:62,4,0,0
BRDA:63,5,0,0
BRDA:64,6,0,0
BRDA:75,7,0,0
BRDA:75,8,0,0
BRDA:75,8,1,0
BRDA:77,9,0,0
BRDA:102,10,0,0
BRDA:109,11,0,0
BRDA:109,11,1,0
BRF:15
BRH:0
end_of_record
TN:
SF:src/hooks/useGreeting.ts
FN:10,(anonymous_0)
FN:16,(anonymous_1)
FN:37,(anonymous_2)
FNF:3
FNH:0
FNDA:0,(anonymous_0)
FNDA:0,(anonymous_1)
FNDA:0,(anonymous_2)
DA:1,0
DA:10,0
DA:11,0
DA:16,0
DA:17,0
DA:21,0
DA:22,0
DA:23,0
DA:24,0
DA:25,0
DA:26,0
DA:27,0
DA:28,0
DA:29,0
DA:31,0
DA:32,0
DA:34,0
DA:37,0
DA:38,0
DA:39,0
DA:40,0
DA:41,0
DA:45,0
DA:47,0
LF:24
LH:0
BRDA:21,0,0,0
BRDA:21,0,1,0
BRDA:21,1,0,0
BRDA:21,1,1,0
BRDA:24,2,0,0
BRDA:24,2,1,0
BRDA:24,3,0,0
BRDA:24,3,1,0
BRDA:27,4,0,0
BRDA:27,4,1,0
BRDA:27,5,0,0
BRDA:27,5,1,0
BRDA:38,6,0,0
BRDA:38,6,1,0
BRDA:38,6,2,0
BRF:15
BRH:0
end_of_record
TN:
SF:src/hooks/usePrayerTimes.ts
FN:34,(anonymous_0)
FN:36,(anonymous_1)
FN:73,(anonymous_2)
FN:86,(anonymous_3)
FN:89,(anonymous_4)
FN:95,(anonymous_5)
FN:106,(anonymous_6)
FN:116,(anonymous_7)
FN:141,(anonymous_8)
FN:146,(anonymous_9)
FN:149,(anonymous_10)
FN:192,(anonymous_11)
FN:197,(anonymous_12)
FN:198,(anonymous_13)
FN:200,(anonymous_14)
FN:206,(anonymous_15)
FNF:16
FNH:0
FNDA:0,(anonymous_0)
FNDA:0,(anonymous_1)
FNDA:0,(anonymous_2)
FNDA:0,(anonymous_3)
FNDA:0,(anonymous_4)
FNDA:0,(anonymous_5)
FNDA:0,(anonymous_6)
FNDA:0,(anonymous_7)
FNDA:0,(anonymous_8)
FNDA:0,(anonymous_9)
FNDA:0,(anonymous_10)
FNDA:0,(anonymous_11)
FNDA:0,(anonymous_12)
FNDA:0,(anonymous_13)
FNDA:0,(anonymous_14)
FNDA:0,(anonymous_15)
DA:1,0
DA:2,0
DA:30,0
DA:31,0
DA:34,0
DA:35,0
DA:36,0
DA:37,0
DA:38,0
DA:39,0
DA:40,0
DA:41,0
DA:44,0
DA:45,0
DA:47,0
DA:48,0
DA:49,0
DA:50,0
DA:51,0
DA:56,0
DA:57,0
DA:58,0
DA:62,0
DA:63,0
DA:64,0
DA:66,0
DA:73,0
DA:74,0
DA:75,0
DA:86,0
DA:87,0
DA:88,0
DA:90,0
DA:96,0
DA:97,0
DA:101,0
DA:106,0
DA:107,0
DA:109,0
DA:110,0
DA:111,0
DA:112,0
DA:113,0
DA:116,0
DA:117,0
DA:120,0
DA:129,0
DA:140,0
DA:141,0
DA:146,0
DA:147,0
DA:149,0
DA:151,0
DA:153,0
DA:154,0
DA:155,0
DA:159,0
DA:161,0
DA:162,0
DA:163,0
DA:166,0
DA:168,0
DA:186,0
DA:187,0
DA:192,0
DA:193,0
DA:197,0
DA:198,0
DA:199,0
DA:200,0
DA:206,0
DA:209,0
LF:72
LH:0
BRDA:37,0,0,0
BRDA:49,1,0,0
BRDA:56,2,0,0
BRDA:87,3,0,0
BRDA:87,3,1,0
BRDA:107,4,0,0
BRDA:147,5,0,0
BRDA:159,6,0,0
BRDA:199,7,0,0
BRF:9
BRH:0
end_of_record
TN:
SF:src/lib/supabase.ts
FNF:0
FNH:0
DA:1,0
DA:4,0
DA:5,0
DA:7,0
DA:8,0
DA:11,0
LF:6
LH:0
BRDA:7,0,0,0
BRDA:7,1,0,0
BRDA:7,1,1,0
BRDA:12,2,0,0
BRDA:12,2,1,0
BRDA:13,3,0,0
BRDA:13,3,1,0
BRF:7
BRH:0
end_of_record
TN:
SF:src/middleware/rateLimit.ts
FN:14,(anonymous_0)
FNF:1
FNH:0
FNDA:0,(anonymous_0)
DA:11,0
DA:12,0
DA:19,0
DA:20,0
DA:21,0
DA:23,0
DA:24,0
DA:25,0
DA:27,0
DA:29,0
DA:35,0
DA:39,0
LF:12
LH:0
BRDA:23,0,0,0
BRDA:23,0,1,0
BRDA:23,1,0,0
BRDA:23,1,1,0
BRDA:24,2,0,0
BRF:5
BRH:0
end_of_record
TN:
SF:src/modules/auth/Auth.tsx
FN:11,(anonymous_9)
FN:25,(anonymous_10)
FN:64,(anonymous_11)
FN:74,(anonymous_12)
FN:141,(anonymous_13)
FN:159,(anonymous_14)
FN:164,(anonymous_15)
FN:211,(anonymous_16)
FN:235,(anonymous_17)
FN:241,(anonymous_18)
FN:261,(anonymous_19)
FN:285,(anonymous_20)
FN:308,(anonymous_21)
FN:330,(anonymous_22)
FN:379,(anonymous_23)
FN:387,(anonymous_24)
FN:397,(anonymous_25)
FN:417,(anonymous_26)
FNF:18
FNH:0
FNDA:0,(anonymous_9)
FNDA:0,(anonymous_10)
FNDA:0,(anonymous_11)
FNDA:0,(anonymous_12)
FNDA:0,(anonymous_13)
FNDA:0,(anonymous_14)
FNDA:0,(anonymous_15)
FNDA:0,(anonymous_16)
FNDA:0,(anonymous_17)
FNDA:0,(anonymous_18)
FNDA:0,(anonymous_19)
FNDA:0,(anonymous_20)
FNDA:0,(anonymous_21)
FNDA:0,(anonymous_22)
FNDA:0,(anonymous_23)
FNDA:0,(anonymous_24)
FNDA:0,(anonymous_25)
FNDA:0,(anonymous_26)
DA:2,0
DA:4,0
DA:5,0
DA:11,0
DA:12,0
DA:13,0
DA:14,0
DA:15,0
DA:16,0
DA:17,0
DA:18,0
DA:19,0
DA:25,0
DA:26,0
DA:29,0
DA:30,0
DA:32,0
DA:33,0
DA:34,0
DA:39,0
DA:40,0
DA:42,0
DA:43,0
DA:44,0
DA:49,0
DA:50,0
DA:51,0
DA:53,0
DA:54,0
DA:55,0
DA:60,0
DA:61,0
DA:64,0
DA:65,0
DA:67,0
DA:68,0
DA:71,0
DA:74,0
DA:75,0
DA:77,0
DA:78,0
DA:80,0
DA:85,0
DA:87,0
DA:89,0
DA:95,0
DA:97,0
DA:111,0
DA:116,0
DA:126,0
DA:128,0
DA:129,0
DA:130,0
DA:134,0
DA:135,0
DA:137,0
DA:141,0
DA:142,0
DA:143,0
DA:145,0
DA:146,0
DA:149,0
DA:152,0
DA:154,0
DA:155,0
DA:159,0
DA:160,0
DA:163,0
DA:164,0
DA:167,0
DA:169,0
DA:170,0
DA:172,0
DA:173,0
DA:175,0
DA:176,0
DA:180,0
DA:212,0
DA:213,0
DA:214,0
DA:235,0
DA:241,0
DA:261,0
DA:285,0
DA:308,0
DA:330,0
DA:379,0
DA:387,0
DA:397,0
DA:418,0
DA:431,0
DA:450,0
LF:92
LH:0
BRDA:29,0,0,0
BRDA:29,0,1,0
BRDA:33,1,0,0
BRDA:39,2,0,0
BRDA:39,2,1,0
BRDA:43,3,0,0
BRDA:49,4,0,0
BRDA:50,5,0,0
BRDA:50,5,1,0
BRDA:54,6,0,0
BRDA:67,7,0,0
BRDA:78,8,0,0
BRDA:78,8,1,0
BRDA:85,9,0,0
BRDA:87,10,0,0
BRDA:95,11,0,0
BRDA:99,12,0,0
BRDA:99,12,1,0
BRDA:100,13,0,0
BRDA:100,13,1,0
BRDA:101,14,0,0
BRDA:101,14,1,0
BRDA:102,15,0,0
BRDA:102,15,1,0
BRDA:103,16,0,0
BRDA:103,16,1,0
BRDA:104,17,0,0
BRDA:104,17,1,0
BRDA:105,18,0,0
BRDA:105,18,1,0
BRDA:126,19,0,0
BRDA:128,20,0,0
BRDA:143,21,0,0
BRDA:152,22,0,0
BRDA:163,23,0,0
BRDA:167,24,0,0
BRDA:167,24,1,0
BRDA:167,24,2,0
BRDA:214,25,0,0
BRDA:231,26,0,0
BRDA:231,26,1,0
BRDA:236,27,0,0
BRDA:236,27,1,0
BRDA:242,28,0,0
BRDA:242,28,1,0
BRDA:250,29,0,0
BRDA:250,29,1,0
BRDA:263,30,0,0
BRDA:263,30,1,0
BRDA:268,31,0,0
BRDA:268,31,1,0
BRDA:287,32,0,0
BRDA:287,32,1,0
BRDA:292,33,0,0
BRDA:292,33,1,0
BRDA:310,34,0,0
BRDA:310,34,1,0
BRDA:315,35,0,0
BRDA:315,35,1,0
BRDA:322,36,0,0
BRDA:322,36,1,0
BRDA:333,37,0,0
BRDA:333,37,1,0
BRDA:334,38,0,0
BRDA:334,38,1,0
BRDA:351,39,0,0
BRDA:351,39,1,0
BRDA:356,40,0,0
BRDA:356,40,1,0
BRF:69
BRH:0
end_of_record
TN:
SF:src/modules/dashboard/index.tsx
FN:13,(anonymous_1)
FN:36,(anonymous_2)
FN:61,(anonymous_3)
FN:78,(anonymous_4)
FN:100,(anonymous_5)
FN:124,(anonymous_6)
FN:159,(anonymous_7)
FN:166,(anonymous_8)
FN:173,(anonymous_9)
FN:180,(anonymous_10)
FNF:10
FNH:0
FNDA:0,(anonymous_1)
FNDA:0,(anonymous_2)
FNDA:0,(anonymous_3)
FNDA:0,(anonymous_4)
FNDA:0,(anonymous_5)
FNDA:0,(anonymous_6)
FNDA:0,(anonymous_7)
FNDA:0,(anonymous_8)
FNDA:0,(anonymous_9)
FNDA:0,(anonymous_10)
DA:1,0
DA:2,0
DA:3,0
DA:4,0
DA:5,0
DA:13,0
DA:16,0
DA:36,0
DA:37,0
DA:38,0
DA:40,0
DA:61,0
DA:62,0
DA:78,0
DA:79,0
DA:100,0
DA:101,0
DA:102,0
DA:104,0
DA:124,0
DA:159,0
DA:166,0
DA:173,0
DA:180,0
DA:196,0
LF:25
LH:0
BRDA:129,0,0,0
BRDA:129,0,1,0
BRDA:142,1,0,0
BRDA:142,1,1,0
BRF:4
BRH:0
end_of_record
TN:
SF:src/modules/dashboard/components/AnnouncementBanner.tsx
FN:8,(anonymous_1)
FN:9,(anonymous_2)
FN:17,(anonymous_3)
FNF:3
FNH:0
FNDA:0,(anonymous_1)
FNDA:0,(anonymous_2)
FNDA:0,(anonymous_3)
DA:1,0
DA:8,0
DA:9,0
DA:11,0
DA:12,0
DA:15,0
DA:18,0
DA:27,0
LF:8
LH:0
BRDA:11,0,0,0
BRF:1
BRH:0
end_of_record
TN:
SF:src/modules/dashboard/components/CyberQuickActions.tsx
FN:39,(anonymous_1)
FN:42,(anonymous_2)
FNF:2
FNH:0
FNDA:0,(anonymous_1)
FNDA:0,(anonymous_2)
DA:1,0
DA:2,0
DA:4,0
DA:39,0
DA:40,0
DA:43,0
DA:82,0
LF:7
LH:0
BRDA:64,0,0,0
BRDA:64,0,1,0
BRF:2
BRH:0
end_of_record
TN:
SF:src/modules/dashboard/components/CyberStatsRing.tsx
FN:8,(anonymous_1)
FNF:1
FNH:0
FNDA:0,(anonymous_1)
DA:1,0
DA:8,0
DA:9,0
DA:10,0
DA:11,0
DA:12,0
DA:14,0
DA:78,0
LF:8
LH:0
BRF:0
BRH:0
end_of_record
TN:
SF:src/modules/dashboard/components/DailyQuote.tsx
FN:8,(anonymous_1)
FN:9,(anonymous_2)
FNF:2
FNH:0
FNDA:0,(anonymous_1)
FNDA:0,(anonymous_2)
DA:1,0
DA:2,0
DA:8,0
DA:9,0
DA:10,0
DA:11,0
DA:12,0
DA:13,0
DA:18,0
DA:19,0
DA:23,0
DA:48,0
LF:12
LH:0
BRDA:11,0,0,0
BRDA:11,0,1,0
BRDA:25,1,0,0
BRDA:25,1,1,0
BRDA:29,2,0,0
BRDA:29,2,1,0
BRF:6
BRH:0
end_of_record
TN:
SF:src/modules/dashboard/components/FocusStream.tsx
FN:4,(anonymous_1)
FN:14,(anonymous_2)
FNF:2
FNH:0
FNDA:0,(anonymous_1)
FNDA:0,(anonymous_2)
DA:1,0
DA:2,0
DA:4,0
DA:5,0
DA:11,0
DA:15,0
DA:50,0
LF:7
LH:0
BRF:0
BRH:0
end_of_record
TN:
SF:src/modules/dashboard/components/HoloTiles.tsx
FN:15,(anonymous_1)
FN:18,(anonymous_2)
FN:25,(anonymous_3)
FNF:3
FNH:0
FNDA:0,(anonymous_1)
FNDA:0,(anonymous_2)
FNDA:0,(anonymous_3)
DA:1,0
DA:2,0
DA:4,0
DA:15,0
DA:16,0
DA:19,0
DA:25,0
DA:50,0
LF:8
LH:0
BRF:0
BRH:0
end_of_record
TN:
SF:src/modules/dashboard/components/PulseCore.tsx
FN:4,(anonymous_1)
FNF:1
FNH:0
FNDA:0,(anonymous_1)
DA:1,0
DA:2,0
DA:4,0
DA:5,0
DA:93,0
LF:5
LH:0
BRF:0
BRH:0
end_of_record
TN:
SF:src/modules/dashboard/components/RecentActivity.tsx
FN:10,(anonymous_1)
FN:15,(anonymous_2)
FNF:2
FNH:0
FNDA:0,(anonymous_1)
FNDA:0,(anonymous_2)
DA:1,0
DA:3,0
DA:10,0
DA:11,0
DA:16,0
DA:37,0
LF:6
LH:0
BRF:0
BRH:0
end_of_record
TN:
SF:src/modules/dashboard/components/RecommendedWidget.tsx
FN:9,(anonymous_1)
FN:21,(anonymous_2)
FNF:2
FNH:0
FNDA:0,(anonymous_1)
FNDA:0,(anonymous_2)
DA:1,0
DA:3,0
DA:9,0
DA:10,0
DA:22,0
DA:40,0
LF:6
LH:0
BRF:0
BRH:0
end_of_record
TN:
SF:src/modules/dashboard/components/StatsCards.tsx
FN:9,(anonymous_1)
FNF:1
FNH:0
FNDA:0,(anonymous_1)
DA:1,0
DA:9,0
DA:10,0
DA:58,0
LF:4
LH:0
BRDA:12,0,0,0
BRDA:12,0,1,0
BRDA:24,1,0,0
BRDA:24,1,1,0
BRDA:26,2,0,0
BRDA:26,2,1,0
BRDA:35,3,0,0
BRDA:35,3,1,0
BRDA:47,4,0,0
BRDA:47,4,1,0
BRDA:49,5,0,0
BRDA:49,5,1,0
BRF:12
BRH:0
end_of_record
TN:
SF:src/modules/dashboard/components/legacy/CommunityPulse.tsx
FN:15,(anonymous_9)
FN:19,(anonymous_10)
FN:20,(anonymous_11)
FN:22,(anonymous_12)
FN:27,(anonymous_13)
FN:54,(anonymous_14)
FN:70,(anonymous_15)
FNF:7
FNH:0
FNDA:0,(anonymous_9)
FNDA:0,(anonymous_10)
FNDA:0,(anonymous_11)
FNDA:0,(anonymous_12)
FNDA:0,(anonymous_13)
FNDA:0,(anonymous_14)
FNDA:0,(anonymous_15)
DA:1,0
DA:2,0
DA:8,0
DA:15,0
DA:16,0
DA:19,0
DA:20,0
DA:22,0
DA:23,0
DA:24,0
DA:27,0
DA:30,0
DA:32,0
DA:55,0
DA:70,0
DA:80,0
LF:16
LH:0
BRDA:34,0,0,0
BRDA:34,0,1,0
BRDA:40,1,0,0
BRDA:40,1,1,0
BRDA:52,2,0,0
BRDA:52,2,1,0
BRDA:56,3,0,0
BRDA:56,3,1,0
BRDA:60,4,0,0
BRDA:60,4,1,0
BRF:10
BRH:0
end_of_record
TN:
SF:src/modules/dashboard/components/legacy/DailyDeeds.tsx
FN:19,(anonymous_9)
FN:22,(anonymous_10)
FN:38,(anonymous_11)
FN:39,(anonymous_12)
FN:41,(anonymous_13)
FN:63,(anonymous_14)
FN:68,(anonymous_15)
FNF:7
FNH:0
FNDA:0,(anonymous_9)
FNDA:0,(anonymous_10)
FNDA:0,(anonymous_11)
FNDA:0,(anonymous_12)
FNDA:0,(anonymous_13)
FNDA:0,(anonymous_14)
FNDA:0,(anonymous_15)
DA:1,0
DA:9,0
DA:19,0
DA:20,0
DA:22,0
DA:24,0
DA:25,0
DA:26,0
DA:28,0
DA:29,0
DA:32,0
DA:33,0
DA:34,0
DA:38,0
DA:39,0
DA:40,0
DA:41,0
DA:43,0
DA:44,0
DA:48,0
DA:64,0
DA:65,0
DA:68,0
DA:84,0
LF:24
LH:0
BRDA:28,0,0,0
BRDA:28,0,1,0
BRDA:28,1,0,0
BRDA:28,1,1,0
BRDA:40,2,0,0
BRDA:40,2,1,0
BRDA:49,3,0,0
BRDA:49,3,1,0
BRDA:50,4,0,0
BRDA:50,4,1,0
BRDA:52,5,0,0
BRDA:52,5,1,0
BRDA:58,6,0,0
BRDA:58,6,1,0
BRDA:69,7,0,0
BRDA:69,7,1,0
BRDA:71,8,0,0
BRDA:71,8,1,0
BRDA:72,9,0,0
BRDA:72,9,1,0
BRDA:74,10,0,0
BRDA:74,10,1,0
BRDA:74,11,0,0
BRDA:74,11,1,0
BRF:24
BRH:0
end_of_record
TN:
SF:src/modules/dashboard/components/legacy/LearningWidget.tsx
FN:7,(anonymous_1)
FNF:1
FNH:0
FNDA:0,(anonymous_1)
DA:1,0
DA:7,0
DA:8,0
DA:59,0
LF:4
LH:0
BRDA:10,0,0,0
BRDA:10,0,1,0
BRDA:19,1,0,0
BRDA:19,1,1,0
BRDA:34,2,0,0
BRDA:34,2,1,0
BRF:6
BRH:0
end_of_record
TN:
SF:src/modules/dashboard/components/legacy/PrayerCard.tsx
FN:8,(anonymous_1)
FN:37,(anonymous_2)
FNF:2
FNH:0
FNDA:0,(anonymous_1)
FNDA:0,(anonymous_2)
DA:1,0
DA:8,0
DA:9,0
DA:38,0
DA:39,0
DA:56,0
LF:6
LH:0
BRDA:25,0,0,0
BRDA:25,0,1,0
BRDA:30,1,0,0
BRDA:30,1,1,0
BRDA:40,2,0,0
BRDA:40,2,1,0
BRDA:41,3,0,0
BRDA:41,3,1,0
BRDA:42,4,0,0
BRDA:42,4,1,0
BRF:10
BRH:0
end_of_record
TN:
SF:src/modules/dashboard/components/legacy/QuickActions.tsx
FN:18,(anonymous_1)
FN:42,(anonymous_2)
FN:51,(anonymous_3)
FN:59,(anonymous_4)
FN:67,(anonymous_5)
FN:75,(anonymous_6)
FN:83,(anonymous_7)
FN:91,(anonymous_8)
FNF:8
FNH:0
FNDA:0,(anonymous_1)
FNDA:0,(anonymous_2)
FNDA:0,(anonymous_3)
FNDA:0,(anonymous_4)
FNDA:0,(anonymous_5)
FNDA:0,(anonymous_6)
FNDA:0,(anonymous_7)
FNDA:0,(anonymous_8)
DA:1,0
DA:2,0
DA:18,0
DA:19,0
DA:42,0
DA:43,0
DA:51,0
DA:59,0
DA:67,0
DA:75,0
DA:83,0
DA:91,0
DA:100,0
LF:13
LH:0
BRDA:38,0,0,0
BRDA:38,0,1,0
BRDA:45,1,0,0
BRDA:45,1,1,0
BRF:4
BRH:0
end_of_record
TN:
SF:src/modules/ibadah/Ibadah.tsx
FN:14,(anonymous_9)
FN:44,(anonymous_10)
FN:45,(anonymous_11)
FN:48,(anonymous_12)
FN:56,(anonymous_13)
FN:83,(anonymous_14)
FN:85,(anonymous_15)
FN:100,(anonymous_16)
FN:105,(anonymous_17)
FN:124,(anonymous_18)
FN:131,(anonymous_19)
FN:132,(anonymous_20)
FN:140,(anonymous_21)
FN:147,(anonymous_22)
FN:155,(anonymous_23)
FN:161,(anonymous_24)
FN:168,(anonymous_25)
FN:170,(anonymous_26)
FN:177,(anonymous_27)
FN:184,(anonymous_28)
FN:195,(anonymous_29)
FN:198,(anonymous_30)
FN:254,(anonymous_31)
FN:329,(anonymous_32)
FN:329,(anonymous_33)
FN:471,(anonymous_34)
FN:495,(anonymous_35)
FN:498,(anonymous_36)
FNF:28
FNH:0
FNDA:0,(anonymous_9)
FNDA:0,(anonymous_10)
FNDA:0,(anonymous_11)
FNDA:0,(anonymous_12)
FNDA:0,(anonymous_13)
FNDA:0,(anonymous_14)
FNDA:0,(anonymous_15)
FNDA:0,(anonymous_16)
FNDA:0,(anonymous_17)
FNDA:0,(anonymous_18)
FNDA:0,(anonymous_19)
FNDA:0,(anonymous_20)
FNDA:0,(anonymous_21)
FNDA:0,(anonymous_22)
FNDA:0,(anonymous_23)
FNDA:0,(anonymous_24)
FNDA:0,(anonymous_25)
FNDA:0,(anonymous_26)
FNDA:0,(anonymous_27)
FNDA:0,(anonymous_28)
FNDA:0,(anonymous_29)
FNDA:0,(anonymous_30)
FNDA:0,(anonymous_31)
FNDA:0,(anonymous_32)
FNDA:0,(anonymous_33)
FNDA:0,(anonymous_34)
FNDA:0,(anonymous_35)
FNDA:0,(anonymous_36)
DA:2,0
DA:3,0
DA:14,0
DA:15,0
DA:18,0
DA:19,0
DA:20,0
DA:21,0
DA:24,0
DA:25,0
DA:26,0
DA:29,0
DA:32,0
DA:33,0
DA:34,0
DA:35,0
DA:36,0
DA:42,0
DA:44,0
DA:45,0
DA:48,0
DA:50,0
DA:51,0
DA:56,0
DA:57,0
DA:58,0
DA:59,0
DA:61,0
DA:62,0
DA:63,0
DA:65,0
DA:66,0
DA:67,0
DA:69,0
DA:70,0
DA:72,0
DA:73,0
DA:75,0
DA:76,0
DA:83,0
DA:84,0
DA:85,0
DA:87,0
DA:88,0
DA:89,0
DA:91,0
DA:92,0
DA:93,0
DA:95,0
DA:100,0
DA:101,0
DA:105,0
DA:106,0
DA:107,0
DA:108,0
DA:109,0
DA:110,0
DA:111,0
DA:113,0
DA:116,0
DA:119,0
DA:120,0
DA:124,0
DA:125,0
DA:126,0
DA:131,0
DA:132,0
DA:140,0
DA:141,0
DA:142,0
DA:143,0
DA:144,0
DA:147,0
DA:148,0
DA:150,0
DA:151,0
DA:155,0
DA:156,0
DA:158,0
DA:159,0
DA:161,0
DA:162,0
DA:163,0
DA:164,0
DA:165,0
DA:168,0
DA:169,0
DA:170,0
DA:171,0
DA:177,0
DA:178,0
DA:179,0
DA:180,0
DA:181,0
DA:184,0
DA:185,0
DA:186,0
DA:187,0
DA:188,0
DA:191,0
DA:196,0
DA:198,0
DA:254,0
DA:329,0
DA:330,0
DA:472,0
DA:495,0
DA:498,0
DA:523,0
LF:109
LH:0
BRDA:50,0,0,0
BRDA:58,1,0,0
BRDA:59,2,0,0
BRDA:59,2,1,0
BRDA:91,3,0,0
BRDA:92,4,0,0
BRDA:92,4,1,0
BRDA:101,5,0,0
BRDA:106,6,0,0
BRDA:106,6,1,0
BRDA:109,7,0,0
BRDA:109,7,1,0
BRDA:125,8,0,0
BRDA:125,8,1,0
BRDA:156,9,0,0
BRDA:185,10,0,0
BRDA:200,11,0,0
BRDA:200,11,1,0
BRDA:205,12,0,0
BRDA:205,12,1,0
BRDA:208,13,0,0
BRDA:208,13,1,0
BRDA:214,14,0,0
BRDA:214,14,1,0
BRDA:231,15,0,0
BRDA:231,15,1,0
BRDA:254,16,0,0
BRDA:254,16,1,0
BRDA:263,17,0,0
BRDA:263,17,1,0
BRDA:265,18,0,0
BRDA:265,18,1,0
BRDA:317,19,0,0
BRDA:317,19,1,0
BRDA:317,19,2,0
BRDA:332,20,0,0
BRDA:332,20,1,0
BRDA:333,21,0,0
BRDA:333,21,1,0
BRDA:347,22,0,0
BRDA:347,22,1,0
BRDA:353,23,0,0
BRDA:353,23,1,0
BRDA:354,24,0,0
BRDA:354,24,1,0
BRDA:358,25,0,0
BRDA:358,25,1,0
BRDA:358,26,0,0
BRDA:358,26,1,0
BRDA:365,27,0,0
BRDA:365,27,1,0
BRDA:367,28,0,0
BRDA:367,28,1,0
BRDA:371,29,0,0
BRDA:371,29,1,0
BRDA:372,30,0,0
BRDA:372,30,1,0
BRDA:374,31,0,0
BRDA:374,31,1,0
BRDA:375,32,0,0
BRDA:375,32,1,0
BRDA:386,33,0,0
BRDA:386,33,1,0
BRDA:406,34,0,0
BRDA:406,34,1,0
BRDA:406,34,2,0
BRDA:425,35,0,0
BRDA:425,35,1,0
BRDA:470,36,0,0
BRDA:470,36,1,0
BRDA:475,37,0,0
BRDA:475,37,1,0
BRDA:476,38,0,0
BRDA:476,38,1,0
BRDA:477,39,0,0
BRDA:477,39,1,0
BRDA:498,40,0,0
BRDA:498,40,1,0
BRDA:503,41,0,0
BRDA:503,41,1,0
BRF:80
BRH:0
end_of_record
TN:
SF:src/modules/iqra/IqraAnalytics.tsx
FN:14,(anonymous_9)
FN:22,(anonymous_10)
FN:26,(anonymous_11)
FN:69,(anonymous_12)
FNF:4
FNH:0
FNDA:0,(anonymous_9)
FNDA:0,(anonymous_10)
FNDA:0,(anonymous_11)
FNDA:0,(anonymous_12)
DA:1,0
DA:14,0
DA:15,0
DA:22,0
DA:23,0
DA:24,0
DA:25,0
DA:26,0
DA:30,0
DA:70,0
DA:86,0
LF:11
LH:0
BRDA:24,0,0,0
BRF:1
BRH:0
end_of_record
TN:
SF:src/modules/iqra/IqraBookSelector.tsx
FN:9,(anonymous_1)
FN:12,(anonymous_2)
FN:15,(anonymous_3)
FNF:3
FNH:0
FNDA:0,(anonymous_1)
FNDA:0,(anonymous_2)
FNDA:0,(anonymous_3)
DA:1,0
DA:2,0
DA:9,0
DA:10,0
DA:13,0
DA:15,0
DA:33,0
LF:7
LH:0
BRDA:17,0,0,0
BRDA:17,0,1,0
BRDA:24,1,0,0
BRDA:24,1,1,0
BRF:4
BRH:0
end_of_record
TN:
SF:src/modules/iqra/IqraPdfReader.tsx
FN:15,(anonymous_10)
FN:23,(anonymous_11)
FN:26,(anonymous_12)
FN:27,(anonymous_13)
FN:32,(anonymous_14)
FN:35,(anonymous_15)
FN:41,(anonymous_16)
FN:47,(anonymous_17)
FN:57,(anonymous_18)
FN:59,(anonymous_19)
FN:63,(anonymous_20)
FN:68,(anonymous_21)
FN:81,(anonymous_22)
FN:140,(anonymous_23)
FN:152,(anonymous_24)
FN:161,(anonymous_25)
FN:174,(anonymous_26)
FN:174,(anonymous_27)
FN:175,(anonymous_28)
FN:176,(anonymous_29)
FN:176,(anonymous_30)
FN:183,(anonymous_31)
FNF:22
FNH:0
FNDA:0,(anonymous_10)
FNDA:0,(anonymous_11)
FNDA:0,(anonymous_12)
FNDA:0,(anonymous_13)
FNDA:0,(anonymous_14)
FNDA:0,(anonymous_15)
FNDA:0,(anonymous_16)
FNDA:0,(anonymous_17)
FNDA:0,(anonymous_18)
FNDA:0,(anonymous_19)
FNDA:0,(anonymous_20)
FNDA:0,(anonymous_21)
FNDA:0,(anonymous_22)
FNDA:0,(anonymous_23)
FNDA:0,(anonymous_24)
FNDA:0,(anonymous_25)
FNDA:0,(anonymous_26)
FNDA:0,(anonymous_27)
FNDA:0,(anonymous_28)
FNDA:0,(anonymous_29)
FNDA:0,(anonymous_30)
FNDA:0,(anonymous_31)
DA:1,0
DA:2,0
DA:3,0
DA:4,0
DA:6,0
DA:9,0
DA:15,0
DA:16,0
DA:17,0
DA:18,0
DA:19,0
DA:20,0
DA:21,0
DA:23,0
DA:26,0
DA:27,0
DA:28,0
DA:29,0
DA:31,0
DA:32,0
DA:35,0
DA:36,0
DA:37,0
DA:38,0
DA:41,0
DA:42,0
DA:43,0
DA:44,0
DA:47,0
DA:48,0
DA:49,0
DA:50,0
DA:51,0
DA:53,0
DA:57,0
DA:58,0
DA:59,0
DA:60,0
DA:63,0
DA:64,0
DA:65,0
DA:66,0
DA:68,0
DA:69,0
DA:81,0
DA:91,0
DA:140,0
DA:152,0
DA:161,0
DA:174,0
DA:175,0
DA:176,0
DA:183,0
DA:195,0
LF:54
LH:0
BRDA:15,0,0,0
BRDA:23,1,0,0
BRDA:23,1,1,0
BRDA:28,2,0,0
BRDA:29,3,0,0
BRDA:42,4,0,0
BRDA:42,4,1,0
BRDA:50,5,0,0
BRDA:50,5,1,0
BRDA:50,6,0,0
BRDA:50,6,1,0
BRDA:50,6,2,0
BRDA:50,7,0,0
BRDA:50,7,1,0
BRDA:64,8,0,0
BRDA:66,9,0,0
BRDA:157,10,0,0
BRDA:157,10,1,0
BRDA:162,11,0,0
BRDA:162,11,1,0
BRDA:184,12,0,0
BRDA:184,12,1,0
BRDA:187,13,0,0
BRDA:187,13,1,0
BRF:24
BRH:0
end_of_record
TN:
SF:src/modules/iqra/IqraTutorials.tsx
FN:9,(anonymous_9)
FN:14,(anonymous_10)
FN:45,(anonymous_11)
FN:48,(anonymous_12)
FN:67,(anonymous_13)
FNF:5
FNH:0
FNDA:0,(anonymous_9)
FNDA:0,(anonymous_10)
FNDA:0,(anonymous_11)
FNDA:0,(anonymous_12)
FNDA:0,(anonymous_13)
DA:1,0
DA:2,0
DA:3,0
DA:9,0
DA:10,0
DA:11,0
DA:12,0
DA:14,0
DA:15,0
DA:16,0
DA:17,0
DA:18,0
DA:19,0
DA:21,0
DA:22,0
DA:24,0
DA:28,0
DA:46,0
DA:48,0
DA:67,0
DA:114,0
LF:21
LH:0
BRDA:15,0,0,0
BRDA:43,1,0,0
BRDA:43,1,1,0
BRDA:75,2,0,0
BRDA:75,2,1,0
BRDA:80,3,0,0
BRDA:80,3,1,0
BRF:7
BRH:0
end_of_record
TN:
SF:src/modules/iqra/IqraVisionCoach.tsx
FN:9,(anonymous_1)
FN:10,(anonymous_2)
FN:12,(anonymous_3)
FN:22,(anonymous_4)
FN:35,(anonymous_5)
FN:45,(anonymous_6)
FNF:6
FNH:0
FNDA:0,(anonymous_1)
FNDA:0,(anonymous_2)
FNDA:0,(anonymous_3)
FNDA:0,(anonymous_4)
FNDA:0,(anonymous_5)
FNDA:0,(anonymous_6)
DA:1,0
DA:2,0
DA:9,0
DA:10,0
DA:11,0
DA:12,0
DA:15,0
DA:23,0
DA:36,0
DA:45,0
DA:83,0
LF:11
LH:0
BRF:0
BRH:0
end_of_record
TN:
SF:src/modules/iqra/IqraVoiceCoach.tsx
FN:17,(anonymous_9)
FN:22,(anonymous_10)
FN:26,(anonymous_11)
FN:31,(anonymous_12)
FN:99,(anonymous_13)
FN:112,(anonymous_14)
FNF:6
FNH:0
FNDA:0,(anonymous_9)
FNDA:0,(anonymous_10)
FNDA:0,(anonymous_11)
FNDA:0,(anonymous_12)
FNDA:0,(anonymous_13)
FNDA:0,(anonymous_14)
DA:1,0
DA:2,0
DA:17,0
DA:18,0
DA:19,0
DA:20,0
DA:22,0
DA:23,0
DA:24,0
DA:26,0
DA:27,0
DA:31,0
DA:32,0
DA:33,0
DA:34,0
DA:36,0
DA:39,0
DA:40,0
DA:41,0
DA:42,0
DA:44,0
DA:50,0
DA:51,0
DA:53,0
DA:54,0
DA:58,0
DA:100,0
DA:112,0
DA:123,0
LF:29
LH:0
BRDA:40,0,0,0
BRDA:40,0,1,0
BRDA:62,1,0,0
BRDA:62,1,1,0
BRDA:63,2,0,0
BRDA:63,2,1,0
BRDA:68,3,0,0
BRDA:68,3,1,0
BRDA:68,4,0,0
BRDA:68,4,1,0
BRDA:71,5,0,0
BRDA:71,5,1,0
BRDA:71,6,0,0
BRDA:71,6,1,0
BRDA:75,7,0,0
BRDA:75,7,1,0
BRDA:75,7,2,0
BRDA:75,7,3,0
BRDA:86,8,0,0
BRDA:86,8,1,0
BRDA:90,9,0,0
BRDA:90,9,1,0
BRDA:96,10,0,0
BRDA:96,10,1,0
BRDA:96,10,2,0
BRF:25
BRH:0
end_of_record
TN:
SF:src/modules/iqra/VocabBuilder.tsx
FN:23,(anonymous_9)
FN:33,(anonymous_10)
FN:39,(anonymous_11)
FN:46,(anonymous_12)
FN:48,(anonymous_13)
FN:55,(anonymous_14)
FN:93,(anonymous_15)
FN:146,(anonymous_16)
FN:149,(anonymous_17)
FNF:9
FNH:0
FNDA:0,(anonymous_9)
FNDA:0,(anonymous_10)
FNDA:0,(anonymous_11)
FNDA:0,(anonymous_12)
FNDA:0,(anonymous_13)
FNDA:0,(anonymous_14)
FNDA:0,(anonymous_15)
FNDA:0,(anonymous_16)
FNDA:0,(anonymous_17)
DA:1,0
DA:18,0
DA:19,0
DA:23,0
DA:24,0
DA:29,0
DA:30,0
DA:33,0
DA:34,0
DA:35,0
DA:36,0
DA:37,0
DA:39,0
DA:40,0
DA:41,0
DA:42,0
DA:43,0
DA:46,0
DA:47,0
DA:48,0
DA:49,0
DA:51,0
DA:55,0
DA:56,0
DA:59,0
DA:60,0
DA:61,0
DA:63,0
DA:93,0
DA:130,0
DA:135,0
DA:136,0
DA:138,0
DA:147,0
DA:149,0
DA:179,0
LF:36
LH:0
BRDA:29,0,0,0
BRDA:47,1,0,0
BRDA:47,1,1,0
BRDA:47,2,0,0
BRDA:47,2,1,0
BRDA:59,3,0,0
BRDA:64,4,0,0
BRDA:64,4,1,0
BRDA:65,5,0,0
BRDA:65,5,1,0
BRDA:72,6,0,0
BRDA:72,6,1,0
BRDA:77,7,0,0
BRDA:77,7,1,0
BRDA:94,8,0,0
BRDA:94,8,1,0
BRDA:96,9,0,0
BRDA:96,9,1,0
BRDA:101,10,0,0
BRDA:101,10,1,0
BRDA:108,11,0,0
BRDA:108,11,1,0
BRDA:115,12,0,0
BRDA:115,12,1,0
BRDA:135,13,0,0
BRDA:136,14,0,0
BRDA:141,15,0,0
BRDA:141,15,1,0
BRDA:151,16,0,0
BRDA:151,16,1,0
BRDA:158,17,0,0
BRDA:158,17,1,0
BRDA:159,18,0,0
BRDA:159,18,1,0
BRDA:165,19,0,0
BRDA:165,19,1,0
BRF:36
BRH:0
end_of_record
TN:
SF:src/modules/iqra/data.ts
FNF:0
FNH:0
DA:5,0
DA:17,0
DA:27,0
DA:35,0
DA:51,0
DA:72,0
LF:6
LH:0
BRF:0
BRH:0
end_of_record
TN:
SF:src/modules/iqra/index.tsx
FN:22,(anonymous_10)
FN:34,(anonymous_11)
FN:41,(anonymous_12)
FN:43,(anonymous_13)
FN:45,(anonymous_14)
FN:66,(anonymous_15)
FN:69,(anonymous_16)
FNF:7
FNH:0
FNDA:0,(anonymous_10)
FNDA:0,(anonymous_11)
FNDA:0,(anonymous_12)
FNDA:0,(anonymous_13)
FNDA:0,(anonymous_14)
FNDA:0,(anonymous_15)
FNDA:0,(anonymous_16)
DA:4,0
DA:8,0
DA:9,0
DA:10,0
DA:11,0
DA:12,0
DA:13,0
DA:22,0
DA:23,0
DA:25,0
DA:34,0
DA:35,0
DA:37,0
DA:39,0
DA:41,0
DA:43,0
DA:45,0
DA:47,0
DA:49,0
DA:53,0
DA:67,0
DA:69,0
DA:90,0
LF:23
LH:0
BRDA:35,0,0,0
BRDA:35,0,1,0
BRDA:35,0,2,0
BRDA:35,0,3,0
BRDA:35,0,4,0
BRDA:35,0,5,0
BRDA:35,0,6,0
BRDA:71,1,0,0
BRDA:71,1,1,0
BRF:9
BRH:0
end_of_record
TN:
SF:src/modules/landing/LandingPage.tsx
FN:20,(anonymous_9)
FN:25,(anonymous_10)
FN:26,(anonymous_11)
FN:27,(anonymous_12)
FN:29,(anonymous_13)
FN:33,(anonymous_14)
FN:34,(anonymous_15)
FN:42,(anonymous_16)
FNF:8
FNH:0
FNDA:0,(anonymous_9)
FNDA:0,(anonymous_10)
FNDA:0,(anonymous_11)
FNDA:0,(anonymous_12)
FNDA:0,(anonymous_13)
FNDA:0,(anonymous_14)
FNDA:0,(anonymous_15)
FNDA:0,(anonymous_16)
DA:1,0
DA:2,0
DA:3,0
DA:4,0
DA:5,0
DA:6,0
DA:7,0
DA:8,0
DA:9,0
DA:12,0
DA:13,0
DA:14,0
DA:20,0
DA:21,0
DA:22,0
DA:25,0
DA:26,0
DA:27,0
DA:29,0
DA:33,0
DA:34,0
DA:35,0
DA:36,0
DA:38,0
DA:41,0
DA:42,0
DA:45,0
DA:134,0
LF:28
LH:0
BRDA:27,0,0,0
BRDA:27,0,1,0
BRDA:35,1,0,0
BRDA:35,1,1,0
BRDA:111,2,0,0
BRDA:111,2,1,0
BRF:6
BRH:0
end_of_record
TN:
SF:src/modules/landing/components/AdvancedTools.tsx
FN:4,(anonymous_1)
FNF:1
FNH:0
FNDA:0,(anonymous_1)
DA:1,0
DA:2,0
DA:4,0
DA:5,0
LF:4
LH:0
BRF:0
BRH:0
end_of_record
TN:
SF:src/modules/landing/components/AnimatedStats.tsx
FN:11,(anonymous_9)
FN:16,(anonymous_10)
FN:22,(anonymous_11)
FN:38,(anonymous_12)
FN:41,(anonymous_13)
FN:70,(anonymous_14)
FN:96,(anonymous_15)
FNF:7
FNH:0
FNDA:0,(anonymous_9)
FNDA:0,(anonymous_10)
FNDA:0,(anonymous_11)
FNDA:0,(anonymous_12)
FNDA:0,(anonymous_13)
FNDA:0,(anonymous_14)
FNDA:0,(anonymous_15)
DA:1,0
DA:2,0
DA:11,0
DA:12,0
DA:13,0
DA:14,0
DA:16,0
DA:17,0
DA:22,0
DA:23,0
DA:24,0
DA:27,0
DA:28,0
DA:30,0
DA:31,0
DA:33,0
DA:37,0
DA:38,0
DA:41,0
DA:42,0
DA:43,0
DA:44,0
DA:47,0
DA:70,0
DA:71,0
DA:78,0
DA:97,0
DA:120,0
LF:28
LH:0
BRDA:11,0,0,0
BRDA:17,1,0,0
BRDA:23,2,0,0
BRDA:30,3,0,0
BRDA:30,3,1,0
BRDA:42,4,0,0
BRDA:43,5,0,0
BRDA:58,6,0,0
BRDA:58,6,1,0
BRF:9
BRH:0
end_of_record
TN:
SF:src/modules/landing/components/BackgroundElements.tsx
FN:4,(anonymous_1)
FN:27,(anonymous_2)
FN:30,(anonymous_3)
FNF:3
FNH:0
FNDA:0,(anonymous_1)
FNDA:0,(anonymous_2)
FNDA:0,(anonymous_3)
DA:1,0
DA:2,0
DA:4,0
DA:5,0
DA:27,0
DA:28,0
DA:31,0
LF:7
LH:0
BRF:0
BRH:0
end_of_record
TN:
SF:src/modules/landing/components/BentoGridFeatures.tsx
FN:11,(anonymous_1)
FN:39,(anonymous_2)
FNF:2
FNH:0
FNDA:0,(anonymous_1)
FNDA:0,(anonymous_2)
DA:1,0
DA:2,0
DA:11,0
DA:12,0
DA:39,0
DA:40,0
LF:6
LH:0
BRDA:11,0,0,0
BRDA:11,1,0,0
BRF:2
BRH:0
end_of_record
TN:
SF:src/modules/landing/components/BusinessSection.tsx
FN:4,(anonymous_1)
FNF:1
FNH:0
FNDA:0,(anonymous_1)
DA:1,0
DA:2,0
DA:4,0
DA:5,0
LF:4
LH:0
BRF:0
BRH:0
end_of_record
TN:
SF:src/modules/landing/components/ComparisonSection.tsx
FN:4,(anonymous_1)
FN:49,(anonymous_2)
FN:61,(anonymous_3)
FN:74,(anonymous_4)
FN:87,(anonymous_5)
FN:100,(anonymous_6)
FN:116,(anonymous_7)
FNF:7
FNH:0
FNDA:0,(anonymous_1)
FNDA:0,(anonymous_2)
FNDA:0,(anonymous_3)
FNDA:0,(anonymous_4)
FNDA:0,(anonymous_5)
FNDA:0,(anonymous_6)
FNDA:0,(anonymous_7)
DA:1,0
DA:2,0
DA:4,0
DA:5,0
DA:11,0
DA:50,0
DA:62,0
DA:75,0
DA:88,0
DA:101,0
DA:117,0
DA:132,0
LF:12
LH:0
BRDA:63,0,0,0
BRDA:63,0,1,0
BRDA:76,1,0,0
BRDA:76,1,1,0
BRDA:89,2,0,0
BRDA:89,2,1,0
BRF:6
BRH:0
end_of_record
TN:
SF:src/modules/landing/components/FeaturesShowcase.tsx
FN:13,(anonymous_1)
FN:51,(anonymous_2)
FN:100,(anonymous_3)
FNF:3
FNH:0
FNDA:0,(anonymous_1)
FNDA:0,(anonymous_2)
FNDA:0,(anonymous_3)
DA:1,0
DA:2,0
DA:3,0
DA:13,0
DA:14,0
DA:51,0
DA:52,0
DA:79,0
DA:101,0
DA:113,0
LF:10
LH:0
BRDA:13,0,0,0
BRF:1
BRH:0
end_of_record
TN:
SF:src/modules/landing/components/FloatingOrbs.tsx
FN:4,(anonymous_1)
FN:15,(anonymous_2)
FNF:2
FNH:0
FNDA:0,(anonymous_1)
FNDA:0,(anonymous_2)
DA:1,0
DA:2,0
DA:4,0
DA:5,0
DA:13,0
DA:16,0
DA:39,0
LF:7
LH:0
BRF:0
BRH:0
end_of_record
TN:
SF:src/modules/landing/components/GlowFooter.tsx
FN:4,(anonymous_1)
FN:77,(anonymous_2)
FN:96,(anonymous_3)
FN:109,(anonymous_4)
FN:122,(anonymous_5)
FN:135,(anonymous_6)
FNF:6
FNH:0
FNDA:0,(anonymous_1)
FNDA:0,(anonymous_2)
FNDA:0,(anonymous_3)
FNDA:0,(anonymous_4)
FNDA:0,(anonymous_5)
FNDA:0,(anonymous_6)
DA:1,0
DA:2,0
DA:4,0
DA:5,0
DA:31,0
DA:39,0
DA:78,0
DA:97,0
DA:110,0
DA:123,0
DA:136,0
DA:169,0
LF:12
LH:0
BRF:0
BRH:0
end_of_record
TN:
SF:src/modules/landing/components/HeroSection.tsx
FN:10,(anonymous_9)
FN:24,(anonymous_10)
FN:27,(anonymous_11)
FN:34,(anonymous_12)
FN:39,(anonymous_13)
FN:44,(anonymous_14)
FN:45,(anonymous_15)
FN:47,(anonymous_16)
FN:52,(anonymous_17)
FN:76,(anonymous_18)
FN:132,(anonymous_19)
FN:205,(anonymous_20)
FN:206,(anonymous_21)
FN:225,(anonymous_22)
FN:246,(anonymous_23)
FN:266,(anonymous_24)
FN:344,(anonymous_25)
FN:357,(anonymous_26)
FN:401,(anonymous_27)
FN:404,(anonymous_28)
FN:425,(anonymous_29)
FN:430,(anonymous_30)
FNF:22
FNH:0
FNDA:0,(anonymous_9)
FNDA:0,(anonymous_10)
FNDA:0,(anonymous_11)
FNDA:0,(anonymous_12)
FNDA:0,(anonymous_13)
FNDA:0,(anonymous_14)
FNDA:0,(anonymous_15)
FNDA:0,(anonymous_16)
FNDA:0,(anonymous_17)
FNDA:0,(anonymous_18)
FNDA:0,(anonymous_19)
FNDA:0,(anonymous_20)
FNDA:0,(anonymous_21)
FNDA:0,(anonymous_22)
FNDA:0,(anonymous_23)
FNDA:0,(anonymous_24)
FNDA:0,(anonymous_25)
FNDA:0,(anonymous_26)
FNDA:0,(anonymous_27)
FNDA:0,(anonymous_28)
FNDA:0,(anonymous_29)
FNDA:0,(anonymous_30)
DA:1,0
DA:2,0
DA:10,0
DA:12,0
DA:13,0
DA:14,0
DA:15,0
DA:18,0
DA:21,0
DA:24,0
DA:25,0
DA:26,0
DA:27,0
DA:29,0
DA:34,0
DA:35,0
DA:36,0
DA:39,0
DA:40,0
DA:41,0
DA:44,0
DA:45,0
DA:46,0
DA:47,0
DA:48,0
DA:49,0
DA:50,0
DA:51,0
DA:52,0
DA:57,0
DA:62,0
DA:72,0
DA:76,0
DA:133,0
DA:206,0
DA:207,0
DA:208,0
DA:225,0
DA:246,0
DA:266,0
DA:345,0
DA:358,0
DA:402,0
DA:404,0
DA:426,0
DA:427,0
DA:430,0
LF:47
LH:0
BRDA:25,0,0,0
BRDA:26,1,0,0
BRDA:26,1,1,0
BRDA:36,2,0,0
BRDA:50,3,0,0
BRDA:51,4,0,0
BRDA:167,5,0,0
BRDA:167,5,1,0
BRDA:182,6,0,0
BRDA:182,6,1,0
BRDA:207,7,0,0
BRDA:208,8,0,0
BRDA:210,9,0,0
BRDA:210,9,1,0
BRDA:210,10,0,0
BRDA:210,10,1,0
BRDA:211,11,0,0
BRDA:211,11,1,0
BRDA:211,12,0,0
BRDA:211,12,1,0
BRDA:211,13,0,0
BRDA:211,13,1,0
BRDA:221,14,0,0
BRDA:221,14,1,0
BRDA:247,15,0,0
BRDA:247,15,1,0
BRDA:249,16,0,0
BRDA:249,16,1,0
BRDA:252,17,0,0
BRDA:252,17,1,0
BRDA:254,18,0,0
BRDA:254,18,1,0
BRDA:254,19,0,0
BRDA:254,19,1,0
BRDA:267,20,0,0
BRDA:267,20,1,0
BRDA:269,21,0,0
BRDA:269,21,1,0
BRDA:272,22,0,0
BRDA:272,22,1,0
BRDA:284,23,0,0
BRDA:284,23,1,0
BRDA:287,24,0,0
BRDA:287,24,1,0
BRDA:297,25,0,0
BRDA:297,25,1,0
BRDA:306,26,0,0
BRDA:306,26,1,0
BRDA:347,27,0,0
BRDA:347,27,1,0
BRDA:358,28,0,0
BRDA:358,28,1,0
BRDA:360,29,0,0
BRDA:360,29,1,0
BRDA:364,30,0,0
BRDA:364,30,1,0
BRDA:374,31,0,0
BRDA:374,31,1,0
BRDA:431,32,0,0
BRDA:431,32,1,0
BRDA:434,33,0,0
BRDA:434,33,1,0
BRDA:435,34,0,0
BRDA:435,34,1,0
BRDA:441,35,0,0
BRDA:441,35,1,0
BRDA:442,36,0,0
BRDA:442,36,1,0
BRDA:443,37,0,0
BRDA:443,37,1,0
BRDA:446,38,0,0
BRDA:446,38,1,0
BRDA:446,39,0,0
BRDA:446,39,1,0
BRDA:450,40,0,0
BRDA:450,40,1,0
BRDA:450,40,2,0
BRF:77
BRH:0
end_of_record
TN:
SF:src/modules/landing/components/PremiumTestimonials.tsx
FN:12,(anonymous_9)
FN:25,(anonymous_10)
FN:38,(anonymous_11)
FN:48,(anonymous_12)
FN:83,(anonymous_13)
FN:122,(anonymous_14)
FN:168,(anonymous_15)
FNF:7
FNH:0
FNDA:0,(anonymous_9)
FNDA:0,(anonymous_10)
FNDA:0,(anonymous_11)
FNDA:0,(anonymous_12)
FNDA:0,(anonymous_13)
FNDA:0,(anonymous_14)
FNDA:0,(anonymous_15)
DA:1,0
DA:2,0
DA:12,0
DA:13,0
DA:14,0
DA:16,0
DA:17,0
DA:19,0
DA:20,0
DA:22,0
DA:23,0
DA:25,0
DA:26,0
DA:27,0
DA:28,0
DA:29,0
DA:30,0
DA:31,0
DA:32,0
DA:33,0
DA:34,0
DA:35,0
DA:38,0
DA:39,0
DA:40,0
DA:41,0
DA:44,0
DA:48,0
DA:84,0
DA:122,0
DA:123,0
DA:147,0
DA:169,0
DA:177,0
LF:34
LH:0
BRDA:26,0,0,0
BRDA:69,1,0,0
BRDA:69,1,1,0
BRDA:86,2,0,0
BRDA:86,2,1,0
BRF:5
BRH:0
end_of_record
TN:
SF:src/modules/landing/components/StoreBadges.tsx
FN:3,(anonymous_1)
FN:13,(anonymous_2)
FNF:2
FNH:0
FNDA:0,(anonymous_1)
FNDA:0,(anonymous_2)
DA:1,0
DA:3,0
DA:4,0
DA:13,0
DA:14,0
LF:5
LH:0
BRF:0
BRH:0
end_of_record
TN:
SF:src/modules/landing/components/TiltCard.tsx
FN:4,(anonymous_1)
FN:14,(anonymous_2)
FN:24,(anonymous_3)
FNF:3
FNH:0
FNDA:0,(anonymous_1)
FNDA:0,(anonymous_2)
FNDA:0,(anonymous_3)
DA:1,0
DA:2,0
DA:4,0
DA:5,0
DA:6,0
DA:8,0
DA:9,0
DA:11,0
DA:12,0
DA:14,0
DA:15,0
DA:16,0
DA:17,0
DA:18,0
DA:19,0
DA:20,0
DA:21,0
DA:24,0
DA:25,0
DA:26,0
DA:29,0
LF:21
LH:0
BRF:0
BRH:0
end_of_record
TN:
SF:src/modules/landing/components/TrustSection.tsx
FN:4,(anonymous_1)
FN:15,(anonymous_2)
FN:21,(anonymous_3)
FN:36,(anonymous_4)
FNF:4
FNH:0
FNDA:0,(anonymous_1)
FNDA:0,(anonymous_2)
FNDA:0,(anonymous_3)
FNDA:0,(anonymous_4)
DA:1,0
DA:2,0
DA:4,0
DA:5,0
DA:16,0
DA:22,0
DA:37,0
LF:7
LH:0
BRF:0
BRH:0
end_of_record
TN:
SF:src/modules/landing/components/USPShowcase.tsx
FN:4,(anonymous_1)
FN:75,(anonymous_2)
FNF:2
FNH:0
FNDA:0,(anonymous_1)
FNDA:0,(anonymous_2)
DA:1,0
DA:2,0
DA:4,0
DA:5,0
DA:44,0
DA:76,0
DA:144,0
LF:7
LH:0
BRF:0
BRH:0
end_of_record
TN:
SF:src/modules/landing/components/WhatsAppButton.tsx
FN:4,(anonymous_1)
FNF:1
FNH:0
FNDA:0,(anonymous_1)
DA:1,0
DA:2,0
DA:4,0
DA:5,0
LF:4
LH:0
BRF:0
BRH:0
end_of_record
TN:
SF:src/modules/media/MediaStudio.tsx
FN:4,(anonymous_9)
FN:15,(anonymous_10)
FN:22,(anonymous_11)
FN:26,(anonymous_12)
FN:30,(anonymous_13)
FN:43,(anonymous_14)
FN:100,(anonymous_15)
FN:103,(anonymous_16)
FN:143,(anonymous_17)
FN:185,(anonymous_18)
FN:209,(anonymous_19)
FNF:11
FNH:0
FNDA:0,(anonymous_9)
FNDA:0,(anonymous_10)
FNDA:0,(anonymous_11)
FNDA:0,(anonymous_12)
FNDA:0,(anonymous_13)
FNDA:0,(anonymous_14)
FNDA:0,(anonymous_15)
FNDA:0,(anonymous_16)
FNDA:0,(anonymous_17)
FNDA:0,(anonymous_18)
FNDA:0,(anonymous_19)
DA:1,0
DA:2,0
DA:4,0
DA:5,0
DA:8,0
DA:9,0
DA:10,0
DA:11,0
DA:12,0
DA:15,0
DA:16,0
DA:17,0
DA:18,0
DA:19,0
DA:22,0
DA:23,0
DA:26,0
DA:27,0
DA:30,0
DA:31,0
DA:32,0
DA:33,0
DA:34,0
DA:35,0
DA:39,0
DA:43,0
DA:44,0
DA:46,0
DA:47,0
DA:48,0
DA:51,0
DA:52,0
DA:53,0
DA:54,0
DA:55,0
DA:56,0
DA:57,0
DA:61,0
DA:64,0
DA:65,0
DA:66,0
DA:67,0
DA:68,0
DA:70,0
DA:73,0
DA:75,0
DA:79,0
DA:101,0
DA:103,0
DA:144,0
DA:186,0
DA:209,0
DA:308,0
LF:53
LH:0
BRDA:18,0,0,0
BRDA:19,1,0,0
BRDA:23,2,0,0
BRDA:31,3,0,0
BRDA:44,4,0,0
BRDA:53,5,0,0
BRDA:55,6,0,0
BRDA:67,7,0,0
BRDA:67,7,1,0
BRDA:105,8,0,0
BRDA:105,8,1,0
BRDA:110,9,0,0
BRDA:110,9,1,0
BRDA:114,10,0,0
BRDA:114,10,1,0
BRDA:114,11,0,0
BRDA:114,11,1,0
BRDA:115,12,0,0
BRDA:115,12,1,0
BRDA:115,13,0,0
BRDA:115,13,1,0
BRDA:122,14,0,0
BRDA:122,14,1,0
BRDA:159,15,0,0
BRDA:159,15,1,0
BRDA:203,16,0,0
BRDA:203,16,1,0
BRDA:217,17,0,0
BRDA:217,17,1,0
BRDA:220,18,0,0
BRDA:220,18,1,0
BRDA:229,19,0,0
BRDA:229,19,1,0
BRDA:231,20,0,0
BRDA:231,20,1,0
BRDA:236,21,0,0
BRDA:236,21,1,0
BRDA:249,22,0,0
BRDA:249,22,1,0
BRDA:258,23,0,0
BRDA:258,23,1,0
BRDA:277,24,0,0
BRDA:277,24,1,0
BRF:43
BRH:0
end_of_record
TN:
SF:src/modules/profile/Profile.tsx
FN:12,(anonymous_9)
FN:20,(anonymous_10)
FN:25,(anonymous_11)
FN:27,(anonymous_12)
FN:36,(anonymous_13)
FN:56,(anonymous_14)
FN:59,(anonymous_15)
FN:67,(anonymous_16)
FN:68,(anonymous_17)
FN:91,(anonymous_18)
FN:121,(anonymous_19)
FN:249,(anonymous_20)
FN:250,(anonymous_21)
FN:259,(anonymous_22)
FN:260,(anonymous_23)
FN:267,(anonymous_24)
FN:271,(anonymous_25)
FNF:17
FNH:0
FNDA:0,(anonymous_9)
FNDA:0,(anonymous_10)
FNDA:0,(anonymous_11)
FNDA:0,(anonymous_12)
FNDA:0,(anonymous_13)
FNDA:0,(anonymous_14)
FNDA:0,(anonymous_15)
FNDA:0,(anonymous_16)
FNDA:0,(anonymous_17)
FNDA:0,(anonymous_18)
FNDA:0,(anonymous_19)
FNDA:0,(anonymous_20)
FNDA:0,(anonymous_21)
FNDA:0,(anonymous_22)
FNDA:0,(anonymous_23)
FNDA:0,(anonymous_24)
FNDA:0,(anonymous_25)
DA:2,0
DA:4,0
DA:12,0
DA:13,0
DA:14,0
DA:15,0
DA:16,0
DA:17,0
DA:18,0
DA:20,0
DA:21,0
DA:22,0
DA:25,0
DA:27,0
DA:28,0
DA:29,0
DA:30,0
DA:32,0
DA:36,0
DA:37,0
DA:38,0
DA:39,0
DA:42,0
DA:56,0
DA:59,0
DA:67,0
DA:68,0
DA:91,0
DA:121,0
DA:249,0
DA:250,0
DA:259,0
DA:260,0
DA:268,0
DA:271,0
DA:293,0
LF:36
LH:0
BRDA:32,0,0,0
BRDA:32,0,1,0
BRDA:55,1,0,0
BRDA:55,1,1,0
BRDA:67,2,0,0
BRDA:67,2,1,0
BRDA:68,3,0,0
BRDA:68,3,1,0
BRDA:71,4,0,0
BRDA:71,4,1,0
BRDA:83,5,0,0
BRDA:83,5,1,0
BRDA:110,6,0,0
BRDA:110,6,1,0
BRDA:172,7,0,0
BRDA:172,7,1,0
BRDA:248,8,0,0
BRDA:248,8,1,0
BRDA:256,9,0,0
BRDA:256,9,1,0
BRDA:263,10,0,0
BRDA:263,10,1,0
BRDA:274,11,0,0
BRDA:274,11,1,0
BRDA:280,12,0,0
BRDA:280,12,1,0
BRF:26
BRH:0
end_of_record
TN:
SF:src/modules/quran/AnimatedBismillah.tsx
FN:4,(anonymous_9)
FN:7,(anonymous_10)
FN:9,(anonymous_11)
FN:10,(anonymous_12)
FNF:4
FNH:0
FNDA:0,(anonymous_9)
FNDA:0,(anonymous_10)
FNDA:0,(anonymous_11)
FNDA:0,(anonymous_12)
DA:1,0
DA:2,0
DA:4,0
DA:5,0
DA:7,0
DA:9,0
DA:10,0
DA:13,0
DA:89,0
LF:9
LH:0
BRDA:42,0,0,0
BRDA:42,0,1,0
BRDA:62,1,0,0
BRDA:62,1,1,0
BRDA:78,2,0,0
BRDA:78,2,1,0
BRF:6
BRH:0
end_of_record
TN:
SF:src/modules/quran/BookmarkCollectionsModal.tsx
FN:29,(anonymous_9)
FN:41,(anonymous_10)
FN:56,(anonymous_11)
FN:69,(anonymous_12)
FN:75,(anonymous_13)
FN:94,(anonymous_14)
FN:98,(anonymous_15)
FN:103,(anonymous_16)
FN:106,(anonymous_17)
FN:121,(anonymous_18)
FN:122,(anonymous_19)
FN:124,(anonymous_20)
FN:133,(anonymous_21)
FN:134,(anonymous_22)
FN:166,(anonymous_23)
FN:190,(anonymous_24)
FN:197,(anonymous_25)
FN:216,(anonymous_26)
FN:228,(anonymous_27)
FN:231,(anonymous_28)
FN:249,(anonymous_29)
FN:252,(anonymous_30)
FN:265,(anonymous_31)
FN:282,(anonymous_32)
FN:293,(anonymous_33)
FN:309,(anonymous_34)
FN:322,(anonymous_35)
FNF:27
FNH:0
FNDA:0,(anonymous_9)
FNDA:0,(anonymous_10)
FNDA:0,(anonymous_11)
FNDA:0,(anonymous_12)
FNDA:0,(anonymous_13)
FNDA:0,(anonymous_14)
FNDA:0,(anonymous_15)
FNDA:0,(anonymous_16)
FNDA:0,(anonymous_17)
FNDA:0,(anonymous_18)
FNDA:0,(anonymous_19)
FNDA:0,(anonymous_20)
FNDA:0,(anonymous_21)
FNDA:0,(anonymous_22)
FNDA:0,(anonymous_23)
FNDA:0,(anonymous_24)
FNDA:0,(anonymous_25)
FNDA:0,(anonymous_26)
FNDA:0,(anonymous_27)
FNDA:0,(anonymous_28)
FNDA:0,(anonymous_29)
FNDA:0,(anonymous_30)
FNDA:0,(anonymous_31)
FNDA:0,(anonymous_32)
FNDA:0,(anonymous_33)
FNDA:0,(anonymous_34)
FNDA:0,(anonymous_35)
DA:1,0
DA:2,0
DA:21,0
DA:27,0
DA:29,0
DA:30,0
DA:31,0
DA:32,0
DA:33,0
DA:36,0
DA:38,0
DA:41,0
DA:42,0
DA:45,0
DA:54,0
DA:56,0
DA:62,0
DA:63,0
DA:64,0
DA:65,0
DA:66,0
DA:67,0
DA:69,0
DA:70,0
DA:71,0
DA:75,0
DA:76,0
DA:78,0
DA:87,0
DA:88,0
DA:89,0
DA:90,0
DA:91,0
DA:94,0
DA:95,0
DA:96,0
DA:98,0
DA:99,0
DA:100,0
DA:103,0
DA:104,0
DA:106,0
DA:107,0
DA:108,0
DA:109,0
DA:112,0
DA:115,0
DA:116,0
DA:117,0
DA:118,0
DA:121,0
DA:122,0
DA:123,0
DA:124,0
DA:126,0
DA:129,0
DA:130,0
DA:133,0
DA:134,0
DA:137,0
DA:166,0
DA:191,0
DA:197,0
DA:216,0
DA:229,0
DA:231,0
DA:250,0
DA:252,0
DA:265,0
DA:283,0
DA:284,0
DA:286,0
DA:293,0
DA:309,0
DA:322,0
DA:349,0
LF:76
LH:0
BRDA:32,0,0,0
BRDA:70,1,0,0
BRDA:76,2,0,0
BRDA:95,3,0,0
BRDA:95,4,0,0
BRDA:95,4,1,0
BRDA:95,4,2,0
BRDA:104,5,0,0
BRDA:107,6,0,0
BRDA:108,7,0,0
BRDA:123,8,0,0
BRDA:134,9,0,0
BRDA:134,9,1,0
BRDA:139,10,0,0
BRDA:139,10,1,0
BRDA:163,11,0,0
BRDA:163,11,1,0
BRDA:166,12,0,0
BRDA:166,12,1,0
BRDA:169,13,0,0
BRDA:169,13,1,0
BRDA:172,14,0,0
BRDA:172,14,1,0
BRDA:172,14,2,0
BRDA:181,15,0,0
BRDA:181,15,1,0
BRDA:184,16,0,0
BRDA:184,16,1,0
BRDA:206,17,0,0
BRDA:206,17,1,0
BRDA:233,18,0,0
BRDA:233,18,1,0
BRDA:254,19,0,0
BRDA:254,19,1,0
BRDA:284,20,0,0
BRDA:284,20,1,0
BRDA:293,21,0,0
BRDA:293,21,1,0
BRDA:303,22,0,0
BRDA:303,22,1,0
BRDA:303,22,2,0
BRDA:307,23,0,0
BRDA:307,23,1,0
BRDA:307,23,2,0
BRDA:307,23,3,0
BRDA:307,23,4,0
BRF:46
BRH:0
end_of_record
TN:
SF:src/modules/quran/GoToVerseModal.tsx
FN:12,(anonymous_9)
FN:22,(anonymous_10)
FN:37,(anonymous_11)
FN:86,(anonymous_12)
FN:106,(anonymous_13)
FN:107,(anonymous_14)
FN:111,(anonymous_15)
FNF:7
FNH:0
FNDA:0,(anonymous_9)
FNDA:0,(anonymous_10)
FNDA:0,(anonymous_11)
FNDA:0,(anonymous_12)
FNDA:0,(anonymous_13)
FNDA:0,(anonymous_14)
FNDA:0,(anonymous_15)
DA:1,0
DA:2,0
DA:12,0
DA:19,0
DA:20,0
DA:22,0
DA:23,0
DA:24,0
DA:26,0
DA:27,0
DA:28,0
DA:31,0
DA:32,0
DA:33,0
DA:34,0
DA:37,0
DA:38,0
DA:39,0
DA:42,0
DA:87,0
DA:88,0
DA:106,0
DA:108,0
DA:111,0
DA:145,0
LF:25
LH:0
BRDA:26,0,0,0
BRDA:26,1,0,0
BRDA:26,1,1,0
BRDA:26,1,2,0
BRDA:44,2,0,0
BRDA:44,2,1,0
BRDA:94,3,0,0
BRDA:94,3,1,0
BRDA:106,4,0,0
BRDA:106,4,1,0
BRF:10
BRH:0
end_of_record
TN:
SF:src/modules/quran/HafazanMode.tsx
FN:11,(anonymous_9)
FN:19,(anonymous_10)
FN:32,(anonymous_11)
FN:34,(anonymous_12)
FN:35,(anonymous_13)
FN:39,(anonymous_14)
FN:44,(anonymous_15)
FN:74,(anonymous_16)
FN:92,(anonymous_17)
FNF:9
FNH:0
FNDA:0,(anonymous_9)
FNDA:0,(anonymous_10)
FNDA:0,(anonymous_11)
FNDA:0,(anonymous_12)
FNDA:0,(anonymous_13)
FNDA:0,(anonymous_14)
FNDA:0,(anonymous_15)
FNDA:0,(anonymous_16)
FNDA:0,(anonymous_17)
DA:1,0
DA:2,0
DA:11,0
DA:12,0
DA:13,0
DA:15,0
DA:16,0
DA:19,0
DA:20,0
DA:21,0
DA:22,0
DA:23,0
DA:24,0
DA:25,0
DA:26,0
DA:30,0
DA:32,0
DA:33,0
DA:34,0
DA:35,0
DA:39,0
DA:40,0
DA:41,0
DA:44,0
DA:45,0
DA:46,0
DA:49,0
DA:75,0
DA:93,0
DA:167,0
LF:30
LH:0
BRDA:20,0,0,0
BRDA:20,0,1,0
BRDA:20,0,2,0
BRDA:20,0,3,0
BRDA:20,0,4,0
BRDA:20,0,5,0
BRDA:33,1,0,0
BRDA:45,2,0,0
BRDA:79,3,0,0
BRDA:79,3,1,0
BRDA:80,4,0,0
BRDA:80,4,1,0
BRDA:96,5,0,0
BRDA:96,5,1,0
BRDA:117,6,0,0
BRDA:117,6,1,0
BRF:16
BRH:0
end_of_record
TN:
SF:src/modules/quran/QuranAudioPlayer.tsx
FN:11,(anonymous_9)
FN:35,(anonymous_10)
FN:39,(anonymous_11)
FN:47,(anonymous_12)
FN:54,(anonymous_13)
FN:60,(anonymous_14)
FN:80,(anonymous_15)
FN:124,(anonymous_16)
FN:161,(anonymous_17)
FNF:9
FNH:0
FNDA:0,(anonymous_9)
FNDA:0,(anonymous_10)
FNDA:0,(anonymous_11)
FNDA:0,(anonymous_12)
FNDA:0,(anonymous_13)
FNDA:0,(anonymous_14)
FNDA:0,(anonymous_15)
FNDA:0,(anonymous_16)
FNDA:0,(anonymous_17)
DA:1,0
DA:2,0
DA:3,0
DA:11,0
DA:28,0
DA:31,0
DA:32,0
DA:35,0
DA:36,0
DA:38,0
DA:39,0
DA:40,0
DA:42,0
DA:43,0
DA:44,0
DA:47,0
DA:48,0
DA:52,0
DA:54,0
DA:55,0
DA:56,0
DA:57,0
DA:60,0
DA:61,0
DA:62,0
DA:63,0
DA:64,0
DA:67,0
DA:80,0
DA:124,0
DA:161,0
DA:230,0
LF:32
LH:0
BRDA:36,0,0,0
BRDA:38,1,0,0
BRDA:38,1,1,0
BRDA:38,2,0,0
BRDA:38,2,1,0
BRDA:43,3,0,0
BRDA:48,4,0,0
BRDA:52,5,0,0
BRDA:70,6,0,0
BRDA:70,6,1,0
BRDA:153,7,0,0
BRDA:153,7,1,0
BRDA:161,8,0,0
BRDA:161,8,1,0
BRDA:161,9,0,0
BRDA:161,9,1,0
BRDA:161,10,0,0
BRDA:161,10,1,0
BRDA:169,11,0,0
BRDA:169,11,1,0
BRDA:184,12,0,0
BRDA:184,12,1,0
BRDA:185,13,0,0
BRDA:185,13,1,0
BRDA:189,14,0,0
BRDA:189,14,1,0
BRDA:198,15,0,0
BRDA:198,15,1,0
BRF:28
BRH:0
end_of_record
TN:
SF:src/modules/quran/QuranDisplaySettings.tsx
FN:61,(anonymous_9)
FN:103,(anonymous_10)
FN:117,(anonymous_11)
FN:150,(anonymous_12)
FN:185,(anonymous_13)
FN:224,(anonymous_14)
FN:240,(anonymous_15)
FN:249,(anonymous_16)
FN:265,(anonymous_17)
FN:266,(anonymous_18)
FN:277,(anonymous_19)
FN:278,(anonymous_20)
FN:286,(anonymous_21)
FN:287,(anonymous_22)
FN:295,(anonymous_23)
FN:296,(anonymous_24)
FN:366,(anonymous_25)
FN:378,(anonymous_26)
FN:405,(anonymous_27)
FN:413,(anonymous_28)
FN:416,(anonymous_29)
FNF:21
FNH:0
FNDA:0,(anonymous_9)
FNDA:0,(anonymous_10)
FNDA:0,(anonymous_11)
FNDA:0,(anonymous_12)
FNDA:0,(anonymous_13)
FNDA:0,(anonymous_14)
FNDA:0,(anonymous_15)
FNDA:0,(anonymous_16)
FNDA:0,(anonymous_17)
FNDA:0,(anonymous_18)
FNDA:0,(anonymous_19)
FNDA:0,(anonymous_20)
FNDA:0,(anonymous_21)
FNDA:0,(anonymous_22)
FNDA:0,(anonymous_23)
FNDA:0,(anonymous_24)
FNDA:0,(anonymous_25)
FNDA:0,(anonymous_26)
FNDA:0,(anonymous_27)
FNDA:0,(anonymous_28)
FNDA:0,(anonymous_29)
DA:1,0
DA:2,0
DA:3,0
DA:37,0
DA:61,0
DA:78,0
DA:103,0
DA:104,0
DA:117,0
DA:140,0
DA:141,0
DA:143,0
DA:150,0
DA:152,0
DA:185,0
DA:224,0
DA:240,0
DA:249,0
DA:265,0
DA:266,0
DA:277,0
DA:278,0
DA:286,0
DA:287,0
DA:295,0
DA:296,0
DA:366,0
DA:378,0
DA:405,0
DA:414,0
DA:416,0
DA:446,0
LF:32
LH:0
BRDA:68,0,0,0
BRDA:81,1,0,0
BRDA:81,1,1,0
BRDA:94,2,0,0
BRDA:94,2,1,0
BRDA:97,3,0,0
BRDA:97,3,1,0
BRDA:107,4,0,0
BRDA:107,4,1,0
BRDA:127,5,0,0
BRDA:129,6,0,0
BRDA:131,7,0,0
BRDA:133,8,0,0
BRDA:135,9,0,0
BRDA:137,10,0,0
BRDA:150,11,0,0
BRDA:150,11,1,0
BRDA:170,12,0,0
BRDA:170,12,1,0
BRDA:195,13,0,0
BRDA:195,13,1,0
BRDA:230,14,0,0
BRDA:230,14,1,0
BRDA:233,15,0,0
BRDA:233,15,1,0
BRDA:238,16,0,0
BRDA:238,16,1,0
BRDA:250,17,0,0
BRDA:250,17,1,0
BRDA:252,18,0,0
BRDA:252,18,1,0
BRDA:257,19,0,0
BRDA:257,19,1,0
BRDA:306,20,0,0
BRDA:306,20,1,0
BRDA:368,21,0,0
BRDA:368,21,1,0
BRDA:373,22,0,0
BRDA:373,22,1,0
BRDA:418,23,0,0
BRDA:418,23,1,0
BRDA:424,24,0,0
BRDA:424,24,1,0
BRDA:429,25,0,0
BRDA:429,25,1,0
BRDA:432,26,0,0
BRDA:432,26,1,0
BRF:47
BRH:0
end_of_record
TN:
SF:src/modules/quran/QuranHeader.tsx
FN:23,(anonymous_1)
FNF:1
FNH:0
FNDA:0,(anonymous_1)
DA:1,0
DA:3,0
DA:23,0
DA:40,0
DA:141,0
LF:5
LH:0
BRDA:30,0,0,0
BRDA:38,1,0,0
BRDA:52,2,0,0
BRDA:52,2,1,0
BRDA:69,3,0,0
BRDA:69,3,1,0
BRDA:76,4,0,0
BRDA:76,4,1,0
BRDA:79,5,0,0
BRDA:79,5,1,0
BRDA:80,6,0,0
BRDA:80,6,1,0
BRDA:82,7,0,0
BRDA:82,7,1,0
BRDA:95,8,0,0
BRDA:95,8,1,0
BRDA:132,9,0,0
BRDA:132,9,1,0
BRF:18
BRH:0
end_of_record
TN:
SF:src/modules/quran/QuranList.tsx
FN:19,(anonymous_1)
FN:32,(anonymous_2)
FN:44,(anonymous_3)
FN:76,(anonymous_4)
FN:80,(anonymous_5)
FN:95,(anonymous_6)
FN:105,(anonymous_7)
FN:120,(anonymous_8)
FN:145,(anonymous_9)
FN:152,(anonymous_10)
FN:153,(anonymous_11)
FN:183,(anonymous_12)
FN:189,(anonymous_13)
FNF:13
FNH:0
FNDA:0,(anonymous_1)
FNDA:0,(anonymous_2)
FNDA:0,(anonymous_3)
FNDA:0,(anonymous_4)
FNDA:0,(anonymous_5)
FNDA:0,(anonymous_6)
FNDA:0,(anonymous_7)
FNDA:0,(anonymous_8)
FNDA:0,(anonymous_9)
FNDA:0,(anonymous_10)
FNDA:0,(anonymous_11)
FNDA:0,(anonymous_12)
FNDA:0,(anonymous_13)
DA:1,0
DA:2,0
DA:19,0
DA:20,0
DA:32,0
DA:44,0
DA:45,0
DA:49,0
DA:76,0
DA:80,0
DA:95,0
DA:105,0
DA:120,0
DA:146,0
DA:153,0
DA:154,0
DA:184,0
DA:189,0
DA:255,0
LF:19
LH:0
BRDA:34,0,0,0
BRDA:45,1,0,0
BRDA:45,1,1,0
BRDA:45,2,0,0
BRDA:45,2,1,0
BRDA:46,3,0,0
BRDA:46,3,1,0
BRDA:71,4,0,0
BRDA:71,4,1,0
BRDA:77,5,0,0
BRDA:77,5,1,0
BRDA:80,6,0,0
BRDA:80,6,1,0
BRDA:80,6,2,0
BRDA:82,7,0,0
BRDA:82,7,1,0
BRDA:82,7,2,0
BRDA:97,8,0,0
BRDA:97,8,1,0
BRDA:107,9,0,0
BRDA:107,9,1,0
BRDA:118,10,0,0
BRDA:118,10,1,0
BRDA:125,11,0,0
BRDA:125,11,1,0
BRDA:125,11,2,0
BRDA:135,12,0,0
BRDA:135,12,1,0
BRDA:135,12,2,0
BRDA:154,13,0,0
BRDA:177,14,0,0
BRDA:177,14,1,0
BRDA:177,14,2,0
BRDA:229,15,0,0
BRDA:229,15,1,0
BRDA:244,16,0,0
BRDA:244,16,1,0
BRDA:244,16,2,0
BRDA:244,16,3,0
BRF:39
BRH:0
end_of_record
TN:
SF:src/modules/quran/QuranReader.tsx
FN:10,(anonymous_10)
FN:67,(anonymous_11)
FN:75,(anonymous_12)
FN:93,(anonymous_13)
FN:96,(anonymous_14)
FN:97,(anonymous_15)
FN:98,(anonymous_16)
FN:99,(anonymous_17)
FN:103,(anonymous_18)
FN:105,(anonymous_19)
FN:124,(anonymous_20)
FN:134,(anonymous_21)
FN:150,(anonymous_22)
FN:151,(anonymous_23)
FN:156,(anonymous_24)
FN:157,(anonymous_25)
FN:158,(anonymous_26)
FN:159,(anonymous_27)
FN:163,(anonymous_28)
FN:164,(anonymous_29)
FN:165,(anonymous_30)
FN:166,(anonymous_31)
FNF:22
FNH:0
FNDA:0,(anonymous_10)
FNDA:0,(anonymous_11)
FNDA:0,(anonymous_12)
FNDA:0,(anonymous_13)
FNDA:0,(anonymous_14)
FNDA:0,(anonymous_15)
FNDA:0,(anonymous_16)
FNDA:0,(anonymous_17)
FNDA:0,(anonymous_18)
FNDA:0,(anonymous_19)
FNDA:0,(anonymous_20)
FNDA:0,(anonymous_21)
FNDA:0,(anonymous_22)
FNDA:0,(anonymous_23)
FNDA:0,(anonymous_24)
FNDA:0,(anonymous_25)
FNDA:0,(anonymous_26)
FNDA:0,(anonymous_27)
FNDA:0,(anonymous_28)
FNDA:0,(anonymous_29)
FNDA:0,(anonymous_30)
FNDA:0,(anonymous_31)
DA:1,0
DA:2,0
DA:3,0
DA:4,0
DA:5,0
DA:6,0
DA:7,0
DA:8,0
DA:10,0
DA:49,0
DA:56,0
DA:64,0
DA:67,0
DA:68,0
DA:70,0
DA:75,0
DA:76,0
DA:79,0
DA:86,0
DA:88,0
DA:94,0
DA:96,0
DA:97,0
DA:98,0
DA:99,0
DA:103,0
DA:105,0
DA:125,0
DA:135,0
DA:150,0
DA:152,0
DA:153,0
DA:156,0
DA:157,0
DA:158,0
DA:160,0
DA:161,0
DA:163,0
DA:164,0
DA:165,0
DA:166,0
DA:183,0
LF:42
LH:0
BRDA:68,0,0,0
BRDA:79,1,0,0
BRDA:117,2,0,0
BRDA:117,2,1,0
BRDA:117,2,2,0
BRDA:121,3,0,0
BRDA:121,3,1,0
BRDA:140,4,0,0
BRDA:140,4,1,0
BRDA:141,5,0,0
BRDA:141,5,1,0
BRDA:142,6,0,0
BRDA:142,6,1,0
BRDA:145,7,0,0
BRDA:145,7,1,0
BRDA:146,8,0,0
BRDA:146,8,1,0
BRDA:147,9,0,0
BRDA:147,9,1,0
BRDA:149,10,0,0
BRDA:149,10,1,0
BRDA:152,11,0,0
BRF:22
BRH:0
end_of_record
TN:
SF:src/modules/quran/QuranVerseCard.tsx
FN:36,(anonymous_10)
FN:37,(anonymous_11)
FN:40,(anonymous_12)
FN:77,(anonymous_13)
FN:77,(anonymous_14)
FN:80,(anonymous_15)
FN:83,(anonymous_16)
FN:95,(anonymous_17)
FN:104,(anonymous_18)
FN:110,(anonymous_19)
FN:112,(anonymous_20)
FN:123,(anonymous_21)
FN:163,(anonymous_22)
FN:209,(anonymous_23)
FN:219,(anonymous_24)
FN:220,(anonymous_25)
FN:221,(anonymous_26)
FN:223,(anonymous_27)
FN:239,(anonymous_28)
FN:248,(anonymous_29)
FN:251,(anonymous_30)
FN:258,(anonymous_31)
FN:326,(anonymous_32)
FN:326,(anonymous_33)
FN:337,(anonymous_34)
FN:393,(anonymous_35)
FN:407,(anonymous_36)
FN:410,(anonymous_37)
FN:445,(anonymous_38)
FN:459,(anonymous_39)
FNF:30
FNH:0
FNDA:0,(anonymous_10)
FNDA:0,(anonymous_11)
FNDA:0,(anonymous_12)
FNDA:0,(anonymous_13)
FNDA:0,(anonymous_14)
FNDA:0,(anonymous_15)
FNDA:0,(anonymous_16)
FNDA:0,(anonymous_17)
FNDA:0,(anonymous_18)
FNDA:0,(anonymous_19)
FNDA:0,(anonymous_20)
FNDA:0,(anonymous_21)
FNDA:0,(anonymous_22)
FNDA:0,(anonymous_23)
FNDA:0,(anonymous_24)
FNDA:0,(anonymous_25)
FNDA:0,(anonymous_26)
FNDA:0,(anonymous_27)
FNDA:0,(anonymous_28)
FNDA:0,(anonymous_29)
FNDA:0,(anonymous_30)
FNDA:0,(anonymous_31)
FNDA:0,(anonymous_32)
FNDA:0,(anonymous_33)
FNDA:0,(anonymous_34)
FNDA:0,(anonymous_35)
FNDA:0,(anonymous_36)
FNDA:0,(anonymous_37)
FNDA:0,(anonymous_38)
FNDA:0,(anonymous_39)
DA:1,0
DA:2,0
DA:4,0
DA:5,0
DA:6,0
DA:7,0
DA:8,0
DA:36,0
DA:37,0
DA:40,0
DA:65,0
DA:66,0
DA:67,0
DA:68,0
DA:69,0
DA:70,0
DA:71,0
DA:74,0
DA:77,0
DA:80,0
DA:83,0
DA:86,0
DA:87,0
DA:88,0
DA:89,0
DA:90,0
DA:93,0
DA:95,0
DA:96,0
DA:97,0
DA:99,0
DA:104,0
DA:105,0
DA:106,0
DA:107,0
DA:110,0
DA:111,0
DA:112,0
DA:113,0
DA:115,0
DA:116,0
DA:121,0
DA:123,0
DA:124,0
DA:125,0
DA:128,0
DA:163,0
DA:209,0
DA:219,0
DA:249,0
DA:252,0
DA:258,0
DA:326,0
DA:327,0
DA:337,0
DA:393,0
DA:408,0
DA:410,0
DA:446,0
DA:459,0
DA:487,0
LF:61
LH:0
BRDA:47,0,0,0
BRDA:52,1,0,0
BRDA:53,2,0,0
BRDA:77,3,0,0
BRDA:77,3,1,0
BRDA:96,4,0,0
BRDA:96,4,1,0
BRDA:111,5,0,0
BRDA:111,5,1,0
BRDA:121,6,0,0
BRDA:121,6,1,0
BRDA:124,7,0,0
BRDA:124,7,1,0
BRDA:134,8,0,0
BRDA:134,8,1,0
BRDA:145,9,0,0
BRDA:145,9,1,0
BRDA:148,10,0,0
BRDA:148,10,1,0
BRDA:153,11,0,0
BRDA:153,11,1,0
BRDA:170,12,0,0
BRDA:170,12,1,0
BRDA:175,13,0,0
BRDA:175,13,1,0
BRDA:175,14,0,0
BRDA:175,14,1,0
BRDA:178,15,0,0
BRDA:178,15,1,0
BRDA:192,16,0,0
BRDA:192,16,1,0
BRDA:192,16,2,0
BRDA:196,17,0,0
BRDA:196,17,1,0
BRDA:200,18,0,0
BRDA:200,18,1,0
BRDA:202,19,0,0
BRDA:202,19,1,0
BRDA:210,20,0,0
BRDA:210,20,1,0
BRDA:220,21,0,0
BRDA:220,21,1,0
BRDA:221,22,0,0
BRDA:221,22,1,0
BRDA:223,23,0,0
BRDA:223,23,1,0
BRDA:245,24,0,0
BRDA:245,24,1,0
BRDA:245,25,0,0
BRDA:245,25,1,0
BRDA:245,25,2,0
BRDA:260,26,0,0
BRDA:260,26,1,0
BRDA:268,27,0,0
BRDA:268,27,1,0
BRDA:270,28,0,0
BRDA:270,28,1,0
BRDA:282,29,0,0
BRDA:282,29,1,0
BRDA:284,30,0,0
BRDA:284,30,1,0
BRDA:330,31,0,0
BRDA:330,31,1,0
BRDA:334,32,0,0
BRDA:334,32,1,0
BRDA:372,33,0,0
BRDA:372,33,1,0
BRDA:377,34,0,0
BRDA:377,34,1,0
BRDA:381,35,0,0
BRDA:381,35,1,0
BRDA:386,36,0,0
BRDA:386,36,1,0
BRDA:387,37,0,0
BRDA:387,37,1,0
BRDA:393,38,0,0
BRDA:393,38,1,0
BRDA:395,39,0,0
BRDA:395,39,1,0
BRDA:400,40,0,0
BRDA:400,40,1,0
BRDA:401,41,0,0
BRDA:401,41,1,0
BRDA:405,42,0,0
BRDA:405,42,1,0
BRDA:412,43,0,0
BRDA:412,43,1,0
BRDA:428,44,0,0
BRDA:428,44,1,0
BRDA:441,45,0,0
BRDA:441,45,1,0
BRDA:454,46,0,0
BRDA:454,46,1,0
BRDA:454,46,2,0
BRDA:470,47,0,0
BRDA:470,47,1,0
BRDA:470,47,2,0
BRDA:479,48,0,0
BRDA:479,48,1,0
BRDA:479,48,2,0
BRF:100
BRH:0
end_of_record
TN:
SF:src/modules/quran/RangeRepeatModal.tsx
FN:13,(anonymous_9)
FN:27,(anonymous_10)
FN:33,(anonymous_11)
FN:41,(anonymous_12)
FN:99,(anonymous_13)
FN:102,(anonymous_14)
FN:102,(anonymous_15)
FN:115,(anonymous_16)
FN:118,(anonymous_17)
FN:118,(anonymous_18)
FN:143,(anonymous_19)
FN:146,(anonymous_20)
FNF:12
FNH:0
FNDA:0,(anonymous_9)
FNDA:0,(anonymous_10)
FNDA:0,(anonymous_11)
FNDA:0,(anonymous_12)
FNDA:0,(anonymous_13)
FNDA:0,(anonymous_14)
FNDA:0,(anonymous_15)
FNDA:0,(anonymous_16)
FNDA:0,(anonymous_17)
FNDA:0,(anonymous_18)
FNDA:0,(anonymous_19)
FNDA:0,(anonymous_20)
DA:1,0
DA:2,0
DA:13,0
DA:20,0
DA:21,0
DA:22,0
DA:23,0
DA:25,0
DA:27,0
DA:28,0
DA:29,0
DA:33,0
DA:34,0
DA:35,0
DA:36,0
DA:38,0
DA:41,0
DA:42,0
DA:43,0
DA:44,0
DA:46,0
DA:47,0
DA:48,0
DA:50,0
DA:51,0
DA:54,0
DA:56,0
DA:99,0
DA:102,0
DA:103,0
DA:115,0
DA:118,0
DA:119,0
DA:144,0
DA:146,0
DA:191,0
LF:36
LH:0
BRDA:28,0,0,0
BRDA:35,1,0,0
BRDA:42,2,0,0
BRDA:46,3,0,0
BRDA:46,4,0,0
BRDA:46,4,1,0
BRDA:58,5,0,0
BRDA:58,5,1,0
BRDA:148,6,0,0
BRDA:148,6,1,0
BRDA:160,7,0,0
BRDA:160,7,1,0
BRF:12
BRH:0
end_of_record
TN:
SF:src/modules/quran/ReadingGoalsModal.tsx
FN:32,(anonymous_9)
FN:45,(anonymous_10)
FN:50,(anonymous_11)
FN:55,(anonymous_12)
FN:63,(anonymous_13)
FN:68,(anonymous_14)
FN:98,(anonymous_15)
FN:108,(anonymous_16)
FN:112,(anonymous_17)
FN:205,(anonymous_18)
FN:236,(anonymous_19)
FN:239,(anonymous_20)
FN:252,(anonymous_21)
FN:267,(anonymous_22)
FN:293,(anonymous_23)
FN:317,(anonymous_24)
FNF:16
FNH:0
FNDA:0,(anonymous_9)
FNDA:0,(anonymous_10)
FNDA:0,(anonymous_11)
FNDA:0,(anonymous_12)
FNDA:0,(anonymous_13)
FNDA:0,(anonymous_14)
FNDA:0,(anonymous_15)
FNDA:0,(anonymous_16)
FNDA:0,(anonymous_17)
FNDA:0,(anonymous_18)
FNDA:0,(anonymous_19)
FNDA:0,(anonymous_20)
FNDA:0,(anonymous_21)
FNDA:0,(anonymous_22)
FNDA:0,(anonymous_23)
FNDA:0,(anonymous_24)
DA:1,0
DA:2,0
DA:19,0
DA:29,0
DA:32,0
DA:33,0
DA:34,0
DA:35,0
DA:36,0
DA:39,0
DA:41,0
DA:45,0
DA:46,0
DA:50,0
DA:51,0
DA:55,0
DA:56,0
DA:57,0
DA:58,0
DA:59,0
DA:60,0
DA:63,0
DA:64,0
DA:65,0
DA:66,0
DA:68,0
DA:69,0
DA:70,0
DA:71,0
DA:74,0
DA:76,0
DA:77,0
DA:78,0
DA:79,0
DA:81,0
DA:84,0
DA:86,0
DA:87,0
DA:90,0
DA:91,0
DA:95,0
DA:96,0
DA:98,0
DA:99,0
DA:100,0
DA:101,0
DA:102,0
DA:105,0
DA:108,0
DA:109,0
DA:110,0
DA:111,0
DA:112,0
DA:113,0
DA:120,0
DA:206,0
DA:207,0
DA:237,0
DA:239,0
DA:252,0
DA:267,0
DA:293,0
DA:294,0
DA:295,0
DA:298,0
DA:300,0
DA:301,0
DA:302,0
DA:303,0
DA:306,0
DA:308,0
DA:311,0
DA:312,0
DA:313,0
DA:316,0
DA:317,0
DA:318,0
DA:319,0
DA:321,0
DA:323,0
DA:324,0
DA:328,0
DA:329,0
DA:332,0
LF:84
LH:0
BRDA:35,0,0,0
BRDA:69,1,0,0
BRDA:74,2,0,0
BRDA:74,3,0,0
BRDA:74,3,1,0
BRDA:76,4,0,0
BRDA:76,4,1,0
BRDA:77,5,0,0
BRDA:77,5,1,0
BRDA:115,6,0,0
BRDA:115,6,1,0
BRDA:122,7,0,0
BRDA:122,7,1,0
BRDA:148,8,0,0
BRDA:148,8,1,0
BRDA:171,9,0,0
BRDA:171,9,1,0
BRDA:211,10,0,0
BRDA:211,10,1,0
BRDA:213,11,0,0
BRDA:213,11,1,0
BRDA:216,12,0,0
BRDA:216,12,1,0
BRDA:219,13,0,0
BRDA:219,13,1,0
BRDA:230,14,0,0
BRDA:230,14,1,0
BRDA:241,15,0,0
BRDA:241,15,1,0
BRDA:298,16,0,0
BRDA:298,17,0,0
BRDA:298,17,1,0
BRDA:300,18,0,0
BRDA:300,18,1,0
BRDA:301,19,0,0
BRDA:318,20,0,0
BRDA:318,20,1,0
BRDA:323,21,0,0
BRF:38
BRH:0
end_of_record
TN:
SF:src/modules/quran/ReadingProgressBar.tsx
FN:4,(anonymous_1)
FNF:1
FNH:0
FNDA:0,(anonymous_1)
DA:1,0
DA:2,0
DA:4,0
DA:5,0
DA:6,0
DA:12,0
DA:20,0
LF:7
LH:0
BRF:0
BRH:0
end_of_record
TN:
SF:src/modules/quran/ShareCard.tsx
FN:11,(anonymous_9)
FN:39,(anonymous_10)
FN:43,(anonymous_11)
FN:46,(anonymous_12)
FN:124,(anonymous_13)
FN:127,(anonymous_14)
FNF:6
FNH:0
FNDA:0,(anonymous_9)
FNDA:0,(anonymous_10)
FNDA:0,(anonymous_11)
FNDA:0,(anonymous_12)
FNDA:0,(anonymous_13)
FNDA:0,(anonymous_14)
DA:1,0
DA:2,0
DA:11,0
DA:12,0
DA:13,0
DA:14,0
DA:16,0
DA:37,0
DA:39,0
DA:40,0
DA:41,0
DA:42,0
DA:43,0
DA:46,0
DA:47,0
DA:49,0
DA:50,0
DA:51,0
DA:56,0
DA:59,0
DA:63,0
DA:125,0
DA:127,0
DA:188,0
LF:24
LH:0
BRDA:40,0,0,0
BRDA:40,0,1,0
BRDA:47,1,0,0
BRDA:47,1,1,0
BRDA:49,2,0,0
BRDA:49,2,1,0
BRDA:98,3,0,0
BRDA:98,3,1,0
BRDA:106,4,0,0
BRDA:106,4,1,0
BRDA:110,5,0,0
BRDA:110,5,1,0
BRDA:129,6,0,0
BRDA:129,6,1,0
BRDA:131,7,0,0
BRDA:131,7,1,0
BRDA:132,8,0,0
BRDA:132,8,1,0
BRDA:145,9,0,0
BRDA:145,9,1,0
BRDA:150,10,0,0
BRDA:150,10,1,0
BRF:22
BRH:0
end_of_record
TN:
SF:src/modules/quran/SurahInfoPanel.tsx
FN:12,(anonymous_1)
FN:35,(anonymous_2)
FNF:2
FNH:0
FNDA:0,(anonymous_1)
FNDA:0,(anonymous_2)
DA:1,0
DA:2,0
DA:12,0
DA:13,0
DA:30,0
DA:31,0
DA:32,0
DA:35,0
DA:36,0
DA:38,0
DA:127,0
LF:11
LH:0
BRDA:30,0,0,0
BRDA:30,0,1,0
BRDA:40,1,0,0
BRDA:40,1,1,0
BRDA:72,2,0,0
BRDA:72,2,1,0
BRDA:99,3,0,0
BRDA:99,3,1,0
BRDA:104,4,0,0
BRDA:104,4,1,0
BRDA:107,5,0,0
BRDA:107,5,1,0
BRF:12
BRH:0
end_of_record
TN:
SF:src/modules/quran/TafsirPanel.tsx
FN:21,(anonymous_9)
FN:28,(anonymous_10)
FN:31,(anonymous_11)
FN:68,(anonymous_12)
FN:127,(anonymous_13)
FN:130,(anonymous_14)
FNF:6
FNH:0
FNDA:0,(anonymous_9)
FNDA:0,(anonymous_10)
FNDA:0,(anonymous_11)
FNDA:0,(anonymous_12)
FNDA:0,(anonymous_13)
FNDA:0,(anonymous_14)
DA:1,0
DA:2,0
DA:12,0
DA:21,0
DA:22,0
DA:23,0
DA:24,0
DA:25,0
DA:28,0
DA:29,0
DA:31,0
DA:32,0
DA:33,0
DA:35,0
DA:37,0
DA:38,0
DA:47,0
DA:51,0
DA:53,0
DA:54,0
DA:56,0
DA:57,0
DA:58,0
DA:60,0
DA:64,0
DA:68,0
DA:69,0
DA:72,0
DA:128,0
DA:130,0
DA:192,0
LF:31
LH:0
BRDA:29,0,0,0
BRDA:38,1,0,0
BRDA:38,1,1,0
BRDA:51,2,0,0
BRDA:54,3,0,0
BRDA:54,3,1,0
BRDA:74,4,0,0
BRDA:74,4,1,0
BRDA:132,5,0,0
BRDA:132,5,1,0
BRDA:145,6,0,0
BRDA:145,6,1,0
BRDA:150,7,0,0
BRDA:150,7,1,0
BRDA:166,8,0,0
BRDA:166,8,1,0
BRDA:168,9,0,0
BRDA:168,9,1,0
BRF:18
BRH:0
end_of_record
TN:
SF:src/modules/quran/TajwidDisplay.tsx
FN:67,(anonymous_1)
FN:105,(anonymous_2)
FN:114,(anonymous_3)
FN:122,(anonymous_4)
FN:132,(anonymous_5)
FN:149,(anonymous_6)
FNF:6
FNH:0
FNDA:0,(anonymous_1)
FNDA:0,(anonymous_2)
FNDA:0,(anonymous_3)
FNDA:0,(anonymous_4)
FNDA:0,(anonymous_5)
FNDA:0,(anonymous_6)
DA:1,0
DA:2,0
DA:5,0
DA:67,0
DA:68,0
DA:105,0
DA:106,0
DA:108,0
DA:115,0
DA:116,0
DA:117,0
DA:122,0
DA:132,0
DA:133,0
DA:138,0
DA:139,0
DA:143,0
DA:144,0
DA:148,0
DA:149,0
DA:150,0
DA:154,0
DA:155,0
DA:158,0
DA:161,0
LF:25
LH:0
BRDA:83,0,0,0
BRDA:83,0,1,0
BRDA:106,1,0,0
BRDA:116,2,0,0
BRDA:122,3,0,0
BRDA:122,3,1,0
BRDA:138,4,0,0
BRDA:138,5,0,0
BRDA:138,5,1,0
BRDA:143,6,0,0
BRDA:143,7,0,0
BRDA:143,7,1,0
BRDA:143,7,2,0
BRDA:149,8,0,0
BRDA:154,9,0,0
BRDA:154,10,0,0
BRDA:154,10,1,0
BRF:17
BRH:0
end_of_record
TN:
SF:src/modules/quran/ThemeSettingsModal.tsx
FN:67,(anonymous_9)
FN:111,(anonymous_10)
FN:114,(anonymous_11)
FN:131,(anonymous_12)
FN:134,(anonymous_13)
FN:176,(anonymous_14)
FN:179,(anonymous_15)
FNF:7
FNH:0
FNDA:0,(anonymous_9)
FNDA:0,(anonymous_10)
FNDA:0,(anonymous_11)
FNDA:0,(anonymous_12)
FNDA:0,(anonymous_13)
FNDA:0,(anonymous_14)
FNDA:0,(anonymous_15)
DA:1,0
DA:2,0
DA:16,0
DA:43,0
DA:67,0
DA:75,0
DA:77,0
DA:112,0
DA:114,0
DA:132,0
DA:134,0
DA:177,0
DA:179,0
DA:243,0
LF:14
LH:0
BRDA:79,0,0,0
BRDA:79,0,1,0
BRDA:116,1,0,0
BRDA:116,1,1,0
BRDA:129,2,0,0
BRDA:129,2,1,0
BRDA:136,3,0,0
BRDA:136,3,1,0
BRDA:143,4,0,0
BRDA:143,4,1,0
BRDA:159,5,0,0
BRDA:159,5,1,0
BRDA:164,6,0,0
BRDA:164,6,1,0
BRDA:174,7,0,0
BRDA:174,7,1,0
BRDA:181,8,0,0
BRDA:181,8,1,0
BRDA:188,9,0,0
BRDA:188,9,1,0
BRDA:195,10,0,0
BRDA:195,10,1,0
BRDA:199,11,0,0
BRDA:199,11,1,0
BRDA:205,12,0,0
BRDA:205,12,1,0
BRF:26
BRH:0
end_of_record
TN:
SF:src/modules/quran/VerseActionMenu.tsx
FN:20,(anonymous_9)
FN:36,(anonymous_10)
FN:37,(anonymous_11)
FN:45,(anonymous_12)
FN:55,(anonymous_13)
FN:62,(anonymous_14)
FN:69,(anonymous_15)
FN:77,(anonymous_16)
FN:84,(anonymous_17)
FN:91,(anonymous_18)
FN:98,(anonymous_19)
FN:113,(anonymous_20)
FN:119,(anonymous_21)
FNF:13
FNH:0
FNDA:0,(anonymous_9)
FNDA:0,(anonymous_10)
FNDA:0,(anonymous_11)
FNDA:0,(anonymous_12)
FNDA:0,(anonymous_13)
FNDA:0,(anonymous_14)
FNDA:0,(anonymous_15)
FNDA:0,(anonymous_16)
FNDA:0,(anonymous_17)
FNDA:0,(anonymous_18)
FNDA:0,(anonymous_19)
FNDA:0,(anonymous_20)
FNDA:0,(anonymous_21)
DA:1,0
DA:2,0
DA:20,0
DA:34,0
DA:36,0
DA:37,0
DA:38,0
DA:39,0
DA:42,0
DA:43,0
DA:45,0
DA:46,0
DA:50,0
DA:55,0
DA:62,0
DA:69,0
DA:77,0
DA:84,0
DA:91,0
DA:98,0
DA:103,0
DA:113,0
DA:120,0
DA:138,0
LF:24
LH:0
BRDA:31,0,0,0
BRDA:32,1,0,0
BRDA:38,2,0,0
BRDA:38,3,0,0
BRDA:38,3,1,0
BRDA:42,4,0,0
BRDA:67,5,0,0
BRDA:67,5,1,0
BRDA:68,6,0,0
BRDA:68,6,1,0
BRDA:73,7,0,0
BRDA:73,7,1,0
BRDA:80,8,0,0
BRDA:80,8,1,0
BRDA:87,9,0,0
BRDA:87,9,1,0
BRDA:89,10,0,0
BRDA:89,10,1,0
BRDA:94,11,0,0
BRDA:94,11,1,0
BRDA:105,12,0,0
BRDA:105,12,1,0
BRDA:126,13,0,0
BRDA:126,13,1,0
BRF:24
BRH:0
end_of_record
TN:
SF:src/modules/quran/VerseNotesModal.tsx
FN:13,(anonymous_9)
FN:23,(anonymous_10)
FN:29,(anonymous_11)
FN:48,(anonymous_12)
FN:110,(anonymous_13)
FNF:5
FNH:0
FNDA:0,(anonymous_9)
FNDA:0,(anonymous_10)
FNDA:0,(anonymous_11)
FNDA:0,(anonymous_12)
FNDA:0,(anonymous_13)
DA:1,0
DA:2,0
DA:13,0
DA:20,0
DA:21,0
DA:23,0
DA:24,0
DA:25,0
DA:29,0
DA:30,0
DA:31,0
DA:34,0
DA:35,0
DA:36,0
DA:41,0
DA:43,0
DA:44,0
DA:45,0
DA:48,0
DA:49,0
DA:51,0
DA:52,0
DA:53,0
DA:54,0
DA:56,0
DA:57,0
DA:60,0
DA:62,0
DA:110,0
DA:171,0
LF:30
LH:0
BRDA:18,0,0,0
BRDA:24,1,0,0
BRDA:30,2,0,0
BRDA:35,3,0,0
BRDA:35,3,1,0
BRDA:49,4,0,0
BRDA:52,5,0,0
BRDA:52,5,1,0
BRDA:60,6,0,0
BRDA:64,7,0,0
BRDA:64,7,1,0
BRDA:98,8,0,0
BRDA:98,8,1,0
BRDA:130,9,0,0
BRDA:130,9,1,0
BRDA:149,10,0,0
BRDA:149,10,1,0
BRF:17
BRH:0
end_of_record
TN:
SF:src/modules/quran/VerseStudio.tsx
FN:20,(anonymous_9)
FN:37,(anonymous_10)
FN:59,(anonymous_11)
FN:62,(anonymous_12)
FN:75,(anonymous_13)
FN:88,(anonymous_14)
FN:89,(anonymous_15)
FN:119,(anonymous_16)
FN:135,(anonymous_17)
FNF:9
FNH:0
FNDA:0,(anonymous_9)
FNDA:0,(anonymous_10)
FNDA:0,(anonymous_11)
FNDA:0,(anonymous_12)
FNDA:0,(anonymous_13)
FNDA:0,(anonymous_14)
FNDA:0,(anonymous_15)
FNDA:0,(anonymous_16)
FNDA:0,(anonymous_17)
DA:1,0
DA:20,0
DA:35,0
DA:37,0
DA:38,0
DA:39,0
DA:43,0
DA:60,0
DA:62,0
DA:76,0
DA:88,0
DA:89,0
DA:120,0
DA:136,0
DA:152,0
LF:15
LH:0
BRDA:38,0,0,0
BRDA:63,1,0,0
BRDA:63,1,1,0
BRDA:72,2,0,0
BRDA:72,2,1,0
BRDA:76,3,0,0
BRDA:76,3,1,0
BRDA:77,4,0,0
BRDA:77,4,1,0
BRDA:82,5,0,0
BRDA:82,5,1,0
BRDA:89,6,0,0
BRDA:89,6,1,0
BRDA:94,7,0,0
BRDA:94,7,1,0
BRDA:99,8,0,0
BRDA:99,8,1,0
BRDA:101,9,0,0
BRDA:101,9,1,0
BRDA:106,10,0,0
BRDA:106,10,1,0
BRDA:132,11,0,0
BRDA:132,11,1,0
BRF:23
BRH:0
end_of_record
TN:
SF:src/modules/quran/VerseToolbar.tsx
FN:18,(anonymous_9)
FN:32,(anonymous_10)
FN:35,(anonymous_11)
FN:51,(anonymous_12)
FN:64,(anonymous_13)
FN:79,(anonymous_14)
FN:90,(anonymous_15)
FN:118,(anonymous_16)
FN:134,(anonymous_17)
FN:141,(anonymous_18)
FNF:10
FNH:0
FNDA:0,(anonymous_9)
FNDA:0,(anonymous_10)
FNDA:0,(anonymous_11)
FNDA:0,(anonymous_12)
FNDA:0,(anonymous_13)
FNDA:0,(anonymous_14)
FNDA:0,(anonymous_15)
FNDA:0,(anonymous_16)
FNDA:0,(anonymous_17)
FNDA:0,(anonymous_18)
DA:1,0
DA:2,0
DA:18,0
DA:30,0
DA:32,0
DA:33,0
DA:34,0
DA:35,0
DA:38,0
DA:51,0
DA:64,0
DA:79,0
DA:90,0
DA:118,0
DA:134,0
DA:139,0
DA:142,0
DA:156,0
LF:18
LH:0
BRDA:27,0,0,0
BRDA:28,1,0,0
BRDA:69,2,0,0
BRDA:69,2,1,0
BRDA:80,3,0,0
BRDA:80,3,1,0
BRDA:82,4,0,0
BRDA:82,4,1,0
BRDA:95,5,0,0
BRDA:95,5,1,0
BRDA:105,6,0,0
BRDA:105,6,1,0
BRDA:107,7,0,0
BRDA:107,7,1,0
BRDA:109,8,0,0
BRDA:109,8,1,0
BRDA:121,9,0,0
BRDA:121,9,1,0
BRDA:123,10,0,0
BRDA:123,10,1,0
BRDA:133,11,0,0
BRDA:133,11,1,0
BRDA:135,12,0,0
BRDA:135,12,1,0
BRF:24
BRH:0
end_of_record
TN:
SF:src/modules/quran/WordTooltip.tsx
FN:12,(anonymous_9)
FN:15,(anonymous_10)
FN:19,(anonymous_11)
FN:20,(anonymous_12)
FNF:4
FNH:0
FNDA:0,(anonymous_9)
FNDA:0,(anonymous_10)
FNDA:0,(anonymous_11)
FNDA:0,(anonymous_12)
DA:1,0
DA:2,0
DA:12,0
DA:13,0
DA:15,0
DA:16,0
DA:17,0
DA:18,0
DA:19,0
DA:20,0
DA:24,0
DA:115,0
LF:12
LH:0
BRDA:16,0,0,0
BRDA:26,1,0,0
BRDA:26,1,1,0
BRDA:44,2,0,0
BRDA:44,2,1,0
BRDA:45,3,0,0
BRDA:45,3,1,0
BRDA:46,4,0,0
BRDA:46,4,1,0
BRDA:54,5,0,0
BRDA:54,5,1,0
BRDA:60,6,0,0
BRDA:60,6,1,0
BRDA:80,7,0,0
BRDA:80,7,1,0
BRDA:92,8,0,0
BRDA:92,8,1,0
BRDA:96,9,0,0
BRDA:96,9,1,0
BRDA:96,10,0,0
BRDA:96,10,1,0
BRF:21
BRH:0
end_of_record
TN:
SF:src/modules/quran/index.tsx
FN:33,(anonymous_10)
FN:106,(anonymous_11)
FN:122,(anonymous_12)
FN:147,(anonymous_13)
FN:171,(anonymous_14)
FN:192,(anonymous_15)
FN:193,(anonymous_16)
FN:194,(anonymous_17)
FN:224,(anonymous_18)
FN:233,(anonymous_19)
FN:237,(anonymous_20)
FN:237,(anonymous_21)
FN:247,(anonymous_22)
FN:255,(anonymous_23)
FN:258,(anonymous_24)
FN:273,(anonymous_25)
FN:282,(anonymous_26)
FN:291,(anonymous_27)
FN:294,(anonymous_28)
FN:301,(anonymous_29)
FN:307,(anonymous_30)
FN:309,(anonymous_31)
FN:315,(anonymous_32)
FN:318,(anonymous_33)
FN:319,(anonymous_34)
FN:337,(anonymous_35)
FNF:26
FNH:0
FNDA:0,(anonymous_10)
FNDA:0,(anonymous_11)
FNDA:0,(anonymous_12)
FNDA:0,(anonymous_13)
FNDA:0,(anonymous_14)
FNDA:0,(anonymous_15)
FNDA:0,(anonymous_16)
FNDA:0,(anonymous_17)
FNDA:0,(anonymous_18)
FNDA:0,(anonymous_19)
FNDA:0,(anonymous_20)
FNDA:0,(anonymous_21)
FNDA:0,(anonymous_22)
FNDA:0,(anonymous_23)
FNDA:0,(anonymous_24)
FNDA:0,(anonymous_25)
FNDA:0,(anonymous_26)
FNDA:0,(anonymous_27)
FNDA:0,(anonymous_28)
FNDA:0,(anonymous_29)
FNDA:0,(anonymous_30)
FNDA:0,(anonymous_31)
FNDA:0,(anonymous_32)
FNDA:0,(anonymous_33)
FNDA:0,(anonymous_34)
FNDA:0,(anonymous_35)
DA:10,0
DA:11,0
DA:14,0
DA:17,0
DA:18,0
DA:19,0
DA:20,0
DA:21,0
DA:22,0
DA:23,0
DA:24,0
DA:25,0
DA:26,0
DA:27,0
DA:29,0
DA:30,0
DA:31,0
DA:33,0
DA:88,0
DA:91,0
DA:92,0
DA:101,0
DA:102,0
DA:103,0
DA:106,0
DA:107,0
DA:108,0
DA:122,0
DA:128,0
DA:148,0
DA:149,0
DA:171,0
DA:192,0
DA:193,0
DA:194,0
DA:224,0
DA:234,0
DA:235,0
DA:236,0
DA:237,0
DA:247,0
DA:255,0
DA:273,0
DA:282,0
DA:291,0
DA:301,0
DA:307,0
DA:315,0
DA:337,0
DA:338,0
DA:345,0
LF:51
LH:0
BRDA:107,0,0,0
BRDA:135,1,0,0
BRDA:135,1,1,0
BRDA:137,2,0,0
BRDA:137,2,1,0
BRDA:162,3,0,0
BRDA:162,3,1,0
BRDA:169,4,0,0
BRDA:169,4,1,0
BRDA:199,5,0,0
BRDA:199,5,1,0
BRDA:220,6,0,0
BRDA:220,6,1,0
BRDA:223,7,0,0
BRDA:223,7,1,0
BRDA:229,8,0,0
BRDA:229,8,1,0
BRDA:243,9,0,0
BRDA:243,9,1,0
BRDA:252,10,0,0
BRDA:252,10,1,0
BRDA:269,11,0,0
BRDA:269,11,1,0
BRDA:278,12,0,0
BRDA:278,12,1,0
BRDA:288,13,0,0
BRDA:288,13,1,0
BRDA:323,14,0,0
BRDA:323,14,1,0
BRF:29
BRH:0
end_of_record
TN:
SF:src/modules/quran/types.ts
FNF:0
FNH:0
DA:15,0
DA:26,0
LF:2
LH:0
BRF:0
BRH:0
end_of_record
TN:
SF:src/modules/quran/contexts/QuranContext.tsx
FN:121,(anonymous_9)
FN:178,(anonymous_10)
FN:188,(anonymous_11)
FN:195,(anonymous_12)
FN:201,(anonymous_13)
FN:202,(anonymous_14)
FN:210,(anonymous_15)
FN:214,(anonymous_16)
FN:219,(anonymous_17)
FN:232,(anonymous_18)
FN:236,(anonymous_19)
FN:245,(anonymous_20)
FN:262,(anonymous_21)
FN:264,(anonymous_22)
FN:271,(anonymous_23)
FN:273,(anonymous_24)
FN:281,(anonymous_25)
FN:282,(anonymous_26)
FN:284,(anonymous_27)
FN:295,(anonymous_28)
FN:346,(anonymous_29)
FNF:21
FNH:0
FNDA:0,(anonymous_9)
FNDA:0,(anonymous_10)
FNDA:0,(anonymous_11)
FNDA:0,(anonymous_12)
FNDA:0,(anonymous_13)
FNDA:0,(anonymous_14)
FNDA:0,(anonymous_15)
FNDA:0,(anonymous_16)
FNDA:0,(anonymous_17)
FNDA:0,(anonymous_18)
FNDA:0,(anonymous_19)
FNDA:0,(anonymous_20)
FNDA:0,(anonymous_21)
FNDA:0,(anonymous_22)
FNDA:0,(anonymous_23)
FNDA:0,(anonymous_24)
FNDA:0,(anonymous_25)
FNDA:0,(anonymous_26)
FNDA:0,(anonymous_27)
FNDA:0,(anonymous_28)
FNDA:0,(anonymous_29)
DA:1,0
DA:3,0
DA:4,0
DA:5,0
DA:6,0
DA:118,0
DA:121,0
DA:123,0
DA:124,0
DA:127,0
DA:128,0
DA:129,0
DA:130,0
DA:131,0
DA:132,0
DA:133,0
DA:134,0
DA:135,0
DA:136,0
DA:137,0
DA:140,0
DA:141,0
DA:142,0
DA:143,0
DA:144,0
DA:145,0
DA:148,0
DA:149,0
DA:150,0
DA:151,0
DA:152,0
DA:153,0
DA:154,0
DA:155,0
DA:158,0
DA:159,0
DA:160,0
DA:161,0
DA:164,0
DA:165,0
DA:166,0
DA:167,0
DA:170,0
DA:176,0
DA:178,0
DA:184,0
DA:186,0
DA:188,0
DA:193,0
DA:195,0
DA:201,0
DA:202,0
DA:203,0
DA:204,0
DA:205,0
DA:206,0
DA:210,0
DA:211,0
DA:214,0
DA:215,0
DA:216,0
DA:219,0
DA:220,0
DA:221,0
DA:222,0
DA:223,0
DA:224,0
DA:226,0
DA:228,0
DA:232,0
DA:233,0
DA:236,0
DA:239,0
DA:241,0
DA:245,0
DA:246,0
DA:248,0
DA:256,0
DA:257,0
DA:258,0
DA:262,0
DA:263,0
DA:264,0
DA:265,0
DA:266,0
DA:271,0
DA:272,0
DA:273,0
DA:274,0
DA:275,0
DA:281,0
DA:282,0
DA:283,0
DA:284,0
DA:285,0
DA:286,0
DA:292,0
DA:295,0
DA:346,0
DA:347,0
DA:348,0
DA:349,0
LF:102
LH:0
BRDA:170,0,0,0
BRDA:176,1,0,0
BRDA:186,2,0,0
BRDA:204,3,0,0
BRDA:204,3,1,0
BRDA:223,4,0,0
BRDA:223,4,1,0
BRDA:246,5,0,0
BRDA:256,6,0,0
BRDA:258,7,0,0
BRDA:258,7,1,0
BRDA:263,8,0,0
BRDA:263,9,0,0
BRDA:263,9,1,0
BRDA:265,10,0,0
BRDA:265,11,0,0
BRDA:265,11,1,0
BRDA:272,12,0,0
BRDA:272,13,0,0
BRDA:272,13,1,0
BRDA:274,14,0,0
BRDA:283,15,0,0
BRDA:285,16,0,0
BRDA:285,17,0,0
BRDA:285,17,1,0
BRDA:295,18,0,0
BRDA:348,19,0,0
BRF:27
BRH:0
end_of_record
TN:
SF:src/modules/smart-deen/NeuralTyping.tsx
FN:4,(anonymous_1)
FN:7,(anonymous_2)
FNF:2
FNH:0
FNDA:0,(anonymous_1)
FNDA:0,(anonymous_2)
DA:1,0
DA:2,0
DA:4,0
DA:5,0
DA:8,0
DA:25,0
LF:6
LH:0
BRF:0
BRH:0
end_of_record
TN:
SF:src/modules/smart-deen/SmartDeen.tsx
FN:10,(anonymous_10)
FN:43,(anonymous_11)
FN:50,(anonymous_12)
FN:60,(anonymous_13)
FN:72,(anonymous_14)
FN:76,(anonymous_15)
FN:77,(anonymous_16)
FN:83,(anonymous_17)
FN:84,(anonymous_18)
FN:84,(anonymous_19)
FN:93,(anonymous_20)
FN:93,(anonymous_21)
FN:103,(anonymous_22)
FN:103,(anonymous_23)
FN:113,(anonymous_24)
FN:122,(anonymous_25)
FN:132,(anonymous_26)
FN:169,(anonymous_27)
FN:175,(anonymous_28)
FN:181,(anonymous_29)
FN:187,(anonymous_30)
FN:211,(anonymous_31)
FN:215,(anonymous_32)
FN:215,(anonymous_33)
FN:260,(anonymous_34)
FN:264,(anonymous_35)
FN:292,(anonymous_36)
FN:320,(anonymous_37)
FN:348,(anonymous_38)
FN:366,(anonymous_39)
FN:372,(anonymous_40)
FNF:31
FNH:0
FNDA:0,(anonymous_10)
FNDA:0,(anonymous_11)
FNDA:0,(anonymous_12)
FNDA:0,(anonymous_13)
FNDA:0,(anonymous_14)
FNDA:0,(anonymous_15)
FNDA:0,(anonymous_16)
FNDA:0,(anonymous_17)
FNDA:0,(anonymous_18)
FNDA:0,(anonymous_19)
FNDA:0,(anonymous_20)
FNDA:0,(anonymous_21)
FNDA:0,(anonymous_22)
FNDA:0,(anonymous_23)
FNDA:0,(anonymous_24)
FNDA:0,(anonymous_25)
[...]
DA:68,0
DA:72,0
DA:79,0
DA:81,0
DA:82,0
DA:85,0
DA:86,0
DA:88,0
DA:89,0
DA:92,0
DA:93,0
DA:94,0
DA:95,0
DA:97,0
DA:101,0
DA:106,0
DA:112,0
DA:113,0
DA:118,0
DA:123,0
DA:124,0
DA:130,0
DA:131,0
LF:42
LH:0
BRDA:10,0,0,0
BRDA:10,1,0,0
BRDA:10,1,1,0
BRDA:10,1,2,0
BRDA:36,2,0,0
BRDA:56,3,0,0
BRDA:56,3,1,0
BRDA:64,4,0,0
BRDA:64,4,1,0
BRDA:81,5,0,0
BRDA:86,6,0,0
BRDA:86,7,0,0
BRDA:86,7,1,0
BRDA:105,8,0,0
BRDA:112,9,0,0
BRDA:123,10,0,0
BRF:16
BRH:0
end_of_record
TN:
SF:src/utils/analytics.ts
FN:43,(anonymous_0)
FN:47,(anonymous_1)
FN:51,(anonymous_2)
FN:55,(anonymous_3)
FN:59,(anonymous_4)
FN:81,(anonymous_5)
FN:94,(anonymous_6)
FN:103,(anonymous_7)
FN:111,(anonymous_8)
FN:124,(anonymous_9)
FN:133,(anonymous_10)
FN:142,(anonymous_11)
FN:153,(anonymous_12)
FN:162,(anonymous_13)
FN:172,(anonymous_14)
FN:181,(anonymous_15)
FN:192,(anonymous_16)
FN:204,(anonymous_17)
FN:214,(anonymous_18)
FN:222,(anonymous_19)
FN:230,(anonymous_20)
FN:240,(anonymous_21)
FN:255,(anonymous_22)
FN:271,(anonymous_23)
FN:275,(anonymous_24)
FN:293,(anonymous_25)
FNF:26
FNH:0
FNDA:0,(anonymous_0)
FNDA:0,(anonymous_1)
FNDA:0,(anonymous_2)
FNDA:0,(anonymous_3)
FNDA:0,(anonymous_4)
FNDA:0,(anonymous_5)
FNDA:0,(anonymous_6)
FNDA:0,(anonymous_7)
FNDA:0,(anonymous_8)
FNDA:0,(anonymous_9)
FNDA:0,(anonymous_10)
FNDA:0,(anonymous_11)
FNDA:0,(anonymous_12)
FNDA:0,(anonymous_13)
FNDA:0,(anonymous_14)
FNDA:0,(anonymous_15)
FNDA:0,(anonymous_16)
FNDA:0,(anonymous_17)
FNDA:0,(anonymous_18)
FNDA:0,(anonymous_19)
FNDA:0,(anonymous_20)
FNDA:0,(anonymous_21)
FNDA:0,(anonymous_22)
FNDA:0,(anonymous_23)
FNDA:0,(anonymous_24)
FNDA:0,(anonymous_25)
DA:8,0
DA:35,0
DA:44,0
DA:48,0
DA:52,0
DA:56,0
DA:60,0
DA:71,0
DA:77,0
DA:82,0
DA:83,0
DA:84,0
DA:86,0
DA:95,0
DA:104,0
DA:112,0
DA:119,0
DA:125,0
DA:134,0
DA:143,0
DA:154,0
DA:163,0
DA:173,0
DA:182,0
DA:193,0
DA:195,0
DA:201,0
DA:205,0
DA:215,0
DA:223,0
DA:231,0
DA:241,0
DA:244,0
DA:245,0
DA:249,0
DA:252,0
DA:257,0
DA:258,0
DA:272,0
DA:276,0
DA:278,0
DA:281,0
DA:282,0
DA:283,0
DA:292,0
DA:293,0
DA:294,0
DA:298,0
LF:48
LH:0
BRDA:165,0,0,0
BRDA:165,0,1,0
BRDA:177,1,0,0
BRDA:177,1,1,0
BRDA:244,2,0,0
BRDA:245,3,0,0
BRDA:245,3,1,0
BRDA:245,4,0,0
BRDA:245,4,1,0
BRDA:249,5,0,0
BRDA:249,5,1,0
BRDA:257,6,0,0
BRDA:257,7,0,0
BRDA:257,7,1,0
BRDA:292,8,0,0
BRF:15
BRH:0
end_of_record
TN:
SF:src/utils/lazyLoading.ts
FN:5,(anonymous_9)
FN:11,(anonymous_10)
FN:19,(anonymous_11)
FN:25,(anonymous_12)
FN:27,(anonymous_13)
FN:40,(anonymous_14)
FN:43,(anonymous_15)
FN:47,(anonymous_16)
FN:51,(anonymous_17)
FN:62,(anonymous_18)
FN:80,(anonymous_19)
FN:97,(anonymous_20)
FN:98,(anonymous_21)
FN:116,(anonymous_22)
FN:122,(anonymous_23)
FN:123,(anonymous_24)
FNF:16
FNH:0
FNDA:0,(anonymous_9)
FNDA:0,(anonymous_10)
FNDA:0,(anonymous_11)
FNDA:0,(anonymous_12)
FNDA:0,(anonymous_13)
FNDA:0,(anonymous_14)
FNDA:0,(anonymous_15)
FNDA:0,(anonymous_16)
FNDA:0,(anonymous_17)
FNDA:0,(anonymous_18)
FNDA:0,(anonymous_19)
FNDA:0,(anonymous_20)
FNDA:0,(anonymous_21)
FNDA:0,(anonymous_22)
FNDA:0,(anonymous_23)
FNDA:0,(anonymous_24)
DA:1,0
DA:2,0
DA:5,0
DA:9,0
DA:11,0
DA:19,0
DA:20,0
DA:21,0
DA:22,0
DA:23,0
DA:25,0
DA:26,0
DA:28,0
DA:29,0
DA:30,0
DA:36,0
DA:37,0
DA:40,0
DA:43,0
DA:44,0
DA:46,0
DA:47,0
DA:48,0
DA:49,0
DA:51,0
DA:52,0
DA:53,0
DA:55,0
DA:58,0
DA:62,0
DA:67,0
DA:69,0
DA:70,0
DA:75,0
DA:76,0
DA:78,0
DA:80,0
DA:81,0
DA:82,0
DA:86,0
DA:97,0
DA:98,0
DA:99,0
DA:100,0
DA:101,0
DA:103,0
DA:104,0
DA:105,0
DA:106,0
DA:107,0
DA:108,0
DA:111,0
DA:116,0
DA:120,0
DA:123,0
LF:55
LH:0
BRDA:7,0,0,0
BRDA:28,1,0,0
BRDA:36,2,0,0
BRDA:44,3,0,0
BRDA:81,4,0,0
BRDA:103,5,0,0
BRDA:103,5,1,0
BRDA:105,6,0,0
BRDA:105,6,1,0
BRDA:107,7,0,0
BRDA:118,8,0,0
BRF:11
BRH:0
end_of_record
TN:
SF:src/utils/monitoring.ts
FN:18,(anonymous_9)
FN:62,(anonymous_10)
FN:87,(anonymous_11)
FN:107,(anonymous_12)
FN:113,(anonymous_13)
FN:120,(anonymous_14)
FN:129,(anonymous_15)
FN:147,(anonymous_16)
FN:149,(anonymous_17)
FN:158,(anonymous_18)
FN:161,(anonymous_19)
FN:169,(anonymous_20)
FN:179,(anonymous_21)
FN:190,(anonymous_22)
FN:196,(anonymous_23)
FN:206,(anonymous_24)
FNF:16
FNH:0
FNDA:0,(anonymous_9)
FNDA:0,(anonymous_10)
FNDA:0,(anonymous_11)
FNDA:0,(anonymous_12)
FNDA:0,(anonymous_13)
FNDA:0,(anonymous_14)
FNDA:0,(anonymous_15)
FNDA:0,(anonymous_16)
FNDA:0,(anonymous_17)
FNDA:0,(anonymous_18)
FNDA:0,(anonymous_19)
FNDA:0,(anonymous_20)
FNDA:0,(anonymous_21)
FNDA:0,(anonymous_22)
FNDA:0,(anonymous_23)
FNDA:0,(anonymous_24)
DA:12,0
DA:18,0
DA:19,0
DA:21,0
DA:22,0
DA:64,0
DA:65,0
DA:67,0
DA:71,0
DA:73,0
DA:81,0
DA:82,0
DA:89,0
DA:90,0
DA:91,0
DA:94,0
DA:95,0
DA:99,0
DA:100,0
DA:108,0
DA:111,0
DA:113,0
DA:114,0
DA:115,0
DA:120,0
DA:121,0
DA:122,0
DA:123,0
DA:128,0
DA:129,0
DA:130,0
DA:131,0
DA:132,0
DA:135,0
DA:138,0
DA:140,0
DA:148,0
DA:149,0
DA:150,0
DA:151,0
DA:159,0
DA:160,0
DA:161,0
DA:169,0
DA:170,0
DA:172,0
DA:173,0
DA:179,0
DA:180,0
DA:181,0
DA:183,0
DA:190,0
DA:191,0
DA:192,0
DA:196,0
DA:197,0
DA:198,0
DA:206,0
DA:211,0
DA:212,0
DA:225,0
LF:61
LH:0
BRDA:21,0,0,0
BRDA:21,0,1,0
BRDA:51,1,0,0
BRDA:51,1,1,0
BRDA:54,2,0,0
BRDA:54,2,1,0
BRDA:59,3,0,0
BRDA:59,3,1,0
BRDA:64,4,0,0
BRDA:64,5,0,0
BRDA:64,5,1,0
BRDA:87,6,0,0
BRDA:89,7,0,0
BRDA:89,7,1,0
BRDA:94,8,0,0
BRDA:99,9,0,0
BRDA:108,10,0,0
BRDA:131,11,0,0
BRDA:160,12,0,0
BRDA:160,13,0,0
BRDA:160,13,1,0
BRDA:172,14,0,0
BRDA:179,15,0,0
BRDA:180,16,0,0
BRDA:191,17,0,0
BRDA:197,18,0,0
BRDA:211,19,0,0
BRF:27
BRH:0
end_of_record
TN:
SF:src/utils/retry.ts
FN:9,(anonymous_0)
FN:36,(anonymous_1)
FN:46,(anonymous_2)
FN:50,(anonymous_3)
FN:51,(anonymous_4)
FNF:5
FNH:0
FNDA:0,(anonymous_0)
FNDA:0,(anonymous_1)
FNDA:0,(anonymous_2)
FNDA:0,(anonymous_3)
FNDA:0,(anonymous_4)
DA:9,0
DA:17,0
DA:19,0
DA:21,0
DA:22,0
DA:23,0
DA:24,0
DA:26,0
DA:27,0
DA:29,0
DA:30,0
DA:33,0
DA:35,0
DA:36,0
DA:42,0
DA:46,0
DA:50,0
DA:51,0
LF:18
LH:0
BRDA:11,0,0,0
BRDA:14,1,0,0
BRDA:15,2,0,0
BRDA:29,3,0,0
BRDA:33,4,0,0
BRDA:42,5,0,0
BRDA:42,5,1,0
BRDA:48,6,0,0
BRF:8
BRH:0
end_of_record
TN:
SF:src/utils/rumiTTS.ts
FN:27,(anonymous_0)
FN:36,(anonymous_1)
FN:43,(anonymous_2)
FN:51,(anonymous_3)
FN:58,(anonymous_4)
FN:68,(anonymous_5)
FN:78,(anonymous_6)
FN:92,(anonymous_7)
FN:113,(anonymous_8)
FN:119,(anonymous_9)
FN:131,(anonymous_10)
FN:139,(anonymous_11)
FN:149,(anonymous_12)
FN:159,(anonymous_13)
FN:171,(anonymous_14)
FN:178,(anonymous_15)
FN:185,(anonymous_16)
FN:196,useRumiTTS
FN:204,(anonymous_18)
FN:206,(anonymous_19)
FN:222,(anonymous_20)
FN:230,(anonymous_21)
FN:231,(anonymous_22)
FN:235,(anonymous_23)
FN:242,(anonymous_24)
FN:246,(anonymous_25)
FN:251,(anonymous_26)
FN:256,(anonymous_27)
FNF:28
FNH:0
FNDA:0,(anonymous_0)
FNDA:0,(anonymous_1)
FNDA:0,(anonymous_2)
FNDA:0,(anonymous_3)
FNDA:0,(anonymous_4)
FNDA:0,(anonymous_5)
FNDA:0,(anonymous_6)
FNDA:0,(anonymous_7)
FNDA:0,(anonymous_8)
FNDA:0,(anonymous_9)
FNDA:0,(anonymous_10)
FNDA:0,(anonymous_11)
FNDA:0,(anonymous_12)
FNDA:0,(anonymous_13)
FNDA:0,(anonymous_14)
FNDA:0,(anonymous_15)
FNDA:0,(anonymous_16)
FNDA:0,useRumiTTS
FNDA:0,(anonymous_18)
FNDA:0,(anonymous_19)
FNDA:0,(anonymous_20)
FNDA:0,(anonymous_21)
FNDA:0,(anonymous_22)
FNDA:0,(anonymous_23)
FNDA:0,(anonymous_24)
FNDA:0,(anonymous_25)
FNDA:0,(anonymous_26)
FNDA:0,(anonymous_27)
DA:6,0
DA:19,0
DA:20,0
DA:21,0
DA:22,0
DA:23,0
DA:24,0
DA:25,0
DA:28,0
DA:29,0
DA:37,0
DA:44,0
DA:45,0
DA:52,0
DA:55,0
DA:57,0
DA:58,0
DA:59,0
DA:62,0
DA:69,0
DA:70,0
DA:71,0
DA:75,0
DA:77,0
DA:78,0
DA:79,0
DA:80,0
DA:81,0
DA:84,0
DA:85,0
DA:86,0
DA:87,0
DA:88,0
DA:89,0
DA:92,0
DA:93,0
DA:95,0
DA:96,0
DA:97,0
DA:99,0
DA:100,0
DA:101,0
DA:102,0
DA:104,0
DA:105,0
DA:108,0
DA:109,0
DA:113,0
DA:114,0
DA:115,0
DA:116,0
DA:119,0
DA:120,0
DA:121,0
DA:125,0
DA:132,0
DA:133,0
DA:140,0
DA:141,0
DA:142,0
DA:150,0
DA:151,0
DA:152,0
DA:160,0
DA:161,0
DA:162,0
DA:163,0
DA:164,0
DA:172,0
DA:179,0
DA:186,0
DA:191,0
DA:194,0
DA:196,0
DA:197,0
DA:198,0
DA:199,0
DA:200,0
DA:201,0
DA:202,0
DA:204,0
DA:206,0
DA:207,0
DA:208,0
DA:209,0
DA:210,0
DA:214,0
DA:217,0
DA:218,0
DA:222,0
DA:223,0
DA:224,0
DA:225,0
DA:227,0
DA:230,0
DA:232,0
DA:233,0
DA:236,0
DA:237,0
DA:242,0
DA:243,0
DA:246,0
DA:247,0
DA:248,0
DA:251,0
DA:252,0
DA:253,0
DA:256,0
DA:257,0
DA:258,0
DA:259,0
DA:260,0
DA:263,0
LF:113
LH:0
BRDA:28,0,0,0
BRDA:28,1,0,0
BRDA:28,1,1,0
BRDA:44,2,0,0
BRDA:59,3,0,0
BRDA:62,4,0,0
BRDA:62,4,1,0
BRDA:68,5,0,0
BRDA:69,6,0,0
BRDA:86,7,0,0
BRDA:86,7,1,0
BRDA:87,8,0,0
BRDA:87,8,1,0
BRDA:88,9,0,0
BRDA:88,9,1,0
BRDA:89,10,0,0
BRDA:89,10,1,0
BRDA:93,11,0,0
BRDA:100,12,0,0
BRDA:131,13,0,0
BRDA:140,14,0,0
BRDA:140,15,0,0
BRDA:140,15,1,0
BRDA:150,16,0,0
BRDA:150,17,0,0
BRDA:150,17,1,0
BRDA:160,18,0,0
BRDA:172,19,0,0
BRDA:172,19,1,0
BRDA:209,20,0,0
BRDA:217,21,0,0
BRDA:217,22,0,0
BRDA:217,22,1,0
BRF:33
BRH:0
end_of_record
TN:
SF:src/utils/tajwidRumiHints.ts
FN:45,(anonymous_0)
FN:64,(anonymous_1)
FN:76,(anonymous_2)
FN:82,(anonymous_3)
FN:97,(anonymous_4)
FN:98,(anonymous_5)
FNF:6
FNH:0
FNDA:0,(anonymous_0)
FNDA:0,(anonymous_1)
FNDA:0,(anonymous_2)
FNDA:0,(anonymous_3)
FNDA:0,(anonymous_4)
FNDA:0,(anonymous_5)
DA:26,0
DA:38,0
DA:39,0
DA:40,0
DA:41,0
DA:42,0
DA:45,0
DA:47,0
DA:48,0
DA:51,0
DA:54,0
DA:55,0
DA:56,0
DA:57,0
DA:58,0
DA:60,0
DA:64,0
DA:66,0
DA:67,0
DA:69,0
DA:70,0
DA:72,0
DA:76,0
DA:78,0
DA:82,0
DA:84,0
DA:85,0
DA:88,0
DA:91,0
DA:93,0
DA:97,0
DA:98,0
DA:99,0
DA:100,0
DA:104,0
LF:35
LH:0
BRDA:48,0,0,0
BRDA:48,1,0,0
BRDA:48,1,1,0
BRDA:54,2,0,0
BRDA:55,3,0,0
BRDA:56,4,0,0
BRDA:57,5,0,0
BRDA:58,6,0,0
BRDA:67,7,0,0
BRDA:70,8,0,0
BRDA:82,9,0,0
BRDA:85,10,0,0
BRDA:88,11,0,0
BRDA:91,12,0,0
BRDA:99,13,0,0
BRDA:99,13,1,0
BRF:16
BRH:0
end_of_record
TN:
SF:src/utils/transliterationConverter.ts
FN:48,(anonymous_0)
FN:68,(anonymous_1)
FN:72,(anonymous_2)
FN:111,transliterate
FN:121,(anonymous_4)
FN:132,processWord
FN:376,(anonymous_6)
FN:377,(anonymous_7)
FN:378,(anonymous_8)
FN:380,(anonymous_9)
FN:382,(anonymous_10)
FN:413,transliterateMalaysian
FN:420,(anonymous_12)
FN:442,syllabifyMalaysian
FN:454,getPronunciationBreakdown
FN:488,generateVerseTransliteration
FN:572,processWord99
FN:771,transliterate99
FN:784,(anonymous_18)
FN:830,generateVerse99
FNF:20
FNH:6
FNDA:56,(anonymous_0)
FNDA:2,(anonymous_1)
FNDA:2,(anonymous_2)
FNDA:49,transliterate
FNDA:56,(anonymous_4)
FNDA:44,processWord
FNDA:0,(anonymous_6)
FNDA:0,(anonymous_7)
FNDA:0,(anonymous_8)
FNDA:0,(anonymous_9)
FNDA:0,(anonymous_10)
FNDA:0,transliterateMalaysian
FNDA:0,(anonymous_12)
FNDA:0,syllabifyMalaysian
FNDA:0,getPronunciationBreakdown
FNDA:0,generateVerseTransliteration
FNDA:0,processWord99
FNDA:0,transliterate99
FNDA:0,(anonymous_18)
FNDA:0,generateVerse99
DA:19,1
DA:28,1
DA:35,1
DA:41,1
DA:42,1
DA:43,1
DA:45,1
DA:48,56
DA:51,1
DA:68,1
DA:69,2
DA:71,2
DA:72,2
DA:73,2
DA:75,2
DA:76,2
DA:77,2
DA:79,2
DA:80,19
DA:81,19
DA:84,19
DA:85,19
DA:86,19
DA:87,19
DA:88,19
DA:91,19
DA:92,2
DA:93,2
DA:96,17
DA:97,8
DA:98,8
DA:99,3
DA:100,3
DA:104,2
DA:106,2
DA:111,1
DA:112,49
DA:114,49
DA:117,49
DA:120,49
DA:121,49
DA:122,56
DA:123,56
DA:124,778
DA:126,44
DA:129,49
DA:133,44
DA:134,44
DA:135,44
DA:136,44
DA:138,44
DA:139,200
DA:140,200
DA:141,200
DA:144,200
DA:147,200
DA:149,12
DA:150,12
DA:153,12
DA:154,8
DA:155,8
DA:158,12
DA:160,4
DA:161,4
DA:162,4
DA:165,8
DA:166,8
DA:167,8
DA:172,188
DA:173,2
DA:174,2
DA:175,2
DA:179,186
DA:181,11
DA:182,8
DA:183,3
DA:185,0
DA:186,0
DA:187,0
DA:190,3
DA:191,3
DA:193,11
DA:194,11
DA:198,175
DA:200,8
DA:201,0
DA:202,0
DA:203,0
DA:206,8
DA:207,2
DA:208,2
DA:209,2
DA:210,2
DA:213,6
DA:214,1
DA:215,1
DA:216,1
DA:219,5
DA:220,5
DA:221,5
DA:222,5
DA:226,167
DA:228,7
DA:229,0
DA:230,0
DA:231,0
DA:234,7
DA:235,2
DA:236,2
DA:237,2
DA:238,2
DA:241,5
DA:242,2
DA:243,2
DA:244,2
DA:247,3
DA:248,3
DA:249,3
DA:250,3
DA:254,160
DA:256,7
DA:257,6
DA:258,6
DA:260,1
DA:261,1
DA:263,7
DA:264,7
DA:268,153
DA:269,1
DA:270,1
DA:271,1
DA:272,1
DA:276,152
DA:277,5
DA:278,5
DA:279,5
DA:280,5
DA:284,147
DA:285,0
DA:286,0
DA:287,0
DA:288,0
DA:292,147
DA:293,20
DA:294,20
DA:295,20
DA:299,127
DA:301,9
DA:302,9
DA:303,0
DA:305,9
DA:306,9
DA:307,9
DA:311,118
DA:312,115
DA:315,115
DA:317,0
DA:318,0
DA:321,0
DA:322,0
DA:323,0
DA:324,0
DA:325,0
DA:326,0
DA:327,0
DA:328,0
DA:329,0
DA:331,0
DA:335,115
DA:336,83
DA:337,83
DA:338,83
DA:339,83
DA:343,32
DA:344,18
DA:345,18
DA:346,18
DA:347,18
DA:351,14
DA:352,14
DA:353,14
DA:354,14
DA:358,3
DA:359,0
DA:360,0
DA:361,0
DA:362,0
DA:366,3
DA:370,44
DA:372,44
DA:376,1
DA:377,1
DA:378,1
DA:380,1
DA:381,0
DA:382,0
DA:391,1
DA:413,1
DA:414,0
DA:416,0
DA:417,0
DA:419,0
DA:420,0
DA:421,0
DA:424,0
DA:425,0
DA:429,0
DA:432,0
DA:436,1
DA:442,1
DA:443,0
DA:444,0
DA:448,1
DA:454,1
DA:461,0
DA:462,0
DA:463,0
DA:466,0
DA:467,0
DA:468,0
DA:469,0
DA:470,0
DA:471,0
DA:472,0
DA:473,0
DA:475,0
DA:488,1
DA:498,0
DA:499,0
DA:501,0
DA:502,0
DA:503,0
DA:506,0
DA:521,1
DA:530,1
DA:533,1
DA:573,0
DA:574,0
DA:575,0
DA:576,0
DA:577,0
DA:579,0
DA:580,0
DA:581,0
DA:582,0
DA:585,0
DA:588,0
DA:589,0
DA:590,0
DA:592,0
DA:593,0
DA:594,0
DA:597,0
DA:599,0
DA:600,0
DA:601,0
DA:602,0
DA:603,0
DA:605,0
DA:606,0
DA:607,0
DA:612,0
DA:613,0
DA:614,0
DA:615,0
DA:616,0
DA:617,0
DA:618,0
DA:620,0
DA:621,0
DA:623,0
DA:624,0
DA:628,0
DA:629,0
DA:630,0
DA:631,0
DA:632,0
DA:633,0
DA:634,0
DA:635,0
DA:636,0
DA:637,0
DA:638,0
DA:639,0
DA:640,0
DA:641,0
DA:642,0
DA:644,0
DA:645,0
DA:646,0
DA:647,0
DA:652,0
DA:653,0
DA:654,0
DA:655,0
DA:656,0
DA:658,0
DA:659,0
DA:660,0
DA:661,0
DA:662,0
DA:663,0
DA:664,0
DA:665,0
DA:666,0
DA:667,0
DA:669,0
DA:670,0
DA:671,0
DA:676,0
DA:677,0
DA:678,0
DA:679,0
DA:680,0
DA:684,0
DA:685,0
DA:688,0
DA:689,0
DA:690,0
DA:691,0
DA:692,0
DA:693,0
DA:697,0
DA:698,0
DA:699,0
DA:700,0
DA:703,0
DA:704,0
DA:705,0
DA:706,0
DA:707,0
DA:709,0
DA:712,0
DA:715,0
DA:716,0
DA:717,0
DA:718,0
DA:719,0
DA:720,0
DA:721,0
DA:722,0
DA:723,0
DA:725,0
DA:726,0
DA:729,0
DA:730,0
DA:734,0
DA:735,0
DA:736,0
DA:737,0
DA:738,0
DA:742,0
DA:743,0
DA:744,0
DA:745,0
DA:746,0
DA:750,0
DA:751,0
DA:752,0
DA:755,0
DA:758,0
DA:760,0
DA:771,1
DA:776,0
DA:778,0
DA:779,0
DA:781,0
DA:782,0
DA:784,0
DA:785,0
DA:788,0
DA:789,0
DA:790,0
DA:794,0
DA:795,0
DA:796,0
DA:799,0
DA:800,0
DA:803,0
DA:804,0
DA:805,0
DA:806,0
DA:807,0
DA:808,0
DA:809,0
DA:810,0
DA:811,0
DA:812,0
DA:813,0
DA:814,0
DA:815,0
DA:816,0
DA:817,0
DA:819,0
DA:830,1
DA:842,0
DA:844,0
DA:854,1
LF:398
LH:177
BRDA:69,0,0,0
BRDA:73,1,0,0
BRDA:85,2,0,19
BRDA:85,2,1,2
BRDA:86,3,0,19
BRDA:86,3,1,4
BRDA:87,4,0,19
BRDA:87,4,1,17
BRDA:88,5,0,19
BRDA:88,5,1,15
BRDA:91,6,0,2
BRDA:91,6,1,17
BRDA:91,7,0,19
BRDA:91,7,1,7
BRDA:91,7,2,7
BRDA:96,8,0,8
BRDA:96,9,0,17
BRDA:96,9,1,8
BRDA:96,9,2,8
BRDA:97,10,0,8
BRDA:97,10,1,0
BRDA:98,11,0,3
BRDA:98,12,0,8
BRDA:98,12,1,3
BRDA:104,13,0,2
BRDA:106,14,0,2
BRDA:106,14,1,0
BRDA:111,15,0,49
BRDA:112,16,0,0
BRDA:124,17,0,12
BRDA:144,18,0,0
BRDA:147,19,0,12
BRDA:147,20,0,200
BRDA:147,20,1,177
BRDA:147,20,2,23
BRDA:153,21,0,20
BRDA:153,21,1,20
BRDA:158,22,0,4
BRDA:158,22,1,8
BRDA:158,23,0,12
BRDA:158,23,1,12
BRDA:172,24,0,2
BRDA:179,25,0,11
BRDA:179,26,0,186
BRDA:179,26,1,175
BRDA:181,27,0,8
BRDA:181,27,1,3
BRDA:183,28,0,0
BRDA:183,28,1,3
BRDA:183,29,0,3
BRDA:183,29,1,2
BRDA:198,30,0,8
BRDA:200,31,0,0
BRDA:200,32,0,8
BRDA:200,32,1,2
BRDA:206,33,0,2
BRDA:206,34,0,8
BRDA:206,34,1,8
BRDA:213,35,0,1
BRDA:213,36,0,6
BRDA:213,36,1,2
BRDA:226,37,0,7
BRDA:228,38,0,0
BRDA:228,39,0,7
BRDA:228,39,1,2
BRDA:234,40,0,2
BRDA:234,41,0,7
BRDA:234,41,1,7
BRDA:241,42,0,2
BRDA:241,43,0,5
BRDA:241,43,1,2
BRDA:254,44,0,7
BRDA:256,45,0,6
BRDA:256,45,1,1
BRDA:256,46,0,7
BRDA:256,46,1,6
BRDA:256,46,2,4
BRDA:257,47,0,6
BRDA:257,47,1,2
BRDA:268,48,0,1
BRDA:276,49,0,5
BRDA:284,50,0,0
BRDA:292,51,0,20
BRDA:299,52,0,9
BRDA:301,53,0,9
BRDA:301,53,1,9
BRDA:302,54,0,0
BRDA:311,55,0,115
BRDA:315,56,0,0
BRDA:322,57,0,0
BRDA:322,57,1,0
BRDA:322,58,0,0
BRDA:322,58,1,0
BRDA:326,59,0,0
BRDA:326,60,0,0
BRDA:326,60,1,0
BRDA:335,61,0,83
BRDA:335,62,0,115
BRDA:335,62,1,115
BRDA:343,63,0,18
BRDA:343,64,0,32
BRDA:343,64,1,32
BRDA:358,65,0,0
BRDA:414,66,0,0
BRDA:425,67,0,0
BRDA:467,68,0,0
BRDA:468,69,0,0
BRDA:469,70,0,0
BRDA:470,71,0,0
BRDA:471,72,0,0
BRDA:472,73,0,0
BRDA:473,74,0,0
BRDA:502,75,0,0
BRDA:502,76,0,0
BRDA:502,76,1,0
BRDA:502,76,2,0
BRDA:585,77,0,0
BRDA:588,78,0,0
BRDA:588,79,0,0
BRDA:588,79,1,0
BRDA:588,79,2,0
BRDA:592,80,0,0
BRDA:592,80,1,0
BRDA:597,81,0,0
BRDA:597,81,1,0
BRDA:597,82,0,0
BRDA:597,82,1,0
BRDA:599,83,0,0
BRDA:599,83,1,0
BRDA:612,84,0,0
BRDA:612,85,0,0
BRDA:612,85,1,0
BRDA:613,86,0,0
BRDA:613,86,1,0
BRDA:615,87,0,0
BRDA:615,87,1,0
BRDA:615,88,0,0
BRDA:615,88,1,0
BRDA:628,89,0,0
BRDA:629,90,0,0
BRDA:629,90,1,0
BRDA:629,91,0,0
BRDA:629,91,1,0
BRDA:634,92,0,0
BRDA:634,92,1,0
BRDA:634,93,0,0
BRDA:634,93,1,0
BRDA:639,94,0,0
BRDA:639,94,1,0
BRDA:652,95,0,0
BRDA:652,96,0,0
BRDA:652,96,1,0
BRDA:653,97,0,0
BRDA:658,98,0,0
BRDA:658,98,1,0
BRDA:658,99,0,0
BRDA:658,99,1,0
BRDA:663,100,0,0
BRDA:663,100,1,0
BRDA:663,101,0,0
BRDA:663,101,1,0
BRDA:676,102,0,0
BRDA:684,103,0,0
BRDA:688,104,0,0
BRDA:688,105,0,0
BRDA:688,105,1,0
BRDA:688,105,2,0
BRDA:688,105,3,0
BRDA:692,106,0,0
BRDA:697,107,0,0
BRDA:704,108,0,0
BRDA:704,109,0,0
BRDA:704,109,1,0
BRDA:715,110,0,0
BRDA:715,110,1,0
BRDA:715,111,0,0
BRDA:715,111,1,0
BRDA:719,112,0,0
BRDA:719,112,1,0
BRDA:719,113,0,0
BRDA:719,113,1,0
BRDA:723,114,0,0
BRDA:734,115,0,0
BRDA:742,116,0,0
BRDA:750,117,0,0
BRDA:750,118,0,0
BRDA:750,118,1,0
BRDA:776,119,0,0
BRDA:789,120,0,0
BRDA:804,121,0,0
BRDA:805,122,0,0
BRDA:806,123,0,0
BRDA:807,124,0,0
BRDA:808,125,0,0
BRDA:809,126,0,0
BRDA:810,127,0,0
BRDA:811,128,0,0
BRDA:812,129,0,0
BRDA:813,130,0,0
BRDA:814,131,0,0
BRDA:815,132,0,0
BRDA:816,133,0,0
BRDA:817,134,0,0
BRF:203
BRH:83
end_of_record
TN:
SF:src/utils/validation.ts
FN:9,(anonymous_0)
FN:27,(anonymous_1)
FN:59,(anonymous_2)
FN:82,(anonymous_3)
FN:105,(anonymous_4)
FN:116,(anonymous_5)
FN:135,(anonymous_6)
FN:153,(anonymous_7)
FN:182,(anonymous_8)
FN:209,(anonymous_9)
FN:256,(anonymous_10)
FN:274,(anonymous_11)
FNF:12
FNH:0
FNDA:0,(anonymous_0)
FNDA:0,(anonymous_1)
FNDA:0,(anonymous_2)
FNDA:0,(anonymous_3)
FNDA:0,(anonymous_4)
FNDA:0,(anonymous_5)
FNDA:0,(anonymous_6)
FNDA:0,(anonymous_7)
FNDA:0,(anonymous_8)
FNDA:0,(anonymous_9)
FNDA:0,(anonymous_10)
FNDA:0,(anonymous_11)
DA:9,0
DA:10,0
DA:11,0
DA:14,0
DA:15,0
DA:16,0
DA:19,0
DA:20,0
DA:23,0
DA:27,0
DA:28,0
DA:29,0
DA:32,0
DA:33,0
DA:36,0
DA:37,0
DA:41,0
DA:42,0
DA:46,0
DA:47,0
DA:51,0
DA:52,0
DA:55,0
DA:59,0
DA:60,0
DA:61,0
DA:64,0
DA:65,0
DA:68,0
DA:69,0
DA:73,0
DA:74,0
DA:75,0
DA:78,0
DA:82,0
DA:89,0
DA:90,0
DA:93,0
DA:94,0
DA:97,0
DA:98,0
DA:101,0
DA:105,0
DA:106,0
DA:108,0
DA:116,0
DA:117,0
DA:118,0
DA:122,0
DA:123,0
DA:124,0
DA:127,0
DA:128,0
DA:131,0
DA:135,0
DA:136,0
DA:137,0
DA:141,0
DA:144,0
DA:145,0
DA:146,0
DA:149,0
DA:153,0
DA:154,0
DA:155,0
DA:158,0
DA:159,0
DA:162,0
DA:163,0
DA:166,0
DA:167,0
DA:170,0
DA:171,0
DA:174,0
DA:175,0
DA:178,0
DA:182,0
DA:183,0
DA:196,0
DA:197,0
DA:198,0
DA:205,0
DA:209,0
DA:223,0
DA:224,0
DA:225,0
DA:229,0
DA:230,0
DA:233,0
DA:234,0
DA:237,0
DA:238,0
DA:241,0
DA:242,0
DA:246,0
DA:256,0
DA:257,0
DA:258,0
DA:261,0
DA:262,0
DA:264,0
DA:265,0
DA:267,0
DA:269,0
DA:274,0
DA:275,0
DA:276,0
LF:107
LH:0
BRDA:10,0,0,0
BRDA:10,1,0,0
BRDA:10,1,1,0
BRDA:15,2,0,0
BRDA:19,3,0,0
BRDA:28,4,0,0
BRDA:28,5,0,0
BRDA:28,5,1,0
BRDA:32,6,0,0
BRDA:36,7,0,0
BRDA:41,8,0,0
BRDA:46,9,0,0
BRDA:51,10,0,0
BRDA:59,11,0,0
BRDA:60,12,0,0
BRDA:60,13,0,0
BRDA:60,13,1,0
BRDA:64,14,0,0
BRDA:68,15,0,0
BRDA:74,16,0,0
BRDA:84,17,0,0
BRDA:85,18,0,0
BRDA:86,19,0,0
BRDA:87,20,0,0
BRDA:89,21,0,0
BRDA:89,22,0,0
BRDA:89,22,1,0
BRDA:89,22,2,0
BRDA:93,23,0,0
BRDA:97,24,0,0
BRDA:106,25,0,0
BRDA:116,26,0,0
BRDA:117,27,0,0
BRDA:117,28,0,0
BRDA:117,28,1,0
BRDA:123,29,0,0
BRDA:127,30,0,0
BRDA:136,31,0,0
BRDA:136,32,0,0
BRDA:136,32,1,0
BRDA:145,33,0,0
BRDA:154,34,0,0
BRDA:154,35,0,0
BRDA:154,35,1,0
BRDA:158,36,0,0
BRDA:162,37,0,0
BRDA:162,38,0,0
BRDA:162,38,1,0
BRDA:166,39,0,0
BRDA:170,40,0,0
BRDA:170,41,0,0
BRDA:170,41,1,0
BRDA:174,42,0,0
BRDA:197,43,0,0
BRDA:211,44,0,0
BRDA:212,45,0,0
BRDA:224,46,0,0
BRDA:229,47,0,0
BRDA:233,48,0,0
BRDA:237,49,0,0
BRDA:241,50,0,0
BRDA:257,51,0,0
BRDA:257,52,0,0
BRDA:257,52,1,0
BRDA:264,53,0,0
BRDA:275,54,0,0
BRF:66
BRH:0
end_of_record
