TN:
SF:src\App.tsx
FN:14,(anonymous_10)
FN:14,(anonymous_11)
FN:15,(anonymous_12)
FN:15,(anonymous_13)
FN:16,(anonymous_14)
FN:16,(anonymous_15)
FN:17,(anonymous_16)
FN:17,(anonymous_17)
FN:18,(anonymous_18)
FN:18,(anonymous_19)
FN:19,(anonymous_20)
FN:19,(anonymous_21)
FN:20,(anonymous_22)
FN:20,(anonymous_23)
FN:21,(anonymous_24)
FN:21,(anonymous_25)
FN:22,(anonymous_26)
FN:22,(anonymous_27)
FN:23,(anonymous_28)
FN:23,(anonymous_29)
FN:24,(anonymous_30)
FN:24,(anonymous_31)
FN:25,(anonymous_32)
FN:25,(anonymous_33)
FN:26,(anonymous_34)
FN:26,(anonymous_35)
FN:27,(anonymous_36)
FN:27,(anonymous_37)
FN:28,(anonymous_38)
FN:28,(anonymous_39)
FN:29,(anonymous_40)
FN:29,(anonymous_41)
FN:36,(anonymous_42)
FN:65,(anonymous_43)
FN:79,(anonymous_44)
FN:86,(anonymous_45)
FN:111,(anonymous_46)
FN:116,(anonymous_47)
FN:143,(anonymous_48)
FN:143,(anonymous_49)
FN:154,(anonymous_50)
FNF:41
FNH:2
FNDA:0,(anonymous_10)
FNDA:0,(anonymous_11)
FNDA:0,(anonymous_12)
FNDA:0,(anonymous_13)
FNDA:0,(anonymous_14)
FNDA:0,(anonymous_15)
FNDA:0,(anonymous_16)
FNDA:0,(anonymous_17)
FNDA:0,(anonymous_18)
FNDA:0,(anonymous_19)
FNDA:0,(anonymous_20)
FNDA:0,(anonymous_21)
FNDA:0,(anonymous_22)
FNDA:0,(anonymous_23)
FNDA:0,(anonymous_24)
FNDA:0,(anonymous_25)
FNDA:0,(anonymous_26)
FNDA:0,(anonymous_27)
FNDA:0,(anonymous_28)
FNDA:0,(anonymous_29)
FNDA:0,(anonymous_30)
FNDA:0,(anonymous_31)
FNDA:0,(anonymous_32)
FNDA:0,(anonymous_33)
FNDA:0,(anonymous_34)
FNDA:0,(anonymous_35)
FNDA:0,(anonymous_36)
FNDA:0,(anonymous_37)
FNDA:0,(anonymous_38)
FNDA:0,(anonymous_39)
FNDA:0,(anonymous_40)
FNDA:0,(anonymous_41)
FNDA:0,(anonymous_42)
FNDA:0,(anonymous_43)
FNDA:4,(anonymous_44)
FNDA:0,(anonymous_45)
FNDA:0,(anonymous_46)
FNDA:0,(anonymous_47)
FNDA:0,(anonymous_48)
FNDA:0,(anonymous_49)
FNDA:2,(anonymous_50)
DA:1,1
DA:2,1
DA:3,1
DA:4,1
DA:5,1
DA:6,1
DA:7,1
DA:8,1
DA:9,1
DA:10,1
DA:11,1
DA:14,1
DA:15,1
DA:16,1
DA:17,1
DA:18,1
DA:19,1
DA:20,1
DA:21,1
DA:22,1
DA:23,1
DA:24,1
DA:25,1
DA:26,1
DA:27,1
DA:28,1
DA:29,1
DA:30,1
DA:34,1
DA:36,1
DA:37,0
DA:65,1
DA:66,0
DA:67,0
DA:69,0
DA:71,0
DA:73,0
DA:76,0
DA:79,1
DA:81,4
DA:82,4
DA:83,4
DA:86,4
DA:87,0
DA:90,4
DA:91,4
DA:94,0
DA:99,0
DA:111,0
DA:116,0
DA:143,0
DA:154,1
DA:155,2
DA:181,1
LF:54
LH:41
BRDA:69,0,0,0
BRDA:71,1,0,0
BRDA:90,2,0,4
BRDA:94,3,0,0
BRDA:111,4,0,0
BRDA:111,4,1,0
BRDA:116,5,0,0
BRDA:116,5,1,0
BRF:8
BRH:1
end_of_record
TN:
SF:src\bot-server.ts
FN:38,(anonymous_1)
FN:46,(anonymous_2)
FN:53,(anonymous_3)
FN:59,(anonymous_4)
FN:66,(anonymous_5)
FNF:5
FNH:0
FNDA:0,(anonymous_1)
FNDA:0,(anonymous_2)
FNDA:0,(anonymous_3)
FNDA:0,(anonymous_4)
FNDA:0,(anonymous_5)
DA:1,0
DA:3,0
DA:4,0
DA:5,0
DA:6,0
DA:7,0
DA:8,0
DA:11,0
DA:12,0
DA:13,0
DA:17,0
DA:18,0
DA:21,0
DA:24,0
DA:27,0
DA:34,0
DA:38,0
DA:39,0
DA:46,0
DA:47,0
DA:49,0
DA:53,0
DA:54,0
DA:57,0
DA:59,0
DA:60,0
DA:65,0
DA:66,0
DA:67,0
DA:68,0
LF:30
LH:0
BRF:0
BRH:0
end_of_record
TN:
SF:src\constants.ts
FNF:0
FNH:0
DA:4,0
DA:5,0
DA:7,0
DA:54,0
DA:57,0
DA:69,0
LF:6
LH:0
BRF:0
BRH:0
end_of_record
TN:
SF:src\types.ts
FN:2,(anonymous_0)
FNF:1
FNH:1
FNDA:1,(anonymous_0)
DA:2,1
DA:3,1
DA:4,1
DA:5,1
DA:6,1
DA:7,1
DA:8,1
DA:9,1
DA:10,1
DA:11,1
LF:10
LH:10
BRDA:2,0,0,1
BRDA:2,0,1,1
BRF:2
BRH:2
end_of_record
TN:
SF:src\components\AnimatedLogo.tsx
FN:9,(anonymous_1)
FN:26,(anonymous_2)
FNF:2
FNH:0
FNDA:0,(anonymous_1)
FNDA:0,(anonymous_2)
DA:1,0
DA:2,0
DA:9,0
DA:11,0
DA:18,0
DA:27,0
DA:56,0
LF:7
LH:0
BRDA:9,0,0,0
BRDA:9,1,0,0
BRF:2
BRH:0
end_of_record
TN:
SF:src\components\BookmarkButton.tsx
FN:25,(anonymous_9)
FN:38,(anonymous_10)
FN:39,(anonymous_11)
FN:47,(anonymous_12)
FN:59,(anonymous_13)
FNF:5
FNH:0
FNDA:0,(anonymous_9)
FNDA:0,(anonymous_10)
FNDA:0,(anonymous_11)
FNDA:0,(anonymous_12)
FNDA:0,(anonymous_13)
DA:6,0
DA:7,0
DA:8,0
DA:19,0
DA:25,0
DA:33,0
DA:34,0
DA:35,0
DA:38,0
DA:39,0
DA:40,0
DA:41,0
DA:42,0
DA:44,0
DA:47,0
DA:48,0
DA:50,0
DA:52,0
DA:53,0
DA:54,0
DA:55,0
DA:57,0
DA:59,0
DA:63,0
DA:99,0
LF:25
LH:0
BRDA:28,0,0,0
BRDA:29,1,0,0
BRDA:30,2,0,0
BRDA:48,3,0,0
BRDA:48,4,0,0
BRDA:48,4,1,0
BRDA:72,5,0,0
BRDA:72,5,1,0
BRDA:76,6,0,0
BRDA:76,6,1,0
BRDA:79,7,0,0
BRDA:79,7,1,0
BRDA:80,8,0,0
BRDA:80,8,1,0
BRDA:83,9,0,0
BRDA:83,9,1,0
BRDA:85,10,0,0
BRDA:85,10,1,0
BRDA:86,11,0,0
BRDA:86,11,1,0
BRDA:90,12,0,0
BRDA:90,12,1,0
BRDA:92,13,0,0
BRDA:92,13,1,0
BRF:24
BRH:0
end_of_record
TN:
SF:src\components\BottomNav.tsx
FN:12,(anonymous_1)
FN:30,(anonymous_2)
FN:76,(anonymous_3)
FN:85,(anonymous_4)
FNF:4
FNH:0
FNDA:0,(anonymous_1)
FNDA:0,(anonymous_2)
FNDA:0,(anonymous_3)
FNDA:0,(anonymous_4)
DA:1,0
DA:2,0
DA:3,0
DA:5,0
DA:12,0
DA:13,0
DA:14,0
DA:15,0
DA:16,0
DA:17,0
DA:18,0
DA:19,0
DA:20,0
DA:21,0
DA:22,0
DA:30,0
DA:31,0
DA:32,0
DA:34,0
DA:73,0
DA:77,0
DA:78,0
DA:80,0
DA:86,0
DA:87,0
DA:88,0
DA:149,0
LF:27
LH:0
BRDA:13,0,0,0
BRDA:14,1,0,0
BRDA:15,2,0,0
BRDA:16,3,0,0
BRDA:17,4,0,0
BRDA:18,5,0,0
BRDA:19,6,0,0
BRDA:20,7,0,0
BRDA:21,8,0,0
BRDA:32,9,0,0
BRDA:32,9,1,0
BRDA:86,10,0,0
BRDA:95,11,0,0
BRDA:95,11,1,0
BRDA:96,12,0,0
BRDA:96,12,1,0
BRDA:96,13,0,0
BRDA:96,13,1,0
BRDA:98,14,0,0
BRDA:98,14,1,0
BRDA:98,15,0,0
BRDA:98,15,1,0
BRDA:105,16,0,0
BRDA:105,16,1,0
BRDA:105,16,2,0
BRDA:110,17,0,0
BRDA:110,17,1,0
BRDA:126,18,0,0
BRDA:126,18,1,0
BRDA:136,19,0,0
BRDA:136,19,1,0
BRDA:137,20,0,0
BRDA:137,20,1,0
BRF:33
BRH:0
end_of_record
TN:
SF:src\components\DownloadButtons.tsx
FN:4,(anonymous_1)
FN:20,(anonymous_2)
FN:46,(anonymous_3)
FN:51,(anonymous_4)
FN:65,(anonymous_5)
FN:70,(anonymous_6)
FNF:6
FNH:0
FNDA:0,(anonymous_1)
FNDA:0,(anonymous_2)
FNDA:0,(anonymous_3)
FNDA:0,(anonymous_4)
FNDA:0,(anonymous_5)
FNDA:0,(anonymous_6)
DA:1,0
DA:4,0
DA:5,0
DA:20,0
DA:21,0
DA:45,0
DA:47,0
DA:52,0
DA:66,0
DA:71,0
LF:10
LH:0
BRDA:4,0,0,0
BRDA:20,1,0,0
BRF:2
BRH:0
end_of_record
TN:
SF:src\components\ErrorBoundary.tsx
FN:17,(anonymous_9)
FN:26,(anonymous_10)
FN:34,(anonymous_11)
FN:54,(anonymous_12)
FN:62,(anonymous_13)
FN:110,(anonymous_14)
FNF:6
FNH:4
FNDA:10,(anonymous_9)
FNDA:6,(anonymous_10)
FNDA:3,(anonymous_11)
FNDA:0,(anonymous_12)
FNDA:18,(anonymous_13)
FNDA:0,(anonymous_14)
DA:1,2
DA:2,2
DA:18,10
DA:19,9
DA:27,6
DA:35,3
DA:38,3
DA:45,3
DA:47,3
DA:54,9
DA:55,0
DA:63,18
DA:64,9
DA:65,3
DA:68,6
DA:110,0
DA:121,9
DA:125,2
LF:18
LH:16
BRDA:63,0,0,9
BRDA:64,1,0,3
BRDA:83,2,0,6
BRDA:83,2,1,0
BRDA:83,2,2,0
BRDA:92,3,0,0
BRDA:92,3,1,0
BRF:7
BRH:3
end_of_record
TN:
SF:src\components\Icons.tsx
FN:5,(anonymous_1)
FN:11,(anonymous_2)
FN:18,(anonymous_3)
FN:26,(anonymous_4)
FN:32,(anonymous_5)
FN:39,(anonymous_6)
FN:45,(anonymous_7)
FN:52,(anonymous_8)
FN:59,(anonymous_9)
FN:67,(anonymous_10)
FN:74,(anonymous_11)
FN:81,(anonymous_12)
FN:89,(anonymous_13)
FN:96,(anonymous_14)
FN:102,(anonymous_15)
FN:109,(anonymous_16)
FN:116,(anonymous_17)
FN:126,(anonymous_18)
FN:136,(anonymous_19)
FN:143,(anonymous_20)
FNF:20
FNH:0
FNDA:0,(anonymous_1)
FNDA:0,(anonymous_2)
FNDA:0,(anonymous_3)
FNDA:0,(anonymous_4)
FNDA:0,(anonymous_5)
FNDA:0,(anonymous_6)
FNDA:0,(anonymous_7)
FNDA:0,(anonymous_8)
FNDA:0,(anonymous_9)
FNDA:0,(anonymous_10)
FNDA:0,(anonymous_11)
FNDA:0,(anonymous_12)
FNDA:0,(anonymous_13)
FNDA:0,(anonymous_14)
FNDA:0,(anonymous_15)
FNDA:0,(anonymous_16)
FNDA:0,(anonymous_17)
FNDA:0,(anonymous_18)
FNDA:0,(anonymous_19)
FNDA:0,(anonymous_20)
DA:1,0
DA:5,0
DA:6,0
DA:11,0
DA:12,0
DA:18,0
DA:19,0
DA:26,0
DA:27,0
DA:32,0
DA:33,0
DA:39,0
DA:40,0
DA:45,0
DA:46,0
DA:52,0
DA:53,0
DA:59,0
DA:60,0
DA:67,0
DA:68,0
DA:74,0
DA:75,0
DA:81,0
DA:82,0
DA:89,0
DA:90,0
DA:96,0
DA:97,0
DA:102,0
DA:103,0
DA:109,0
DA:110,0
DA:116,0
DA:117,0
DA:126,0
DA:127,0
DA:136,0
DA:137,0
DA:143,0
DA:144,0
DA:149,0
LF:42
LH:0
BRDA:5,0,0,0
BRDA:11,1,0,0
BRDA:18,2,0,0
BRDA:26,3,0,0
BRDA:32,4,0,0
BRDA:39,5,0,0
BRDA:45,6,0,0
BRDA:52,7,0,0
BRDA:59,8,0,0
BRDA:67,9,0,0
BRDA:74,10,0,0
BRDA:81,11,0,0
BRDA:89,12,0,0
BRDA:96,13,0,0
BRDA:102,14,0,0
BRDA:109,15,0,0
BRDA:116,16,0,0
BRDA:126,17,0,0
BRDA:136,18,0,0
BRDA:143,19,0,0
BRF:20
BRH:0
end_of_record
TN:
SF:src\components\Layout.tsx
FN:16,(anonymous_1)
FN:23,(anonymous_2)
FN:95,(anonymous_3)
FNF:3
FNH:0
FNDA:0,(anonymous_1)
FNDA:0,(anonymous_2)
FNDA:0,(anonymous_3)
DA:2,1
DA:3,1
DA:4,1
DA:5,1
DA:6,1
DA:7,1
DA:8,1
DA:16,1
DA:17,0
DA:18,0
DA:19,0
DA:20,0
DA:23,0
DA:24,0
DA:25,0
DA:26,0
DA:27,0
DA:28,0
DA:29,0
DA:30,0
DA:31,0
DA:32,0
DA:33,0
DA:36,0
DA:38,0
DA:95,0
DA:207,1
LF:27
LH:9
BRDA:24,0,0,0
BRDA:25,1,0,0
BRDA:26,2,0,0
BRDA:27,3,0,0
BRDA:28,4,0,0
BRDA:29,5,0,0
BRDA:30,6,0,0
BRDA:31,7,0,0
BRDA:32,8,0,0
BRDA:92,9,0,0
BRDA:92,9,1,0
BRDA:119,10,0,0
BRDA:119,10,1,0
BRDA:122,11,0,0
BRDA:122,11,1,0
BRDA:132,12,0,0
BRDA:132,12,1,0
BRDA:135,13,0,0
BRDA:135,13,1,0
BRDA:146,14,0,0
BRDA:146,14,1,0
BRDA:149,15,0,0
BRDA:149,15,1,0
BRDA:160,16,0,0
BRDA:160,16,1,0
BRDA:165,17,0,0
BRDA:165,17,1,0
BRDA:179,18,0,0
BRDA:179,18,1,0
BRDA:182,19,0,0
BRDA:182,19,1,0
BRDA:192,20,0,0
BRDA:192,20,1,0
BRDA:195,21,0,0
BRDA:195,21,1,0
BRF:35
BRH:0
end_of_record
TN:
SF:src\components\MiniPlayer.tsx
FN:5,(anonymous_9)
FN:20,(anonymous_10)
FN:28,(anonymous_11)
FN:56,(anonymous_12)
FNF:4
FNH:0
FNDA:0,(anonymous_9)
FNDA:0,(anonymous_10)
FNDA:0,(anonymous_11)
FNDA:0,(anonymous_12)
DA:1,0
DA:2,0
DA:3,0
DA:5,0
DA:16,0
DA:18,0
DA:20,0
DA:21,0
DA:22,0
DA:26,0
DA:28,0
DA:29,0
DA:30,0
DA:31,0
DA:33,0
DA:37,0
DA:56,0
DA:91,0
LF:18
LH:0
BRDA:21,0,0,0
BRDA:26,1,0,0
BRDA:30,2,0,0
BRDA:30,2,1,0
BRDA:54,3,0,0
BRDA:54,3,1,0
BRDA:67,4,0,0
BRDA:67,4,1,0
BRDA:69,5,0,0
BRDA:69,5,1,0
BRDA:75,6,0,0
BRDA:75,6,1,0
BRDA:79,7,0,0
BRDA:79,7,1,0
BRF:14
BRH:0
end_of_record
TN:
SF:src\components\NavLottieIcon.tsx
FN:21,(anonymous_10)
FN:31,(anonymous_11)
FN:83,(anonymous_12)
FNF:3
FNH:0
FNDA:0,(anonymous_10)
FNDA:0,(anonymous_11)
FNDA:0,(anonymous_12)
DA:1,0
DA:2,0
DA:21,0
DA:28,0
DA:29,0
DA:31,0
DA:32,0
DA:33,0
DA:34,0
DA:36,0
DA:41,0
DA:42,0
DA:54,0
DA:83,0
DA:89,0
LF:15
LH:0
BRDA:24,0,0,0
BRDA:25,1,0,0
BRDA:26,2,0,0
BRDA:32,3,0,0
BRDA:33,4,0,0
BRDA:33,4,1,0
BRDA:41,5,0,0
BRDA:45,6,0,0
BRDA:45,6,1,0
BRDA:57,7,0,0
BRDA:57,7,1,0
BRDA:62,8,0,0
BRDA:62,8,1,0
BRDA:78,9,0,0
BRDA:78,9,1,0
BRF:15
BRH:0
end_of_record
TN:
SF:src\components\PulseLoader.tsx
FN:11,(anonymous_1)
FN:21,(anonymous_2)
FNF:2
FNH:0
FNDA:0,(anonymous_1)
FNDA:0,(anonymous_2)
DA:2,0
DA:3,0
DA:11,0
DA:12,0
DA:18,0
DA:22,0
LF:6
LH:0
BRDA:11,0,0,0
BRDA:11,1,0,0
BRDA:11,2,0,0
BRDA:21,3,0,0
BRDA:21,3,1,0
BRDA:42,4,0,0
BRDA:42,4,1,0
BRDA:55,5,0,0
BRDA:55,5,1,0
BRF:9
BRH:0
end_of_record
TN:
SF:src\components\Skeleton.tsx
FN:21,(anonymous_1)
FN:49,(anonymous_2)
FN:79,(anonymous_3)
FN:91,(anonymous_4)
FN:102,(anonymous_5)
FN:104,(anonymous_6)
FN:111,(anonymous_7)
FN:131,(anonymous_8)
FNF:8
FNH:0
FNDA:0,(anonymous_1)
FNDA:0,(anonymous_2)
FNDA:0,(anonymous_3)
FNDA:0,(anonymous_4)
FNDA:0,(anonymous_5)
FNDA:0,(anonymous_6)
FNDA:0,(anonymous_7)
FNDA:0,(anonymous_8)
DA:6,0
DA:7,0
DA:10,0
DA:21,0
DA:25,0
DA:35,0
DA:49,0
DA:50,0
DA:79,0
DA:80,0
DA:91,0
DA:92,0
DA:102,0
DA:103,0
DA:105,0
DA:111,0
DA:112,0
DA:118,0
DA:131,0
DA:132,0
DA:151,0
LF:21
LH:0
BRDA:22,0,0,0
BRDA:23,1,0,0
BRDA:111,2,0,0
BRF:3
BRH:0
end_of_record
TN:
SF:src\components\SplashScreen.tsx
FN:8,(anonymous_9)
FN:9,(anonymous_10)
FN:11,(anonymous_11)
FN:15,(anonymous_12)
FN:29,(anonymous_13)
FNF:5
FNH:4
FNDA:4,(anonymous_9)
FNDA:4,(anonymous_10)
FNDA:0,(anonymous_11)
FNDA:4,(anonymous_12)
FNDA:12,(anonymous_13)
DA:1,1
DA:2,1
DA:8,1
DA:9,4
DA:11,4
DA:12,0
DA:15,4
DA:18,4
DA:30,12
DA:127,1
LF:10
LH:9
BRF:0
BRH:0
end_of_record
TN:
SF:src\components\VerseShareCard.tsx
FN:45,(anonymous_10)
FN:55,(anonymous_11)
FN:77,(anonymous_12)
FN:108,(anonymous_13)
FN:113,(anonymous_14)
FN:116,(anonymous_15)
FNF:6
FNH:0
FNDA:0,(anonymous_10)
FNDA:0,(anonymous_11)
FNDA:0,(anonymous_12)
FNDA:0,(anonymous_13)
FNDA:0,(anonymous_14)
FNDA:0,(anonymous_15)
DA:6,0
DA:7,0
DA:9,0
DA:18,0
DA:45,0
DA:50,0
DA:51,0
DA:52,0
DA:53,0
DA:55,0
DA:56,0
DA:58,0
DA:59,0
DA:60,0
DA:66,0
DA:67,0
DA:68,0
DA:69,0
DA:71,0
DA:73,0
DA:77,0
DA:78,0
DA:80,0
DA:81,0
DA:82,0
DA:83,0
DA:86,0
DA:87,0
DA:92,0
DA:96,0
DA:108,0
DA:114,0
DA:116,0
DA:198,0
LF:34
LH:0
BRDA:56,0,0,0
BRDA:78,1,0,0
BRDA:80,2,0,0
BRDA:80,2,1,0
BRDA:89,3,0,0
BRDA:89,3,1,0
BRDA:117,4,0,0
BRDA:117,4,1,0
BRDA:148,5,0,0
BRDA:148,5,1,0
BRDA:170,6,0,0
BRDA:170,6,1,0
BRF:12
BRH:0
end_of_record
TN:
SF:src\components\ai\AIWidgetRenderer.tsx
FN:10,(anonymous_1)
FN:50,(anonymous_2)
FN:61,(anonymous_3)
FN:72,(anonymous_4)
FN:86,(anonymous_5)
FNF:5
FNH:0
FNDA:0,(anonymous_1)
FNDA:0,(anonymous_2)
FNDA:0,(anonymous_3)
FNDA:0,(anonymous_4)
FNDA:0,(anonymous_5)
DA:1,0
DA:3,0
DA:4,0
DA:10,0
DA:11,0
DA:14,0
DA:18,0
DA:20,0
DA:21,0
DA:23,0
DA:24,0
DA:26,0
DA:27,0
DA:30,0
DA:33,0
DA:35,0
DA:43,0
DA:50,0
DA:59,0
DA:61,0
DA:70,0
DA:72,0
DA:81,0
DA:86,0
DA:87,0
LF:25
LH:0
BRDA:18,0,0,0
BRDA:30,1,0,0
BRDA:33,2,0,0
BRDA:33,2,1,0
BRDA:33,2,2,0
BRDA:33,2,3,0
BRDA:33,2,4,0
BRDA:53,3,0,0
BRDA:53,3,1,0
BRF:9
BRH:0
end_of_record
TN:
SF:src\components\asr\MakhrajVisualizer.tsx
FN:125,(anonymous_9)
FN:134,(anonymous_10)
FN:136,(anonymous_11)
FN:140,(anonymous_12)
FN:195,(anonymous_13)
FN:211,(anonymous_14)
FN:212,(anonymous_15)
FN:213,(anonymous_16)
FN:264,(anonymous_17)
FN:265,(anonymous_18)
FN:275,(anonymous_19)
FNF:11
FNH:0
FNDA:0,(anonymous_9)
FNDA:0,(anonymous_10)
FNDA:0,(anonymous_11)
FNDA:0,(anonymous_12)
FNDA:0,(anonymous_13)
FNDA:0,(anonymous_14)
FNDA:0,(anonymous_15)
FNDA:0,(anonymous_16)
FNDA:0,(anonymous_17)
FNDA:0,(anonymous_18)
FNDA:0,(anonymous_19)
DA:6,0
DA:7,0
DA:19,0
DA:125,0
DA:131,0
DA:134,0
DA:135,0
DA:136,0
DA:140,0
DA:141,0
DA:142,0
DA:145,0
DA:196,0
DA:197,0
DA:199,0
DA:211,0
DA:212,0
DA:213,0
DA:265,0
DA:266,0
DA:267,0
DA:276,0
DA:296,0
LF:23
LH:0
BRDA:128,0,0,0
BRDA:135,1,0,0
BRDA:141,2,0,0
BRDA:205,3,0,0
BRDA:205,3,1,0
BRDA:205,4,0,0
BRDA:205,4,1,0
BRDA:206,5,0,0
BRDA:206,5,1,0
BRDA:206,6,0,0
BRDA:206,6,1,0
BRDA:207,7,0,0
BRDA:207,7,1,0
BRDA:208,8,0,0
BRDA:208,8,1,0
BRDA:209,9,0,0
BRDA:209,9,1,0
BRDA:215,10,0,0
BRDA:215,10,1,0
BRDA:219,11,0,0
BRDA:219,11,1,0
BRDA:225,12,0,0
BRDA:225,12,1,0
BRDA:225,12,2,0
BRDA:242,13,0,0
BRDA:242,13,1,0
BRDA:258,14,0,0
BRDA:258,14,1,0
BRDA:258,14,2,0
BRDA:265,15,0,0
BRDA:265,15,1,0
BRDA:266,16,0,0
BRDA:278,17,0,0
BRDA:278,17,1,0
BRF:34
BRH:0
end_of_record
TN:
SF:src\components\asr\PhonemeTimeline.tsx
FN:40,(anonymous_9)
FN:53,(anonymous_10)
FN:58,(anonymous_11)
FN:92,(anonymous_12)
FN:155,(anonymous_13)
FN:159,(anonymous_14)
FN:167,(anonymous_15)
FN:171,(anonymous_16)
FN:180,(anonymous_17)
FN:185,(anonymous_18)
FN:222,(anonymous_19)
FNF:11
FNH:0
FNDA:0,(anonymous_9)
FNDA:0,(anonymous_10)
FNDA:0,(anonymous_11)
FNDA:0,(anonymous_12)
FNDA:0,(anonymous_13)
FNDA:0,(anonymous_14)
FNDA:0,(anonymous_15)
FNDA:0,(anonymous_16)
FNDA:0,(anonymous_17)
FNDA:0,(anonymous_18)
FNDA:0,(anonymous_19)
DA:6,0
DA:28,0
DA:35,0
DA:36,0
DA:37,0
DA:38,0
DA:40,0
DA:47,0
DA:48,0
DA:49,0
DA:50,0
DA:53,0
DA:54,0
DA:58,0
DA:59,0
DA:60,0
DA:62,0
DA:63,0
DA:66,0
DA:67,0
DA:70,0
DA:71,0
DA:72,0
DA:73,0
DA:74,0
DA:75,0
DA:76,0
DA:77,0
DA:78,0
DA:81,0
DA:82,0
DA:83,0
DA:84,0
DA:85,0
DA:89,0
DA:90,0
DA:92,0
DA:93,0
DA:94,0
DA:95,0
DA:98,0
DA:99,0
DA:100,0
DA:102,0
DA:106,0
DA:107,0
DA:108,0
DA:109,0
DA:110,0
DA:111,0
DA:114,0
DA:115,0
DA:116,0
DA:117,0
DA:118,0
DA:119,0
DA:123,0
DA:124,0
DA:125,0
DA:126,0
DA:127,0
DA:128,0
DA:133,0
DA:134,0
DA:135,0
DA:136,0
DA:137,0
DA:138,0
DA:139,0
DA:140,0
DA:143,0
DA:144,0
DA:145,0
DA:146,0
DA:147,0
DA:148,0
DA:149,0
DA:155,0
DA:156,0
DA:157,0
DA:159,0
DA:160,0
DA:161,0
DA:162,0
DA:166,0
DA:167,0
DA:171,0
DA:172,0
DA:173,0
DA:175,0
DA:176,0
DA:179,0
DA:180,0
DA:182,0
DA:185,0
DA:186,0
DA:187,0
DA:191,0
DA:222,0
DA:243,0
LF:100
LH:0
BRDA:43,0,0,0
BRDA:45,1,0,0
BRDA:60,2,0,0
BRDA:63,3,0,0
BRDA:99,4,0,0
BRDA:100,5,0,0
BRDA:100,5,1,0
BRDA:100,6,0,0
BRDA:100,6,1,0
BRDA:102,7,0,0
BRDA:102,7,1,0
BRDA:107,8,0,0
BRDA:107,8,1,0
BRDA:114,9,0,0
BRDA:123,10,0,0
BRDA:133,11,0,0
BRDA:157,12,0,0
BRDA:173,13,0,0
BRDA:180,14,0,0
BRDA:180,14,1,0
BRDA:182,15,0,0
BRDA:182,15,1,0
BRDA:186,16,0,0
BRDA:186,17,0,0
BRDA:186,17,1,0
BRDA:229,18,0,0
BRDA:229,18,1,0
BRDA:229,18,2,0
BRDA:232,19,0,0
BRDA:232,19,1,0
BRF:30
BRH:0
end_of_record
TN:
SF:src\components\demo\RealtimeChatDemo.tsx
FN:21,(anonymous_9)
FN:40,(anonymous_10)
FN:49,(anonymous_11)
FN:54,(anonymous_12)
FN:64,(anonymous_13)
FN:72,(anonymous_14)
FN:78,(anonymous_15)
FN:98,(anonymous_16)
FN:145,(anonymous_17)
FN:184,(anonymous_18)
FNF:10
FNH:0
FNDA:0,(anonymous_9)
FNDA:0,(anonymous_10)
FNDA:0,(anonymous_11)
FNDA:0,(anonymous_12)
FNDA:0,(anonymous_13)
FNDA:0,(anonymous_14)
FNDA:0,(anonymous_15)
FNDA:0,(anonymous_16)
FNDA:0,(anonymous_17)
FNDA:0,(anonymous_18)
DA:9,0
DA:10,0
DA:11,0
DA:12,0
DA:21,0
DA:25,0
DA:26,0
DA:36,0
DA:42,0
DA:43,0
DA:49,0
DA:50,0
DA:54,0
DA:55,0
DA:57,0
DA:58,0
DA:59,0
DA:64,0
DA:65,0
DA:66,0
DA:67,0
DA:72,0
DA:74,0
DA:78,0
DA:79,0
DA:86,0
DA:87,0
DA:89,0
DA:98,0
DA:99,0
DA:105,0
DA:146,0
DA:184,0
DA:203,0
LF:34
LH:0
BRDA:22,0,0,0
BRDA:37,1,0,0
BRDA:37,1,1,0
BRDA:38,2,0,0
BRDA:38,2,1,0
BRDA:42,3,0,0
BRDA:55,4,0,0
BRDA:58,5,0,0
BRDA:65,6,0,0
BRDA:65,7,0,0
BRDA:65,7,1,0
BRDA:91,8,0,0
BRDA:91,8,1,0
BRDA:115,9,0,0
BRDA:115,9,1,0
BRDA:131,10,0,0
BRDA:131,10,1,0
BRDA:139,11,0,0
BRDA:139,11,1,0
BRDA:150,12,0,0
BRDA:150,12,1,0
BRDA:153,13,0,0
BRDA:153,13,1,0
BRDA:159,14,0,0
BRDA:159,14,1,0
BRDA:162,15,0,0
BRDA:162,15,1,0
BRDA:164,16,0,0
BRDA:164,16,1,0
BRDA:165,17,0,0
BRDA:165,17,1,0
BRDA:166,18,0,0
BRDA:166,18,1,0
BRDA:192,19,0,0
BRDA:192,19,1,0
BRF:35
BRH:0
end_of_record
TN:
SF:src\components\landing\FeaturesBento.tsx
FN:60,(anonymous_1)
FN:88,(anonymous_2)
FNF:2
FNH:0
FNDA:0,(anonymous_1)
FNDA:0,(anonymous_2)
DA:1,0
DA:2,0
DA:3,0
DA:17,0
DA:60,0
DA:61,0
DA:89,0
DA:146,0
LF:8
LH:0
BRDA:98,0,0,0
BRDA:98,0,1,0
BRDA:107,1,0,0
BRDA:107,1,1,0
BRF:4
BRH:0
end_of_record
TN:
SF:src\components\landing\FinalCta.tsx
FN:10,(anonymous_1)
FNF:1
FNH:0
FNDA:0,(anonymous_1)
DA:1,0
DA:2,0
DA:3,0
DA:4,0
DA:10,0
DA:11,0
DA:84,0
LF:7
LH:0
BRF:0
BRH:0
end_of_record
TN:
SF:src\components\landing\Footer.tsx
FN:34,(anonymous_1)
FN:76,(anonymous_2)
FN:93,(anonymous_3)
FN:110,(anonymous_4)
FN:137,(anonymous_5)
FNF:5
FNH:0
FNDA:0,(anonymous_1)
FNDA:0,(anonymous_2)
FNDA:0,(anonymous_3)
FNDA:0,(anonymous_4)
FNDA:0,(anonymous_5)
DA:1,0
DA:3,0
DA:4,0
DA:6,0
DA:27,0
DA:34,0
DA:35,0
DA:77,0
DA:94,0
DA:111,0
DA:138,0
DA:174,0
LF:12
LH:0
BRF:0
BRH:0
end_of_record
TN:
SF:src\components\landing\ParticlesBackground.tsx
FN:19,(anonymous_9)
FN:29,(anonymous_10)
FN:36,(anonymous_11)
FN:45,(anonymous_12)
FN:54,(anonymous_13)
FN:57,(anonymous_14)
FN:81,(anonymous_15)
FN:82,(anonymous_16)
FN:99,(anonymous_17)
FNF:9
FNH:0
FNDA:0,(anonymous_9)
FNDA:0,(anonymous_10)
FNDA:0,(anonymous_11)
FNDA:0,(anonymous_12)
FNDA:0,(anonymous_13)
FNDA:0,(anonymous_14)
FNDA:0,(anonymous_15)
FNDA:0,(anonymous_16)
FNDA:0,(anonymous_17)
DA:1,0
DA:19,0
DA:25,0
DA:26,0
DA:27,0
DA:29,0
DA:30,0
DA:31,0
DA:33,0
DA:34,0
DA:36,0
DA:37,0
DA:38,0
DA:41,0
DA:42,0
DA:45,0
DA:54,0
DA:55,0
DA:57,0
DA:59,0
DA:60,0
DA:63,0
DA:64,0
DA:65,0
DA:66,0
DA:69,0
DA:70,0
DA:71,0
DA:72,0
DA:73,0
DA:77,0
DA:78,0
DA:79,0
DA:81,0
DA:82,0
DA:83,0
DA:84,0
DA:85,0
DA:86,0
DA:87,0
DA:88,0
DA:89,0
DA:94,0
DA:97,0
DA:99,0
DA:100,0
DA:101,0
DA:102,0
DA:107,0
DA:115,0
LF:50
LH:0
BRDA:20,0,0,0
BRDA:21,1,0,0
BRDA:22,2,0,0
BRDA:23,3,0,0
BRDA:31,4,0,0
BRDA:34,5,0,0
BRDA:63,6,0,0
BRDA:64,7,0,0
BRDA:65,8,0,0
BRDA:66,9,0,0
BRDA:84,10,0,0
BRDA:101,11,0,0
BRF:12
BRH:0
end_of_record
TN:
SF:src\components\landing\PremiumEffects.tsx
FN:12,(anonymous_1)
FN:50,(anonymous_2)
FN:83,(anonymous_3)
FN:118,(anonymous_4)
FN:125,(anonymous_5)
FN:134,(anonymous_6)
FNF:6
FNH:0
FNDA:0,(anonymous_1)
FNDA:0,(anonymous_2)
FNDA:0,(anonymous_3)
FNDA:0,(anonymous_4)
FNDA:0,(anonymous_5)
FNDA:0,(anonymous_6)
DA:1,0
DA:2,0
DA:12,0
DA:19,0
DA:50,0
DA:56,0
DA:83,0
DA:88,0
DA:118,0
DA:122,0
DA:123,0
DA:125,0
DA:126,0
DA:127,0
DA:128,0
DA:129,0
DA:130,0
DA:131,0
DA:134,0
DA:135,0
DA:138,0
LF:21
LH:0
BRDA:15,0,0,0
BRDA:16,1,0,0
BRDA:17,2,0,0
BRDA:53,3,0,0
BRDA:54,4,0,0
BRDA:85,5,0,0
BRDA:86,6,0,0
BRDA:120,7,0,0
BRDA:126,8,0,0
BRF:9
BRH:0
end_of_record
TN:
SF:src\components\landing\PricingTable.tsx
FN:77,(anonymous_9)
FN:108,(anonymous_10)
FN:117,(anonymous_11)
FN:133,(anonymous_12)
FN:184,(anonymous_13)
FNF:5
FNH:0
FNDA:0,(anonymous_9)
FNDA:0,(anonymous_10)
FNDA:0,(anonymous_11)
FNDA:0,(anonymous_12)
FNDA:0,(anonymous_13)
DA:1,0
DA:2,0
DA:3,0
DA:19,0
DA:77,0
DA:78,0
DA:80,0
DA:108,0
DA:117,0
DA:134,0
DA:185,0
DA:227,0
LF:12
LH:0
BRDA:109,0,0,0
BRDA:109,0,1,0
BRDA:118,1,0,0
BRDA:118,1,1,0
BRDA:140,2,0,0
BRDA:140,2,1,0
BRDA:146,3,0,0
BRDA:146,3,1,0
BRDA:174,4,0,0
BRDA:174,4,1,0
BRDA:176,5,0,0
BRDA:176,5,1,0
BRDA:186,6,0,0
BRDA:186,6,1,0
BRDA:194,7,0,0
BRDA:194,7,1,0
BRDA:195,8,0,0
BRDA:195,8,1,0
BRDA:208,9,0,0
BRDA:208,9,1,0
BRF:20
BRH:0
end_of_record
TN:
SF:src\components\landing\QwerDemoSection.tsx
FN:21,(anonymous_9)
FN:30,(anonymous_10)
FN:32,(anonymous_11)
FN:33,(anonymous_12)
FN:33,(anonymous_13)
FN:35,(anonymous_14)
FN:42,(anonymous_15)
FN:43,(anonymous_16)
FN:44,(anonymous_17)
FN:46,(anonymous_18)
FN:49,(anonymous_19)
FN:56,(anonymous_20)
FN:67,(anonymous_21)
FN:70,(anonymous_22)
FN:79,(anonymous_23)
FN:153,(anonymous_24)
FN:228,(anonymous_25)
FN:263,(anonymous_26)
FN:274,(anonymous_27)
FNF:19
FNH:0
FNDA:0,(anonymous_9)
FNDA:0,(anonymous_10)
FNDA:0,(anonymous_11)
FNDA:0,(anonymous_12)
FNDA:0,(anonymous_13)
FNDA:0,(anonymous_14)
FNDA:0,(anonymous_15)
FNDA:0,(anonymous_16)
FNDA:0,(anonymous_17)
FNDA:0,(anonymous_18)
FNDA:0,(anonymous_19)
FNDA:0,(anonymous_20)
FNDA:0,(anonymous_21)
FNDA:0,(anonymous_22)
FNDA:0,(anonymous_23)
FNDA:0,(anonymous_24)
FNDA:0,(anonymous_25)
FNDA:0,(anonymous_26)
FNDA:0,(anonymous_27)
DA:1,0
DA:2,0
DA:3,0
DA:14,0
DA:21,0
DA:22,0
DA:23,0
DA:24,0
DA:25,0
DA:26,0
DA:27,0
DA:30,0
DA:31,0
DA:32,0
DA:33,0
DA:35,0
DA:37,0
DA:42,0
DA:43,0
DA:44,0
DA:46,0
DA:49,0
DA:50,0
DA:52,0
DA:53,0
DA:56,0
DA:57,0
DA:58,0
DA:59,0
DA:63,0
DA:64,0
DA:67,0
DA:68,0
DA:69,0
DA:70,0
DA:71,0
DA:72,0
DA:73,0
DA:79,0
DA:80,0
DA:81,0
DA:84,0
DA:154,0
DA:229,0
DA:264,0
DA:274,0
DA:376,0
LF:47
LH:0
BRDA:31,0,0,0
BRDA:31,0,1,0
BRDA:50,1,0,0
BRDA:50,1,1,0
BRDA:138,2,0,0
BRDA:138,2,1,0
BRDA:139,3,0,0
BRDA:139,3,1,0
BRDA:156,4,0,0
BRDA:156,4,1,0
BRDA:169,5,0,0
BRDA:169,5,1,0
BRDA:172,6,0,0
BRDA:172,6,1,0
BRDA:174,7,0,0
BRDA:174,7,1,0
BRDA:179,8,0,0
BRDA:179,8,1,0
BRDA:196,9,0,0
BRDA:196,9,1,0
BRDA:210,10,0,0
BRDA:210,10,1,0
BRDA:270,11,0,0
BRDA:270,11,1,0
BRDA:287,12,0,0
BRDA:287,12,1,0
BRDA:288,13,0,0
BRDA:288,13,1,0
BRDA:289,14,0,0
BRDA:289,14,1,0
BRDA:290,15,0,0
BRDA:290,15,1,0
BRDA:309,16,0,0
BRDA:309,16,1,0
BRDA:319,17,0,0
BRDA:319,17,1,0
BRDA:320,18,0,0
BRDA:320,18,1,0
BRDA:321,19,0,0
BRDA:321,19,1,0
BRDA:322,20,0,0
BRDA:322,20,1,0
BRF:42
BRH:0
end_of_record
TN:
SF:src\components\landing\Testimonials.tsx
FN:54,(anonymous_9)
FN:59,(anonymous_10)
FN:62,(anonymous_11)
FN:63,(anonymous_12)
FN:66,(anonymous_13)
FN:69,(anonymous_14)
FN:71,(anonymous_15)
FN:74,(anonymous_16)
FN:76,(anonymous_17)
FN:135,(anonymous_18)
FN:170,(anonymous_19)
FN:173,(anonymous_20)
FNF:12
FNH:0
FNDA:0,(anonymous_9)
FNDA:0,(anonymous_10)
FNDA:0,(anonymous_11)
FNDA:0,(anonymous_12)
FNDA:0,(anonymous_13)
FNDA:0,(anonymous_14)
FNDA:0,(anonymous_15)
FNDA:0,(anonymous_16)
FNDA:0,(anonymous_17)
FNDA:0,(anonymous_18)
FNDA:0,(anonymous_19)
FNDA:0,(anonymous_20)
DA:1,0
DA:2,0
DA:3,0
DA:15,0
DA:54,0
DA:55,0
DA:56,0
DA:59,0
DA:60,0
DA:62,0
DA:63,0
DA:66,0
DA:69,0
DA:70,0
DA:71,0
DA:74,0
DA:75,0
DA:76,0
DA:79,0
DA:136,0
DA:171,0
DA:174,0
DA:175,0
DA:199,0
LF:24
LH:0
BRDA:60,0,0,0
BRDA:177,1,0,0
BRDA:177,1,1,0
BRF:3
BRH:0
end_of_record
TN:
SF:src\components\landing\TextAnimations.tsx
FN:12,(anonymous_1)
FN:23,(anonymous_2)
FN:57,(anonymous_3)
FN:78,(anonymous_4)
FN:106,(anonymous_5)
FN:116,(anonymous_6)
FN:143,(anonymous_7)
FN:154,(anonymous_8)
FN:156,(anonymous_9)
FN:169,(anonymous_10)
FN:172,(anonymous_11)
FN:178,(anonymous_12)
FNF:12
FNH:0
FNDA:0,(anonymous_1)
FNDA:0,(anonymous_2)
FNDA:0,(anonymous_3)
FNDA:0,(anonymous_4)
FNDA:0,(anonymous_5)
FNDA:0,(anonymous_6)
FNDA:0,(anonymous_7)
FNDA:0,(anonymous_8)
FNDA:0,(anonymous_9)
FNDA:0,(anonymous_10)
FNDA:0,(anonymous_11)
FNDA:0,(anonymous_12)
DA:1,0
DA:2,0
DA:12,0
DA:19,0
DA:21,0
DA:23,0
DA:29,0
DA:50,0
DA:58,0
DA:78,0
DA:85,0
DA:106,0
DA:112,0
DA:114,0
DA:117,0
DA:143,0
DA:150,0
DA:151,0
DA:152,0
DA:154,0
DA:155,0
DA:157,0
DA:158,0
DA:159,0
DA:165,0
DA:166,0
DA:169,0
DA:172,0
DA:173,0
DA:175,0
DA:176,0
DA:178,0
DA:179,0
DA:180,0
DA:181,0
DA:182,0
DA:184,0
DA:185,0
DA:187,0
DA:191,0
DA:194,0
LF:41
LH:0
BRDA:14,0,0,0
BRDA:15,1,0,0
BRDA:16,2,0,0
BRDA:17,3,0,0
BRDA:23,4,0,0
BRDA:61,5,0,0
BRDA:61,5,1,0
BRDA:80,6,0,0
BRDA:81,7,0,0
BRDA:82,8,0,0
BRDA:83,9,0,0
BRDA:87,10,0,0
BRDA:87,10,1,0
BRDA:91,11,0,0
BRDA:91,11,1,0
BRDA:108,12,0,0
BRDA:109,13,0,0
BRDA:110,14,0,0
BRDA:145,15,0,0
BRDA:146,16,0,0
BRDA:147,17,0,0
BRDA:148,18,0,0
BRDA:157,19,0,0
BRDA:165,20,0,0
BRDA:173,21,0,0
BRDA:184,22,0,0
BRDA:184,22,1,0
BRF:27
BRH:0
end_of_record
TN:
SF:src\components\landing\TrustBar.tsx
FN:39,(anonymous_1)
FN:54,(anonymous_2)
FNF:2
FNH:0
FNDA:0,(anonymous_1)
FNDA:0,(anonymous_2)
DA:1,0
DA:2,0
DA:3,0
DA:12,0
DA:39,0
DA:40,0
DA:55,0
DA:90,0
LF:8
LH:0
BRF:0
BRH:0
end_of_record
TN:
SF:src\components\ui\Button.tsx
FN:14,(anonymous_1)
FNF:1
FNH:0
FNDA:0,(anonymous_1)
DA:1,0
DA:14,0
DA:25,0
DA:27,0
DA:35,0
DA:42,0
LF:6
LH:0
BRDA:16,0,0,0
BRDA:17,1,0,0
BRDA:18,2,0,0
BRDA:19,3,0,0
BRDA:45,4,0,0
BRDA:45,4,1,0
BRDA:49,5,0,0
BRDA:49,5,1,0
BRDA:49,5,2,0
BRDA:53,6,0,0
BRDA:53,6,1,0
BRDA:55,7,0,0
BRDA:55,7,1,0
BRDA:61,8,0,0
BRDA:61,8,1,0
BRDA:61,8,2,0
BRF:16
BRH:0
end_of_record
TN:
SF:src\components\ui\Toggle.tsx
FN:11,(anonymous_1)
FN:15,(anonymous_2)
FNF:2
FNH:0
FNDA:0,(anonymous_1)
FNDA:0,(anonymous_2)
DA:1,0
DA:2,0
DA:11,0
DA:12,0
DA:14,0
DA:15,0
LF:6
LH:0
BRDA:11,0,0,0
BRDA:12,1,0,0
BRDA:12,1,1,0
BRDA:16,2,0,0
BRDA:16,2,1,0
BRDA:21,3,0,0
BRDA:21,3,1,0
BRDA:27,4,0,0
BRDA:27,4,1,0
BRDA:28,5,0,0
BRDA:28,5,1,0
BRF:11
BRH:0
end_of_record
TN:
SF:src\config\personas.ts
FNF:0
FNH:0
DA:15,0
DA:84,0
LF:2
LH:0
BRF:0
BRH:0
end_of_record
TN:
SF:src\constants\index.ts
FNF:0
FNH:0
DA:1,0
DA:2,0
DA:3,0
DA:5,0
LF:4
LH:0
BRF:0
BRH:0
end_of_record
TN:
SF:src\constants\personas.ts
FNF:0
FNH:0
DA:9,0
LF:1
LH:0
BRF:0
BRH:0
end_of_record
TN:
SF:src\contexts\AudioPlayerContext.tsx
FN:45,(anonymous_9)
FN:53,(anonymous_10)
FN:71,(anonymous_11)
FN:78,(anonymous_12)
FN:84,(anonymous_13)
FN:92,(anonymous_14)
FN:101,(anonymous_15)
FN:111,(anonymous_16)
FN:118,(anonymous_17)
FN:122,(anonymous_18)
FN:131,(anonymous_19)
FN:137,(anonymous_20)
FN:156,(anonymous_21)
FN:197,(anonymous_22)
FN:204,(anonymous_23)
FN:218,(anonymous_24)
FN:228,(anonymous_25)
FN:235,(anonymous_26)
FN:239,(anonymous_27)
FNF:19
FNH:8
FNDA:0,(anonymous_9)
FNDA:2,(anonymous_10)
FNDA:2,(anonymous_11)
FNDA:0,(anonymous_12)
FNDA:0,(anonymous_13)
FNDA:0,(anonymous_14)
FNDA:2,(anonymous_15)
FNDA:2,(anonymous_16)
FNDA:2,(anonymous_17)
FNDA:0,(anonymous_18)
FNDA:2,(anonymous_19)
FNDA:2,(anonymous_20)
FNDA:0,(anonymous_21)
FNDA:0,(anonymous_22)
FNDA:0,(anonymous_23)
FNDA:0,(anonymous_24)
FNDA:0,(anonymous_25)
FNDA:0,(anonymous_26)
FNDA:2,(anonymous_27)
DA:1,1
DA:2,1
DA:43,1
DA:45,1
DA:46,0
DA:47,0
DA:48,0
DA:50,0
DA:53,1
DA:54,2
DA:55,2
DA:56,2
DA:57,2
DA:58,2
DA:59,2
DA:60,2
DA:62,2
DA:63,2
DA:65,2
DA:67,2
DA:68,2
DA:71,2
DA:72,2
DA:74,2
DA:76,2
DA:78,2
DA:79,0
DA:80,0
DA:81,0
DA:84,2
DA:85,0
DA:86,0
DA:87,0
DA:88,0
DA:92,2
DA:93,0
DA:94,0
DA:97,2
DA:98,2
DA:99,2
DA:101,2
DA:102,2
DA:103,2
DA:104,2
DA:105,2
DA:111,2
DA:112,2
DA:113,2
DA:118,2
DA:119,2
DA:120,0
DA:122,0
DA:123,0
DA:124,0
DA:126,0
DA:129,2
DA:131,2
DA:132,2
DA:137,2
DA:138,2
DA:139,2
DA:140,2
DA:143,0
DA:144,0
DA:146,0
DA:147,0
DA:148,0
DA:149,0
DA:153,0
DA:156,2
DA:157,0
DA:160,0
DA:161,0
DA:162,0
DA:165,0
DA:168,0
DA:170,0
DA:173,0
DA:175,0
DA:176,0
DA:178,0
DA:179,0
DA:180,0
DA:181,0
DA:182,0
DA:183,0
DA:187,0
DA:188,0
DA:190,0
DA:192,0
DA:197,2
DA:198,0
DA:199,0
DA:200,0
DA:204,2
DA:205,0
DA:206,0
DA:207,0
DA:208,0
DA:211,0
DA:212,0
DA:218,2
DA:219,0
DA:220,0
DA:221,0
DA:222,0
DA:223,0
DA:224,0
DA:228,2
DA:229,0
DA:230,0
DA:231,0
DA:235,2
DA:236,0
DA:239,2
DA:272,2
LF:116
LH:52
BRDA:47,0,0,0
BRDA:80,1,0,0
BRDA:80,1,1,0
BRDA:81,2,0,0
BRDA:81,2,1,0
BRDA:87,3,0,0
BRDA:112,4,0,2
BRDA:119,5,0,0
BRDA:119,5,1,2
BRDA:119,6,0,2
BRDA:119,6,1,0
BRDA:120,7,0,0
BRDA:129,8,0,0
BRDA:132,9,0,0
BRDA:138,10,0,2
BRDA:138,11,0,2
BRDA:138,11,1,0
BRDA:147,12,0,0
BRDA:147,13,0,0
BRDA:147,13,1,0
BRDA:157,14,0,0
BRDA:160,15,0,0
BRDA:180,16,0,0
BRDA:187,17,0,0
BRDA:187,17,1,0
BRDA:198,18,0,0
BRDA:205,19,0,0
BRDA:205,20,0,0
BRDA:205,20,1,0
BRDA:211,21,0,0
BRDA:219,22,0,0
BRDA:229,23,0,0
BRF:32
BRH:5
end_of_record
TN:
SF:src\contexts\AuthContext.tsx
FN:24,(anonymous_9)
FN:30,(anonymous_10)
FN:34,(anonymous_11)
FN:42,(anonymous_12)
FN:72,(anonymous_13)
FN:82,(anonymous_14)
FN:171,(anonymous_15)
FN:178,(anonymous_16)
FN:201,(anonymous_17)
FN:214,(anonymous_18)
FN:220,(anonymous_19)
FN:249,(anonymous_20)
FN:259,(anonymous_21)
FN:264,(anonymous_22)
FN:294,(anonymous_23)
FNF:15
FNH:5
FNDA:4,(anonymous_9)
FNDA:2,(anonymous_10)
FNDA:0,(anonymous_11)
FNDA:2,(anonymous_12)
FNDA:0,(anonymous_13)
FNDA:0,(anonymous_14)
FNDA:2,(anonymous_15)
FNDA:0,(anonymous_16)
FNDA:0,(anonymous_17)
FNDA:0,(anonymous_18)
FNDA:0,(anonymous_19)
FNDA:0,(anonymous_20)
FNDA:0,(anonymous_21)
FNDA:0,(anonymous_22)
FNDA:4,(anonymous_23)
DA:1,1
DA:2,1
DA:22,1
DA:24,1
DA:25,4
DA:26,4
DA:27,4
DA:30,4
DA:31,2
DA:34,2
DA:35,0
DA:36,0
DA:37,0
DA:42,2
DA:43,2
DA:45,2
DA:46,2
DA:48,0
DA:54,0
DA:55,0
DA:58,0
DA:70,2
DA:71,2
DA:73,0
DA:74,0
DA:78,2
DA:82,2
DA:83,0
DA:84,0
DA:86,0
DA:88,0
DA:89,0
DA:90,0
DA:93,0
DA:94,0
DA:96,0
DA:97,0
DA:100,0
DA:106,0
DA:108,0
DA:111,0
DA:113,0
DA:116,0
DA:117,0
DA:119,0
DA:123,0
DA:124,0
DA:125,0
DA:126,0
DA:128,0
DA:129,0
DA:132,0
DA:135,0
DA:139,0
DA:140,0
DA:141,0
DA:158,0
DA:159,0
DA:162,0
DA:164,0
DA:165,0
DA:166,0
DA:171,2
DA:172,2
DA:173,2
DA:174,2
DA:178,4
DA:179,0
DA:180,0
DA:181,0
DA:182,0
DA:186,0
DA:188,0
DA:189,0
DA:191,0
DA:194,0
DA:196,0
DA:197,0
DA:201,4
DA:202,0
DA:211,0
DA:214,4
DA:215,0
DA:216,0
DA:217,0
DA:220,4
DA:221,0
DA:223,0
DA:225,0
DA:226,0
DA:227,0
DA:229,0
DA:230,0
DA:231,0
DA:235,0
DA:243,0
DA:244,0
DA:249,0
DA:251,0
DA:253,0
DA:254,0
DA:259,4
DA:260,0
DA:261,0
DA:264,4
DA:265,0
DA:267,0
DA:268,0
DA:269,0
DA:270,0
DA:272,0
DA:276,0
DA:277,0
DA:280,0
DA:281,0
DA:283,0
DA:287,4
DA:294,1
DA:295,4
DA:296,4
DA:297,0
DA:299,4
LF:122
LH:33
BRDA:35,0,0,0
BRDA:35,1,0,0
BRDA:35,1,1,0
BRDA:43,2,0,0
BRDA:46,3,0,0
BRDA:54,4,0,0
BRDA:54,4,1,0
BRDA:60,5,0,0
BRDA:60,5,1,0
BRDA:60,5,2,0
BRDA:61,6,0,0
BRDA:61,6,1,0
BRDA:74,7,0,0
BRDA:88,8,0,0
BRDA:96,9,0,0
BRDA:96,9,1,0
BRDA:111,10,0,0
BRDA:113,11,0,0
BRDA:116,12,0,0
BRDA:116,12,1,0
BRDA:123,13,0,0
BRDA:123,13,1,0
BRDA:125,14,0,0
BRDA:126,15,0,0
BRDA:126,15,1,0
BRDA:126,15,2,0
BRDA:139,16,0,0
BRDA:143,17,0,0
BRDA:143,17,1,0
BRDA:143,17,2,0
BRDA:144,18,0,0
BRDA:144,18,1,0
BRDA:164,19,0,0
BRDA:188,20,0,0
BRDA:188,20,1,0
BRDA:221,21,0,0
BRDA:226,22,0,0
BRDA:227,23,0,0
BRDA:229,24,0,0
BRDA:231,25,0,0
BRDA:243,26,0,0
BRDA:249,27,0,0
BRDA:249,27,1,0
BRDA:265,28,0,0
BRDA:276,29,0,0
BRDA:296,30,0,0
BRF:46
BRH:0
end_of_record
TN:
SF:src\contexts\GamificationContext.tsx
FN:44,(anonymous_9)
FN:53,(anonymous_10)
FN:57,(anonymous_11)
FN:63,(anonymous_12)
FN:70,(anonymous_13)
FN:71,(anonymous_14)
FN:76,(anonymous_15)
FN:80,(anonymous_16)
FN:91,(anonymous_17)
FN:92,(anonymous_18)
FN:100,(anonymous_19)
FN:101,(anonymous_20)
FN:102,(anonymous_21)
FN:121,(anonymous_22)
FN:123,(anonymous_23)
FN:137,(anonymous_24)
FN:147,(anonymous_25)
FNF:17
FNH:4
FNDA:0,(anonymous_9)
FNDA:0,(anonymous_10)
FNDA:0,(anonymous_11)
FNDA:0,(anonymous_12)
FNDA:2,(anonymous_13)
FNDA:2,(anonymous_14)
FNDA:2,(anonymous_15)
FNDA:0,(anonymous_16)
FNDA:0,(anonymous_17)
FNDA:0,(anonymous_18)
FNDA:0,(anonymous_19)
FNDA:0,(anonymous_20)
FNDA:0,(anonymous_21)
FNDA:0,(anonymous_22)
FNDA:0,(anonymous_23)
FNDA:0,(anonymous_24)
FNDA:2,(anonymous_25)
DA:1,1
DA:29,1
DA:30,1
DA:32,1
DA:41,1
DA:42,1
DA:44,1
DA:45,0
DA:46,0
DA:48,0
DA:49,0
DA:53,0
DA:57,1
DA:58,0
DA:59,0
DA:60,0
DA:63,1
DA:64,0
DA:65,0
DA:66,0
DA:70,1
DA:71,2
DA:72,2
DA:73,2
DA:76,2
DA:77,2
DA:80,2
DA:81,0
DA:82,0
DA:83,0
DA:84,0
DA:85,0
DA:86,0
DA:88,0
DA:91,2
DA:92,0
DA:93,0
DA:94,0
DA:95,0
DA:96,0
DA:100,2
DA:101,0
DA:102,0
DA:104,0
DA:110,0
DA:111,0
DA:113,0
DA:121,2
DA:122,0
DA:123,0
DA:124,0
DA:125,0
DA:126,0
DA:127,0
DA:129,0
DA:130,0
DA:131,0
DA:133,0
DA:137,2
DA:138,0
DA:139,0
DA:140,0
DA:141,0
DA:142,0
DA:144,0
DA:147,2
DA:154,2
LF:67
LH:22
BRDA:48,0,0,0
BRDA:48,1,0,0
BRDA:48,1,1,0
BRDA:59,2,0,0
BRDA:65,3,0,0
BRDA:73,4,0,0
BRDA:73,4,1,2
BRDA:95,5,0,0
BRDA:102,6,0,0
BRDA:111,7,0,0
BRDA:124,8,0,0
BRDA:130,9,0,0
BRDA:130,9,1,0
BRF:13
BRH:1
end_of_record
TN:
SF:src\data\islamicFAQ.ts
FNF:0
FNH:0
DA:10,0
LF:1
LH:0
BRF:0
BRH:0
end_of_record
TN:
SF:src\data\jakimZones.ts
FNF:0
FNH:0
DA:7,0
LF:1
LH:0
BRF:0
BRH:0
end_of_record
TN:
SF:src\data\knowledgeBase.ts
FN:235,(anonymous_0)
FN:236,(anonymous_1)
FN:240,(anonymous_2)
FN:241,(anonymous_3)
FNF:4
FNH:0
FNDA:0,(anonymous_0)
FNDA:0,(anonymous_1)
FNDA:0,(anonymous_2)
FNDA:0,(anonymous_3)
DA:8,0
DA:235,0
DA:236,0
DA:237,0
DA:240,0
DA:241,0
DA:246,0
LF:7
LH:0
BRDA:246,0,0,0
BRDA:246,0,1,0
BRF:2
BRH:0
end_of_record
TN:
SF:src\e2e\home.spec.ts
FN:3,(anonymous_0)
FN:4,(anonymous_1)
FN:14,(anonymous_2)
FNF:3
FNH:0
FNDA:0,(anonymous_0)
FNDA:0,(anonymous_1)
FNDA:0,(anonymous_2)
DA:1,0
DA:3,0
DA:4,0
DA:6,0
DA:10,0
DA:11,0
DA:14,0
DA:15,0
DA:18,0
DA:20,0
DA:21,0
DA:23,0
LF:12
LH:0
BRDA:20,0,0,0
BRF:1
BRH:0
end_of_record
TN:
SF:src\e2e\quran-flow.spec.ts
FN:3,(anonymous_0)
FN:5,(anonymous_1)
FN:46,(anonymous_2)
FNF:3
FNH:0
FNDA:0,(anonymous_0)
FNDA:0,(anonymous_1)
FNDA:0,(anonymous_2)
DA:1,0
DA:3,0
DA:5,0
DA:7,0
DA:10,0
DA:13,0
DA:14,0
DA:15,0
DA:16,0
DA:21,0
DA:22,0
DA:23,0
DA:27,0
DA:30,0
DA:31,0
DA:34,0
DA:35,0
DA:38,0
DA:41,0
DA:42,0
DA:43,0
DA:46,0
DA:47,0
DA:48,0
DA:49,0
DA:50,0
DA:52,0
DA:53,0
DA:56,0
DA:59,0
DA:60,0
DA:63,0
DA:64,0
DA:65,0
LF:34
LH:0
BRDA:14,0,0,0
BRF:1
BRH:0
end_of_record
TN:
SF:src\hooks\useApiWithRetry.ts
FN:11,(anonymous_0)
FN:20,(anonymous_1)
FN:38,(anonymous_2)
FN:49,(anonymous_3)
FN:59,(anonymous_4)
FN:70,(anonymous_5)
FN:104,(anonymous_6)
FN:114,(anonymous_7)
FNF:8
FNH:0
FNDA:0,(anonymous_0)
FNDA:0,(anonymous_1)
FNDA:0,(anonymous_2)
FNDA:0,(anonymous_3)
FNDA:0,(anonymous_4)
FNDA:0,(anonymous_5)
FNDA:0,(anonymous_6)
FNDA:0,(anonymous_7)
DA:1,0
DA:11,0
DA:16,0
DA:17,0
DA:18,0
DA:20,0
DA:21,0
DA:22,0
DA:24,0
DA:26,0
DA:27,0
DA:28,0
DA:29,0
DA:30,0
DA:32,0
DA:33,0
DA:35,0
DA:37,0
DA:38,0
DA:44,0
DA:45,0
DA:46,0
DA:49,0
DA:50,0
DA:51,0
DA:52,0
DA:55,0
DA:59,0
DA:66,0
DA:67,0
DA:68,0
DA:70,0
DA:72,0
DA:73,0
DA:75,0
DA:76,0
DA:77,0
DA:78,0
DA:79,0
DA:83,0
DA:84,0
DA:86,0
DA:88,0
DA:89,0
DA:90,0
DA:91,0
DA:94,0
DA:95,0
DA:97,0
DA:99,0
DA:100,0
DA:102,0
DA:103,0
DA:104,0
DA:109,0
DA:110,0
DA:111,0
DA:114,0
DA:115,0
DA:116,0
DA:117,0
DA:118,0
DA:119,0
DA:122,0
LF:64
LH:0
BRDA:13,0,0,0
BRDA:14,1,0,0
BRDA:35,2,0,0
BRDA:44,3,0,0
BRDA:44,3,1,0
BRDA:62,4,0,0
BRDA:63,5,0,0
BRDA:64,6,0,0
BRDA:75,7,0,0
BRDA:75,8,0,0
BRDA:75,8,1,0
BRDA:77,9,0,0
BRDA:102,10,0,0
BRDA:109,11,0,0
BRDA:109,11,1,0
BRF:15
BRH:0
end_of_record
TN:
SF:src\hooks\useAudioRecorder.ts
FN:10,(anonymous_0)
FN:24,(anonymous_1)
FN:44,(anonymous_2)
FN:48,(anonymous_3)
FN:53,(anonymous_4)
FN:62,(anonymous_5)
FN:63,(anonymous_6)
FN:79,(anonymous_7)
FNF:8
FNH:0
FNDA:0,(anonymous_0)
FNDA:0,(anonymous_1)
FNDA:0,(anonymous_2)
FNDA:0,(anonymous_3)
FNDA:0,(anonymous_4)
FNDA:0,(anonymous_5)
FNDA:0,(anonymous_6)
FNDA:0,(anonymous_7)
DA:1,1
DA:10,1
DA:11,0
DA:12,0
DA:13,0
DA:14,0
DA:15,0
DA:16,0
DA:19,0
DA:20,0
DA:21,0
DA:22,0
DA:24,0
DA:25,0
DA:26,0
DA:29,0
DA:30,0
DA:31,0
DA:32,0
DA:33,0
DA:35,0
DA:36,0
DA:37,0
DA:40,0
DA:41,0
DA:42,0
DA:44,0
DA:45,0
DA:48,0
DA:49,0
DA:50,0
DA:53,0
DA:54,0
DA:57,0
DA:58,0
DA:59,0
DA:62,0
DA:63,0
DA:66,0
DA:67,0
DA:68,0
DA:69,0
DA:74,0
DA:75,0
DA:79,0
DA:80,0
DA:81,0
DA:82,0
DA:83,0
DA:87,0
LF:50
LH:2
BRDA:29,0,0,0
BRDA:29,0,1,0
BRDA:45,1,0,0
BRDA:54,2,0,0
BRDA:66,3,0,0
BRDA:80,4,0,0
BRDA:80,5,0,0
BRDA:80,5,1,0
BRDA:83,6,0,0
BRF:9
BRH:0
end_of_record
TN:
SF:src\hooks\useGreeting.ts
FN:10,(anonymous_0)
FN:17,(anonymous_1)
FN:38,(anonymous_2)
FNF:3
FNH:0
FNDA:0,(anonymous_0)
FNDA:0,(anonymous_1)
FNDA:0,(anonymous_2)
DA:1,0
DA:10,0
DA:11,0
DA:12,0
DA:17,0
DA:18,0
DA:22,0
DA:23,0
DA:24,0
DA:25,0
DA:26,0
DA:27,0
DA:28,0
DA:29,0
DA:30,0
DA:32,0
DA:33,0
DA:35,0
DA:38,0
DA:39,0
DA:40,0
DA:41,0
DA:42,0
DA:46,0
DA:48,0
LF:25
LH:0
BRDA:10,0,0,0
BRDA:11,1,0,0
BRDA:11,1,1,0
BRDA:22,2,0,0
BRDA:22,2,1,0
BRDA:22,3,0,0
BRDA:22,3,1,0
BRDA:25,4,0,0
BRDA:25,4,1,0
BRDA:25,5,0,0
BRDA:25,5,1,0
BRDA:28,6,0,0
BRDA:28,6,1,0
BRDA:28,7,0,0
BRDA:28,7,1,0
BRDA:39,8,0,0
BRDA:39,8,1,0
BRDA:39,8,2,0
BRF:18
BRH:0
end_of_record
TN:
SF:src\hooks\usePrayerTimes.ts
FN:21,(anonymous_0)
FN:29,(anonymous_1)
FN:37,(anonymous_2)
FN:43,(anonymous_3)
FN:46,(anonymous_4)
FN:64,(anonymous_5)
FN:68,(anonymous_6)
FN:70,(anonymous_7)
FN:84,(anonymous_8)
FN:86,(anonymous_9)
FN:92,(anonymous_10)
FN:104,(anonymous_11)
FN:130,(anonymous_12)
FN:165,(anonymous_13)
FNF:14
FNH:0
FNDA:0,(anonymous_0)
FNDA:0,(anonymous_1)
FNDA:0,(anonymous_2)
FNDA:0,(anonymous_3)
FNDA:0,(anonymous_4)
FNDA:0,(anonymous_5)
FNDA:0,(anonymous_6)
FNDA:0,(anonymous_7)
FNDA:0,(anonymous_8)
FNDA:0,(anonymous_9)
FNDA:0,(anonymous_10)
FNDA:0,(anonymous_11)
FNDA:0,(anonymous_12)
FNDA:0,(anonymous_13)
DA:1,0
DA:2,0
DA:3,0
DA:21,0
DA:22,0
DA:23,0
DA:24,0
DA:25,0
DA:29,0
DA:30,0
DA:31,0
DA:32,0
DA:33,0
DA:34,0
DA:37,0
DA:38,0
DA:39,0
DA:40,0
DA:43,0
DA:44,0
DA:46,0
DA:47,0
DA:48,0
DA:49,0
DA:50,0
DA:51,0
DA:52,0
DA:53,0
DA:55,0
DA:58,0
DA:62,0
DA:64,0
DA:68,0
DA:69,0
DA:70,0
DA:73,0
DA:74,0
DA:75,0
DA:78,0
DA:84,0
DA:86,0
DA:92,0
DA:104,0
DA:105,0
DA:106,0
DA:109,0
DA:110,0
DA:111,0
DA:112,0
DA:113,0
DA:114,0
DA:116,0
DA:118,0
DA:127,0
DA:130,0
DA:131,0
DA:132,0
DA:133,0
DA:136,0
DA:137,0
DA:138,0
DA:139,0
DA:140,0
DA:142,0
DA:144,0
DA:148,0
DA:162,0
DA:165,0
DA:166,0
DA:167,0
DA:168,0
DA:169,0
DA:170,0
DA:171,0
DA:174,0
DA:175,0
DA:176,0
DA:179,0
LF:78
LH:0
BRDA:24,0,0,0
BRDA:24,0,1,0
BRDA:30,1,0,0
BRDA:37,2,0,0
BRDA:50,3,0,0
BRDA:50,3,1,0
BRDA:50,4,0,0
BRDA:50,4,1,0
BRDA:53,5,0,0
BRDA:58,6,0,0
BRDA:69,7,0,0
BRDA:78,8,0,0
BRDA:84,9,0,0
BRDA:84,9,1,0
BRDA:105,10,0,0
BRDA:131,11,0,0
BRDA:131,12,0,0
BRDA:131,12,1,0
BRDA:167,13,0,0
BRDA:168,14,0,0
BRDA:169,15,0,0
BRDA:170,16,0,0
BRDA:171,17,0,0
BRF:23
BRH:0
end_of_record
TN:
SF:src\hooks\useQibla.ts
FN:29,(anonymous_0)
FN:46,(anonymous_1)
FN:48,(anonymous_2)
FN:52,(anonymous_3)
FN:55,(anonymous_4)
FN:57,(anonymous_5)
FN:60,(anonymous_6)
FN:75,(anonymous_7)
FN:82,(anonymous_8)
FN:85,(anonymous_9)
FN:88,(anonymous_10)
FN:101,(anonymous_11)
FN:106,(anonymous_12)
FN:110,(anonymous_13)
FN:115,(anonymous_14)
FN:118,(anonymous_15)
FN:122,(anonymous_16)
FN:130,(anonymous_17)
FN:135,(anonymous_18)
FN:138,(anonymous_19)
FN:143,(anonymous_20)
FNF:21
FNH:0
FNDA:0,(anonymous_0)
FNDA:0,(anonymous_1)
FNDA:0,(anonymous_2)
FNDA:0,(anonymous_3)
FNDA:0,(anonymous_4)
FNDA:0,(anonymous_5)
FNDA:0,(anonymous_6)
FNDA:0,(anonymous_7)
FNDA:0,(anonymous_8)
FNDA:0,(anonymous_9)
FNDA:0,(anonymous_10)
FNDA:0,(anonymous_11)
FNDA:0,(anonymous_12)
FNDA:0,(anonymous_13)
FNDA:0,(anonymous_14)
FNDA:0,(anonymous_15)
FNDA:0,(anonymous_16)
FNDA:0,(anonymous_17)
FNDA:0,(anonymous_18)
FNDA:0,(anonymous_19)
FNDA:0,(anonymous_20)
DA:1,0
DA:2,0
DA:27,0
DA:29,0
DA:30,0
DA:43,0
DA:46,0
DA:47,0
DA:48,0
DA:49,0
DA:52,0
DA:54,0
DA:56,0
DA:57,0
DA:58,0
DA:61,0
DA:62,0
DA:64,0
DA:65,0
DA:67,0
DA:68,0
DA:70,0
DA:71,0
DA:73,0
DA:75,0
DA:82,0
DA:84,0
DA:85,0
DA:88,0
DA:89,0
DA:92,0
DA:93,0
DA:96,0
DA:97,0
DA:100,0
DA:101,0
DA:105,0
DA:106,0
DA:107,0
DA:110,0
DA:115,0
DA:116,0
DA:117,0
DA:118,0
DA:122,0
DA:123,0
DA:124,0
DA:125,0
DA:126,0
DA:127,0
DA:129,0
DA:130,0
DA:135,0
DA:137,0
DA:138,0
DA:140,0
DA:141,0
DA:142,0
DA:143,0
DA:148,0
LF:60
LH:0
BRDA:47,0,0,0
BRDA:62,1,0,0
BRDA:62,1,1,0
BRDA:62,1,2,0
BRDA:62,1,3,0
BRDA:84,2,0,0
BRDA:84,2,1,0
BRDA:92,3,0,0
BRDA:92,3,1,0
BRDA:96,4,0,0
BRDA:100,5,0,0
BRDA:116,6,0,0
BRDA:116,7,0,0
BRDA:116,7,1,0
BRDA:123,8,0,0
BRDA:123,9,0,0
BRDA:123,9,1,0
BRDA:126,10,0,0
BRDA:127,11,0,0
BRDA:140,12,0,0
BRDA:140,12,1,0
BRDA:140,13,0,0
BRDA:140,13,1,0
BRDA:142,14,0,0
BRF:24
BRH:0
end_of_record
TN:
SF:src\hooks\useReadHistory.ts
FN:13,(anonymous_0)
FN:16,(anonymous_1)
FN:28,(anonymous_2)
FNF:3
FNH:0
FNDA:0,(anonymous_0)
FNDA:0,(anonymous_1)
FNDA:0,(anonymous_2)
DA:1,0
DA:11,0
DA:13,0
DA:14,0
DA:16,0
DA:18,0
DA:19,0
DA:20,0
DA:21,0
DA:23,0
DA:28,0
DA:29,0
DA:30,0
DA:31,0
DA:34,0
LF:15
LH:0
BRDA:19,0,0,0
BRF:1
BRH:0
end_of_record
TN:
SF:src\hooks\useRealtimeChat.ts
FN:67,useRealtimeChat
FN:93,(anonymous_1)
FN:102,(anonymous_2)
FN:140,(anonymous_3)
FN:176,(anonymous_4)
FN:186,(anonymous_5)
FN:205,(anonymous_6)
FN:210,(anonymous_7)
FN:212,(anonymous_8)
FN:220,(anonymous_9)
FN:225,(anonymous_10)
FN:226,(anonymous_11)
FN:231,(anonymous_12)
FN:236,(anonymous_13)
FN:236,(anonymous_14)
FN:240,(anonymous_15)
FN:262,(anonymous_16)
FN:274,(anonymous_17)
FN:284,(anonymous_18)
FN:292,(anonymous_19)
FN:318,useRealtimeNotifications
FN:322,(anonymous_21)
FN:327,(anonymous_22)
FN:328,(anonymous_23)
FN:329,(anonymous_24)
FN:333,(anonymous_25)
FN:338,(anonymous_26)
FNF:27
FNH:0
FNDA:0,useRealtimeChat
FNDA:0,(anonymous_1)
FNDA:0,(anonymous_2)
FNDA:0,(anonymous_3)
FNDA:0,(anonymous_4)
FNDA:0,(anonymous_5)
FNDA:0,(anonymous_6)
FNDA:0,(anonymous_7)
FNDA:0,(anonymous_8)
FNDA:0,(anonymous_9)
FNDA:0,(anonymous_10)
FNDA:0,(anonymous_11)
FNDA:0,(anonymous_12)
FNDA:0,(anonymous_13)
FNDA:0,(anonymous_14)
FNDA:0,(anonymous_15)
FNDA:0,(anonymous_16)
FNDA:0,(anonymous_17)
FNDA:0,(anonymous_18)
FNDA:0,(anonymous_19)
FNDA:0,useRealtimeNotifications
FNDA:0,(anonymous_21)
FNDA:0,(anonymous_22)
FNDA:0,(anonymous_23)
FNDA:0,(anonymous_24)
FNDA:0,(anonymous_25)
FNDA:0,(anonymous_26)
DA:9,0
DA:10,0
DA:67,0
DA:76,0
DA:79,0
DA:80,0
DA:81,0
DA:84,0
DA:85,0
DA:88,0
DA:93,0
DA:94,0
DA:95,0
DA:102,0
DA:103,0
DA:104,0
DA:106,0
DA:112,0
DA:113,0
DA:115,0
DA:118,0
DA:120,0
DA:121,0
DA:124,0
DA:125,0
DA:126,0
DA:129,0
DA:130,0
DA:131,0
DA:132,0
DA:140,0
DA:141,0
DA:142,0
DA:144,0
DA:153,0
DA:159,0
DA:160,0
DA:163,0
DA:164,0
DA:166,0
DA:167,0
DA:168,0
DA:169,0
DA:176,0
DA:177,0
DA:178,0
DA:179,0
DA:186,0
DA:187,0
DA:188,0
DA:189,0
DA:192,0
DA:193,0
DA:197,0
DA:204,0
DA:206,0
DA:207,0
DA:209,0
DA:210,0
DA:212,0
DA:213,0
DA:215,0
DA:217,0
DA:221,0
DA:222,0
DA:224,0
DA:225,0
DA:226,0
DA:228,0
DA:232,0
DA:233,0
DA:235,0
DA:236,0
DA:237,0
DA:241,0
DA:243,0
DA:244,0
DA:245,0
DA:246,0
DA:247,0
DA:248,0
DA:249,0
DA:250,0
DA:251,0
DA:252,0
DA:256,0
DA:262,0
DA:263,0
DA:264,0
DA:265,0
DA:266,0
DA:268,0
DA:274,0
DA:275,0
DA:276,0
DA:277,0
DA:278,0
DA:284,0
DA:285,0
DA:288,0
DA:289,0
DA:292,0
DA:293,0
DA:294,0
DA:295,0
DA:300,0
DA:318,0
DA:319,0
DA:320,0
DA:322,0
DA:323,0
DA:325,0
DA:328,0
DA:329,0
DA:333,0
DA:334,0
DA:338,0
DA:339,0
DA:342,0
DA:345,0
LF:120
LH:0
BRDA:71,0,0,0
BRDA:88,1,0,0
BRDA:88,1,1,0
BRDA:94,2,0,0
BRDA:95,3,0,0
BRDA:95,3,1,0
BRDA:112,4,0,0
BRDA:112,4,1,0
BRDA:120,5,0,0
BRDA:124,6,0,0
BRDA:125,7,0,0
BRDA:125,7,1,0
BRDA:129,8,0,0
BRDA:129,8,1,0
BRDA:131,9,0,0
BRDA:145,10,0,0
BRDA:145,10,1,0
BRDA:146,11,0,0
BRDA:146,11,1,0
BRDA:159,12,0,0
BRDA:166,13,0,0
BRDA:166,13,1,0
BRDA:177,14,0,0
BRDA:192,15,0,0
BRDA:209,16,0,0
BRDA:212,17,0,0
BRDA:224,18,0,0
BRDA:226,19,0,0
BRDA:226,19,1,0
BRDA:235,20,0,0
BRDA:243,21,0,0
BRDA:243,21,1,0
BRDA:245,22,0,0
BRDA:245,22,1,0
BRDA:248,23,0,0
BRDA:248,23,1,0
BRDA:251,24,0,0
BRDA:264,25,0,0
BRDA:294,26,0,0
BRF:39
BRH:0
end_of_record
TN:
SF:src\hooks\useRecitationAnalysis.ts
FN:39,useRecitationAnalysis
FN:55,(anonymous_1)
FN:56,(anonymous_2)
FN:61,(anonymous_3)
FN:69,(anonymous_4)
FN:71,(anonymous_5)
FN:91,(anonymous_6)
FN:101,(anonymous_7)
FN:102,(anonymous_8)
FN:116,(anonymous_9)
FN:127,(anonymous_10)
FN:136,(anonymous_11)
FN:138,(anonymous_12)
FN:141,(anonymous_13)
FN:144,(anonymous_14)
FN:163,(anonymous_15)
FN:165,(anonymous_16)
FN:193,(anonymous_17)
FN:204,(anonymous_18)
FN:210,(anonymous_19)
FNF:20
FNH:0
FNDA:0,useRecitationAnalysis
FNDA:0,(anonymous_1)
FNDA:0,(anonymous_2)
FNDA:0,(anonymous_3)
FNDA:0,(anonymous_4)
FNDA:0,(anonymous_5)
FNDA:0,(anonymous_6)
FNDA:0,(anonymous_7)
FNDA:0,(anonymous_8)
FNDA:0,(anonymous_9)
FNDA:0,(anonymous_10)
FNDA:0,(anonymous_11)
FNDA:0,(anonymous_12)
FNDA:0,(anonymous_13)
FNDA:0,(anonymous_14)
FNDA:0,(anonymous_15)
FNDA:0,(anonymous_16)
FNDA:0,(anonymous_17)
FNDA:0,(anonymous_18)
FNDA:0,(anonymous_19)
DA:6,0
DA:7,0
DA:8,0
DA:34,0
DA:39,0
DA:42,0
DA:44,0
DA:49,0
DA:50,0
DA:51,0
DA:52,0
DA:55,0
DA:56,0
DA:57,0
DA:58,0
DA:60,0
DA:61,0
DA:69,0
DA:70,0
DA:71,0
DA:72,0
DA:75,0
DA:82,0
DA:85,0
DA:88,0
DA:91,0
DA:92,0
DA:93,0
DA:98,0
DA:101,0
DA:102,0
DA:103,0
DA:106,0
DA:107,0
DA:110,0
DA:115,0
DA:116,0
DA:127,0
DA:128,0
DA:131,0
DA:132,0
DA:133,0
DA:136,0
DA:138,0
DA:139,0
DA:141,0
DA:143,0
DA:144,0
DA:145,0
DA:149,0
DA:152,0
DA:153,0
DA:156,0
DA:163,0
DA:164,0
DA:165,0
DA:167,0
DA:170,0
DA:171,0
DA:172,0
DA:173,0
DA:174,0
DA:178,0
DA:179,0
DA:182,0
DA:184,0
DA:192,0
DA:193,0
DA:204,0
DA:205,0
DA:206,0
DA:207,0
DA:209,0
DA:210,0
DA:211,0
DA:213,0
DA:214,0
DA:216,0
DA:222,0
DA:233,0
LF:80
LH:0
BRDA:40,0,0,0
BRDA:57,1,0,0
BRDA:60,2,0,0
BRDA:92,3,0,0
BRDA:106,4,0,0
BRDA:106,5,0,0
BRDA:106,5,1,0
BRDA:128,6,0,0
BRDA:128,7,0,0
BRDA:128,7,1,0
BRDA:131,8,0,0
BRDA:143,9,0,0
BRDA:170,10,0,0
BRDA:196,11,0,0
BRDA:196,11,1,0
BRDA:205,12,0,0
BRDA:209,13,0,0
BRDA:229,14,0,0
BRDA:229,14,1,0
BRF:19
BRH:0
end_of_record
TN:
SF:src\hooks\useSpeechRecognition.ts
FN:13,(anonymous_0)
FN:20,(anonymous_1)
FN:26,(anonymous_2)
FN:38,(anonymous_3)
FN:43,(anonymous_4)
FN:58,(anonymous_5)
FN:74,(anonymous_6)
FN:85,(anonymous_7)
FNF:8
FNH:0
FNDA:0,(anonymous_0)
FNDA:0,(anonymous_1)
FNDA:0,(anonymous_2)
FNDA:0,(anonymous_3)
FNDA:0,(anonymous_4)
FNDA:0,(anonymous_5)
FNDA:0,(anonymous_6)
FNDA:0,(anonymous_7)
DA:1,0
DA:13,0
DA:14,0
DA:15,0
DA:16,0
DA:17,0
DA:20,0
DA:21,0
DA:22,0
DA:26,0
DA:27,0
DA:29,0
DA:30,0
DA:31,0
DA:33,0
DA:34,0
DA:35,0
DA:36,0
DA:38,0
DA:39,0
DA:40,0
DA:43,0
DA:44,0
DA:45,0
DA:46,0
DA:47,0
DA:49,0
DA:50,0
DA:51,0
DA:58,0
DA:59,0
DA:61,0
DA:68,0
DA:70,0
DA:71,0
DA:74,0
DA:75,0
DA:78,0
DA:80,0
DA:81,0
DA:85,0
DA:88,0
DA:91,0
LF:43
LH:0
BRDA:13,0,0,0
BRDA:13,1,0,0
BRDA:21,2,0,0
BRDA:21,3,0,0
BRDA:21,3,1,0
BRDA:27,4,0,0
BRDA:30,5,0,0
BRDA:30,5,1,0
BRDA:50,6,0,0
BRDA:68,7,0,0
BRDA:68,7,1,0
BRF:11
BRH:0
end_of_record
TN:
SF:src\lib\contextEngine.ts
FN:20,(anonymous_0)
FN:51,(anonymous_1)
FNF:2
FNH:0
FNDA:0,(anonymous_0)
FNDA:0,(anonymous_1)
DA:1,0
DA:15,0
DA:22,0
DA:23,0
DA:27,0
DA:28,0
DA:29,0
DA:32,0
DA:44,0
DA:52,0
DA:58,0
DA:60,0
DA:62,0
LF:13
LH:0
BRDA:23,0,0,0
BRDA:28,1,0,0
BRDA:28,1,1,0
BRDA:29,2,0,0
BRDA:44,3,0,0
BRDA:58,4,0,0
BRDA:66,5,0,0
BRDA:66,5,1,0
BRF:8
BRH:0
end_of_record
TN:
SF:src\lib\supabase.ts
FN:30,(anonymous_0)
FN:38,(anonymous_1)
FN:48,(anonymous_2)
FN:54,(anonymous_3)
FNF:4
FNH:0
FNDA:0,(anonymous_0)
FNDA:0,(anonymous_1)
FNDA:0,(anonymous_2)
FNDA:0,(anonymous_3)
DA:1,0
DA:2,0
DA:5,0
DA:6,0
DA:9,0
DA:29,0
DA:30,0
DA:31,0
DA:32,0
DA:38,0
DA:39,0
DA:40,0
DA:41,0
DA:43,0
DA:48,0
DA:49,0
DA:50,0
DA:54,0
DA:55,0
DA:56,0
LF:20
LH:0
BRDA:5,0,0,0
BRDA:5,0,1,0
BRDA:6,1,0,0
BRDA:6,1,1,0
BRDA:17,2,0,0
BRDA:17,2,1,0
BRDA:29,3,0,0
BRDA:31,4,0,0
BRF:8
BRH:0
end_of_record
TN:
SF:src\middleware\rateLimit.ts
FN:14,(anonymous_0)
FNF:1
FNH:0
FNDA:0,(anonymous_0)
DA:11,0
DA:12,0
DA:19,0
DA:20,0
DA:21,0
DA:23,0
DA:24,0
DA:25,0
DA:27,0
DA:29,0
DA:35,0
DA:39,0
LF:12
LH:0
BRDA:23,0,0,0
BRDA:23,0,1,0
BRDA:23,1,0,0
BRDA:23,1,1,0
BRDA:24,2,0,0
BRF:5
BRH:0
end_of_record
TN:
SF:src\modules\admin\AdminDashboard.tsx
FN:13,(anonymous_10)
FN:47,(anonymous_11)
FN:50,(anonymous_12)
FN:63,(anonymous_13)
FN:78,(anonymous_14)
FNF:5
FNH:0
FNDA:0,(anonymous_10)
FNDA:0,(anonymous_11)
FNDA:0,(anonymous_12)
FNDA:0,(anonymous_13)
FNDA:0,(anonymous_14)
DA:1,0
DA:2,0
DA:3,0
DA:5,0
DA:6,0
DA:7,0
DA:8,0
DA:9,0
DA:13,0
DA:14,0
DA:15,0
DA:17,0
DA:27,0
DA:48,0
DA:50,0
DA:63,0
DA:78,0
DA:159,0
LF:18
LH:0
BRDA:51,0,0,0
BRDA:51,0,1,0
BRDA:93,1,0,0
BRDA:93,1,1,0
BRDA:104,2,0,0
BRDA:104,2,1,0
BRDA:116,3,0,0
BRDA:116,3,1,0
BRDA:131,4,0,0
BRDA:131,4,1,0
BRDA:143,5,0,0
BRDA:143,5,1,0
BRF:12
BRH:0
end_of_record
TN:
SF:src\modules\admin\components\AdminRoute.tsx
FN:10,(anonymous_9)
FN:14,(anonymous_10)
FN:15,(anonymous_11)
FNF:3
FNH:0
FNDA:0,(anonymous_9)
FNDA:0,(anonymous_10)
FNDA:0,(anonymous_11)
DA:1,1
DA:2,1
DA:3,1
DA:4,1
DA:10,1
DA:11,0
DA:12,0
DA:14,0
DA:15,0
DA:16,0
DA:17,0
DA:18,0
DA:23,0
DA:30,0
DA:31,0
DA:33,0
DA:37,0
DA:40,0
DA:41,0
DA:44,0
DA:47,1
LF:21
LH:6
BRDA:16,0,0,0
BRDA:30,1,0,0
BRDA:30,1,1,0
BRDA:30,2,0,0
BRDA:30,2,1,0
BRDA:37,3,0,0
BRDA:40,4,0,0
BRDA:40,5,0,0
BRDA:40,5,1,0
BRDA:44,6,0,0
BRDA:44,6,1,0
BRDA:44,7,0,0
BRDA:44,7,1,0
BRF:13
BRH:0
end_of_record
TN:
SF:src\modules\admin\components\AnalyticsTab.tsx
FN:4,(anonymous_9)
FN:7,(anonymous_10)
FN:8,(anonymous_11)
FN:23,(anonymous_12)
FNF:4
FNH:0
FNDA:0,(anonymous_9)
FNDA:0,(anonymous_10)
FNDA:0,(anonymous_11)
FNDA:0,(anonymous_12)
DA:1,0
DA:2,0
DA:4,0
DA:5,0
DA:7,0
DA:8,0
DA:9,0
DA:14,0
DA:16,0
DA:19,0
DA:24,0
DA:38,0
LF:12
LH:0
BRDA:14,0,0,0
BRDA:32,1,0,0
BRDA:32,1,1,0
BRF:3
BRH:0
end_of_record
TN:
SF:src\modules\admin\components\InfaqTab.tsx
FN:13,(anonymous_9)
FN:17,(anonymous_10)
FN:21,(anonymous_11)
FN:40,(anonymous_12)
FN:66,(anonymous_13)
FNF:5
FNH:0
FNDA:0,(anonymous_9)
FNDA:0,(anonymous_10)
FNDA:0,(anonymous_11)
FNDA:0,(anonymous_12)
FNDA:0,(anonymous_13)
DA:1,0
DA:2,0
DA:13,0
DA:14,0
DA:15,0
DA:17,0
DA:18,0
DA:21,0
DA:22,0
DA:24,0
DA:30,0
DA:31,0
DA:34,0
DA:36,0
DA:40,0
DA:42,0
DA:67,0
DA:90,0
LF:18
LH:0
BRDA:30,0,0,0
BRDA:40,1,0,0
BRDA:40,1,1,0
BRDA:71,2,0,0
BRDA:71,2,1,0
BRDA:78,3,0,0
BRDA:78,3,1,0
BRDA:78,3,2,0
BRF:8
BRH:0
end_of_record
TN:
SF:src\modules\admin\components\LiveAnalytics.tsx
FN:4,(anonymous_1)
FN:17,(anonymous_2)
FN:62,(anonymous_3)
FNF:3
FNH:0
FNDA:0,(anonymous_1)
FNDA:0,(anonymous_2)
FNDA:0,(anonymous_3)
DA:1,0
DA:2,0
DA:4,0
DA:6,0
DA:13,0
DA:18,0
DA:63,0
DA:80,0
LF:8
LH:0
BRF:0
BRH:0
end_of_record
TN:
SF:src\modules\admin\components\UserTable.tsx
FN:6,(anonymous_9)
FN:11,(anonymous_10)
FN:15,(anonymous_11)
FN:27,(anonymous_12)
FN:33,(anonymous_13)
FN:38,(anonymous_14)
FN:54,(anonymous_15)
FN:78,(anonymous_16)
FN:109,(anonymous_17)
FN:112,(anonymous_18)
FN:118,(anonymous_19)
FNF:11
FNH:0
FNDA:0,(anonymous_9)
FNDA:0,(anonymous_10)
FNDA:0,(anonymous_11)
FNDA:0,(anonymous_12)
FNDA:0,(anonymous_13)
FNDA:0,(anonymous_14)
FNDA:0,(anonymous_15)
FNDA:0,(anonymous_16)
FNDA:0,(anonymous_17)
FNDA:0,(anonymous_18)
FNDA:0,(anonymous_19)
DA:1,0
DA:2,0
DA:4,0
DA:6,0
DA:7,0
DA:8,0
DA:9,0
DA:11,0
DA:12,0
DA:15,0
DA:16,0
DA:17,0
DA:18,0
DA:19,0
DA:21,0
DA:23,0
DA:27,0
DA:28,0
DA:29,0
DA:30,0
DA:33,0
DA:34,0
DA:35,0
DA:38,0
DA:39,0
DA:43,0
DA:54,0
DA:79,0
DA:109,0
DA:112,0
DA:118,0
DA:132,0
LF:32
LH:0
BRDA:28,0,0,0
BRDA:39,1,0,0
BRDA:39,1,1,0
BRDA:73,2,0,0
BRDA:73,2,1,0
BRDA:75,3,0,0
BRDA:75,3,1,0
BRDA:87,4,0,0
BRDA:87,4,1,0
BRDA:95,5,0,0
BRDA:95,5,1,0
BRDA:97,6,0,0
BRDA:97,6,1,0
BRDA:109,7,0,0
BRDA:109,7,1,0
BRDA:112,8,0,0
BRDA:112,8,1,0
BRDA:118,9,0,0
BRDA:118,9,1,0
BRF:19
BRH:0
end_of_record
TN:
SF:src\modules\admin\tools\AnnouncementManager.tsx
FN:6,(anonymous_9)
FN:16,(anonymous_10)
FN:20,(anonymous_11)
FN:27,(anonymous_12)
FN:49,(anonymous_13)
FN:64,(anonymous_14)
FN:86,(anonymous_15)
FN:95,(anonymous_16)
FN:107,(anonymous_17)
FN:115,(anonymous_18)
FN:141,(anonymous_19)
FN:170,(anonymous_20)
FNF:12
FNH:0
FNDA:0,(anonymous_9)
FNDA:0,(anonymous_10)
FNDA:0,(anonymous_11)
FNDA:0,(anonymous_12)
FNDA:0,(anonymous_13)
FNDA:0,(anonymous_14)
FNDA:0,(anonymous_15)
FNDA:0,(anonymous_16)
FNDA:0,(anonymous_17)
FNDA:0,(anonymous_18)
FNDA:0,(anonymous_19)
FNDA:0,(anonymous_20)
DA:1,0
DA:2,0
DA:4,0
DA:6,0
DA:7,0
DA:8,0
DA:9,0
DA:12,0
DA:13,0
DA:14,0
DA:16,0
DA:17,0
DA:20,0
DA:21,0
DA:22,0
DA:23,0
DA:24,0
DA:27,0
DA:28,0
DA:29,0
DA:31,0
DA:42,0
DA:43,0
DA:44,0
DA:45,0
DA:46,0
DA:49,0
DA:50,0
DA:51,0
DA:52,0
DA:55,0
DA:64,0
DA:86,0
DA:95,0
DA:107,0
DA:115,0
DA:142,0
DA:170,0
DA:184,0
LF:39
LH:0
BRDA:29,0,0,0
BRDA:29,1,0,0
BRDA:29,1,1,0
BRDA:50,2,0,0
BRDA:73,3,0,0
BRDA:73,3,1,0
BRDA:134,4,0,0
BRDA:134,4,1,0
BRDA:136,5,0,0
BRDA:136,5,1,0
BRDA:146,6,0,0
BRDA:146,6,1,0
BRDA:152,7,0,0
BRDA:152,7,1,0
BRDA:156,8,0,0
BRDA:156,8,1,0
BRDA:161,9,0,0
BRDA:161,9,1,0
BRDA:165,10,0,0
BRDA:165,10,1,0
BRF:20
BRH:0
end_of_record
TN:
SF:src\modules\admin\tools\KnowledgeBaseManager.tsx
FN:4,(anonymous_1)
FN:58,(anonymous_2)
FNF:2
FNH:0
FNDA:0,(anonymous_1)
FNDA:0,(anonymous_2)
DA:1,0
DA:4,0
DA:5,0
DA:59,0
DA:77,0
LF:5
LH:0
BRF:0
BRH:0
end_of_record
TN:
SF:src\modules\admin\tools\PosterGenerator.tsx
FN:14,(anonymous_9)
FN:22,(anonymous_10)
FN:43,(anonymous_11)
FN:69,(anonymous_12)
FN:77,(anonymous_13)
FN:100,(anonymous_14)
FN:103,(anonymous_15)
FNF:7
FNH:0
FNDA:0,(anonymous_9)
FNDA:0,(anonymous_10)
FNDA:0,(anonymous_11)
FNDA:0,(anonymous_12)
FNDA:0,(anonymous_13)
FNDA:0,(anonymous_14)
FNDA:0,(anonymous_15)
DA:1,0
DA:2,0
DA:4,0
DA:7,0
DA:14,0
DA:15,0
DA:16,0
DA:17,0
DA:18,0
DA:19,0
DA:22,0
DA:23,0
DA:24,0
DA:26,0
DA:31,0
DA:32,0
DA:33,0
DA:34,0
DA:36,0
DA:38,0
DA:43,0
DA:44,0
DA:45,0
DA:46,0
DA:47,0
DA:48,0
DA:49,0
DA:53,0
DA:69,0
DA:77,0
DA:101,0
DA:103,0
DA:168,0
LF:33
LH:0
BRDA:33,0,0,0
BRDA:34,1,0,0
BRDA:44,2,0,0
BRDA:90,3,0,0
BRDA:90,3,1,0
BRDA:104,4,0,0
BRDA:104,4,1,0
BRF:7
BRH:0
end_of_record
TN:
SF:src\modules\admin\tools\WorkflowEditor.tsx
FN:14,(anonymous_9)
FN:64,(anonymous_10)
FNF:2
FNH:0
FNDA:0,(anonymous_9)
FNDA:0,(anonymous_10)
DA:1,0
DA:2,0
DA:14,0
DA:15,0
DA:22,0
DA:65,0
DA:115,0
LF:7
LH:0
BRDA:67,0,0,0
BRDA:67,0,1,0
BRF:2
BRH:0
end_of_record
TN:
SF:src\modules\auth\Auth.tsx
FN:11,(anonymous_9)
FN:25,(anonymous_10)
FN:64,(anonymous_11)
FN:74,(anonymous_12)
FN:141,(anonymous_13)
FN:166,(anonymous_14)
FN:171,(anonymous_15)
FN:218,(anonymous_16)
FN:243,(anonymous_17)
FN:249,(anonymous_18)
FN:269,(anonymous_19)
FN:292,(anonymous_20)
FN:314,(anonymous_21)
FN:335,(anonymous_22)
FN:384,(anonymous_23)
FN:392,(anonymous_24)
FN:402,(anonymous_25)
FN:422,(anonymous_26)
FNF:18
FNH:0
FNDA:0,(anonymous_9)
FNDA:0,(anonymous_10)
FNDA:0,(anonymous_11)
FNDA:0,(anonymous_12)
FNDA:0,(anonymous_13)
FNDA:0,(anonymous_14)
FNDA:0,(anonymous_15)
FNDA:0,(anonymous_16)
FNDA:0,(anonymous_17)
FNDA:0,(anonymous_18)
FNDA:0,(anonymous_19)
FNDA:0,(anonymous_20)
FNDA:0,(anonymous_21)
FNDA:0,(anonymous_22)
FNDA:0,(anonymous_23)
FNDA:0,(anonymous_24)
FNDA:0,(anonymous_25)
FNDA:0,(anonymous_26)
DA:2,0
DA:4,0
DA:5,0
DA:11,0
DA:12,0
DA:13,0
DA:14,0
DA:15,0
DA:16,0
DA:17,0
DA:18,0
DA:19,0
DA:25,0
DA:26,0
DA:29,0
DA:30,0
DA:32,0
DA:33,0
DA:34,0
DA:39,0
DA:40,0
DA:42,0
DA:43,0
DA:44,0
DA:49,0
DA:50,0
DA:51,0
DA:53,0
DA:54,0
DA:55,0
DA:60,0
DA:61,0
DA:64,0
DA:65,0
DA:67,0
DA:68,0
DA:71,0
DA:74,0
DA:75,0
DA:77,0
DA:78,0
DA:80,0
DA:85,0
DA:87,0
DA:89,0
DA:95,0
DA:97,0
DA:111,0
DA:116,0
DA:126,0
DA:128,0
DA:129,0
DA:130,0
DA:134,0
DA:135,0
DA:137,0
DA:141,0
DA:142,0
DA:143,0
DA:145,0
DA:146,0
DA:149,0
DA:153,0
DA:159,0
DA:161,0
DA:162,0
DA:166,0
DA:167,0
DA:170,0
DA:171,0
DA:174,0
DA:176,0
DA:177,0
DA:179,0
DA:180,0
DA:182,0
DA:183,0
DA:187,0
DA:219,0
DA:220,0
DA:221,0
DA:243,0
DA:249,0
DA:269,0
DA:292,0
DA:314,0
DA:335,0
DA:384,0
DA:392,0
DA:402,0
DA:423,0
DA:436,0
DA:455,0
LF:93
LH:0
BRDA:29,0,0,0
BRDA:29,0,1,0
BRDA:33,1,0,0
BRDA:39,2,0,0
BRDA:39,2,1,0
BRDA:43,3,0,0
BRDA:49,4,0,0
BRDA:50,5,0,0
BRDA:50,5,1,0
BRDA:54,6,0,0
BRDA:67,7,0,0
BRDA:78,8,0,0
BRDA:78,8,1,0
BRDA:85,9,0,0
BRDA:87,10,0,0
BRDA:95,11,0,0
BRDA:99,12,0,0
BRDA:99,12,1,0
BRDA:100,13,0,0
BRDA:100,13,1,0
BRDA:101,14,0,0
BRDA:101,14,1,0
BRDA:102,15,0,0
BRDA:102,15,1,0
BRDA:103,16,0,0
BRDA:103,16,1,0
BRDA:104,17,0,0
BRDA:104,17,1,0
BRDA:105,18,0,0
BRDA:105,18,1,0
BRDA:126,19,0,0
BRDA:128,20,0,0
BRDA:143,21,0,0
BRDA:150,22,0,0
BRDA:150,22,1,0
BRDA:159,23,0,0
BRDA:170,24,0,0
BRDA:174,25,0,0
BRDA:174,25,1,0
BRDA:174,25,2,0
BRDA:221,26,0,0
BRDA:239,27,0,0
BRDA:239,27,1,0
BRDA:244,28,0,0
BRDA:244,28,1,0
BRDA:250,29,0,0
BRDA:250,29,1,0
BRDA:258,30,0,0
BRDA:258,30,1,0
BRDA:270,31,0,0
BRDA:270,31,1,0
BRDA:275,32,0,0
BRDA:275,32,1,0
BRDA:293,33,0,0
BRDA:293,33,1,0
BRDA:298,34,0,0
BRDA:298,34,1,0
BRDA:315,35,0,0
BRDA:315,35,1,0
BRDA:320,36,0,0
BRDA:320,36,1,0
BRDA:327,37,0,0
BRDA:327,37,1,0
BRDA:338,38,0,0
BRDA:338,38,1,0
BRDA:339,39,0,0
BRDA:339,39,1,0
BRDA:356,40,0,0
BRDA:356,40,1,0
BRDA:361,41,0,0
BRDA:361,41,1,0
BRF:71
BRH:0
end_of_record
TN:
SF:src\modules\auth\Login.tsx
FN:8,(anonymous_9)
FN:20,(anonymous_10)
FN:59,(anonymous_11)
FN:77,(anonymous_12)
FN:96,(anonymous_13)
FN:101,(anonymous_14)
FN:108,(anonymous_15)
FN:235,(anonymous_16)
FN:261,(anonymous_17)
FN:268,(anonymous_18)
FN:289,(anonymous_19)
FN:358,(anonymous_20)
FNF:12
FNH:0
FNDA:0,(anonymous_9)
FNDA:0,(anonymous_10)
FNDA:0,(anonymous_11)
FNDA:0,(anonymous_12)
FNDA:0,(anonymous_13)
FNDA:0,(anonymous_14)
FNDA:0,(anonymous_15)
FNDA:0,(anonymous_16)
FNDA:0,(anonymous_17)
FNDA:0,(anonymous_18)
FNDA:0,(anonymous_19)
FNDA:0,(anonymous_20)
DA:1,1
DA:2,1
DA:3,1
DA:4,1
DA:5,1
DA:6,1
DA:8,1
DA:9,0
DA:10,0
DA:11,0
DA:12,0
DA:13,0
DA:14,0
DA:15,0
DA:17,0
DA:18,0
DA:20,0
DA:21,0
DA:22,0
DA:23,0
DA:25,0
DA:26,0
DA:27,0
DA:31,0
DA:32,0
DA:33,0
DA:34,0
DA:37,0
DA:39,0
DA:40,0
DA:41,0
DA:43,0
DA:44,0
DA:45,0
DA:48,0
DA:49,0
DA:52,0
DA:53,0
DA:55,0
DA:59,0
DA:61,0
DA:62,0
DA:63,0
DA:64,0
DA:65,0
DA:66,0
DA:67,0
DA:69,0
DA:72,0
DA:77,0
DA:78,0
DA:79,0
DA:80,0
DA:81,0
DA:87,0
DA:89,0
DA:90,0
DA:91,0
DA:96,0
DA:97,0
DA:101,0
DA:102,0
DA:103,0
DA:104,0
DA:108,0
DA:109,0
DA:110,0
DA:111,0
DA:112,0
DA:116,0
DA:235,0
DA:261,0
DA:268,0
DA:289,0
DA:358,0
DA:369,1
LF:76
LH:8
BRDA:25,0,0,0
BRDA:25,1,0,0
BRDA:25,1,1,0
BRDA:31,2,0,0
BRDA:31,3,0,0
BRDA:31,3,1,0
BRDA:43,4,0,0
BRDA:52,5,0,0
BRDA:52,5,1,0
BRDA:62,6,0,0
BRDA:62,6,1,0
BRDA:62,7,0,0
BRDA:62,7,1,0
BRDA:64,8,0,0
BRDA:64,8,1,0
BRDA:64,9,0,0
BRDA:64,9,1,0
BRDA:64,9,2,0
BRDA:66,10,0,0
BRDA:66,10,1,0
BRDA:66,11,0,0
BRDA:66,11,1,0
BRDA:69,12,0,0
BRDA:69,12,1,0
BRDA:87,13,0,0
BRDA:90,14,0,0
BRDA:90,14,1,0
BRDA:110,15,0,0
BRDA:259,16,0,0
BRDA:259,16,1,0
BRDA:271,17,0,0
BRDA:271,17,1,0
BRDA:292,18,0,0
BRDA:292,18,1,0
BRDA:293,19,0,0
BRDA:293,19,1,0
BRDA:301,20,0,0
BRDA:301,20,1,0
BRDA:321,21,0,0
BRDA:321,21,1,0
BRDA:326,22,0,0
BRDA:326,22,1,0
BRF:42
BRH:0
end_of_record
TN:
SF:src\modules\barakah\InfaqPage.tsx
FN:7,(anonymous_10)
FN:12,(anonymous_11)
FN:16,(anonymous_12)
FN:21,(anonymous_13)
FN:31,(anonymous_14)
FN:65,(anonymous_15)
FN:116,(anonymous_16)
FN:140,(anonymous_17)
FN:157,(anonymous_18)
FNF:9
FNH:0
FNDA:0,(anonymous_10)
FNDA:0,(anonymous_11)
FNDA:0,(anonymous_12)
FNDA:0,(anonymous_13)
FNDA:0,(anonymous_14)
FNDA:0,(anonymous_15)
FNDA:0,(anonymous_16)
FNDA:0,(anonymous_17)
FNDA:0,(anonymous_18)
DA:1,0
DA:2,0
DA:3,0
DA:4,0
DA:5,0
DA:7,0
DA:8,0
DA:9,0
DA:10,0
DA:12,0
DA:13,0
DA:16,0
DA:17,0
DA:18,0
DA:21,0
DA:22,0
DA:23,0
DA:24,0
DA:27,0
DA:31,0
DA:65,0
DA:116,0
DA:141,0
DA:157,0
DA:165,0
LF:25
LH:0
BRDA:17,0,0,0
BRDA:17,0,1,0
BRF:2
BRH:0
end_of_record
TN:
SF:src\modules\barakah\components\CheckoutModal.tsx
FN:13,(anonymous_9)
FN:16,(anonymous_10)
FN:23,(anonymous_11)
FN:29,(anonymous_12)
FNF:4
FNH:0
FNDA:0,(anonymous_9)
FNDA:0,(anonymous_10)
FNDA:0,(anonymous_11)
FNDA:0,(anonymous_12)
DA:1,0
DA:2,0
DA:3,0
DA:13,0
DA:14,0
DA:16,0
DA:17,0
DA:18,0
DA:20,0
DA:23,0
DA:26,0
DA:28,0
DA:29,0
DA:30,0
DA:31,0
DA:32,0
DA:36,0
DA:40,0
DA:42,0
DA:125,0
LF:20
LH:0
BRDA:13,0,0,0
BRDA:40,1,0,0
BRDA:50,2,0,0
BRDA:50,2,1,0
BRDA:100,3,0,0
BRDA:100,3,1,0
BRDA:107,4,0,0
BRDA:107,4,1,0
BRF:8
BRH:0
end_of_record
TN:
SF:src\modules\dashboard\index.tsx
FN:20,(anonymous_10)
FN:26,(anonymous_11)
FN:29,(anonymous_12)
FN:35,(anonymous_13)
FNF:4
FNH:0
FNDA:0,(anonymous_10)
FNDA:0,(anonymous_11)
FNDA:0,(anonymous_12)
FNDA:0,(anonymous_13)
DA:1,0
DA:4,0
DA:5,0
DA:7,0
DA:8,0
DA:9,0
DA:10,0
DA:13,0
DA:20,0
DA:21,0
DA:24,0
DA:26,0
DA:27,0
DA:28,0
DA:30,0
DA:37,0
DA:41,0
DA:45,0
DA:48,0
DA:53,0
DA:100,0
LF:21
LH:0
BRDA:27,0,0,0
BRDA:27,0,1,0
BRDA:45,1,0,0
BRDA:45,1,1,0
BRDA:45,2,0,0
BRDA:45,2,1,0
BRF:6
BRH:0
end_of_record
TN:
SF:src\modules\dashboard\components\AnnouncementBanner.tsx
FN:8,(anonymous_1)
FN:9,(anonymous_2)
FN:17,(anonymous_3)
FNF:3
FNH:0
FNDA:0,(anonymous_1)
FNDA:0,(anonymous_2)
FNDA:0,(anonymous_3)
DA:1,0
DA:8,0
DA:9,0
DA:11,0
DA:12,0
DA:15,0
DA:18,0
DA:27,0
LF:8
LH:0
BRDA:11,0,0,0
BRF:1
BRH:0
end_of_record
TN:
SF:src\modules\dashboard\components\BentoCard.tsx
FN:13,(anonymous_1)
FNF:1
FNH:0
FNDA:0,(anonymous_1)
DA:1,0
DA:2,0
DA:13,0
DA:21,0
DA:53,0
LF:5
LH:0
BRDA:15,0,0,0
BRDA:17,1,0,0
BRDA:19,2,0,0
BRDA:25,3,0,0
BRDA:25,3,1,0
BRDA:26,4,0,0
BRDA:26,4,1,0
BRDA:27,5,0,0
BRDA:27,5,1,0
BRDA:28,6,0,0
BRDA:28,6,1,0
BRDA:28,7,0,0
BRDA:28,7,1,0
BRDA:31,8,0,0
BRDA:31,8,1,0
BRDA:42,9,0,0
BRDA:42,9,1,0
BRF:17
BRH:0
end_of_record
TN:
SF:src\modules\dashboard\components\ContinueReadingCard.tsx
FN:12,(anonymous_1)
FN:15,(anonymous_2)
FNF:2
FNH:0
FNDA:0,(anonymous_1)
FNDA:0,(anonymous_2)
DA:1,0
DA:2,0
DA:3,0
DA:4,0
DA:5,0
DA:12,0
DA:13,0
DA:15,0
DA:16,0
DA:19,0
DA:71,0
LF:11
LH:0
BRDA:45,0,0,0
BRDA:45,0,1,0
BRDA:48,1,0,0
BRDA:48,1,1,0
BRDA:52,2,0,0
BRDA:52,2,1,0
BRDA:55,3,0,0
BRDA:55,3,1,0
BRDA:60,4,0,0
BRDA:60,4,1,0
BRF:10
BRH:0
end_of_record
TN:
SF:src\modules\dashboard\components\CyberQuickActions.tsx
FN:39,(anonymous_1)
FN:42,(anonymous_2)
FNF:2
FNH:0
FNDA:0,(anonymous_1)
FNDA:0,(anonymous_2)
DA:1,0
DA:2,0
DA:4,0
DA:39,0
DA:40,0
DA:43,0
DA:82,0
LF:7
LH:0
BRDA:64,0,0,0
BRDA:64,0,1,0
BRF:2
BRH:0
end_of_record
TN:
SF:src\modules\dashboard\components\CyberStatsRing.tsx
FN:8,(anonymous_1)
FNF:1
FNH:0
FNDA:0,(anonymous_1)
DA:1,0
DA:8,0
DA:9,0
DA:10,0
DA:11,0
DA:12,0
DA:14,0
DA:78,0
LF:8
LH:0
BRF:0
BRH:0
end_of_record
TN:
SF:src\modules\dashboard\components\DailyHikmah.tsx
FN:5,(anonymous_1)
FNF:1
FNH:0
FNDA:0,(anonymous_1)
DA:1,0
DA:2,0
DA:3,0
DA:5,0
DA:6,0
DA:46,0
LF:6
LH:0
BRF:0
BRH:0
end_of_record
TN:
SF:src\modules\dashboard\components\DailyQuote.tsx
FN:10,(anonymous_1)
FN:11,(anonymous_2)
FNF:2
FNH:0
FNDA:0,(anonymous_1)
FNDA:0,(anonymous_2)
DA:1,0
DA:2,0
DA:4,0
DA:10,0
DA:11,0
DA:12,0
DA:13,0
DA:14,0
DA:15,0
DA:20,0
DA:21,0
DA:25,0
DA:50,0
LF:13
LH:0
BRDA:13,0,0,0
BRDA:13,0,1,0
BRDA:27,1,0,0
BRDA:27,1,1,0
BRDA:31,2,0,0
BRDA:31,2,1,0
BRF:6
BRH:0
end_of_record
TN:
SF:src\modules\dashboard\components\FocusStream.tsx
FN:4,(anonymous_1)
FN:14,(anonymous_2)
FNF:2
FNH:0
FNDA:0,(anonymous_1)
FNDA:0,(anonymous_2)
DA:1,0
DA:2,0
DA:4,0
DA:5,0
DA:11,0
DA:15,0
DA:50,0
LF:7
LH:0
BRF:0
BRH:0
end_of_record
TN:
SF:src\modules\dashboard\components\HeroHeader.tsx
FN:12,(anonymous_9)
FN:15,(anonymous_10)
FN:16,(anonymous_11)
FN:17,(anonymous_12)
FNF:4
FNH:0
FNDA:0,(anonymous_9)
FNDA:0,(anonymous_10)
FNDA:0,(anonymous_11)
FNDA:0,(anonymous_12)
DA:1,0
DA:2,0
DA:12,0
DA:13,0
DA:15,0
DA:16,0
DA:17,0
DA:20,0
DA:21,0
DA:23,0
DA:53,0
LF:11
LH:0
BRDA:32,0,0,0
BRDA:32,0,1,0
BRF:2
BRH:0
end_of_record
TN:
SF:src\modules\dashboard\components\HoloTiles.tsx
FN:15,(anonymous_1)
FN:18,(anonymous_2)
FN:25,(anonymous_3)
FNF:3
FNH:0
FNDA:0,(anonymous_1)
FNDA:0,(anonymous_2)
FNDA:0,(anonymous_3)
DA:1,0
DA:2,0
DA:4,0
DA:15,0
DA:16,0
DA:19,0
DA:25,0
DA:50,0
LF:8
LH:0
BRF:0
BRH:0
end_of_record
TN:
SF:src\modules\dashboard\components\PrayerTimesStrip.tsx
FN:11,(anonymous_1)
FN:21,(anonymous_2)
FN:45,(anonymous_3)
FNF:3
FNH:0
FNDA:0,(anonymous_1)
FNDA:0,(anonymous_2)
FNDA:0,(anonymous_3)
DA:1,0
DA:11,0
DA:13,0
DA:21,0
DA:22,0
DA:25,0
DA:33,0
DA:34,0
DA:42,0
DA:46,0
DA:66,0
LF:11
LH:0
BRDA:25,0,0,0
BRDA:25,0,1,0
BRDA:33,1,0,0
BRDA:48,2,0,0
BRDA:48,2,1,0
BRDA:53,3,0,0
BRDA:53,3,1,0
BRDA:56,4,0,0
BRDA:56,4,1,0
BRF:9
BRH:0
end_of_record
TN:
SF:src\modules\dashboard\components\PulseCore.tsx
FN:4,(anonymous_1)
FNF:1
FNH:0
FNDA:0,(anonymous_1)
DA:1,0
DA:2,0
DA:4,0
DA:5,0
DA:93,0
LF:5
LH:0
BRF:0
BRH:0
end_of_record
TN:
SF:src\modules\dashboard\components\PulseHero.tsx
FN:9,(anonymous_9)
FN:32,(anonymous_10)
FN:33,(anonymous_11)
FN:54,(anonymous_12)
FN:60,(anonymous_13)
FNF:5
FNH:0
FNDA:0,(anonymous_9)
FNDA:0,(anonymous_10)
FNDA:0,(anonymous_11)
FNDA:0,(anonymous_12)
FNDA:0,(anonymous_13)
DA:1,0
DA:2,0
DA:9,0
DA:10,0
DA:12,0
DA:13,0
DA:22,0
DA:32,0
DA:33,0
DA:34,0
DA:35,0
DA:36,0
DA:38,0
DA:39,0
DA:40,0
DA:43,0
DA:44,0
DA:45,0
DA:46,0
DA:48,0
DA:49,0
DA:51,0
DA:54,0
DA:58,0
DA:60,0
DA:61,0
DA:62,0
DA:63,0
DA:64,0
DA:65,0
DA:66,0
DA:69,0
DA:165,0
LF:33
LH:0
BRDA:12,0,0,0
BRDA:12,0,1,0
BRDA:13,1,0,0
BRDA:13,1,1,0
BRDA:14,2,0,0
BRDA:14,2,1,0
BRDA:15,3,0,0
BRDA:15,3,1,0
BRDA:16,4,0,0
BRDA:16,4,1,0
BRDA:17,5,0,0
BRDA:17,5,1,0
BRDA:34,6,0,0
BRDA:38,7,0,0
BRDA:48,8,0,0
BRDA:48,8,1,0
BRDA:61,9,0,0
BRDA:86,10,0,0
BRDA:86,10,1,0
BRDA:152,11,0,0
BRDA:152,11,1,0
BRF:21
BRH:0
end_of_record
TN:
SF:src\modules\dashboard\components\RecentActivity.tsx
FN:11,(anonymous_1)
FN:23,(anonymous_2)
FNF:2
FNH:0
FNDA:0,(anonymous_1)
FNDA:0,(anonymous_2)
DA:1,0
DA:2,0
DA:3,0
DA:5,0
DA:11,0
DA:12,0
DA:24,0
DA:45,0
LF:8
LH:0
BRF:0
BRH:0
end_of_record
TN:
SF:src\modules\dashboard\components\RecommendedWidget.tsx
FN:10,(anonymous_1)
FN:26,(anonymous_2)
FNF:2
FNH:0
FNDA:0,(anonymous_1)
FNDA:0,(anonymous_2)
DA:1,0
DA:2,0
DA:4,0
DA:10,0
DA:11,0
DA:27,0
DA:56,0
LF:7
LH:0
BRDA:41,0,0,0
BRDA:41,0,1,0
BRDA:41,1,0,0
BRDA:41,1,1,0
BRF:4
BRH:0
end_of_record
TN:
SF:src\modules\dashboard\components\StatsCards.tsx
FN:9,(anonymous_1)
FNF:1
FNH:0
FNDA:0,(anonymous_1)
DA:1,0
DA:9,0
DA:10,0
DA:58,0
LF:4
LH:0
BRDA:12,0,0,0
BRDA:12,0,1,0
BRDA:24,1,0,0
BRDA:24,1,1,0
BRDA:26,2,0,0
BRDA:26,2,1,0
BRDA:35,3,0,0
BRDA:35,3,1,0
BRDA:47,4,0,0
BRDA:47,4,1,0
BRDA:49,5,0,0
BRDA:49,5,1,0
BRF:12
BRH:0
end_of_record
TN:
SF:src\modules\dashboard\components\UstazAiWidget.tsx
FN:9,(anonymous_1)
FN:14,(anonymous_2)
FN:38,(anonymous_3)
FNF:3
FNH:0
FNDA:0,(anonymous_1)
FNDA:0,(anonymous_2)
FNDA:0,(anonymous_3)
DA:1,0
DA:2,0
DA:3,0
DA:9,0
DA:10,0
DA:14,0
DA:39,0
DA:53,0
LF:8
LH:0
BRF:0
BRH:0
end_of_record
TN:
SF:src\modules\ibadah\Ibadah.tsx
FN:21,(anonymous_10)
FN:23,(anonymous_11)
FN:27,(anonymous_12)
FN:60,(anonymous_13)
FN:63,(anonymous_14)
FN:69,(anonymous_15)
FN:72,(anonymous_16)
FN:76,(anonymous_17)
FN:85,(anonymous_18)
FN:88,(anonymous_19)
FN:109,(anonymous_20)
FN:157,(anonymous_21)
FN:161,(anonymous_22)
FN:180,(anonymous_23)
FN:195,(anonymous_24)
FN:217,(anonymous_25)
FN:309,(anonymous_26)
FN:315,(anonymous_27)
FN:321,(anonymous_28)
FN:327,(anonymous_29)
FN:361,(anonymous_30)
FN:462,(anonymous_31)
FN:467,(anonymous_32)
FN:470,(anonymous_33)
FNF:24
FNH:0
FNDA:0,(anonymous_10)
FNDA:0,(anonymous_11)
FNDA:0,(anonymous_12)
FNDA:0,(anonymous_13)
FNDA:0,(anonymous_14)
FNDA:0,(anonymous_15)
FNDA:0,(anonymous_16)
FNDA:0,(anonymous_17)
FNDA:0,(anonymous_18)
FNDA:0,(anonymous_19)
FNDA:0,(anonymous_20)
FNDA:0,(anonymous_21)
FNDA:0,(anonymous_22)
FNDA:0,(anonymous_23)
FNDA:0,(anonymous_24)
FNDA:0,(anonymous_25)
FNDA:0,(anonymous_26)
FNDA:0,(anonymous_27)
FNDA:0,(anonymous_28)
FNDA:0,(anonymous_29)
FNDA:0,(anonymous_30)
FNDA:0,(anonymous_31)
FNDA:0,(anonymous_32)
FNDA:0,(anonymous_33)
DA:1,0
DA:2,0
DA:3,0
DA:4,0
DA:5,0
DA:7,0
DA:8,0
DA:9,0
DA:12,0
DA:21,0
DA:22,0
DA:23,0
DA:24,0
DA:27,0
DA:28,0
DA:29,0
DA:30,0
DA:31,0
DA:32,0
DA:33,0
DA:35,0
DA:40,0
DA:51,0
DA:54,0
DA:57,0
DA:58,0
DA:60,0
DA:62,0
DA:63,0
DA:64,0
DA:67,0
DA:69,0
DA:72,0
DA:73,0
DA:76,0
DA:77,0
DA:78,0
DA:80,0
DA:85,0
DA:86,0
DA:87,0
DA:89,0
DA:90,0
DA:100,0
DA:103,0
DA:104,0
DA:105,0
DA:109,0
DA:110,0
DA:157,0
DA:158,0
DA:161,0
DA:162,0
DA:164,0
DA:173,0
DA:180,0
DA:196,0
DA:197,0
DA:199,0
DA:217,0
DA:218,0
DA:301,0
DA:309,0
DA:315,0
DA:321,0
DA:327,0
DA:361,0
DA:462,0
DA:468,0
DA:471,0
DA:472,0
DA:501,0
LF:72
LH:0
BRDA:23,0,0,0
BRDA:23,0,1,0
BRDA:28,1,0,0
BRDA:28,1,1,0
BRDA:30,2,0,0
BRDA:30,2,1,0
BRDA:32,3,0,0
BRDA:32,3,1,0
BRDA:62,4,0,0
BRDA:62,4,1,0
BRDA:62,5,0,0
BRDA:62,5,1,0
BRDA:77,6,0,0
BRDA:77,6,1,0
BRDA:77,7,0,0
BRDA:77,7,1,0
BRDA:77,7,2,0
BRDA:77,7,3,0
BRDA:86,8,0,0
BRDA:89,9,0,0
BRDA:89,9,1,0
BRDA:100,10,0,0
BRDA:100,10,1,0
BRDA:104,11,0,0
BRDA:104,12,0,0
BRDA:104,12,1,0
BRDA:132,13,0,0
BRDA:132,13,1,0
BRDA:140,14,0,0
BRDA:140,14,1,0
BRDA:146,15,0,0
BRDA:146,15,1,0
BRDA:162,16,0,0
BRDA:189,17,0,0
BRDA:189,17,1,0
BRDA:197,18,0,0
BRDA:197,18,1,0
BRDA:208,19,0,0
BRDA:208,19,1,0
BRDA:310,20,0,0
BRDA:310,20,1,0
BRDA:316,21,0,0
BRDA:316,21,1,0
BRDA:322,22,0,0
BRDA:322,22,1,0
BRDA:328,23,0,0
BRDA:328,23,1,0
BRDA:335,24,0,0
BRDA:335,24,1,0
BRDA:345,25,0,0
BRDA:345,25,1,0
BRDA:345,25,2,0
BRDA:345,25,3,0
BRDA:356,26,0,0
BRDA:356,26,1,0
BRDA:356,26,2,0
BRDA:356,26,3,0
BRDA:369,27,0,0
BRDA:369,27,1,0
BRDA:375,28,0,0
BRDA:375,28,1,0
BRDA:376,29,0,0
BRDA:376,29,1,0
BRDA:387,30,0,0
BRDA:387,30,1,0
BRDA:387,31,0,0
BRDA:387,31,1,0
BRDA:387,31,2,0
BRDA:387,31,3,0
BRDA:392,32,0,0
BRDA:392,32,1,0
BRDA:395,33,0,0
BRDA:395,33,1,0
BRDA:397,34,0,0
BRDA:397,34,1,0
BRDA:409,35,0,0
BRDA:409,35,1,0
BRDA:409,35,2,0
BRDA:417,36,0,0
BRDA:417,36,1,0
BRDA:427,37,0,0
BRDA:427,37,1,0
BRDA:452,38,0,0
BRDA:452,38,1,0
BRDA:474,39,0,0
BRDA:474,39,1,0
BRDA:477,40,0,0
BRDA:477,40,1,0
BRDA:480,41,0,0
BRDA:480,41,1,0
BRDA:494,42,0,0
BRDA:494,42,1,0
BRDA:494,43,0,0
BRDA:494,43,1,0
BRDA:494,44,0,0
BRDA:494,44,1,0
BRF:96
BRH:0
end_of_record
TN:
SF:src\modules\ibadah\components\PrayerCard.tsx
FN:15,(anonymous_0)
FNF:1
FNH:0
FNDA:0,(anonymous_0)
DA:1,0
DA:2,0
DA:15,0
DA:18,0
DA:70,0
LF:5
LH:0
BRDA:25,0,0,0
BRDA:25,0,1,0
BRDA:26,1,0,0
BRDA:26,1,1,0
BRDA:33,2,0,0
BRDA:33,2,1,0
BRDA:37,3,0,0
BRDA:37,3,1,0
BRDA:41,4,0,0
BRDA:41,4,1,0
BRDA:42,5,0,0
BRDA:42,5,1,0
BRDA:48,6,0,0
BRDA:48,6,1,0
BRDA:58,7,0,0
BRDA:58,7,1,0
BRDA:60,8,0,0
BRDA:60,8,1,0
BRF:18
BRH:0
end_of_record
TN:
SF:src\modules\ibadah\components\ZakatCalculator.tsx
FN:5,(anonymous_9)
FN:21,(anonymous_10)
FN:51,(anonymous_11)
FN:54,(anonymous_12)
FN:69,(anonymous_13)
FN:70,(anonymous_14)
FN:76,(anonymous_15)
FN:77,(anonymous_16)
FN:84,(anonymous_17)
FN:85,(anonymous_18)
FN:86,(anonymous_19)
FN:96,(anonymous_20)
FN:109,(anonymous_21)
FN:118,(anonymous_22)
FNF:14
FNH:0
FNDA:0,(anonymous_9)
FNDA:0,(anonymous_10)
FNDA:0,(anonymous_11)
FNDA:0,(anonymous_12)
FNDA:0,(anonymous_13)
FNDA:0,(anonymous_14)
FNDA:0,(anonymous_15)
FNDA:0,(anonymous_16)
FNDA:0,(anonymous_17)
FNDA:0,(anonymous_18)
FNDA:0,(anonymous_19)
FNDA:0,(anonymous_20)
FNDA:0,(anonymous_21)
FNDA:0,(anonymous_22)
DA:1,0
DA:3,0
DA:5,0
DA:6,0
DA:7,0
DA:10,0
DA:11,0
DA:16,0
DA:21,0
DA:22,0
DA:23,0
DA:24,0
DA:26,0
DA:27,0
DA:31,0
DA:52,0
DA:54,0
DA:69,0
DA:70,0
DA:76,0
DA:77,0
DA:84,0
DA:85,0
DA:86,0
DA:96,0
DA:109,0
DA:110,0
DA:118,0
DA:125,0
LF:29
LH:0
BRDA:22,0,0,0
BRDA:22,0,1,0
BRDA:38,1,0,0
BRDA:38,1,1,0
BRDA:43,2,0,0
BRDA:43,2,1,0
BRDA:44,3,0,0
BRDA:44,3,1,0
BRDA:55,4,0,0
BRDA:55,4,1,0
BRDA:57,5,0,0
BRDA:57,5,1,0
BRDA:65,6,0,0
BRDA:65,6,1,0
BRDA:86,7,0,0
BRDA:86,7,1,0
BRDA:94,8,0,0
BRDA:94,8,1,0
BRDA:118,9,0,0
BRDA:118,9,1,0
BRDA:118,10,0,0
BRDA:118,10,1,0
BRF:22
BRH:0
end_of_record
TN:
SF:src\modules\iqra\IqraAnalytics.tsx
FN:14,(anonymous_9)
FN:22,(anonymous_10)
FN:26,(anonymous_11)
FN:69,(anonymous_12)
FNF:4
FNH:0
FNDA:0,(anonymous_9)
FNDA:0,(anonymous_10)
FNDA:0,(anonymous_11)
FNDA:0,(anonymous_12)
DA:1,0
DA:14,0
DA:15,0
DA:22,0
DA:23,0
DA:24,0
DA:25,0
DA:26,0
DA:30,0
DA:70,0
DA:86,0
LF:11
LH:0
BRDA:24,0,0,0
BRF:1
BRH:0
end_of_record
TN:
SF:src\modules\iqra\IqraAuthenticReader.tsx
FN:35,(anonymous_9)
FN:44,(anonymous_10)
FN:47,(anonymous_11)
FN:50,(anonymous_12)
FN:51,(anonymous_13)
FN:57,(anonymous_14)
FN:64,(anonymous_15)
FN:65,(anonymous_16)
FN:67,(anonymous_17)
FN:69,(anonymous_18)
FN:71,(anonymous_19)
FN:78,(anonymous_20)
FN:80,(anonymous_21)
FN:82,(anonymous_22)
FN:90,(anonymous_23)
FN:92,(anonymous_24)
FN:115,(anonymous_25)
FN:118,(anonymous_26)
FN:172,(anonymous_27)
FNF:19
FNH:0
FNDA:0,(anonymous_9)
FNDA:0,(anonymous_10)
FNDA:0,(anonymous_11)
FNDA:0,(anonymous_12)
FNDA:0,(anonymous_13)
FNDA:0,(anonymous_14)
FNDA:0,(anonymous_15)
FNDA:0,(anonymous_16)
FNDA:0,(anonymous_17)
FNDA:0,(anonymous_18)
FNDA:0,(anonymous_19)
FNDA:0,(anonymous_20)
FNDA:0,(anonymous_21)
FNDA:0,(anonymous_22)
FNDA:0,(anonymous_23)
FNDA:0,(anonymous_24)
FNDA:0,(anonymous_25)
FNDA:0,(anonymous_26)
FNDA:0,(anonymous_27)
DA:6,0
DA:7,0
DA:26,0
DA:35,0
DA:39,0
DA:40,0
DA:41,0
DA:42,0
DA:44,0
DA:47,0
DA:48,0
DA:49,0
DA:50,0
DA:52,0
DA:53,0
DA:54,0
DA:55,0
DA:58,0
DA:59,0
DA:60,0
DA:64,0
DA:65,0
DA:67,0
DA:68,0
DA:69,0
DA:71,0
DA:72,0
DA:73,0
DA:78,0
DA:79,0
DA:80,0
DA:82,0
DA:83,0
DA:84,0
DA:90,0
DA:92,0
DA:93,0
DA:94,0
DA:96,0
DA:99,0
DA:100,0
DA:110,0
DA:116,0
DA:118,0
DA:173,0
DA:175,0
DA:234,0
LF:47
LH:0
BRDA:36,0,0,0
BRDA:44,1,0,0
BRDA:44,1,1,0
BRDA:53,2,0,0
BRDA:53,2,1,0
BRDA:65,3,0,0
BRDA:65,3,1,0
BRDA:68,4,0,0
BRDA:68,4,1,0
BRDA:72,5,0,0
BRDA:79,6,0,0
BRDA:79,6,1,0
BRDA:83,7,0,0
BRDA:93,8,0,0
BRDA:99,9,0,0
BRDA:120,10,0,0
BRDA:120,10,1,0
BRDA:153,11,0,0
BRDA:153,11,1,0
BRDA:157,12,0,0
BRDA:157,12,1,0
BRDA:186,13,0,0
BRDA:186,13,1,0
BRDA:209,14,0,0
BRDA:209,14,1,0
BRDA:217,15,0,0
BRDA:217,15,1,0
BRDA:224,16,0,0
BRDA:224,16,1,0
BRF:29
BRH:0
end_of_record
TN:
SF:src\modules\iqra\IqraBookSelector.tsx
FN:9,(anonymous_1)
FN:12,(anonymous_2)
FN:15,(anonymous_3)
FNF:3
FNH:0
FNDA:0,(anonymous_1)
FNDA:0,(anonymous_2)
FNDA:0,(anonymous_3)
DA:1,0
DA:2,0
DA:9,0
DA:10,0
DA:13,0
DA:15,0
DA:33,0
LF:7
LH:0
BRDA:17,0,0,0
BRDA:17,0,1,0
BRDA:24,1,0,0
BRDA:24,1,1,0
BRF:4
BRH:0
end_of_record
TN:
SF:src\modules\iqra\IqraDigitalReader.tsx
FN:13,(anonymous_10)
FN:38,(anonymous_11)
FN:42,(anonymous_12)
FN:46,(anonymous_13)
FN:65,(anonymous_14)
FN:154,(anonymous_15)
FN:242,(anonymous_16)
FN:262,(anonymous_17)
FN:266,(anonymous_18)
FN:280,(anonymous_19)
FN:331,(anonymous_20)
FNF:11
FNH:1
FNDA:3,(anonymous_10)
FNDA:0,(anonymous_11)
FNDA:0,(anonymous_12)
FNDA:0,(anonymous_13)
FNDA:0,(anonymous_14)
FNDA:0,(anonymous_15)
FNDA:0,(anonymous_16)
FNDA:0,(anonymous_17)
FNDA:0,(anonymous_18)
FNDA:0,(anonymous_19)
FNDA:0,(anonymous_20)
DA:1,1
DA:2,1
DA:3,1
DA:4,1
DA:5,1
DA:6,1
DA:13,1
DA:30,3
DA:32,3
DA:35,3
DA:36,3
DA:38,3
DA:39,0
DA:42,3
DA:43,0
DA:46,3
DA:47,0
DA:49,0
DA:50,0
DA:51,0
DA:53,0
DA:54,0
DA:56,0
DA:57,0
DA:61,0
DA:62,0
DA:65,3
DA:66,0
DA:70,3
DA:71,3
DA:74,0
DA:155,0
DA:243,0
DA:263,0
DA:266,0
DA:280,0
DA:331,0
DA:338,1
LF:38
LH:18
BRDA:47,0,0,0
BRDA:47,1,0,0
BRDA:47,1,1,0
BRDA:53,2,0,0
BRDA:53,3,0,0
BRDA:53,3,1,0
BRDA:56,4,0,0
BRDA:56,5,0,0
BRDA:56,5,1,0
BRDA:70,6,0,3
BRDA:70,7,0,3
BRDA:70,7,1,3
BRDA:105,8,0,0
BRDA:105,8,1,0
BRDA:106,9,0,0
BRDA:106,9,1,0
BRDA:129,10,0,0
BRDA:129,10,1,0
BRDA:178,11,0,0
BRDA:178,11,1,0
BRDA:188,12,0,0
BRDA:188,12,1,0
BRDA:226,13,0,0
BRDA:226,13,1,0
BRDA:226,13,2,0
BRF:25
BRH:3
end_of_record
TN:
SF:src\modules\iqra\IqraHub.tsx
FN:20,(anonymous_9)
FN:29,(anonymous_10)
FN:64,(anonymous_11)
FN:72,(anonymous_12)
FN:111,(anonymous_13)
FN:114,(anonymous_14)
FN:119,(anonymous_15)
FN:121,(anonymous_16)
FN:125,(anonymous_17)
FN:135,(anonymous_18)
FN:197,(anonymous_19)
FN:212,(anonymous_20)
FN:225,(anonymous_21)
FN:246,(anonymous_22)
FNF:14
FNH:0
FNDA:0,(anonymous_9)
FNDA:0,(anonymous_10)
FNDA:0,(anonymous_11)
FNDA:0,(anonymous_12)
FNDA:0,(anonymous_13)
FNDA:0,(anonymous_14)
FNDA:0,(anonymous_15)
FNDA:0,(anonymous_16)
FNDA:0,(anonymous_17)
FNDA:0,(anonymous_18)
FNDA:0,(anonymous_19)
FNDA:0,(anonymous_20)
FNDA:0,(anonymous_21)
FNDA:0,(anonymous_22)
DA:1,0
DA:2,0
DA:3,0
DA:4,0
DA:11,0
DA:20,0
DA:21,0
DA:22,0
DA:25,0
DA:27,0
DA:29,0
DA:31,0
DA:34,0
DA:64,0
DA:72,0
DA:113,0
DA:114,0
DA:115,0
DA:116,0
DA:119,0
DA:120,0
DA:121,0
DA:122,0
DA:124,0
DA:125,0
DA:126,0
DA:129,0
DA:135,0
DA:197,0
DA:214,0
DA:215,0
DA:216,0
DA:217,0
DA:218,0
DA:219,0
DA:221,0
DA:225,0
DA:247,0
DA:276,0
LF:39
LH:0
BRDA:27,0,0,0
BRDA:27,0,1,0
BRDA:38,1,0,0
BRDA:38,1,1,0
BRDA:62,2,0,0
BRDA:62,2,1,0
BRDA:113,3,0,0
BRDA:113,3,1,0
BRDA:120,4,0,0
BRDA:122,5,0,0
BRDA:124,6,0,0
BRDA:124,6,1,0
BRDA:138,7,0,0
BRDA:138,7,1,0
BRDA:152,8,0,0
BRDA:152,8,1,0
BRDA:177,9,0,0
BRDA:177,9,1,0
BRDA:178,10,0,0
BRDA:178,10,1,0
BRDA:216,11,0,0
BRDA:216,11,1,0
BRDA:217,12,0,0
BRDA:217,12,1,0
BRDA:219,13,0,0
BRDA:219,13,1,0
BRDA:219,13,2,0
BRDA:225,14,0,0
BRDA:225,14,1,0
BRDA:228,15,0,0
BRDA:228,15,1,0
BRDA:229,16,0,0
BRDA:229,16,1,0
BRDA:232,17,0,0
BRDA:232,17,1,0
BRDA:234,18,0,0
BRDA:234,18,1,0
BRDA:240,19,0,0
BRDA:240,19,1,0
BRDA:247,20,0,0
BRDA:247,20,1,0
BRDA:255,21,0,0
BRDA:255,21,1,0
BRDA:260,22,0,0
BRDA:260,22,1,0
BRF:45
BRH:0
end_of_record
TN:
SF:src\modules\iqra\IqraInteractiveCoach.tsx
FN:22,(anonymous_9)
FN:56,(anonymous_10)
FN:72,(anonymous_11)
FN:81,(anonymous_12)
FN:89,(anonymous_13)
FN:97,(anonymous_14)
FN:107,(anonymous_15)
FN:114,(anonymous_16)
FN:116,(anonymous_17)
FN:130,(anonymous_18)
FN:130,(anonymous_19)
FN:150,(anonymous_20)
FN:214,(anonymous_21)
FN:220,(anonymous_22)
FN:246,(anonymous_23)
FN:298,(anonymous_24)
FN:315,(anonymous_25)
FN:349,(anonymous_26)
FN:353,(anonymous_27)
FN:369,(anonymous_28)
FN:372,(anonymous_29)
FN:392,(anonymous_30)
FN:395,(anonymous_31)
FN:427,(anonymous_32)
FN:446,(anonymous_33)
FN:447,(anonymous_34)
FN:500,(anonymous_35)
FN:546,(anonymous_36)
FNF:28
FNH:0
FNDA:0,(anonymous_9)
FNDA:0,(anonymous_10)
FNDA:0,(anonymous_11)
FNDA:0,(anonymous_12)
FNDA:0,(anonymous_13)
FNDA:0,(anonymous_14)
FNDA:0,(anonymous_15)
FNDA:0,(anonymous_16)
FNDA:0,(anonymous_17)
FNDA:0,(anonymous_18)
FNDA:0,(anonymous_19)
FNDA:0,(anonymous_20)
FNDA:0,(anonymous_21)
FNDA:0,(anonymous_22)
FNDA:0,(anonymous_23)
FNDA:0,(anonymous_24)
FNDA:0,(anonymous_25)
FNDA:0,(anonymous_26)
FNDA:0,(anonymous_27)
FNDA:0,(anonymous_28)
FNDA:0,(anonymous_29)
FNDA:0,(anonymous_30)
FNDA:0,(anonymous_31)
FNDA:0,(anonymous_32)
FNDA:0,(anonymous_33)
FNDA:0,(anonymous_34)
FNDA:0,(anonymous_35)
FNDA:0,(anonymous_36)
DA:1,0
DA:2,0
DA:3,0
DA:9,0
DA:10,0
DA:11,0
DA:12,0
DA:13,0
DA:22,0
DA:23,0
DA:24,0
DA:26,0
DA:27,0
DA:28,0
DA:29,0
DA:30,0
DA:31,0
DA:34,0
DA:35,0
DA:36,0
DA:37,0
DA:38,0
DA:40,0
DA:42,0
DA:43,0
DA:46,0
DA:47,0
DA:54,0
DA:56,0
DA:57,0
DA:58,0
DA:59,0
DA:63,0
DA:65,0
DA:66,0
DA:68,0
DA:72,0
DA:73,0
DA:74,0
DA:78,0
DA:81,0
DA:82,0
DA:86,0
DA:89,0
DA:90,0
DA:91,0
DA:92,0
DA:93,0
DA:94,0
DA:97,0
DA:98,0
DA:99,0
DA:100,0
DA:101,0
DA:102,0
DA:104,0
DA:106,0
DA:107,0
DA:110,0
DA:114,0
DA:115,0
DA:116,0
DA:117,0
DA:118,0
DA:119,0
DA:120,0
DA:122,0
DA:124,0
DA:125,0
DA:130,0
DA:132,0
DA:133,0
DA:150,0
DA:160,0
DA:214,0
DA:220,0
DA:246,0
DA:298,0
DA:315,0
DA:350,0
DA:353,0
DA:370,0
DA:372,0
DA:393,0
DA:395,0
DA:427,0
DA:446,0
DA:447,0
DA:500,0
DA:546,0
DA:558,0
LF:91
LH:0
BRDA:22,0,0,0
BRDA:43,1,0,0
BRDA:43,1,1,0
BRDA:46,2,0,0
BRDA:54,3,0,0
BRDA:90,4,0,0
BRDA:98,5,0,0
BRDA:98,5,1,0
BRDA:98,6,0,0
BRDA:98,6,1,0
BRDA:99,7,0,0
BRDA:99,7,1,0
BRDA:100,8,0,0
BRDA:100,8,1,0
BRDA:115,9,0,0
BRDA:115,9,1,0
BRDA:132,10,0,0
BRDA:215,11,0,0
BRDA:215,11,1,0
BRDA:221,12,0,0
BRDA:221,12,1,0
BRDA:232,13,0,0
BRDA:232,13,1,0
BRDA:243,14,0,0
BRDA:243,14,1,0
BRDA:253,15,0,0
BRDA:253,15,1,0
BRDA:260,16,0,0
BRDA:260,16,1,0
BRDA:280,17,0,0
BRDA:280,17,1,0
BRDA:293,18,0,0
BRDA:293,18,1,0
BRDA:298,19,0,0
BRDA:298,19,1,0
BRDA:315,20,0,0
BRDA:315,20,1,0
BRDA:315,21,0,0
BRDA:315,21,1,0
BRDA:319,22,0,0
BRDA:319,22,1,0
BRDA:323,23,0,0
BRDA:323,23,1,0
BRDA:323,23,2,0
BRDA:346,24,0,0
BRDA:346,24,1,0
BRDA:348,25,0,0
BRDA:348,25,1,0
BRDA:349,26,0,0
BRDA:349,26,1,0
BRDA:367,27,0,0
BRDA:367,27,1,0
BRDA:367,27,2,0
BRDA:369,28,0,0
BRDA:369,28,1,0
BRDA:369,28,2,0
BRDA:372,29,0,0
BRDA:373,30,0,0
BRDA:373,30,1,0
BRDA:409,31,0,0
BRDA:409,31,1,0
BRDA:432,32,0,0
BRDA:432,32,1,0
BRDA:447,33,0,0
BRDA:447,33,1,0
BRDA:456,34,0,0
BRDA:456,34,1,0
BRDA:471,35,0,0
BRDA:471,35,1,0
BRDA:478,36,0,0
BRDA:478,36,1,0
BRDA:482,37,0,0
BRDA:482,37,1,0
BRDA:485,38,0,0
BRDA:485,38,1,0
BRDA:486,39,0,0
BRDA:486,39,1,0
BRDA:489,40,0,0
BRDA:489,40,1,0
BRDA:490,41,0,0
BRDA:490,41,1,0
BRDA:493,42,0,0
BRDA:493,42,1,0
BRDA:498,43,0,0
BRDA:498,43,1,0
BRDA:500,44,0,0
BRDA:500,44,1,0
BRDA:504,45,0,0
BRDA:504,45,1,0
BRDA:509,46,0,0
BRDA:509,46,1,0
BRDA:509,46,2,0
BRDA:523,47,0,0
BRDA:523,47,1,0
BRDA:526,48,0,0
BRDA:526,48,1,0
BRDA:526,48,2,0
BRDA:527,49,0,0
BRDA:527,49,1,0
BRDA:527,50,0,0
BRDA:527,50,1,0
BRDA:527,50,2,0
BRDA:529,51,0,0
BRDA:529,51,1,0
BRDA:529,52,0,0
BRDA:529,52,1,0
BRDA:529,52,2,0
BRDA:534,53,0,0
BRDA:534,53,1,0
BRDA:544,54,0,0
BRDA:544,54,1,0
BRF:111
BRH:0
end_of_record
TN:
SF:src\modules\iqra\IqraPdfReader.tsx
FN:13,(anonymous_10)
FN:20,(anonymous_11)
FN:23,(anonymous_12)
FN:24,(anonymous_13)
FN:29,(anonymous_14)
FN:32,(anonymous_15)
FN:38,(anonymous_16)
FN:44,(anonymous_17)
FN:102,(anonymous_18)
FN:114,(anonymous_19)
FN:123,(anonymous_20)
[...]
BRF:14
BRH:0
end_of_record
TN:
SF:src\services\ai\VoiceService.ts
FN:23,(anonymous_1)
FN:40,(anonymous_2)
FN:78,(anonymous_3)
FN:93,(anonymous_4)
FN:94,(anonymous_5)
FN:105,(anonymous_6)
FN:109,(anonymous_7)
FN:120,(anonymous_8)
FN:121,(anonymous_9)
FN:130,(anonymous_10)
FN:140,(anonymous_11)
FNF:11
FNH:0
FNDA:0,(anonymous_1)
FNDA:0,(anonymous_2)
FNDA:0,(anonymous_3)
FNDA:0,(anonymous_4)
FNDA:0,(anonymous_5)
FNDA:0,(anonymous_6)
FNDA:0,(anonymous_7)
FNDA:0,(anonymous_8)
FNDA:0,(anonymous_9)
FNDA:0,(anonymous_10)
FNDA:0,(anonymous_11)
DA:1,0
DA:2,0
DA:14,0
DA:15,0
DA:16,0
DA:25,0
DA:26,0
DA:27,0
DA:28,0
DA:33,0
DA:34,0
DA:41,0
DA:43,0
DA:44,0
DA:46,0
DA:66,0
DA:69,0
DA:70,0
DA:80,0
DA:82,0
DA:94,0
DA:95,0
DA:96,0
DA:97,0
DA:100,0
DA:101,0
DA:104,0
DA:105,0
DA:106,0
DA:109,0
DA:111,0
DA:112,0
DA:115,0
DA:116,0
DA:117,0
DA:118,0
DA:120,0
DA:121,0
DA:123,0
DA:131,0
DA:132,0
DA:134,0
DA:141,0
LF:43
LH:0
BRDA:25,0,0,0
BRDA:27,1,0,0
BRDA:41,2,0,0
BRDA:41,2,1,0
BRDA:93,3,0,0
BRDA:95,4,0,0
BRDA:95,5,0,0
BRDA:95,5,1,0
BRDA:105,6,0,0
BRDA:105,6,1,0
BRDA:106,7,0,0
BRDA:106,7,1,0
BRDA:106,7,2,0
BRDA:111,8,0,0
BRDA:131,9,0,0
BRDA:131,10,0,0
BRDA:131,10,1,0
BRF:17
BRH:0
end_of_record
TN:
SF:src\services\ai\prompts.ts
FNF:0
FNH:0
DA:1,0
LF:1
LH:0
BRF:0
BRH:0
end_of_record
TN:
SF:src\utils\analytics.ts
FN:43,(anonymous_0)
FN:47,(anonymous_1)
FN:51,(anonymous_2)
FN:55,(anonymous_3)
FN:59,(anonymous_4)
FN:81,(anonymous_5)
FN:94,(anonymous_6)
FN:103,(anonymous_7)
FN:111,(anonymous_8)
FN:124,(anonymous_9)
FN:133,(anonymous_10)
FN:142,(anonymous_11)
FN:153,(anonymous_12)
FN:162,(anonymous_13)
FN:172,(anonymous_14)
FN:181,(anonymous_15)
FN:192,(anonymous_16)
FN:204,(anonymous_17)
FN:214,(anonymous_18)
FN:222,(anonymous_19)
FN:230,(anonymous_20)
FN:240,(anonymous_21)
FN:255,(anonymous_22)
FN:271,(anonymous_23)
FN:275,(anonymous_24)
FN:293,(anonymous_25)
FNF:26
FNH:0
FNDA:0,(anonymous_0)
FNDA:0,(anonymous_1)
FNDA:0,(anonymous_2)
FNDA:0,(anonymous_3)
FNDA:0,(anonymous_4)
FNDA:0,(anonymous_5)
FNDA:0,(anonymous_6)
FNDA:0,(anonymous_7)
FNDA:0,(anonymous_8)
FNDA:0,(anonymous_9)
FNDA:0,(anonymous_10)
FNDA:0,(anonymous_11)
FNDA:0,(anonymous_12)
FNDA:0,(anonymous_13)
FNDA:0,(anonymous_14)
FNDA:0,(anonymous_15)
FNDA:0,(anonymous_16)
FNDA:0,(anonymous_17)
FNDA:0,(anonymous_18)
FNDA:0,(anonymous_19)
FNDA:0,(anonymous_20)
FNDA:0,(anonymous_21)
FNDA:0,(anonymous_22)
FNDA:0,(anonymous_23)
FNDA:0,(anonymous_24)
FNDA:0,(anonymous_25)
DA:8,0
DA:35,0
DA:44,0
DA:48,0
DA:52,0
DA:56,0
DA:60,0
DA:71,0
DA:77,0
DA:82,0
DA:83,0
DA:84,0
DA:86,0
DA:95,0
DA:104,0
DA:112,0
DA:119,0
DA:125,0
DA:134,0
DA:143,0
DA:154,0
DA:163,0
DA:173,0
DA:182,0
DA:193,0
DA:195,0
DA:201,0
DA:205,0
DA:215,0
DA:223,0
DA:231,0
DA:241,0
DA:244,0
DA:245,0
DA:249,0
DA:252,0
DA:257,0
DA:258,0
DA:272,0
DA:276,0
DA:278,0
DA:281,0
DA:282,0
DA:283,0
DA:292,0
DA:293,0
DA:294,0
DA:298,0
LF:48
LH:0
BRDA:165,0,0,0
BRDA:165,0,1,0
BRDA:177,1,0,0
BRDA:177,1,1,0
BRDA:244,2,0,0
BRDA:245,3,0,0
BRDA:245,3,1,0
BRDA:245,4,0,0
BRDA:245,4,1,0
BRDA:249,5,0,0
BRDA:249,5,1,0
BRDA:257,6,0,0
BRDA:257,7,0,0
BRDA:257,7,1,0
BRDA:292,8,0,0
BRF:15
BRH:0
end_of_record
TN:
SF:src\utils\audioPreprocessor.ts
FN:38,(anonymous_0)
FN:45,(anonymous_1)
FN:54,(anonymous_2)
FN:110,(anonymous_3)
FN:122,(anonymous_4)
FN:136,(anonymous_5)
FN:172,(anonymous_6)
FN:184,(anonymous_7)
FN:202,(anonymous_8)
FN:213,(anonymous_9)
FN:227,(anonymous_10)
FN:261,(anonymous_11)
FN:276,(anonymous_12)
FN:286,(anonymous_13)
FNF:14
FNH:0
FNDA:0,(anonymous_0)
FNDA:0,(anonymous_1)
FNDA:0,(anonymous_2)
FNDA:0,(anonymous_3)
FNDA:0,(anonymous_4)
FNDA:0,(anonymous_5)
FNDA:0,(anonymous_6)
FNDA:0,(anonymous_7)
FNDA:0,(anonymous_8)
FNDA:0,(anonymous_9)
FNDA:0,(anonymous_10)
FNDA:0,(anonymous_11)
FNDA:0,(anonymous_12)
FNDA:0,(anonymous_13)
DA:24,0
DA:34,0
DA:35,0
DA:39,0
DA:46,0
DA:47,0
DA:55,0
DA:57,0
DA:58,0
DA:62,0
DA:63,0
DA:66,0
DA:67,0
DA:70,0
DA:73,0
DA:76,0
DA:79,0
DA:82,0
DA:85,0
DA:90,0
DA:93,0
DA:95,0
DA:111,0
DA:112,0
DA:113,0
DA:114,0
DA:116,0
DA:123,0
DA:124,0
DA:126,0
DA:127,0
DA:130,0
DA:137,0
DA:138,0
DA:140,0
DA:141,0
DA:142,0
DA:145,0
DA:146,0
DA:147,0
DA:148,0
DA:149,0
DA:150,0
DA:155,0
DA:156,0
DA:157,0
DA:158,0
DA:159,0
DA:163,0
DA:173,0
DA:174,0
DA:175,0
DA:176,0
DA:178,0
DA:185,0
DA:186,0
DA:188,0
DA:189,0
DA:191,0
DA:192,0
DA:193,0
DA:196,0
DA:203,0
DA:204,0
DA:205,0
DA:207,0
DA:214,0
DA:215,0
DA:216,0
DA:217,0
DA:219,0
DA:220,0
DA:221,0
DA:223,0
DA:224,0
DA:227,0
DA:228,0
DA:229,0
DA:233,0
DA:234,0
DA:235,0
DA:236,0
DA:237,0
DA:238,0
DA:239,0
DA:240,0
DA:241,0
DA:242,0
DA:243,0
DA:244,0
DA:245,0
DA:248,0
DA:249,0
DA:250,0
DA:251,0
DA:252,0
DA:255,0
DA:262,0
DA:263,0
DA:264,0
DA:270,0
DA:272,0
DA:277,0
DA:278,0
DA:280,0
DA:287,0
DA:288,0
DA:292,0
LF:108
LH:0
BRDA:38,0,0,0
BRDA:46,1,0,0
BRDA:57,2,0,0
BRDA:127,3,0,0
BRDA:127,3,1,0
BRDA:147,4,0,0
BRDA:157,5,0,0
BRDA:186,6,0,0
BRDA:262,7,0,0
BRDA:277,8,0,0
BRF:10
BRH:0
end_of_record
TN:
SF:src\utils\env.ts
FN:6,(anonymous_0)
FN:23,(anonymous_1)
FNF:2
FNH:0
FNDA:0,(anonymous_0)
FNDA:0,(anonymous_1)
DA:6,0
DA:8,0
DA:9,0
DA:13,0
DA:14,0
DA:19,0
DA:23,0
DA:24,0
DA:25,0
LF:9
LH:0
BRDA:8,0,0,0
BRDA:8,1,0,0
BRDA:8,1,1,0
BRDA:8,1,2,0
BRDA:13,2,0,0
BRDA:13,3,0,0
BRDA:13,3,1,0
BRDA:13,3,2,0
BRDA:25,4,0,0
BRDA:25,4,1,0
BRDA:25,4,2,0
BRF:11
BRH:0
end_of_record
TN:
SF:src\utils\gridUtils.ts
FN:9,(anonymous_0)
FNF:1
FNH:0
FNDA:0,(anonymous_0)
DA:9,0
DA:10,0
DA:12,0
DA:19,0
LF:4
LH:0
BRDA:10,0,0,0
BRF:1
BRH:0
end_of_record
TN:
SF:src\utils\lazyLoading.ts
FN:5,(anonymous_9)
FN:11,(anonymous_10)
FN:19,(anonymous_11)
FN:25,(anonymous_12)
FN:27,(anonymous_13)
FN:40,(anonymous_14)
FN:43,(anonymous_15)
FN:47,(anonymous_16)
FN:51,(anonymous_17)
FN:62,(anonymous_18)
FN:80,(anonymous_19)
FN:97,(anonymous_20)
FN:98,(anonymous_21)
FN:116,(anonymous_22)
FN:122,(anonymous_23)
FN:123,(anonymous_24)
FNF:16
FNH:0
FNDA:0,(anonymous_9)
FNDA:0,(anonymous_10)
FNDA:0,(anonymous_11)
FNDA:0,(anonymous_12)
FNDA:0,(anonymous_13)
FNDA:0,(anonymous_14)
FNDA:0,(anonymous_15)
FNDA:0,(anonymous_16)
FNDA:0,(anonymous_17)
FNDA:0,(anonymous_18)
FNDA:0,(anonymous_19)
FNDA:0,(anonymous_20)
FNDA:0,(anonymous_21)
FNDA:0,(anonymous_22)
FNDA:0,(anonymous_23)
FNDA:0,(anonymous_24)
DA:1,0
DA:2,0
DA:5,0
DA:9,0
DA:11,0
DA:19,0
DA:20,0
DA:21,0
DA:22,0
DA:23,0
DA:25,0
DA:26,0
DA:28,0
DA:29,0
DA:30,0
DA:36,0
DA:37,0
DA:40,0
DA:43,0
DA:44,0
DA:46,0
DA:47,0
DA:48,0
DA:49,0
DA:51,0
DA:52,0
DA:53,0
DA:55,0
DA:58,0
DA:62,0
DA:67,0
DA:69,0
DA:70,0
DA:75,0
DA:76,0
DA:78,0
DA:80,0
DA:81,0
DA:82,0
DA:86,0
DA:97,0
DA:98,0
DA:99,0
DA:100,0
DA:101,0
DA:103,0
DA:104,0
DA:105,0
DA:106,0
DA:107,0
DA:108,0
DA:111,0
DA:116,0
DA:120,0
DA:123,0
LF:55
LH:0
BRDA:7,0,0,0
BRDA:28,1,0,0
BRDA:36,2,0,0
BRDA:44,3,0,0
BRDA:81,4,0,0
BRDA:103,5,0,0
BRDA:103,5,1,0
BRDA:105,6,0,0
BRDA:105,6,1,0
BRDA:107,7,0,0
BRDA:118,8,0,0
BRF:11
BRH:0
end_of_record
TN:
SF:src\utils\monitoring.ts
FN:18,(anonymous_9)
FN:62,(anonymous_10)
FN:87,(anonymous_11)
FN:107,(anonymous_12)
FN:113,(anonymous_13)
FN:120,(anonymous_14)
FN:129,(anonymous_15)
FN:147,(anonymous_16)
FN:149,(anonymous_17)
FN:158,(anonymous_18)
FN:161,(anonymous_19)
FN:169,(anonymous_20)
FN:179,(anonymous_21)
FN:190,(anonymous_22)
FN:196,(anonymous_23)
FN:206,(anonymous_24)
FNF:16
FNH:0
FNDA:0,(anonymous_9)
FNDA:0,(anonymous_10)
FNDA:0,(anonymous_11)
FNDA:0,(anonymous_12)
FNDA:0,(anonymous_13)
FNDA:0,(anonymous_14)
FNDA:0,(anonymous_15)
FNDA:0,(anonymous_16)
FNDA:0,(anonymous_17)
FNDA:0,(anonymous_18)
FNDA:0,(anonymous_19)
FNDA:0,(anonymous_20)
FNDA:0,(anonymous_21)
FNDA:0,(anonymous_22)
FNDA:0,(anonymous_23)
FNDA:0,(anonymous_24)
DA:12,0
DA:18,0
DA:19,0
DA:21,0
DA:22,0
DA:64,0
DA:65,0
DA:67,0
DA:71,0
DA:73,0
DA:81,0
DA:82,0
DA:89,0
DA:90,0
DA:91,0
DA:94,0
DA:95,0
DA:99,0
DA:100,0
DA:108,0
DA:111,0
DA:113,0
DA:114,0
DA:115,0
DA:120,0
DA:121,0
DA:122,0
DA:123,0
DA:128,0
DA:129,0
DA:130,0
DA:131,0
DA:132,0
DA:135,0
DA:138,0
DA:140,0
DA:148,0
DA:149,0
DA:150,0
DA:151,0
DA:159,0
DA:160,0
DA:161,0
DA:169,0
DA:170,0
DA:172,0
DA:173,0
DA:179,0
DA:180,0
DA:181,0
DA:183,0
DA:190,0
DA:191,0
DA:192,0
DA:196,0
DA:197,0
DA:198,0
DA:206,0
DA:211,0
DA:212,0
DA:225,0
LF:61
LH:0
BRDA:21,0,0,0
BRDA:21,0,1,0
BRDA:51,1,0,0
BRDA:51,1,1,0
BRDA:54,2,0,0
BRDA:54,2,1,0
BRDA:59,3,0,0
BRDA:59,3,1,0
BRDA:64,4,0,0
BRDA:64,5,0,0
BRDA:64,5,1,0
BRDA:87,6,0,0
BRDA:89,7,0,0
BRDA:89,7,1,0
BRDA:94,8,0,0
BRDA:99,9,0,0
BRDA:108,10,0,0
BRDA:131,11,0,0
BRDA:160,12,0,0
BRDA:160,13,0,0
BRDA:160,13,1,0
BRDA:172,14,0,0
BRDA:179,15,0,0
BRDA:180,16,0,0
BRDA:191,17,0,0
BRDA:197,18,0,0
BRDA:211,19,0,0
BRF:27
BRH:0
end_of_record
TN:
SF:src\utils\qiblaCalculator.ts
FN:19,calculateQiblaDirection
FNF:1
FNH:0
FNDA:0,calculateQiblaDirection
DA:5,0
DA:6,0
DA:19,0
DA:20,0
DA:21,0
DA:22,0
DA:26,0
DA:27,0
DA:28,0
DA:29,0
DA:31,0
DA:33,0
DA:34,0
DA:36,0
DA:37,0
DA:40,0
DA:41,0
DA:44,0
LF:18
LH:0
BRDA:20,0,0,0
BRDA:20,1,0,0
BRDA:20,1,1,0
BRDA:20,1,2,0
BRDA:20,1,3,0
BRDA:40,2,0,0
BRF:6
BRH:0
end_of_record
TN:
SF:src\utils\retry.ts
FN:9,(anonymous_0)
FN:36,(anonymous_1)
FN:46,(anonymous_2)
FN:50,(anonymous_3)
FN:51,(anonymous_4)
FNF:5
FNH:0
FNDA:0,(anonymous_0)
FNDA:0,(anonymous_1)
FNDA:0,(anonymous_2)
FNDA:0,(anonymous_3)
FNDA:0,(anonymous_4)
DA:9,0
DA:17,0
DA:19,0
DA:21,0
DA:22,0
DA:23,0
DA:24,0
DA:26,0
DA:27,0
DA:29,0
DA:30,0
DA:33,0
DA:35,0
DA:36,0
DA:42,0
DA:46,0
DA:50,0
DA:51,0
LF:18
LH:0
BRDA:11,0,0,0
BRDA:14,1,0,0
BRDA:15,2,0,0
BRDA:29,3,0,0
BRDA:33,4,0,0
BRDA:42,5,0,0
BRDA:42,5,1,0
BRDA:48,6,0,0
BRF:8
BRH:0
end_of_record
TN:
SF:src\utils\rumiTTS.ts
FN:12,(anonymous_0)
FN:35,(anonymous_1)
FN:44,(anonymous_2)
FN:51,(anonymous_3)
FN:59,(anonymous_4)
FN:66,(anonymous_5)
FN:76,(anonymous_6)
FN:86,(anonymous_7)
FN:99,(anonymous_8)
FN:120,(anonymous_9)
FN:126,(anonymous_10)
FN:138,(anonymous_11)
FN:146,(anonymous_12)
FN:156,(anonymous_13)
FN:166,(anonymous_14)
FN:178,(anonymous_15)
FN:185,(anonymous_16)
FN:192,(anonymous_17)
FN:203,useRumiTTS
FN:211,(anonymous_19)
FN:213,(anonymous_20)
FN:229,(anonymous_21)
FN:237,(anonymous_22)
FN:238,(anonymous_23)
FN:242,(anonymous_24)
FN:249,(anonymous_25)
FN:253,(anonymous_26)
FN:258,(anonymous_27)
FN:263,(anonymous_28)
FNF:29
FNH:0
FNDA:0,(anonymous_0)
FNDA:0,(anonymous_1)
FNDA:0,(anonymous_2)
FNDA:0,(anonymous_3)
FNDA:0,(anonymous_4)
FNDA:0,(anonymous_5)
FNDA:0,(anonymous_6)
FNDA:0,(anonymous_7)
FNDA:0,(anonymous_8)
FNDA:0,(anonymous_9)
FNDA:0,(anonymous_10)
FNDA:0,(anonymous_11)
FNDA:0,(anonymous_12)
FNDA:0,(anonymous_13)
FNDA:0,(anonymous_14)
FNDA:0,(anonymous_15)
FNDA:0,(anonymous_16)
FNDA:0,(anonymous_17)
FNDA:0,useRumiTTS
FNDA:0,(anonymous_19)
FNDA:0,(anonymous_20)
FNDA:0,(anonymous_21)
FNDA:0,(anonymous_22)
FNDA:0,(anonymous_23)
FNDA:0,(anonymous_24)
FNDA:0,(anonymous_25)
FNDA:0,(anonymous_26)
FNDA:0,(anonymous_27)
FNDA:0,(anonymous_28)
DA:6,0
DA:12,0
DA:13,0
DA:27,0
DA:28,0
DA:29,0
DA:30,0
DA:31,0
DA:32,0
DA:33,0
DA:36,0
DA:37,0
DA:45,0
DA:52,0
DA:53,0
DA:60,0
DA:63,0
DA:65,0
DA:66,0
DA:67,0
DA:70,0
DA:77,0
DA:78,0
DA:79,0
DA:83,0
DA:85,0
DA:86,0
DA:87,0
DA:88,0
DA:89,0
DA:92,0
DA:93,0
DA:94,0
DA:95,0
DA:96,0
DA:99,0
DA:100,0
DA:102,0
DA:103,0
DA:104,0
DA:106,0
DA:107,0
DA:108,0
DA:109,0
DA:111,0
DA:112,0
DA:115,0
DA:116,0
DA:120,0
DA:121,0
DA:122,0
DA:123,0
DA:126,0
DA:127,0
DA:128,0
DA:132,0
DA:139,0
DA:140,0
DA:147,0
DA:148,0
DA:149,0
DA:157,0
DA:158,0
DA:159,0
DA:167,0
DA:168,0
DA:169,0
DA:170,0
DA:171,0
DA:179,0
DA:186,0
DA:193,0
DA:198,0
DA:201,0
DA:203,0
DA:204,0
DA:205,0
DA:206,0
DA:207,0
DA:208,0
DA:209,0
DA:211,0
DA:213,0
DA:214,0
DA:215,0
DA:216,0
DA:217,0
DA:221,0
DA:224,0
DA:225,0
DA:229,0
DA:230,0
DA:231,0
DA:232,0
DA:234,0
DA:237,0
DA:239,0
DA:240,0
DA:243,0
DA:244,0
DA:249,0
DA:250,0
DA:253,0
DA:254,0
DA:255,0
DA:258,0
DA:259,0
DA:260,0
DA:263,0
DA:264,0
DA:265,0
DA:266,0
DA:267,0
DA:270,0
LF:114
LH:0
BRDA:36,0,0,0
BRDA:36,1,0,0
BRDA:36,1,1,0
BRDA:52,2,0,0
BRDA:67,3,0,0
BRDA:70,4,0,0
BRDA:70,4,1,0
BRDA:76,5,0,0
BRDA:77,6,0,0
BRDA:93,7,0,0
BRDA:93,7,1,0
BRDA:94,8,0,0
BRDA:94,8,1,0
BRDA:95,9,0,0
BRDA:95,9,1,0
BRDA:96,10,0,0
BRDA:96,10,1,0
BRDA:100,11,0,0
BRDA:107,12,0,0
BRDA:138,13,0,0
BRDA:147,14,0,0
BRDA:147,15,0,0
BRDA:147,15,1,0
BRDA:157,16,0,0
BRDA:157,17,0,0
BRDA:157,17,1,0
BRDA:167,18,0,0
BRDA:179,19,0,0
BRDA:179,19,1,0
BRDA:216,20,0,0
BRDA:224,21,0,0
BRDA:224,22,0,0
BRDA:224,22,1,0
BRF:33
BRH:0
end_of_record
TN:
SF:src\utils\srsLogic.ts
FN:10,(anonymous_0)
FNF:1
FNH:0
FNDA:0,(anonymous_0)
DA:10,0
DA:22,0
DA:23,0
DA:25,0
DA:27,0
DA:28,0
DA:29,0
DA:30,0
DA:32,0
DA:34,0
DA:37,0
DA:38,0
DA:42,0
DA:43,0
DA:45,0
LF:15
LH:0
BRDA:23,0,0,0
BRDA:25,1,0,0
BRDA:25,1,1,0
BRDA:27,2,0,0
BRDA:27,2,1,0
BRDA:29,3,0,0
BRDA:29,3,1,0
BRF:7
BRH:0
end_of_record
TN:
SF:src\utils\tajwidRumiHints.ts
FN:45,(anonymous_0)
FN:64,(anonymous_1)
FN:76,(anonymous_2)
FN:82,(anonymous_3)
FN:97,(anonymous_4)
FN:98,(anonymous_5)
FNF:6
FNH:0
FNDA:0,(anonymous_0)
FNDA:0,(anonymous_1)
FNDA:0,(anonymous_2)
FNDA:0,(anonymous_3)
FNDA:0,(anonymous_4)
FNDA:0,(anonymous_5)
DA:26,0
DA:38,0
DA:39,0
DA:40,0
DA:41,0
DA:42,0
DA:45,0
DA:47,0
DA:48,0
DA:51,0
DA:54,0
DA:55,0
DA:56,0
DA:57,0
DA:58,0
DA:60,0
DA:64,0
DA:66,0
DA:67,0
DA:69,0
DA:70,0
DA:72,0
DA:76,0
DA:78,0
DA:82,0
DA:84,0
DA:85,0
DA:88,0
DA:91,0
DA:93,0
DA:97,0
DA:98,0
DA:99,0
DA:100,0
DA:104,0
LF:35
LH:0
BRDA:48,0,0,0
BRDA:48,1,0,0
BRDA:48,1,1,0
BRDA:54,2,0,0
BRDA:55,3,0,0
BRDA:56,4,0,0
BRDA:57,5,0,0
BRDA:58,6,0,0
BRDA:67,7,0,0
BRDA:70,8,0,0
BRDA:82,9,0,0
BRDA:85,10,0,0
BRDA:88,11,0,0
BRDA:91,12,0,0
BRDA:99,13,0,0
BRDA:99,13,1,0
BRF:16
BRH:0
end_of_record
TN:
SF:src\utils\transliterationConverter.ts
FN:24,normalizeArabic
FN:439,(anonymous_1)
FN:485,transliterateWord
FN:573,getLastConsonant
FN:588,(anonymous_4)
FN:600,(anonymous_5)
FN:623,(anonymous_6)
FN:630,(anonymous_7)
FN:657,(anonymous_8)
FN:664,(anonymous_9)
FN:695,(anonymous_10)
FN:892,transliterateWordJAKIM
FN:972,getLastConsonantJAKIM
FN:987,(anonymous_13)
FN:1044,(anonymous_14)
FNF:15
FNH:6
FNDA:0,normalizeArabic
FNDA:17,(anonymous_1)
FNDA:0,transliterateWord
FNDA:0,getLastConsonant
FNDA:15,(anonymous_4)
FNDA:5,(anonymous_5)
FNDA:6,(anonymous_6)
FNDA:3,(anonymous_7)
FNDA:0,(anonymous_8)
FNDA:0,(anonymous_9)
FNDA:4,(anonymous_10)
FNDA:0,transliterateWordJAKIM
FNDA:0,getLastConsonantJAKIM
FNDA:0,(anonymous_13)
FNDA:0,(anonymous_14)
DA:25,0
DA:44,1
DA:122,1
DA:246,1
DA:263,1
DA:293,1
DA:359,1
DA:422,1
DA:423,1
DA:439,1
DA:440,17
DA:442,17
DA:445,17
DA:446,163
DA:447,10
DA:452,7
DA:453,7
DA:455,0
DA:456,0
DA:457,0
DA:461,0
DA:462,0
DA:464,0
DA:466,0
DA:467,0
DA:470,0
DA:471,0
DA:472,0
DA:474,0
DA:479,0
DA:486,0
DA:487,0
DA:489,0
DA:490,0
DA:491,0
DA:492,0
DA:495,0
DA:496,0
DA:500,0
DA:502,0
DA:503,0
DA:504,0
DA:506,0
DA:510,0
DA:511,0
DA:512,0
DA:513,0
DA:517,0
DA:518,0
DA:519,0
DA:523,0
DA:524,0
DA:525,0
DA:526,0
DA:530,0
DA:531,0
DA:532,0
DA:536,0
DA:537,0
DA:538,0
DA:542,0
DA:543,0
DA:544,0
DA:546,0
DA:549,0
DA:554,0
DA:567,0
DA:574,0
DA:575,0
DA:576,0
DA:577,0
DA:580,0
DA:588,1
DA:589,15
DA:591,15
DA:594,15
DA:595,10
DA:599,5
DA:600,5
DA:601,5
DA:602,5
DA:604,5
DA:606,5
DA:608,5
DA:609,5
DA:611,0
DA:614,0
DA:617,5
DA:623,1
DA:624,6
DA:630,1
DA:631,3
DA:632,3
DA:633,12
DA:635,3
DA:641,1
DA:657,1
DA:658,0
DA:664,1
DA:665,0
DA:667,0
DA:683,1
DA:695,1
DA:696,4
DA:697,0
DA:701,4
DA:704,4
DA:705,4
DA:706,24
DA:707,0
DA:712,4
DA:713,4
DA:714,0
DA:716,4
DA:717,0
DA:719,4
DA:720,0
DA:722,4
DA:723,0
DA:726,4
DA:737,1
DA:743,1
DA:817,1
DA:893,0
DA:894,0
DA:896,0
DA:897,0
DA:898,0
DA:899,0
DA:902,0
DA:903,0
DA:907,0
DA:908,0
DA:909,0
DA:910,0
DA:912,0
DA:916,0
DA:917,0
DA:918,0
DA:919,0
DA:923,0
DA:924,0
DA:925,0
DA:929,0
DA:930,0
DA:931,0
DA:932,0
DA:936,0
DA:937,0
DA:938,0
DA:942,0
DA:943,0
DA:944,0
DA:948,0
DA:949,0
DA:950,0
DA:952,0
DA:954,0
DA:959,0
DA:969,0
DA:973,0
DA:974,0
DA:975,0
DA:976,0
DA:979,0
DA:987,1
DA:988,0
DA:990,0
DA:993,0
DA:994,0
DA:995,0
DA:1000,0
DA:1001,0
DA:1003,0
DA:1004,0
DA:1005,0
DA:1009,0
DA:1010,0
DA:1012,0
DA:1014,0
DA:1015,0
DA:1018,0
DA:1019,0
DA:1020,0
DA:1022,0
DA:1027,0
DA:1044,1
DA:1045,0
DA:1052,1
LF:189
LH:59
BRDA:440,0,0,0
BRDA:440,1,0,17
BRDA:440,1,1,17
BRDA:446,2,0,10
BRDA:452,3,0,7
BRDA:456,4,0,0
BRDA:466,5,0,0
BRDA:466,5,1,0
BRDA:471,6,0,0
BRDA:471,6,1,0
BRDA:491,7,0,0
BRDA:491,7,1,0
BRDA:492,8,0,0
BRDA:492,8,1,0
BRDA:495,9,0,0
BRDA:500,10,0,0
BRDA:503,11,0,0
BRDA:510,12,0,0
BRDA:510,13,0,0
BRDA:510,13,1,0
BRDA:510,13,2,0
BRDA:517,14,0,0
BRDA:517,15,0,0
BRDA:517,15,1,0
BRDA:523,16,0,0
BRDA:523,17,0,0
BRDA:523,17,1,0
BRDA:523,17,2,0
BRDA:530,18,0,0
BRDA:530,19,0,0
BRDA:530,19,1,0
BRDA:536,20,0,0
BRDA:536,21,0,0
BRDA:536,21,1,0
BRDA:536,21,2,0
BRDA:542,22,0,0
BRDA:542,22,1,0
BRDA:544,23,0,0
BRDA:544,23,1,0
BRDA:576,24,0,0
BRDA:589,25,0,0
BRDA:594,26,0,10
BRDA:602,27,0,0
BRDA:606,28,0,5
BRDA:608,29,0,5
BRDA:633,30,0,12
BRDA:633,30,1,8
BRDA:665,31,0,0
BRDA:696,32,0,0
BRDA:706,33,0,0
BRDA:706,34,0,24
BRDA:706,34,1,0
BRDA:713,35,0,0
BRDA:716,36,0,0
BRDA:719,37,0,0
BRDA:722,38,0,0
BRDA:898,39,0,0
BRDA:898,39,1,0
BRDA:899,40,0,0
BRDA:899,40,1,0
BRDA:902,41,0,0
BRDA:907,42,0,0
BRDA:909,43,0,0
BRDA:916,44,0,0
BRDA:916,45,0,0
BRDA:916,45,1,0
BRDA:916,45,2,0
BRDA:923,46,0,0
BRDA:923,47,0,0
BRDA:923,47,1,0
BRDA:929,48,0,0
BRDA:929,49,0,0
BRDA:929,49,1,0
BRDA:929,49,2,0
BRDA:936,50,0,0
BRDA:936,51,0,0
BRDA:936,51,1,0
BRDA:942,52,0,0
BRDA:942,53,0,0
BRDA:942,53,1,0
BRDA:942,53,2,0
BRDA:948,54,0,0
BRDA:948,54,1,0
BRDA:950,55,0,0
BRDA:950,55,1,0
BRDA:975,56,0,0
BRDA:988,57,0,0
BRDA:988,58,0,0
BRDA:988,58,1,0
BRDA:994,59,0,0
BRDA:1000,60,0,0
BRDA:1004,61,0,0
BRDA:1014,62,0,0
BRDA:1014,62,1,0
BRDA:1019,63,0,0
BRDA:1019,63,1,0
BRF:96
BRH:10
end_of_record
TN:
SF:src\utils\validation.ts
FN:9,(anonymous_0)
FN:27,(anonymous_1)
FN:59,(anonymous_2)
FN:82,(anonymous_3)
FN:105,(anonymous_4)
FN:116,(anonymous_5)
FN:135,(anonymous_6)
FN:153,(anonymous_7)
FN:182,(anonymous_8)
FN:209,(anonymous_9)
FN:256,(anonymous_10)
FN:274,(anonymous_11)
FNF:12
FNH:4
FNDA:3,(anonymous_0)
FNDA:3,(anonymous_1)
FNDA:3,(anonymous_2)
FNDA:0,(anonymous_3)
FNDA:3,(anonymous_4)
FNDA:0,(anonymous_5)
FNDA:0,(anonymous_6)
FNDA:0,(anonymous_7)
FNDA:0,(anonymous_8)
FNDA:0,(anonymous_9)
FNDA:0,(anonymous_10)
FNDA:0,(anonymous_11)
DA:9,1
DA:10,3
DA:11,1
DA:14,2
DA:15,2
DA:16,1
DA:19,1
DA:20,0
DA:23,1
DA:27,1
DA:28,3
DA:29,0
DA:32,3
DA:33,1
DA:36,2
DA:37,0
DA:41,2
DA:42,1
DA:46,1
DA:47,0
DA:51,1
DA:52,0
DA:55,1
DA:59,1
DA:60,3
DA:61,0
DA:64,3
DA:65,1
DA:68,2
DA:69,0
DA:73,2
DA:74,2
DA:75,1
DA:78,1
DA:82,1
DA:89,0
DA:90,0
DA:93,0
DA:94,0
DA:97,0
DA:98,0
DA:101,0
DA:105,1
DA:106,3
DA:108,2
DA:116,1
DA:117,0
DA:118,0
DA:122,0
DA:123,0
DA:124,0
DA:127,0
DA:128,0
DA:131,0
DA:135,1
DA:136,0
DA:137,0
DA:141,0
DA:144,0
DA:145,0
DA:146,0
DA:149,0
DA:153,1
DA:154,0
DA:155,0
DA:158,0
DA:159,0
DA:162,0
DA:163,0
DA:166,0
DA:167,0
DA:170,0
DA:171,0
DA:174,0
DA:175,0
DA:178,0
DA:182,1
DA:183,0
DA:196,0
DA:197,0
DA:198,0
DA:205,0
DA:209,1
DA:223,0
DA:224,0
DA:225,0
DA:229,0
DA:230,0
DA:233,0
DA:234,0
DA:237,0
DA:238,0
DA:241,0
DA:242,0
DA:246,0
DA:256,1
DA:257,0
DA:258,0
DA:261,0
DA:262,0
DA:264,0
DA:265,0
DA:267,0
DA:269,0
DA:274,1
DA:275,0
DA:276,0
LF:107
LH:38
BRDA:10,0,0,1
BRDA:10,1,0,3
BRDA:10,1,1,2
BRDA:15,2,0,1
BRDA:19,3,0,0
BRDA:28,4,0,0
BRDA:28,5,0,3
BRDA:28,5,1,3
BRDA:32,6,0,1
BRDA:36,7,0,0
BRDA:41,8,0,1
BRDA:46,9,0,0
BRDA:51,10,0,0
BRDA:59,11,0,3
BRDA:60,12,0,0
BRDA:60,13,0,3
BRDA:60,13,1,3
BRDA:64,14,0,1
BRDA:68,15,0,0
BRDA:74,16,0,1
BRDA:84,17,0,0
BRDA:85,18,0,0
BRDA:86,19,0,0
BRDA:87,20,0,0
BRDA:89,21,0,0
BRDA:89,22,0,0
BRDA:89,22,1,0
BRDA:89,22,2,0
BRDA:93,23,0,0
BRDA:97,24,0,0
BRDA:106,25,0,1
BRDA:116,26,0,0
BRDA:117,27,0,0
BRDA:117,28,0,0
BRDA:117,28,1,0
BRDA:123,29,0,0
BRDA:127,30,0,0
BRDA:136,31,0,0
BRDA:136,32,0,0
BRDA:136,32,1,0
BRDA:145,33,0,0
BRDA:154,34,0,0
BRDA:154,35,0,0
BRDA:154,35,1,0
BRDA:158,36,0,0
BRDA:162,37,0,0
BRDA:162,38,0,0
BRDA:162,38,1,0
BRDA:166,39,0,0
BRDA:170,40,0,0
BRDA:170,41,0,0
BRDA:170,41,1,0
BRDA:174,42,0,0
BRDA:197,43,0,0
BRDA:211,44,0,0
BRDA:212,45,0,0
BRDA:224,46,0,0
BRDA:229,47,0,0
BRDA:233,48,0,0
BRDA:237,49,0,0
BRDA:241,50,0,0
BRDA:257,51,0,0
BRDA:257,52,0,0
BRDA:257,52,1,0
BRDA:264,53,0,0
BRDA:275,54,0,0
BRF:66
BRH:14
end_of_record
